[2021-12-18 09:42:05,034] {taskinstance.py:876} INFO - Dependencies all met for <TaskInstance: rank_update.make_indicator 2021-12-18T09:38:49.639023+00:00 [queued]>
[2021-12-18 09:42:05,051] {taskinstance.py:876} INFO - Dependencies all met for <TaskInstance: rank_update.make_indicator 2021-12-18T09:38:49.639023+00:00 [queued]>
[2021-12-18 09:42:05,052] {taskinstance.py:1067} INFO - 
--------------------------------------------------------------------------------
[2021-12-18 09:42:05,053] {taskinstance.py:1068} INFO - Starting attempt 2 of 2
[2021-12-18 09:42:05,053] {taskinstance.py:1069} INFO - 
--------------------------------------------------------------------------------
[2021-12-18 09:42:05,076] {taskinstance.py:1087} INFO - Executing <Task(BashOperator): make_indicator> on 2021-12-18T09:38:49.639023+00:00
[2021-12-18 09:42:05,078] {standard_task_runner.py:52} INFO - Started process 91229 to run task
[2021-12-18 09:42:05,094] {standard_task_runner.py:76} INFO - Running: ['airflow', 'tasks', 'run', 'rank_update', 'make_indicator', '2021-12-18T09:38:49.639023+00:00', '--job-id', '79', '--pool', 'default_pool', '--raw', '--subdir', 'DAGS_FOLDER/rank_update.py', '--cfg-path', '/tmp/tmpkh3j79nd', '--error-file', '/tmp/tmpdqu28ltx']
[2021-12-18 09:42:05,097] {standard_task_runner.py:77} INFO - Job 79: Subtask make_indicator
[2021-12-18 09:42:05,143] {logging_mixin.py:104} INFO - Running <TaskInstance: rank_update.make_indicator 2021-12-18T09:38:49.639023+00:00 [running]> on host airflowvm
[2021-12-18 09:42:05,300] {taskinstance.py:1280} INFO - Exporting the following env vars:
AIRFLOW_CTX_DAG_OWNER=airflow
AIRFLOW_CTX_DAG_ID=rank_update
AIRFLOW_CTX_TASK_ID=make_indicator
AIRFLOW_CTX_EXECUTION_DATE=2021-12-18T09:38:49.639023+00:00
AIRFLOW_CTX_DAG_RUN_ID=manual__2021-12-18T09:38:49.639023+00:00
[2021-12-18 09:42:05,300] {subprocess.py:52} INFO - Tmp dir root location: 
 /tmp
[2021-12-18 09:42:05,301] {subprocess.py:63} INFO - Running command: ['bash', '-c', 'python /home/airflow/parser4Study/multiple_parser.py /home/airflow/AlgorithmStudy_211124/211221/']
[2021-12-18 09:42:05,312] {subprocess.py:75} INFO - Output:
[2021-12-18 09:42:06,115] {subprocess.py:83} INFO - Command exited with return code 0
[2021-12-18 09:42:06,151] {taskinstance.py:1184} INFO - Marking task as SUCCESS. dag_id=rank_update, task_id=make_indicator, execution_date=20211218T093849, start_date=20211218T094205, end_date=20211218T094206
[2021-12-18 09:42:06,197] {taskinstance.py:1245} INFO - 1 downstream tasks scheduled from follow-on schedule check
[2021-12-18 09:42:06,232] {local_task_job.py:151} INFO - Task exited with return code 0
