[2021-12-21 22:50:06,015] {taskinstance.py:876} INFO - Dependencies all met for <TaskInstance: rank_update.mv_indicator_to_repo 2021-12-21T22:40:00+00:00 [queued]>
[2021-12-21 22:50:06,026] {taskinstance.py:876} INFO - Dependencies all met for <TaskInstance: rank_update.mv_indicator_to_repo 2021-12-21T22:40:00+00:00 [queued]>
[2021-12-21 22:50:06,026] {taskinstance.py:1067} INFO - 
--------------------------------------------------------------------------------
[2021-12-21 22:50:06,026] {taskinstance.py:1068} INFO - Starting attempt 1 of 1
[2021-12-21 22:50:06,026] {taskinstance.py:1069} INFO - 
--------------------------------------------------------------------------------
[2021-12-21 22:50:06,038] {taskinstance.py:1087} INFO - Executing <Task(BashOperator): mv_indicator_to_repo> on 2021-12-21T22:40:00+00:00
[2021-12-21 22:50:06,040] {standard_task_runner.py:52} INFO - Started process 165273 to run task
[2021-12-21 22:50:06,048] {standard_task_runner.py:76} INFO - Running: ['airflow', 'tasks', 'run', 'rank_update', 'mv_indicator_to_repo', '2021-12-21T22:40:00+00:00', '--job-id', '1515', '--pool', 'default_pool', '--raw', '--subdir', 'DAGS_FOLDER/rank_update.py', '--cfg-path', '/tmp/tmpjdwjc30x', '--error-file', '/tmp/tmp7aayl4fv']
[2021-12-21 22:50:06,049] {standard_task_runner.py:77} INFO - Job 1515: Subtask mv_indicator_to_repo
[2021-12-21 22:50:06,089] {logging_mixin.py:104} INFO - Running <TaskInstance: rank_update.mv_indicator_to_repo 2021-12-21T22:40:00+00:00 [running]> on host airflowvm
[2021-12-21 22:50:06,172] {taskinstance.py:1280} INFO - Exporting the following env vars:
AIRFLOW_CTX_DAG_OWNER=airflow
AIRFLOW_CTX_DAG_ID=rank_update
AIRFLOW_CTX_TASK_ID=mv_indicator_to_repo
AIRFLOW_CTX_EXECUTION_DATE=2021-12-21T22:40:00+00:00
AIRFLOW_CTX_DAG_RUN_ID=scheduled__2021-12-21T22:40:00+00:00
[2021-12-21 22:50:06,172] {subprocess.py:52} INFO - Tmp dir root location: 
 /tmp
[2021-12-21 22:50:06,172] {subprocess.py:63} INFO - Running command: ['bash', '-c', 'mv /tmp/result/html/rank.html /home/airflow/AlgorithmStudy_211124/211221/rank.md']
[2021-12-21 22:50:06,175] {subprocess.py:75} INFO - Output:
[2021-12-21 22:50:06,177] {subprocess.py:83} INFO - Command exited with return code 0
[2021-12-21 22:50:06,189] {taskinstance.py:1184} INFO - Marking task as SUCCESS. dag_id=rank_update, task_id=mv_indicator_to_repo, execution_date=20211221T224000, start_date=20211221T225006, end_date=20211221T225006
[2021-12-21 22:50:06,204] {taskinstance.py:1245} INFO - 1 downstream tasks scheduled from follow-on schedule check
[2021-12-21 22:50:06,218] {local_task_job.py:151} INFO - Task exited with return code 0
