[2021-12-20 17:20:02,789] {taskinstance.py:876} INFO - Dependencies all met for <TaskInstance: rank_update.pull_from_git 2021-12-20T17:10:00+00:00 [queued]>
[2021-12-20 17:20:02,796] {taskinstance.py:876} INFO - Dependencies all met for <TaskInstance: rank_update.pull_from_git 2021-12-20T17:10:00+00:00 [queued]>
[2021-12-20 17:20:02,796] {taskinstance.py:1067} INFO - 
--------------------------------------------------------------------------------
[2021-12-20 17:20:02,796] {taskinstance.py:1068} INFO - Starting attempt 1 of 1
[2021-12-20 17:20:02,796] {taskinstance.py:1069} INFO - 
--------------------------------------------------------------------------------
[2021-12-20 17:20:02,803] {taskinstance.py:1087} INFO - Executing <Task(BashOperator): pull_from_git> on 2021-12-20T17:10:00+00:00
[2021-12-20 17:20:02,804] {standard_task_runner.py:52} INFO - Started process 55538 to run task
[2021-12-20 17:20:02,808] {standard_task_runner.py:76} INFO - Running: ['airflow', 'tasks', 'run', 'rank_update', 'pull_from_git', '2021-12-20T17:10:00+00:00', '--job-id', '622', '--pool', 'default_pool', '--raw', '--subdir', 'DAGS_FOLDER/rank_update.py', '--cfg-path', '/tmp/tmpb4k9kxbm', '--error-file', '/tmp/tmpb107efv0']
[2021-12-20 17:20:02,809] {standard_task_runner.py:77} INFO - Job 622: Subtask pull_from_git
[2021-12-20 17:20:02,845] {logging_mixin.py:104} INFO - Running <TaskInstance: rank_update.pull_from_git 2021-12-20T17:10:00+00:00 [running]> on host airflowvm
[2021-12-20 17:20:02,929] {taskinstance.py:1280} INFO - Exporting the following env vars:
AIRFLOW_CTX_DAG_OWNER=airflow
AIRFLOW_CTX_DAG_ID=rank_update
AIRFLOW_CTX_TASK_ID=pull_from_git
AIRFLOW_CTX_EXECUTION_DATE=2021-12-20T17:10:00+00:00
AIRFLOW_CTX_DAG_RUN_ID=scheduled__2021-12-20T17:10:00+00:00
[2021-12-20 17:20:02,929] {subprocess.py:52} INFO - Tmp dir root location: 
 /tmp
[2021-12-20 17:20:02,929] {subprocess.py:63} INFO - Running command: ['bash', '-c', 'git -C /home/airflow/AlgorithmStudy_211124 pull']
[2021-12-20 17:20:02,932] {subprocess.py:75} INFO - Output:
[2021-12-20 17:20:03,574] {subprocess.py:79} INFO - Already up to date.
[2021-12-20 17:20:03,575] {subprocess.py:83} INFO - Command exited with return code 0
[2021-12-20 17:20:03,596] {taskinstance.py:1184} INFO - Marking task as SUCCESS. dag_id=rank_update, task_id=pull_from_git, execution_date=20211220T171000, start_date=20211220T172002, end_date=20211220T172003
[2021-12-20 17:20:03,612] {taskinstance.py:1245} INFO - 1 downstream tasks scheduled from follow-on schedule check
[2021-12-20 17:20:03,630] {local_task_job.py:151} INFO - Task exited with return code 0
