[2021-12-20 06:40:07,848] {taskinstance.py:876} INFO - Dependencies all met for <TaskInstance: rank_update.git_add 2021-12-20T06:30:00+00:00 [queued]>
[2021-12-20 06:40:07,854] {taskinstance.py:876} INFO - Dependencies all met for <TaskInstance: rank_update.git_add 2021-12-20T06:30:00+00:00 [queued]>
[2021-12-20 06:40:07,854] {taskinstance.py:1067} INFO - 
--------------------------------------------------------------------------------
[2021-12-20 06:40:07,854] {taskinstance.py:1068} INFO - Starting attempt 1 of 1
[2021-12-20 06:40:07,854] {taskinstance.py:1069} INFO - 
--------------------------------------------------------------------------------
[2021-12-20 06:40:07,861] {taskinstance.py:1087} INFO - Executing <Task(BashOperator): git_add> on 2021-12-20T06:30:00+00:00
[2021-12-20 06:40:07,862] {standard_task_runner.py:52} INFO - Started process 6853 to run task
[2021-12-20 06:40:07,867] {standard_task_runner.py:76} INFO - Running: ['airflow', 'tasks', 'run', 'rank_update', 'git_add', '2021-12-20T06:30:00+00:00', '--job-id', '293', '--pool', 'default_pool', '--raw', '--subdir', 'DAGS_FOLDER/rank_update.py', '--cfg-path', '/tmp/tmpbbkmbixz', '--error-file', '/tmp/tmp9r2s60hb']
[2021-12-20 06:40:07,867] {standard_task_runner.py:77} INFO - Job 293: Subtask git_add
[2021-12-20 06:40:07,903] {logging_mixin.py:104} INFO - Running <TaskInstance: rank_update.git_add 2021-12-20T06:30:00+00:00 [running]> on host airflowvm
[2021-12-20 06:40:07,977] {taskinstance.py:1280} INFO - Exporting the following env vars:
AIRFLOW_CTX_DAG_OWNER=airflow
AIRFLOW_CTX_DAG_ID=rank_update
AIRFLOW_CTX_TASK_ID=git_add
AIRFLOW_CTX_EXECUTION_DATE=2021-12-20T06:30:00+00:00
AIRFLOW_CTX_DAG_RUN_ID=scheduled__2021-12-20T06:30:00+00:00
[2021-12-20 06:40:07,978] {subprocess.py:52} INFO - Tmp dir root location: 
 /tmp
[2021-12-20 06:40:07,978] {subprocess.py:63} INFO - Running command: ['bash', '-c', 'git -C /home/airflow/AlgorithmStudy_211124/211221/ add rank.md']
[2021-12-20 06:40:07,981] {subprocess.py:75} INFO - Output:
[2021-12-20 06:40:07,983] {subprocess.py:83} INFO - Command exited with return code 0
[2021-12-20 06:40:07,995] {taskinstance.py:1184} INFO - Marking task as SUCCESS. dag_id=rank_update, task_id=git_add, execution_date=20211220T063000, start_date=20211220T064007, end_date=20211220T064007
[2021-12-20 06:40:08,011] {taskinstance.py:1245} INFO - 1 downstream tasks scheduled from follow-on schedule check
[2021-12-20 06:40:08,041] {local_task_job.py:151} INFO - Task exited with return code 0
