[2021-12-18 17:06:09,740] {taskinstance.py:876} INFO - Dependencies all met for <TaskInstance: rank_update.mv_indicator_to_repo 2021-12-18T17:05:00+00:00 [queued]>
[2021-12-18 17:06:09,745] {taskinstance.py:876} INFO - Dependencies all met for <TaskInstance: rank_update.mv_indicator_to_repo 2021-12-18T17:05:00+00:00 [queued]>
[2021-12-18 17:06:09,745] {taskinstance.py:1067} INFO - 
--------------------------------------------------------------------------------
[2021-12-18 17:06:09,746] {taskinstance.py:1068} INFO - Starting attempt 1 of 1
[2021-12-18 17:06:09,746] {taskinstance.py:1069} INFO - 
--------------------------------------------------------------------------------
[2021-12-18 17:06:09,760] {taskinstance.py:1087} INFO - Executing <Task(BashOperator): mv_indicator_to_repo> on 2021-12-18T17:05:00+00:00
[2021-12-18 17:06:09,761] {standard_task_runner.py:52} INFO - Started process 12676 to run task
[2021-12-18 17:06:09,767] {standard_task_runner.py:76} INFO - Running: ['airflow', 'tasks', 'run', 'rank_update', 'mv_indicator_to_repo', '2021-12-18T17:05:00+00:00', '--job-id', '177', '--pool', 'default_pool', '--raw', '--subdir', 'DAGS_FOLDER/rank_update.py', '--cfg-path', '/tmp/tmp_msjdwd3', '--error-file', '/tmp/tmp965j1gej']
[2021-12-18 17:06:09,768] {standard_task_runner.py:77} INFO - Job 177: Subtask mv_indicator_to_repo
[2021-12-18 17:06:09,810] {logging_mixin.py:104} INFO - Running <TaskInstance: rank_update.mv_indicator_to_repo 2021-12-18T17:05:00+00:00 [running]> on host airflowvm
[2021-12-18 17:06:09,908] {taskinstance.py:1280} INFO - Exporting the following env vars:
AIRFLOW_CTX_DAG_OWNER=airflow
AIRFLOW_CTX_DAG_ID=rank_update
AIRFLOW_CTX_TASK_ID=mv_indicator_to_repo
AIRFLOW_CTX_EXECUTION_DATE=2021-12-18T17:05:00+00:00
AIRFLOW_CTX_DAG_RUN_ID=scheduled__2021-12-18T17:05:00+00:00
[2021-12-18 17:06:09,909] {subprocess.py:52} INFO - Tmp dir root location: 
 /tmp
[2021-12-18 17:06:09,909] {subprocess.py:63} INFO - Running command: ['bash', '-c', 'mv /tmp/result/html/rank.html /home/airflow/Test/rank.md']
[2021-12-18 17:06:09,927] {subprocess.py:75} INFO - Output:
[2021-12-18 17:06:09,929] {subprocess.py:83} INFO - Command exited with return code 0
[2021-12-18 17:06:09,953] {taskinstance.py:1184} INFO - Marking task as SUCCESS. dag_id=rank_update, task_id=mv_indicator_to_repo, execution_date=20211218T170500, start_date=20211218T170609, end_date=20211218T170609
[2021-12-18 17:06:09,995] {taskinstance.py:1245} INFO - 1 downstream tasks scheduled from follow-on schedule check
[2021-12-18 17:06:10,022] {local_task_job.py:151} INFO - Task exited with return code 0
