[2021-12-22 02:20:05,074] {taskinstance.py:876} INFO - Dependencies all met for <TaskInstance: rank_update.make_indicator 2021-12-22T02:10:00+00:00 [queued]>
[2021-12-22 02:20:05,080] {taskinstance.py:876} INFO - Dependencies all met for <TaskInstance: rank_update.make_indicator 2021-12-22T02:10:00+00:00 [queued]>
[2021-12-22 02:20:05,080] {taskinstance.py:1067} INFO - 
--------------------------------------------------------------------------------
[2021-12-22 02:20:05,080] {taskinstance.py:1068} INFO - Starting attempt 1 of 1
[2021-12-22 02:20:05,080] {taskinstance.py:1069} INFO - 
--------------------------------------------------------------------------------
[2021-12-22 02:20:05,089] {taskinstance.py:1087} INFO - Executing <Task(BashOperator): make_indicator> on 2021-12-22T02:10:00+00:00
[2021-12-22 02:20:05,090] {standard_task_runner.py:52} INFO - Started process 178016 to run task
[2021-12-22 02:20:05,094] {standard_task_runner.py:76} INFO - Running: ['airflow', 'tasks', 'run', 'rank_update', 'make_indicator', '2021-12-22T02:10:00+00:00', '--job-id', '1625', '--pool', 'default_pool', '--raw', '--subdir', 'DAGS_FOLDER/rank_update.py', '--cfg-path', '/tmp/tmp6ssmquqh', '--error-file', '/tmp/tmp65hsc3w4']
[2021-12-22 02:20:05,095] {standard_task_runner.py:77} INFO - Job 1625: Subtask make_indicator
[2021-12-22 02:20:05,131] {logging_mixin.py:104} INFO - Running <TaskInstance: rank_update.make_indicator 2021-12-22T02:10:00+00:00 [running]> on host airflowvm
[2021-12-22 02:20:05,212] {taskinstance.py:1280} INFO - Exporting the following env vars:
AIRFLOW_CTX_DAG_OWNER=airflow
AIRFLOW_CTX_DAG_ID=rank_update
AIRFLOW_CTX_TASK_ID=make_indicator
AIRFLOW_CTX_EXECUTION_DATE=2021-12-22T02:10:00+00:00
AIRFLOW_CTX_DAG_RUN_ID=scheduled__2021-12-22T02:10:00+00:00
[2021-12-22 02:20:05,212] {subprocess.py:52} INFO - Tmp dir root location: 
 /tmp
[2021-12-22 02:20:05,212] {subprocess.py:63} INFO - Running command: ['bash', '-c', 'python3 /home/airflow/parser4Study/multiple_parser.py /home/airflow/AlgorithmStudy_211124/211228/']
[2021-12-22 02:20:05,215] {subprocess.py:75} INFO - Output:
[2021-12-22 02:20:05,595] {subprocess.py:83} INFO - Command exited with return code 0
[2021-12-22 02:20:05,615] {taskinstance.py:1184} INFO - Marking task as SUCCESS. dag_id=rank_update, task_id=make_indicator, execution_date=20211222T021000, start_date=20211222T022005, end_date=20211222T022005
[2021-12-22 02:20:05,630] {taskinstance.py:1245} INFO - 1 downstream tasks scheduled from follow-on schedule check
[2021-12-22 02:20:05,668] {local_task_job.py:151} INFO - Task exited with return code 0
