[2021-12-23 17:32:41,680] {taskinstance.py:876} INFO - Dependencies all met for <TaskInstance: rank_update.git_push 2021-12-22T05:40:00+00:00 [queued]>
[2021-12-23 17:32:41,694] {taskinstance.py:876} INFO - Dependencies all met for <TaskInstance: rank_update.git_push 2021-12-22T05:40:00+00:00 [queued]>
[2021-12-23 17:32:41,698] {taskinstance.py:1067} INFO - 
--------------------------------------------------------------------------------
[2021-12-23 17:32:41,698] {taskinstance.py:1068} INFO - Starting attempt 1 of 1
[2021-12-23 17:32:41,698] {taskinstance.py:1069} INFO - 
--------------------------------------------------------------------------------
[2021-12-23 17:32:41,721] {taskinstance.py:1087} INFO - Executing <Task(BashOperator): git_push> on 2021-12-22T05:40:00+00:00
[2021-12-23 17:32:41,722] {standard_task_runner.py:52} INFO - Started process 364459 to run task
[2021-12-23 17:32:41,738] {standard_task_runner.py:76} INFO - Running: ['airflow', 'tasks', 'run', 'rank_update', 'git_push', '2021-12-22T05:40:00+00:00', '--job-id', '1814', '--pool', 'default_pool', '--raw', '--subdir', 'DAGS_FOLDER/rank_update.py', '--cfg-path', '/tmp/tmpf1m2rjqs', '--error-file', '/tmp/tmp1f_p21p7']
[2021-12-23 17:32:41,741] {standard_task_runner.py:77} INFO - Job 1814: Subtask git_push
[2021-12-23 17:32:41,826] {logging_mixin.py:104} INFO - Running <TaskInstance: rank_update.git_push 2021-12-22T05:40:00+00:00 [running]> on host airflowvm
[2021-12-23 17:32:41,971] {taskinstance.py:1280} INFO - Exporting the following env vars:
AIRFLOW_CTX_DAG_OWNER=airflow
AIRFLOW_CTX_DAG_ID=rank_update
AIRFLOW_CTX_TASK_ID=git_push
AIRFLOW_CTX_EXECUTION_DATE=2021-12-22T05:40:00+00:00
AIRFLOW_CTX_DAG_RUN_ID=scheduled__2021-12-22T05:40:00+00:00
[2021-12-23 17:32:41,973] {subprocess.py:52} INFO - Tmp dir root location: 
 /tmp
[2021-12-23 17:32:41,976] {subprocess.py:63} INFO - Running command: ['bash', '-c', 'git --git-dir=/home/airflow/AlgorithmStudy_211124/.git/ --work-tree=/home/airflow/AlgorithmStudy_211124/.git/ push']
[2021-12-23 17:32:41,982] {subprocess.py:75} INFO - Output:
[2021-12-23 17:32:43,162] {subprocess.py:79} INFO - To https://github.com/nicework-jin/AlgorithmStudy_211124
[2021-12-23 17:32:43,162] {subprocess.py:79} INFO -    aad879d..3e019d6  main -> main
[2021-12-23 17:32:43,169] {subprocess.py:83} INFO - Command exited with return code 0
[2021-12-23 17:32:43,196] {taskinstance.py:1184} INFO - Marking task as SUCCESS. dag_id=rank_update, task_id=git_push, execution_date=20211222T054000, start_date=20211223T173241, end_date=20211223T173243
[2021-12-23 17:32:43,223] {taskinstance.py:1245} INFO - 0 downstream tasks scheduled from follow-on schedule check
[2021-12-23 17:32:43,242] {local_task_job.py:151} INFO - Task exited with return code 0
