[2021-12-21 10:30:06,604] {taskinstance.py:876} INFO - Dependencies all met for <TaskInstance: rank_update.mv_indicator_to_repo 2021-12-21T10:20:00+00:00 [queued]>
[2021-12-21 10:30:06,610] {taskinstance.py:876} INFO - Dependencies all met for <TaskInstance: rank_update.mv_indicator_to_repo 2021-12-21T10:20:00+00:00 [queued]>
[2021-12-21 10:30:06,610] {taskinstance.py:1067} INFO - 
--------------------------------------------------------------------------------
[2021-12-21 10:30:06,610] {taskinstance.py:1068} INFO - Starting attempt 1 of 1
[2021-12-21 10:30:06,610] {taskinstance.py:1069} INFO - 
--------------------------------------------------------------------------------
[2021-12-21 10:30:06,617] {taskinstance.py:1087} INFO - Executing <Task(BashOperator): mv_indicator_to_repo> on 2021-12-21T10:20:00+00:00
[2021-12-21 10:30:06,618] {standard_task_runner.py:52} INFO - Started process 119603 to run task
[2021-12-21 10:30:06,622] {standard_task_runner.py:76} INFO - Running: ['airflow', 'tasks', 'run', 'rank_update', 'mv_indicator_to_repo', '2021-12-21T10:20:00+00:00', '--job-id', '1145', '--pool', 'default_pool', '--raw', '--subdir', 'DAGS_FOLDER/rank_update.py', '--cfg-path', '/tmp/tmpofhmxyy7', '--error-file', '/tmp/tmp0tt4_8_q']
[2021-12-21 10:30:06,622] {standard_task_runner.py:77} INFO - Job 1145: Subtask mv_indicator_to_repo
[2021-12-21 10:30:06,659] {logging_mixin.py:104} INFO - Running <TaskInstance: rank_update.mv_indicator_to_repo 2021-12-21T10:20:00+00:00 [running]> on host airflowvm
[2021-12-21 10:30:06,735] {taskinstance.py:1280} INFO - Exporting the following env vars:
AIRFLOW_CTX_DAG_OWNER=airflow
AIRFLOW_CTX_DAG_ID=rank_update
AIRFLOW_CTX_TASK_ID=mv_indicator_to_repo
AIRFLOW_CTX_EXECUTION_DATE=2021-12-21T10:20:00+00:00
AIRFLOW_CTX_DAG_RUN_ID=scheduled__2021-12-21T10:20:00+00:00
[2021-12-21 10:30:06,736] {subprocess.py:52} INFO - Tmp dir root location: 
 /tmp
[2021-12-21 10:30:06,736] {subprocess.py:63} INFO - Running command: ['bash', '-c', 'mv /tmp/result/html/rank.html /home/airflow/AlgorithmStudy_211124/211221/rank.md']
[2021-12-21 10:30:06,739] {subprocess.py:75} INFO - Output:
[2021-12-21 10:30:06,741] {subprocess.py:83} INFO - Command exited with return code 0
[2021-12-21 10:30:06,752] {taskinstance.py:1184} INFO - Marking task as SUCCESS. dag_id=rank_update, task_id=mv_indicator_to_repo, execution_date=20211221T102000, start_date=20211221T103006, end_date=20211221T103006
[2021-12-21 10:30:06,768] {taskinstance.py:1245} INFO - 1 downstream tasks scheduled from follow-on schedule check
[2021-12-21 10:30:06,794] {local_task_job.py:151} INFO - Task exited with return code 0
