[2021-12-22 00:20:04,494] {taskinstance.py:876} INFO - Dependencies all met for <TaskInstance: rank_update.make_indicator 2021-12-22T00:10:00+00:00 [queued]>
[2021-12-22 00:20:04,499] {taskinstance.py:876} INFO - Dependencies all met for <TaskInstance: rank_update.make_indicator 2021-12-22T00:10:00+00:00 [queued]>
[2021-12-22 00:20:04,499] {taskinstance.py:1067} INFO - 
--------------------------------------------------------------------------------
[2021-12-22 00:20:04,499] {taskinstance.py:1068} INFO - Starting attempt 1 of 1
[2021-12-22 00:20:04,499] {taskinstance.py:1069} INFO - 
--------------------------------------------------------------------------------
[2021-12-22 00:20:04,506] {taskinstance.py:1087} INFO - Executing <Task(BashOperator): make_indicator> on 2021-12-22T00:10:00+00:00
[2021-12-22 00:20:04,507] {standard_task_runner.py:52} INFO - Started process 170803 to run task
[2021-12-22 00:20:04,511] {standard_task_runner.py:76} INFO - Running: ['airflow', 'tasks', 'run', 'rank_update', 'make_indicator', '2021-12-22T00:10:00+00:00', '--job-id', '1565', '--pool', 'default_pool', '--raw', '--subdir', 'DAGS_FOLDER/rank_update.py', '--cfg-path', '/tmp/tmp5qpffr6e', '--error-file', '/tmp/tmp9liovoo0']
[2021-12-22 00:20:04,512] {standard_task_runner.py:77} INFO - Job 1565: Subtask make_indicator
[2021-12-22 00:20:04,549] {logging_mixin.py:104} INFO - Running <TaskInstance: rank_update.make_indicator 2021-12-22T00:10:00+00:00 [running]> on host airflowvm
[2021-12-22 00:20:04,632] {taskinstance.py:1280} INFO - Exporting the following env vars:
AIRFLOW_CTX_DAG_OWNER=airflow
AIRFLOW_CTX_DAG_ID=rank_update
AIRFLOW_CTX_TASK_ID=make_indicator
AIRFLOW_CTX_EXECUTION_DATE=2021-12-22T00:10:00+00:00
AIRFLOW_CTX_DAG_RUN_ID=scheduled__2021-12-22T00:10:00+00:00
[2021-12-22 00:20:04,632] {subprocess.py:52} INFO - Tmp dir root location: 
 /tmp
[2021-12-22 00:20:04,632] {subprocess.py:63} INFO - Running command: ['bash', '-c', 'python3 /home/airflow/parser4Study/multiple_parser.py /home/airflow/AlgorithmStudy_211124/211228/']
[2021-12-22 00:20:04,635] {subprocess.py:75} INFO - Output:
[2021-12-22 00:20:05,002] {subprocess.py:83} INFO - Command exited with return code 0
[2021-12-22 00:20:05,022] {taskinstance.py:1184} INFO - Marking task as SUCCESS. dag_id=rank_update, task_id=make_indicator, execution_date=20211222T001000, start_date=20211222T002004, end_date=20211222T002005
[2021-12-22 00:20:05,038] {taskinstance.py:1245} INFO - 1 downstream tasks scheduled from follow-on schedule check
[2021-12-22 00:20:05,045] {local_task_job.py:151} INFO - Task exited with return code 0
