[2021-12-20 08:50:02,523] {taskinstance.py:876} INFO - Dependencies all met for <TaskInstance: rank_update.pull_from_git 2021-12-20T08:40:00+00:00 [queued]>
[2021-12-20 08:50:02,530] {taskinstance.py:876} INFO - Dependencies all met for <TaskInstance: rank_update.pull_from_git 2021-12-20T08:40:00+00:00 [queued]>
[2021-12-20 08:50:02,530] {taskinstance.py:1067} INFO - 
--------------------------------------------------------------------------------
[2021-12-20 08:50:02,530] {taskinstance.py:1068} INFO - Starting attempt 1 of 1
[2021-12-20 08:50:02,530] {taskinstance.py:1069} INFO - 
--------------------------------------------------------------------------------
[2021-12-20 08:50:02,538] {taskinstance.py:1087} INFO - Executing <Task(BashOperator): pull_from_git> on 2021-12-20T08:40:00+00:00
[2021-12-20 08:50:02,539] {standard_task_runner.py:52} INFO - Started process 16694 to run task
[2021-12-20 08:50:02,544] {standard_task_runner.py:76} INFO - Running: ['airflow', 'tasks', 'run', 'rank_update', 'pull_from_git', '2021-12-20T08:40:00+00:00', '--job-id', '355', '--pool', 'default_pool', '--raw', '--subdir', 'DAGS_FOLDER/rank_update.py', '--cfg-path', '/tmp/tmp1lqsl09y', '--error-file', '/tmp/tmpxkahzcwq']
[2021-12-20 08:50:02,545] {standard_task_runner.py:77} INFO - Job 355: Subtask pull_from_git
[2021-12-20 08:50:02,582] {logging_mixin.py:104} INFO - Running <TaskInstance: rank_update.pull_from_git 2021-12-20T08:40:00+00:00 [running]> on host airflowvm
[2021-12-20 08:50:02,657] {taskinstance.py:1280} INFO - Exporting the following env vars:
AIRFLOW_CTX_DAG_OWNER=airflow
AIRFLOW_CTX_DAG_ID=rank_update
AIRFLOW_CTX_TASK_ID=pull_from_git
AIRFLOW_CTX_EXECUTION_DATE=2021-12-20T08:40:00+00:00
AIRFLOW_CTX_DAG_RUN_ID=scheduled__2021-12-20T08:40:00+00:00
[2021-12-20 08:50:02,658] {subprocess.py:52} INFO - Tmp dir root location: 
 /tmp
[2021-12-20 08:50:02,658] {subprocess.py:63} INFO - Running command: ['bash', '-c', 'git -C /home/airflow/AlgorithmStudy_211124 pull']
[2021-12-20 08:50:02,660] {subprocess.py:75} INFO - Output:
[2021-12-20 08:50:03,512] {subprocess.py:79} INFO - From https://github.com/nicework-jin/AlgorithmStudy_211124
[2021-12-20 08:50:03,513] {subprocess.py:79} INFO -    dffde7b..176aa60  main       -> origin/main
[2021-12-20 08:50:03,537] {subprocess.py:79} INFO - Updating dffde7b..176aa60
[2021-12-20 08:50:03,538] {subprocess.py:79} INFO - Fast-forward
[2021-12-20 08:50:03,541] {subprocess.py:79} INFO -  ...41\235_\354\235\264\354\204\261\354\247\204.py" | 69 ++++++++++++++++++++++
[2021-12-20 08:50:03,542] {subprocess.py:79} INFO -  1 file changed, 69 insertions(+)
[2021-12-20 08:50:03,542] {subprocess.py:79} INFO -  create mode 100644 "211221/\355\224\204\353\240\214\354\246\2104\353\270\224\353\241\235_\354\235\264\354\204\261\354\247\204.py"
[2021-12-20 08:50:03,542] {subprocess.py:83} INFO - Command exited with return code 0
[2021-12-20 08:50:03,570] {taskinstance.py:1184} INFO - Marking task as SUCCESS. dag_id=rank_update, task_id=pull_from_git, execution_date=20211220T084000, start_date=20211220T085002, end_date=20211220T085003
[2021-12-20 08:50:03,591] {taskinstance.py:1245} INFO - 1 downstream tasks scheduled from follow-on schedule check
[2021-12-20 08:50:03,606] {local_task_job.py:151} INFO - Task exited with return code 0
