[2021-12-20 09:50:04,693] {taskinstance.py:876} INFO - Dependencies all met for <TaskInstance: rank_update.make_indicator 2021-12-20T09:40:00+00:00 [queued]>
[2021-12-20 09:50:04,698] {taskinstance.py:876} INFO - Dependencies all met for <TaskInstance: rank_update.make_indicator 2021-12-20T09:40:00+00:00 [queued]>
[2021-12-20 09:50:04,698] {taskinstance.py:1067} INFO - 
--------------------------------------------------------------------------------
[2021-12-20 09:50:04,698] {taskinstance.py:1068} INFO - Starting attempt 1 of 1
[2021-12-20 09:50:04,698] {taskinstance.py:1069} INFO - 
--------------------------------------------------------------------------------
[2021-12-20 09:50:04,704] {taskinstance.py:1087} INFO - Executing <Task(BashOperator): make_indicator> on 2021-12-20T09:40:00+00:00
[2021-12-20 09:50:04,705] {standard_task_runner.py:52} INFO - Started process 21415 to run task
[2021-12-20 09:50:04,710] {standard_task_runner.py:76} INFO - Running: ['airflow', 'tasks', 'run', 'rank_update', 'make_indicator', '2021-12-20T09:40:00+00:00', '--job-id', '393', '--pool', 'default_pool', '--raw', '--subdir', 'DAGS_FOLDER/rank_update.py', '--cfg-path', '/tmp/tmp9bqijj48', '--error-file', '/tmp/tmpi6b_ehjr']
[2021-12-20 09:50:04,710] {standard_task_runner.py:77} INFO - Job 393: Subtask make_indicator
[2021-12-20 09:50:04,740] {logging_mixin.py:104} INFO - Running <TaskInstance: rank_update.make_indicator 2021-12-20T09:40:00+00:00 [running]> on host airflowvm
[2021-12-20 09:50:04,811] {taskinstance.py:1280} INFO - Exporting the following env vars:
AIRFLOW_CTX_DAG_OWNER=airflow
AIRFLOW_CTX_DAG_ID=rank_update
AIRFLOW_CTX_TASK_ID=make_indicator
AIRFLOW_CTX_EXECUTION_DATE=2021-12-20T09:40:00+00:00
AIRFLOW_CTX_DAG_RUN_ID=scheduled__2021-12-20T09:40:00+00:00
[2021-12-20 09:50:04,811] {subprocess.py:52} INFO - Tmp dir root location: 
 /tmp
[2021-12-20 09:50:04,811] {subprocess.py:63} INFO - Running command: ['bash', '-c', 'python3 /home/airflow/parser4Study/multiple_parser.py /home/airflow/AlgorithmStudy_211124/211221/']
[2021-12-20 09:50:04,814] {subprocess.py:75} INFO - Output:
[2021-12-20 09:50:05,196] {subprocess.py:79} INFO - Traceback (most recent call last):
[2021-12-20 09:50:05,196] {subprocess.py:79} INFO -   File "/home/airflow/parser4Study/multiple_parser.py", line 68, in <module>
[2021-12-20 09:50:05,196] {subprocess.py:79} INFO -     multiple_parser.load_and_parse_files()
[2021-12-20 09:50:05,196] {subprocess.py:79} INFO -   File "/home/airflow/parser4Study/multiple_parser.py", line 34, in load_and_parse_files
[2021-12-20 09:50:05,196] {subprocess.py:79} INFO -     parser.parse_name_and_complexities()
[2021-12-20 09:50:05,196] {subprocess.py:79} INFO -   File "/home/airflow/parser4Study/parser.py", line 24, in parse_name_and_complexities
[2021-12-20 09:50:05,196] {subprocess.py:79} INFO -     filename, text = next(self.read_file)
[2021-12-20 09:50:05,196] {subprocess.py:79} INFO -   File "/home/airflow/parser4Study/parser.py", line 44, in read_file
[2021-12-20 09:50:05,196] {subprocess.py:79} INFO -     yield filename, f.read()
[2021-12-20 09:50:05,196] {subprocess.py:79} INFO -   File "/usr/lib/python3.8/codecs.py", line 322, in decode
[2021-12-20 09:50:05,196] {subprocess.py:79} INFO -     (result, consumed) = self._buffer_decode(data, self.errors, final)
[2021-12-20 09:50:05,196] {subprocess.py:79} INFO - UnicodeDecodeError: 'utf-8' codec can't decode byte 0xd0 in position 16: invalid continuation byte
[2021-12-20 09:50:05,233] {subprocess.py:83} INFO - Command exited with return code 1
[2021-12-20 09:50:05,238] {taskinstance.py:1481} ERROR - Task failed with exception
Traceback (most recent call last):
  File "/home/airflow/sandbox/lib/python3.8/site-packages/airflow/models/taskinstance.py", line 1137, in _run_raw_task
    self._prepare_and_execute_task_with_callbacks(context, task)
  File "/home/airflow/sandbox/lib/python3.8/site-packages/airflow/models/taskinstance.py", line 1311, in _prepare_and_execute_task_with_callbacks
    result = self._execute_task(context, task_copy)
  File "/home/airflow/sandbox/lib/python3.8/site-packages/airflow/models/taskinstance.py", line 1341, in _execute_task
    result = task_copy.execute(context=context)
  File "/home/airflow/sandbox/lib/python3.8/site-packages/airflow/operators/bash.py", line 180, in execute
    raise AirflowException('Bash command failed. The command returned a non-zero exit code.')
airflow.exceptions.AirflowException: Bash command failed. The command returned a non-zero exit code.
[2021-12-20 09:50:05,239] {taskinstance.py:1524} INFO - Marking task as FAILED. dag_id=rank_update, task_id=make_indicator, execution_date=20211220T094000, start_date=20211220T095004, end_date=20211220T095005
[2021-12-20 09:50:05,284] {local_task_job.py:151} INFO - Task exited with return code 1
