[2021-12-21 12:40:08,481] {taskinstance.py:876} INFO - Dependencies all met for <TaskInstance: rank_update.git_add 2021-12-21T12:30:00+00:00 [queued]>
[2021-12-21 12:40:08,486] {taskinstance.py:876} INFO - Dependencies all met for <TaskInstance: rank_update.git_add 2021-12-21T12:30:00+00:00 [queued]>
[2021-12-21 12:40:08,486] {taskinstance.py:1067} INFO - 
--------------------------------------------------------------------------------
[2021-12-21 12:40:08,486] {taskinstance.py:1068} INFO - Starting attempt 1 of 1
[2021-12-21 12:40:08,486] {taskinstance.py:1069} INFO - 
--------------------------------------------------------------------------------
[2021-12-21 12:40:08,493] {taskinstance.py:1087} INFO - Executing <Task(BashOperator): git_add> on 2021-12-21T12:30:00+00:00
[2021-12-21 12:40:08,494] {standard_task_runner.py:52} INFO - Started process 128231 to run task
[2021-12-21 12:40:08,498] {standard_task_runner.py:76} INFO - Running: ['airflow', 'tasks', 'run', 'rank_update', 'git_add', '2021-12-21T12:30:00+00:00', '--job-id', '1211', '--pool', 'default_pool', '--raw', '--subdir', 'DAGS_FOLDER/rank_update.py', '--cfg-path', '/tmp/tmpslyvqold', '--error-file', '/tmp/tmp1qptqmc2']
[2021-12-21 12:40:08,499] {standard_task_runner.py:77} INFO - Job 1211: Subtask git_add
[2021-12-21 12:40:08,536] {logging_mixin.py:104} INFO - Running <TaskInstance: rank_update.git_add 2021-12-21T12:30:00+00:00 [running]> on host airflowvm
[2021-12-21 12:40:08,612] {taskinstance.py:1280} INFO - Exporting the following env vars:
AIRFLOW_CTX_DAG_OWNER=airflow
AIRFLOW_CTX_DAG_ID=rank_update
AIRFLOW_CTX_TASK_ID=git_add
AIRFLOW_CTX_EXECUTION_DATE=2021-12-21T12:30:00+00:00
AIRFLOW_CTX_DAG_RUN_ID=scheduled__2021-12-21T12:30:00+00:00
[2021-12-21 12:40:08,612] {subprocess.py:52} INFO - Tmp dir root location: 
 /tmp
[2021-12-21 12:40:08,613] {subprocess.py:63} INFO - Running command: ['bash', '-c', 'git -C /home/airflow/AlgorithmStudy_211124/211221/ add rank.md']
[2021-12-21 12:40:08,615] {subprocess.py:75} INFO - Output:
[2021-12-21 12:40:08,618] {subprocess.py:83} INFO - Command exited with return code 0
[2021-12-21 12:40:08,630] {taskinstance.py:1184} INFO - Marking task as SUCCESS. dag_id=rank_update, task_id=git_add, execution_date=20211221T123000, start_date=20211221T124008, end_date=20211221T124008
[2021-12-21 12:40:08,647] {taskinstance.py:1245} INFO - 1 downstream tasks scheduled from follow-on schedule check
[2021-12-21 12:40:08,670] {local_task_job.py:151} INFO - Task exited with return code 0
