[2021-12-18 11:00:24,742] {taskinstance.py:876} INFO - Dependencies all met for <TaskInstance: rank_update.make_indicator 2021-12-18T11:00:07.858161+00:00 [queued]>
[2021-12-18 11:00:24,748] {taskinstance.py:876} INFO - Dependencies all met for <TaskInstance: rank_update.make_indicator 2021-12-18T11:00:07.858161+00:00 [queued]>
[2021-12-18 11:00:24,748] {taskinstance.py:1067} INFO - 
--------------------------------------------------------------------------------
[2021-12-18 11:00:24,748] {taskinstance.py:1068} INFO - Starting attempt 1 of 1
[2021-12-18 11:00:24,749] {taskinstance.py:1069} INFO - 
--------------------------------------------------------------------------------
[2021-12-18 11:00:24,761] {taskinstance.py:1087} INFO - Executing <Task(BashOperator): make_indicator> on 2021-12-18T11:00:07.858161+00:00
[2021-12-18 11:00:24,762] {standard_task_runner.py:52} INFO - Started process 2116 to run task
[2021-12-18 11:00:24,768] {standard_task_runner.py:76} INFO - Running: ['airflow', 'tasks', 'run', 'rank_update', 'make_indicator', '2021-12-18T11:00:07.858161+00:00', '--job-id', '88', '--pool', 'default_pool', '--raw', '--subdir', 'DAGS_FOLDER/rank_update.py', '--cfg-path', '/tmp/tmpjoj9odbi', '--error-file', '/tmp/tmpeihrf9rz']
[2021-12-18 11:00:24,769] {standard_task_runner.py:77} INFO - Job 88: Subtask make_indicator
[2021-12-18 11:00:24,815] {logging_mixin.py:104} INFO - Running <TaskInstance: rank_update.make_indicator 2021-12-18T11:00:07.858161+00:00 [running]> on host airflowvm
[2021-12-18 11:00:24,916] {taskinstance.py:1280} INFO - Exporting the following env vars:
AIRFLOW_CTX_DAG_OWNER=airflow
AIRFLOW_CTX_DAG_ID=rank_update
AIRFLOW_CTX_TASK_ID=make_indicator
AIRFLOW_CTX_EXECUTION_DATE=2021-12-18T11:00:07.858161+00:00
AIRFLOW_CTX_DAG_RUN_ID=manual__2021-12-18T11:00:07.858161+00:00
[2021-12-18 11:00:24,919] {subprocess.py:52} INFO - Tmp dir root location: 
 /tmp
[2021-12-18 11:00:24,920] {subprocess.py:63} INFO - Running command: ['bash', '-c', 'python /home/airflow/parser4Study/multiple_parser.py "/home/airflow/AlgorithmStudy_211124/211221/"']
[2021-12-18 11:00:24,935] {subprocess.py:75} INFO - Output:
[2021-12-18 11:00:26,105] {subprocess.py:83} INFO - Command exited with return code 0
[2021-12-18 11:00:26,133] {taskinstance.py:1184} INFO - Marking task as SUCCESS. dag_id=rank_update, task_id=make_indicator, execution_date=20211218T110007, start_date=20211218T110024, end_date=20211218T110026
[2021-12-18 11:00:26,161] {taskinstance.py:1245} INFO - 1 downstream tasks scheduled from follow-on schedule check
[2021-12-18 11:00:26,187] {local_task_job.py:151} INFO - Task exited with return code 0
