[2021-12-18 11:03:05,788] {taskinstance.py:876} INFO - Dependencies all met for <TaskInstance: rank_update.make_indicator 2021-12-18T11:00:07.858161+00:00 [queued]>
[2021-12-18 11:03:05,807] {taskinstance.py:876} INFO - Dependencies all met for <TaskInstance: rank_update.make_indicator 2021-12-18T11:00:07.858161+00:00 [queued]>
[2021-12-18 11:03:05,808] {taskinstance.py:1067} INFO - 
--------------------------------------------------------------------------------
[2021-12-18 11:03:05,808] {taskinstance.py:1068} INFO - Starting attempt 2 of 2
[2021-12-18 11:03:05,809] {taskinstance.py:1069} INFO - 
--------------------------------------------------------------------------------
[2021-12-18 11:03:05,831] {taskinstance.py:1087} INFO - Executing <Task(BashOperator): make_indicator> on 2021-12-18T11:00:07.858161+00:00
[2021-12-18 11:03:05,832] {standard_task_runner.py:52} INFO - Started process 2877 to run task
[2021-12-18 11:03:05,846] {standard_task_runner.py:76} INFO - Running: ['airflow', 'tasks', 'run', 'rank_update', 'make_indicator', '2021-12-18T11:00:07.858161+00:00', '--job-id', '91', '--pool', 'default_pool', '--raw', '--subdir', 'DAGS_FOLDER/rank_update.py', '--cfg-path', '/tmp/tmpydllb8t4', '--error-file', '/tmp/tmpv7lgs3q9']
[2021-12-18 11:03:05,851] {standard_task_runner.py:77} INFO - Job 91: Subtask make_indicator
[2021-12-18 11:03:05,948] {logging_mixin.py:104} INFO - Running <TaskInstance: rank_update.make_indicator 2021-12-18T11:00:07.858161+00:00 [running]> on host airflowvm
[2021-12-18 11:03:06,127] {taskinstance.py:1280} INFO - Exporting the following env vars:
AIRFLOW_CTX_DAG_OWNER=airflow
AIRFLOW_CTX_DAG_ID=rank_update
AIRFLOW_CTX_TASK_ID=make_indicator
AIRFLOW_CTX_EXECUTION_DATE=2021-12-18T11:00:07.858161+00:00
AIRFLOW_CTX_DAG_RUN_ID=manual__2021-12-18T11:00:07.858161+00:00
[2021-12-18 11:03:06,128] {subprocess.py:52} INFO - Tmp dir root location: 
 /tmp
[2021-12-18 11:03:06,136] {subprocess.py:63} INFO - Running command: ['bash', '-c', 'python /home/airflow/parser4Study/multiple_parser.py "/home/airflow/AlgorithmStudy_211124/211221/"']
[2021-12-18 11:03:06,148] {subprocess.py:75} INFO - Output:
[2021-12-18 11:03:06,766] {subprocess.py:83} INFO - Command exited with return code 0
[2021-12-18 11:03:06,801] {taskinstance.py:1184} INFO - Marking task as SUCCESS. dag_id=rank_update, task_id=make_indicator, execution_date=20211218T110007, start_date=20211218T110305, end_date=20211218T110306
[2021-12-18 11:03:06,832] {taskinstance.py:1245} INFO - 0 downstream tasks scheduled from follow-on schedule check
[2021-12-18 11:03:06,868] {local_task_job.py:151} INFO - Task exited with return code 0
