[2021-12-20 16:30:08,308] {taskinstance.py:876} INFO - Dependencies all met for <TaskInstance: rank_update.git_add 2021-12-20T16:20:00+00:00 [queued]>
[2021-12-20 16:30:08,313] {taskinstance.py:876} INFO - Dependencies all met for <TaskInstance: rank_update.git_add 2021-12-20T16:20:00+00:00 [queued]>
[2021-12-20 16:30:08,314] {taskinstance.py:1067} INFO - 
--------------------------------------------------------------------------------
[2021-12-20 16:30:08,314] {taskinstance.py:1068} INFO - Starting attempt 1 of 1
[2021-12-20 16:30:08,314] {taskinstance.py:1069} INFO - 
--------------------------------------------------------------------------------
[2021-12-20 16:30:08,322] {taskinstance.py:1087} INFO - Executing <Task(BashOperator): git_add> on 2021-12-20T16:20:00+00:00
[2021-12-20 16:30:08,323] {standard_task_runner.py:52} INFO - Started process 51672 to run task
[2021-12-20 16:30:08,327] {standard_task_runner.py:76} INFO - Running: ['airflow', 'tasks', 'run', 'rank_update', 'git_add', '2021-12-20T16:20:00+00:00', '--job-id', '600', '--pool', 'default_pool', '--raw', '--subdir', 'DAGS_FOLDER/rank_update.py', '--cfg-path', '/tmp/tmpe2zmz858', '--error-file', '/tmp/tmpyayrk5il']
[2021-12-20 16:30:08,327] {standard_task_runner.py:77} INFO - Job 600: Subtask git_add
[2021-12-20 16:30:08,365] {logging_mixin.py:104} INFO - Running <TaskInstance: rank_update.git_add 2021-12-20T16:20:00+00:00 [running]> on host airflowvm
[2021-12-20 16:30:08,440] {taskinstance.py:1280} INFO - Exporting the following env vars:
AIRFLOW_CTX_DAG_OWNER=airflow
AIRFLOW_CTX_DAG_ID=rank_update
AIRFLOW_CTX_TASK_ID=git_add
AIRFLOW_CTX_EXECUTION_DATE=2021-12-20T16:20:00+00:00
AIRFLOW_CTX_DAG_RUN_ID=scheduled__2021-12-20T16:20:00+00:00
[2021-12-20 16:30:08,440] {subprocess.py:52} INFO - Tmp dir root location: 
 /tmp
[2021-12-20 16:30:08,440] {subprocess.py:63} INFO - Running command: ['bash', '-c', 'git -C /home/airflow/AlgorithmStudy_211124/211221/ add rank.md']
[2021-12-20 16:30:08,443] {subprocess.py:75} INFO - Output:
[2021-12-20 16:30:08,445] {subprocess.py:83} INFO - Command exited with return code 0
[2021-12-20 16:30:08,457] {taskinstance.py:1184} INFO - Marking task as SUCCESS. dag_id=rank_update, task_id=git_add, execution_date=20211220T162000, start_date=20211220T163008, end_date=20211220T163008
[2021-12-20 16:30:08,473] {taskinstance.py:1245} INFO - 1 downstream tasks scheduled from follow-on schedule check
[2021-12-20 16:30:08,499] {local_task_job.py:151} INFO - Task exited with return code 0
