[2021-12-18 08:56:44,513] {taskinstance.py:876} INFO - Dependencies all met for <TaskInstance: rank_update.make_indicator 2021-12-18T08:50:25.202871+00:00 [queued]>
[2021-12-18 08:56:44,528] {taskinstance.py:876} INFO - Dependencies all met for <TaskInstance: rank_update.make_indicator 2021-12-18T08:50:25.202871+00:00 [queued]>
[2021-12-18 08:56:44,530] {taskinstance.py:1067} INFO - 
--------------------------------------------------------------------------------
[2021-12-18 08:56:44,530] {taskinstance.py:1068} INFO - Starting attempt 2 of 2
[2021-12-18 08:56:44,531] {taskinstance.py:1069} INFO - 
--------------------------------------------------------------------------------
[2021-12-18 08:56:44,562] {taskinstance.py:1087} INFO - Executing <Task(BashOperator): make_indicator> on 2021-12-18T08:50:25.202871+00:00
[2021-12-18 08:56:44,564] {standard_task_runner.py:52} INFO - Started process 81873 to run task
[2021-12-18 08:56:44,576] {standard_task_runner.py:76} INFO - Running: ['airflow', 'tasks', 'run', 'rank_update', 'make_indicator', '2021-12-18T08:50:25.202871+00:00', '--job-id', '40', '--pool', 'default_pool', '--raw', '--subdir', 'DAGS_FOLDER/rank_update.py', '--cfg-path', '/tmp/tmp_mz23uxg', '--error-file', '/tmp/tmp48ws3nef']
[2021-12-18 08:56:44,580] {standard_task_runner.py:77} INFO - Job 40: Subtask make_indicator
[2021-12-18 08:56:44,647] {logging_mixin.py:104} INFO - Running <TaskInstance: rank_update.make_indicator 2021-12-18T08:50:25.202871+00:00 [running]> on host airflowvm
[2021-12-18 08:56:44,819] {taskinstance.py:1280} INFO - Exporting the following env vars:
AIRFLOW_CTX_DAG_OWNER=airflow
AIRFLOW_CTX_DAG_ID=rank_update
AIRFLOW_CTX_TASK_ID=make_indicator
AIRFLOW_CTX_EXECUTION_DATE=2021-12-18T08:50:25.202871+00:00
AIRFLOW_CTX_DAG_RUN_ID=manual__2021-12-18T08:50:25.202871+00:00
[2021-12-18 08:56:44,823] {subprocess.py:52} INFO - Tmp dir root location: 
 /tmp
[2021-12-18 08:56:44,824] {subprocess.py:63} INFO - Running command: ['bash', '-c', 'python /home/airflow/parser4Study/multiple_parser.py /home/airflow/AlgorithmStudy_211124/211221/']
[2021-12-18 08:56:44,832] {subprocess.py:75} INFO - Output:
[2021-12-18 08:56:46,128] {subprocess.py:83} INFO - Command exited with return code 0
[2021-12-18 08:56:46,163] {taskinstance.py:1184} INFO - Marking task as SUCCESS. dag_id=rank_update, task_id=make_indicator, execution_date=20211218T085025, start_date=20211218T085644, end_date=20211218T085646
[2021-12-18 08:56:46,208] {taskinstance.py:1245} INFO - 1 downstream tasks scheduled from follow-on schedule check
[2021-12-18 08:56:46,234] {local_task_job.py:151} INFO - Task exited with return code 0
