[2021-12-18 09:17:32,081] {taskinstance.py:876} INFO - Dependencies all met for <TaskInstance: rank_update.make_indicator 2021-12-18T09:12:38.086111+00:00 [queued]>
[2021-12-18 09:17:32,096] {taskinstance.py:876} INFO - Dependencies all met for <TaskInstance: rank_update.make_indicator 2021-12-18T09:12:38.086111+00:00 [queued]>
[2021-12-18 09:17:32,097] {taskinstance.py:1067} INFO - 
--------------------------------------------------------------------------------
[2021-12-18 09:17:32,097] {taskinstance.py:1068} INFO - Starting attempt 2 of 2
[2021-12-18 09:17:32,097] {taskinstance.py:1069} INFO - 
--------------------------------------------------------------------------------
[2021-12-18 09:17:32,119] {taskinstance.py:1087} INFO - Executing <Task(BashOperator): make_indicator> on 2021-12-18T09:12:38.086111+00:00
[2021-12-18 09:17:32,121] {standard_task_runner.py:52} INFO - Started process 86943 to run task
[2021-12-18 09:17:32,132] {standard_task_runner.py:76} INFO - Running: ['airflow', 'tasks', 'run', 'rank_update', 'make_indicator', '2021-12-18T09:12:38.086111+00:00', '--job-id', '66', '--pool', 'default_pool', '--raw', '--subdir', 'DAGS_FOLDER/rank_update.py', '--cfg-path', '/tmp/tmpco4ojh8u', '--error-file', '/tmp/tmp5vkk7fud']
[2021-12-18 09:17:32,135] {standard_task_runner.py:77} INFO - Job 66: Subtask make_indicator
[2021-12-18 09:17:32,202] {logging_mixin.py:104} INFO - Running <TaskInstance: rank_update.make_indicator 2021-12-18T09:12:38.086111+00:00 [running]> on host airflowvm
[2021-12-18 09:17:32,383] {taskinstance.py:1280} INFO - Exporting the following env vars:
AIRFLOW_CTX_DAG_OWNER=airflow
AIRFLOW_CTX_DAG_ID=rank_update
AIRFLOW_CTX_TASK_ID=make_indicator
AIRFLOW_CTX_EXECUTION_DATE=2021-12-18T09:12:38.086111+00:00
AIRFLOW_CTX_DAG_RUN_ID=manual__2021-12-18T09:12:38.086111+00:00
[2021-12-18 09:17:32,384] {subprocess.py:52} INFO - Tmp dir root location: 
 /tmp
[2021-12-18 09:17:32,387] {subprocess.py:63} INFO - Running command: ['bash', '-c', 'python3 /home/airflow/python_test/test.py']
[2021-12-18 09:17:32,400] {subprocess.py:75} INFO - Output:
[2021-12-18 09:17:32,430] {subprocess.py:79} INFO - HI
[2021-12-18 09:17:32,440] {subprocess.py:83} INFO - Command exited with return code 0
[2021-12-18 09:17:32,468] {taskinstance.py:1184} INFO - Marking task as SUCCESS. dag_id=rank_update, task_id=make_indicator, execution_date=20211218T091238, start_date=20211218T091732, end_date=20211218T091732
[2021-12-18 09:17:32,509] {taskinstance.py:1245} INFO - 1 downstream tasks scheduled from follow-on schedule check
[2021-12-18 09:17:32,552] {local_task_job.py:151} INFO - Task exited with return code 0
