[2021-12-22 02:00:08,602] {taskinstance.py:876} INFO - Dependencies all met for <TaskInstance: rank_update.git_add 2021-12-22T01:50:00+00:00 [queued]>
[2021-12-22 02:00:08,611] {taskinstance.py:876} INFO - Dependencies all met for <TaskInstance: rank_update.git_add 2021-12-22T01:50:00+00:00 [queued]>
[2021-12-22 02:00:08,611] {taskinstance.py:1067} INFO - 
--------------------------------------------------------------------------------
[2021-12-22 02:00:08,611] {taskinstance.py:1068} INFO - Starting attempt 1 of 1
[2021-12-22 02:00:08,611] {taskinstance.py:1069} INFO - 
--------------------------------------------------------------------------------
[2021-12-22 02:00:08,621] {taskinstance.py:1087} INFO - Executing <Task(BashOperator): git_add> on 2021-12-22T01:50:00+00:00
[2021-12-22 02:00:08,622] {standard_task_runner.py:52} INFO - Started process 176840 to run task
[2021-12-22 02:00:08,627] {standard_task_runner.py:76} INFO - Running: ['airflow', 'tasks', 'run', 'rank_update', 'git_add', '2021-12-22T01:50:00+00:00', '--job-id', '1617', '--pool', 'default_pool', '--raw', '--subdir', 'DAGS_FOLDER/rank_update.py', '--cfg-path', '/tmp/tmp7dauyh_j', '--error-file', '/tmp/tmp6ayvj_kt']
[2021-12-22 02:00:08,627] {standard_task_runner.py:77} INFO - Job 1617: Subtask git_add
[2021-12-22 02:00:08,664] {logging_mixin.py:104} INFO - Running <TaskInstance: rank_update.git_add 2021-12-22T01:50:00+00:00 [running]> on host airflowvm
[2021-12-22 02:00:08,752] {taskinstance.py:1280} INFO - Exporting the following env vars:
AIRFLOW_CTX_DAG_OWNER=airflow
AIRFLOW_CTX_DAG_ID=rank_update
AIRFLOW_CTX_TASK_ID=git_add
AIRFLOW_CTX_EXECUTION_DATE=2021-12-22T01:50:00+00:00
AIRFLOW_CTX_DAG_RUN_ID=scheduled__2021-12-22T01:50:00+00:00
[2021-12-22 02:00:08,752] {subprocess.py:52} INFO - Tmp dir root location: 
 /tmp
[2021-12-22 02:00:08,752] {subprocess.py:63} INFO - Running command: ['bash', '-c', 'git -C /home/airflow/AlgorithmStudy_211124/211228/ add rank.md']
[2021-12-22 02:00:08,755] {subprocess.py:75} INFO - Output:
[2021-12-22 02:00:08,758] {subprocess.py:83} INFO - Command exited with return code 0
[2021-12-22 02:00:08,769] {taskinstance.py:1184} INFO - Marking task as SUCCESS. dag_id=rank_update, task_id=git_add, execution_date=20211222T015000, start_date=20211222T020008, end_date=20211222T020008
[2021-12-22 02:00:08,785] {taskinstance.py:1245} INFO - 1 downstream tasks scheduled from follow-on schedule check
[2021-12-22 02:00:08,801] {local_task_job.py:151} INFO - Task exited with return code 0
