[2022-01-02 15:23:54,067] {taskinstance.py:876} INFO - Dependencies all met for <TaskInstance: rank_update.pull_from_git 2022-01-01T15:23:52.146192+00:00 [queued]>
[2022-01-02 15:23:54,073] {taskinstance.py:876} INFO - Dependencies all met for <TaskInstance: rank_update.pull_from_git 2022-01-01T15:23:52.146192+00:00 [queued]>
[2022-01-02 15:23:54,073] {taskinstance.py:1067} INFO - 
--------------------------------------------------------------------------------
[2022-01-02 15:23:54,073] {taskinstance.py:1068} INFO - Starting attempt 1 of 1
[2022-01-02 15:23:54,073] {taskinstance.py:1069} INFO - 
--------------------------------------------------------------------------------
[2022-01-02 15:23:54,080] {taskinstance.py:1087} INFO - Executing <Task(BashOperator): pull_from_git> on 2022-01-01T15:23:52.146192+00:00
[2022-01-02 15:23:54,081] {standard_task_runner.py:52} INFO - Started process 1123237 to run task
[2022-01-02 15:23:54,086] {standard_task_runner.py:76} INFO - Running: ['airflow', 'tasks', 'run', 'rank_update', 'pull_from_git', '2022-01-01T15:23:52.146192+00:00', '--job-id', '1897', '--pool', 'default_pool', '--raw', '--subdir', 'DAGS_FOLDER/rank_update.py', '--cfg-path', '/tmp/tmpie_8_opq', '--error-file', '/tmp/tmp5eifw1bn']
[2022-01-02 15:23:54,087] {standard_task_runner.py:77} INFO - Job 1897: Subtask pull_from_git
[2022-01-02 15:23:54,119] {logging_mixin.py:104} INFO - Running <TaskInstance: rank_update.pull_from_git 2022-01-01T15:23:52.146192+00:00 [running]> on host airflowvm
[2022-01-02 15:23:54,196] {taskinstance.py:1280} INFO - Exporting the following env vars:
AIRFLOW_CTX_DAG_OWNER=airflow
AIRFLOW_CTX_DAG_ID=rank_update
AIRFLOW_CTX_TASK_ID=pull_from_git
AIRFLOW_CTX_EXECUTION_DATE=2022-01-01T15:23:52.146192+00:00
AIRFLOW_CTX_DAG_RUN_ID=scheduled__2022-01-01T15:23:52.146192+00:00
[2022-01-02 15:23:54,197] {subprocess.py:52} INFO - Tmp dir root location: 
 /tmp
[2022-01-02 15:23:54,197] {subprocess.py:63} INFO - Running command: ['bash', '-c', 'git -C /home/airflow/AlgorithmStudy_211124 pull']
[2022-01-02 15:23:54,200] {subprocess.py:75} INFO - Output:
[2022-01-02 15:23:54,529] {subprocess.py:79} INFO - Already up to date.
[2022-01-02 15:23:54,530] {subprocess.py:83} INFO - Command exited with return code 0
[2022-01-02 15:23:54,555] {taskinstance.py:1184} INFO - Marking task as SUCCESS. dag_id=rank_update, task_id=pull_from_git, execution_date=20220101T152352, start_date=20220102T152354, end_date=20220102T152354
[2022-01-02 15:23:54,578] {taskinstance.py:1245} INFO - 1 downstream tasks scheduled from follow-on schedule check
[2022-01-02 15:23:54,620] {local_task_job.py:151} INFO - Task exited with return code 0
