[2021-12-18 17:11:13,123] {taskinstance.py:876} INFO - Dependencies all met for <TaskInstance: rank_update.git_commit 2021-12-18T17:10:00+00:00 [queued]>
[2021-12-18 17:11:13,132] {taskinstance.py:876} INFO - Dependencies all met for <TaskInstance: rank_update.git_commit 2021-12-18T17:10:00+00:00 [queued]>
[2021-12-18 17:11:13,133] {taskinstance.py:1067} INFO - 
--------------------------------------------------------------------------------
[2021-12-18 17:11:13,133] {taskinstance.py:1068} INFO - Starting attempt 1 of 1
[2021-12-18 17:11:13,133] {taskinstance.py:1069} INFO - 
--------------------------------------------------------------------------------
[2021-12-18 17:11:13,147] {taskinstance.py:1087} INFO - Executing <Task(BashOperator): git_commit> on 2021-12-18T17:10:00+00:00
[2021-12-18 17:11:13,148] {standard_task_runner.py:52} INFO - Started process 14701 to run task
[2021-12-18 17:11:13,154] {standard_task_runner.py:76} INFO - Running: ['airflow', 'tasks', 'run', 'rank_update', 'git_commit', '2021-12-18T17:10:00+00:00', '--job-id', '204', '--pool', 'default_pool', '--raw', '--subdir', 'DAGS_FOLDER/rank_update.py', '--cfg-path', '/tmp/tmpmn4botqe', '--error-file', '/tmp/tmp1nxtmudc']
[2021-12-18 17:11:13,155] {standard_task_runner.py:77} INFO - Job 204: Subtask git_commit
[2021-12-18 17:11:13,200] {logging_mixin.py:104} INFO - Running <TaskInstance: rank_update.git_commit 2021-12-18T17:10:00+00:00 [running]> on host airflowvm
[2021-12-18 17:11:13,296] {taskinstance.py:1280} INFO - Exporting the following env vars:
AIRFLOW_CTX_DAG_OWNER=airflow
AIRFLOW_CTX_DAG_ID=rank_update
AIRFLOW_CTX_TASK_ID=git_commit
AIRFLOW_CTX_EXECUTION_DATE=2021-12-18T17:10:00+00:00
AIRFLOW_CTX_DAG_RUN_ID=scheduled__2021-12-18T17:10:00+00:00
[2021-12-18 17:11:13,297] {subprocess.py:52} INFO - Tmp dir root location: 
 /tmp
[2021-12-18 17:11:13,297] {subprocess.py:63} INFO - Running command: ['bash', '-c', 'git --git-dir=/home/airflow/Test/.git/ --work-tree=/home/airflow/Test/.git/ commit -m "Auto-update for rank"']
[2021-12-18 17:11:13,300] {subprocess.py:75} INFO - Output:
[2021-12-18 17:11:13,307] {subprocess.py:79} INFO - [main 74d1c53] Auto-update for rank
[2021-12-18 17:11:13,307] {subprocess.py:79} INFO -  1 file changed, 6 insertions(+)
[2021-12-18 17:11:13,307] {subprocess.py:83} INFO - Command exited with return code 0
[2021-12-18 17:11:13,325] {taskinstance.py:1184} INFO - Marking task as SUCCESS. dag_id=rank_update, task_id=git_commit, execution_date=20211218T171000, start_date=20211218T171113, end_date=20211218T171113
[2021-12-18 17:11:13,352] {taskinstance.py:1245} INFO - 1 downstream tasks scheduled from follow-on schedule check
[2021-12-18 17:11:13,368] {local_task_job.py:151} INFO - Task exited with return code 0
