[2021-12-18 17:10:03,059] {taskinstance.py:876} INFO - Dependencies all met for <TaskInstance: rank_update.pull_from_git 2021-12-18T17:09:00+00:00 [queued]>
[2021-12-18 17:10:03,065] {taskinstance.py:876} INFO - Dependencies all met for <TaskInstance: rank_update.pull_from_git 2021-12-18T17:09:00+00:00 [queued]>
[2021-12-18 17:10:03,065] {taskinstance.py:1067} INFO - 
--------------------------------------------------------------------------------
[2021-12-18 17:10:03,066] {taskinstance.py:1068} INFO - Starting attempt 1 of 1
[2021-12-18 17:10:03,066] {taskinstance.py:1069} INFO - 
--------------------------------------------------------------------------------
[2021-12-18 17:10:03,078] {taskinstance.py:1087} INFO - Executing <Task(BashOperator): pull_from_git> on 2021-12-18T17:09:00+00:00
[2021-12-18 17:10:03,079] {standard_task_runner.py:52} INFO - Started process 14230 to run task
[2021-12-18 17:10:03,085] {standard_task_runner.py:76} INFO - Running: ['airflow', 'tasks', 'run', 'rank_update', 'pull_from_git', '2021-12-18T17:09:00+00:00', '--job-id', '195', '--pool', 'default_pool', '--raw', '--subdir', 'DAGS_FOLDER/rank_update.py', '--cfg-path', '/tmp/tmpq565_y76', '--error-file', '/tmp/tmpkdy9pu3k']
[2021-12-18 17:10:03,085] {standard_task_runner.py:77} INFO - Job 195: Subtask pull_from_git
[2021-12-18 17:10:03,132] {logging_mixin.py:104} INFO - Running <TaskInstance: rank_update.pull_from_git 2021-12-18T17:09:00+00:00 [running]> on host airflowvm
[2021-12-18 17:10:03,305] {taskinstance.py:1280} INFO - Exporting the following env vars:
AIRFLOW_CTX_DAG_OWNER=airflow
AIRFLOW_CTX_DAG_ID=rank_update
AIRFLOW_CTX_TASK_ID=pull_from_git
AIRFLOW_CTX_EXECUTION_DATE=2021-12-18T17:09:00+00:00
AIRFLOW_CTX_DAG_RUN_ID=scheduled__2021-12-18T17:09:00+00:00
[2021-12-18 17:10:03,305] {subprocess.py:52} INFO - Tmp dir root location: 
 /tmp
[2021-12-18 17:10:03,309] {subprocess.py:63} INFO - Running command: ['bash', '-c', 'git -C /home/airflow/AlgorithmStudy_211124 pull']
[2021-12-18 17:10:03,314] {subprocess.py:75} INFO - Output:
[2021-12-18 17:10:03,718] {subprocess.py:79} INFO - Already up to date.
[2021-12-18 17:10:03,718] {subprocess.py:83} INFO - Command exited with return code 0
[2021-12-18 17:10:03,785] {taskinstance.py:1184} INFO - Marking task as SUCCESS. dag_id=rank_update, task_id=pull_from_git, execution_date=20211218T170900, start_date=20211218T171003, end_date=20211218T171003
[2021-12-18 17:10:03,843] {taskinstance.py:1245} INFO - 1 downstream tasks scheduled from follow-on schedule check
[2021-12-18 17:10:03,862] {local_task_job.py:151} INFO - Task exited with return code 0
