[2021-12-22 00:00:19,981] {taskinstance.py:876} INFO - Dependencies all met for <TaskInstance: rank_update.git_push 2021-12-21T23:50:00+00:00 [queued]>
[2021-12-22 00:00:19,986] {taskinstance.py:876} INFO - Dependencies all met for <TaskInstance: rank_update.git_push 2021-12-21T23:50:00+00:00 [queued]>
[2021-12-22 00:00:19,986] {taskinstance.py:1067} INFO - 
--------------------------------------------------------------------------------
[2021-12-22 00:00:19,986] {taskinstance.py:1068} INFO - Starting attempt 1 of 1
[2021-12-22 00:00:19,986] {taskinstance.py:1069} INFO - 
--------------------------------------------------------------------------------
[2021-12-22 00:00:19,994] {taskinstance.py:1087} INFO - Executing <Task(BashOperator): git_push> on 2021-12-21T23:50:00+00:00
[2021-12-22 00:00:19,994] {standard_task_runner.py:52} INFO - Started process 169587 to run task
[2021-12-22 00:00:19,999] {standard_task_runner.py:76} INFO - Running: ['airflow', 'tasks', 'run', 'rank_update', 'git_push', '2021-12-21T23:50:00+00:00', '--job-id', '1558', '--pool', 'default_pool', '--raw', '--subdir', 'DAGS_FOLDER/rank_update.py', '--cfg-path', '/tmp/tmp8whawmq7', '--error-file', '/tmp/tmpvnk3hvdc']
[2021-12-22 00:00:20,000] {standard_task_runner.py:77} INFO - Job 1558: Subtask git_push
[2021-12-22 00:00:20,038] {logging_mixin.py:104} INFO - Running <TaskInstance: rank_update.git_push 2021-12-21T23:50:00+00:00 [running]> on host airflowvm
[2021-12-22 00:00:20,114] {taskinstance.py:1280} INFO - Exporting the following env vars:
AIRFLOW_CTX_DAG_OWNER=airflow
AIRFLOW_CTX_DAG_ID=rank_update
AIRFLOW_CTX_TASK_ID=git_push
AIRFLOW_CTX_EXECUTION_DATE=2021-12-21T23:50:00+00:00
AIRFLOW_CTX_DAG_RUN_ID=scheduled__2021-12-21T23:50:00+00:00
[2021-12-22 00:00:20,115] {subprocess.py:52} INFO - Tmp dir root location: 
 /tmp
[2021-12-22 00:00:20,115] {subprocess.py:63} INFO - Running command: ['bash', '-c', 'git --git-dir=/home/airflow/AlgorithmStudy_211124/.git/ --work-tree=/home/airflow/AlgorithmStudy_211124/.git/ push']
[2021-12-22 00:00:20,118] {subprocess.py:75} INFO - Output:
[2021-12-22 00:00:21,229] {subprocess.py:79} INFO - To https://github.com/nicework-jin/AlgorithmStudy_211124
[2021-12-22 00:00:21,230] {subprocess.py:79} INFO -    0dd142b..ec08328  main -> main
[2021-12-22 00:00:21,238] {subprocess.py:83} INFO - Command exited with return code 0
[2021-12-22 00:00:21,251] {taskinstance.py:1184} INFO - Marking task as SUCCESS. dag_id=rank_update, task_id=git_push, execution_date=20211221T235000, start_date=20211222T000019, end_date=20211222T000021
[2021-12-22 00:00:21,263] {taskinstance.py:1245} INFO - 0 downstream tasks scheduled from follow-on schedule check
[2021-12-22 00:00:21,302] {local_task_job.py:151} INFO - Task exited with return code 0
