[2021-12-20 18:30:02,622] {taskinstance.py:876} INFO - Dependencies all met for <TaskInstance: rank_update.pull_from_git 2021-12-20T18:20:00+00:00 [queued]>
[2021-12-20 18:30:02,630] {taskinstance.py:876} INFO - Dependencies all met for <TaskInstance: rank_update.pull_from_git 2021-12-20T18:20:00+00:00 [queued]>
[2021-12-20 18:30:02,630] {taskinstance.py:1067} INFO - 
--------------------------------------------------------------------------------
[2021-12-20 18:30:02,630] {taskinstance.py:1068} INFO - Starting attempt 1 of 1
[2021-12-20 18:30:02,630] {taskinstance.py:1069} INFO - 
--------------------------------------------------------------------------------
[2021-12-20 18:30:02,638] {taskinstance.py:1087} INFO - Executing <Task(BashOperator): pull_from_git> on 2021-12-20T18:20:00+00:00
[2021-12-20 18:30:02,639] {standard_task_runner.py:52} INFO - Started process 59832 to run task
[2021-12-20 18:30:02,644] {standard_task_runner.py:76} INFO - Running: ['airflow', 'tasks', 'run', 'rank_update', 'pull_from_git', '2021-12-20T18:20:00+00:00', '--job-id', '657', '--pool', 'default_pool', '--raw', '--subdir', 'DAGS_FOLDER/rank_update.py', '--cfg-path', '/tmp/tmpotejpn5z', '--error-file', '/tmp/tmpi7d94grj']
[2021-12-20 18:30:02,644] {standard_task_runner.py:77} INFO - Job 657: Subtask pull_from_git
[2021-12-20 18:30:02,680] {logging_mixin.py:104} INFO - Running <TaskInstance: rank_update.pull_from_git 2021-12-20T18:20:00+00:00 [running]> on host airflowvm
[2021-12-20 18:30:02,763] {taskinstance.py:1280} INFO - Exporting the following env vars:
AIRFLOW_CTX_DAG_OWNER=airflow
AIRFLOW_CTX_DAG_ID=rank_update
AIRFLOW_CTX_TASK_ID=pull_from_git
AIRFLOW_CTX_EXECUTION_DATE=2021-12-20T18:20:00+00:00
AIRFLOW_CTX_DAG_RUN_ID=scheduled__2021-12-20T18:20:00+00:00
[2021-12-20 18:30:02,763] {subprocess.py:52} INFO - Tmp dir root location: 
 /tmp
[2021-12-20 18:30:02,763] {subprocess.py:63} INFO - Running command: ['bash', '-c', 'git -C /home/airflow/AlgorithmStudy_211124 pull']
[2021-12-20 18:30:02,766] {subprocess.py:75} INFO - Output:
[2021-12-20 18:30:04,399] {subprocess.py:79} INFO - From https://github.com/nicework-jin/AlgorithmStudy_211124
[2021-12-20 18:30:04,400] {subprocess.py:79} INFO -    da812d3..bee0c75  main       -> origin/main
[2021-12-20 18:30:04,413] {subprocess.py:79} INFO - Updating da812d3..bee0c75
[2021-12-20 18:30:04,413] {subprocess.py:79} INFO - Fast-forward
[2021-12-20 18:30:04,417] {subprocess.py:79} INFO -  ...36\204_\354\240\225\355\230\270\354\240\234.py" |  50 ++++++++++
[2021-12-20 18:30:04,417] {subprocess.py:79} INFO -  ...31\230_\354\240\225\355\230\270\354\240\234.py" |  82 ++++++++++++++++
[2021-12-20 18:30:04,417] {subprocess.py:79} INFO -  ...47\201_\354\240\225\355\230\270\354\240\234.py" |  53 +++++++++++
[2021-12-20 18:30:04,417] {subprocess.py:79} INFO -  ...36\204_\354\240\225\355\230\270\354\240\234.py" |  83 ++++++++++++++++
[2021-12-20 18:30:04,417] {subprocess.py:79} INFO -  ...26\274_\354\240\225\355\230\270\354\240\234.py" |  58 ++++++++++++
[2021-12-20 18:30:04,417] {subprocess.py:79} INFO -  ...66\225_\354\240\225\355\230\270\354\240\234.py" |  62 ++++++++++++
[2021-12-20 18:30:04,417] {subprocess.py:79} INFO -  ...63\241_\354\240\225\355\230\270\354\240\234.py" |  31 ++++++
[2021-12-20 18:30:04,418] {subprocess.py:79} INFO -  ...17\204_\354\240\225\355\230\270\354\240\234.py" |  21 +++++
[2021-12-20 18:30:04,418] {subprocess.py:79} INFO -  ...03\211_\354\240\225\355\230\270\354\240\234.py" |  58 ++++++++++++
[2021-12-20 18:30:04,418] {subprocess.py:79} INFO -  ...62\234_\354\240\225\355\230\270\354\240\234.py" |  62 ++++++++++++
[2021-12-20 18:30:04,418] {subprocess.py:79} INFO -  ...34\250_\354\240\225\355\230\270\354\240\234.py" |  50 ++++++++++
[2021-12-20 18:30:04,418] {subprocess.py:79} INFO -  ...66\225_\354\240\225\355\230\270\354\240\234.py" |  44 +++++++++
[2021-12-20 18:30:04,418] {subprocess.py:79} INFO -  ...60\251_\354\240\225\355\230\270\354\240\234.py" |  62 ++++++++++++
[2021-12-20 18:30:04,418] {subprocess.py:79} INFO -  ...13\234_\354\240\225\355\230\270\354\240\234.py" |  61 ++++++++++++
[2021-12-20 18:30:04,418] {subprocess.py:79} INFO -  ...40\254_\354\240\225\355\230\270\354\240\234.py" |  54 +++++++++++
[2021-12-20 18:30:04,418] {subprocess.py:79} INFO -  ...41\235_\354\240\225\355\230\270\354\240\234.py" | 105 +++++++++++++++++++++
[2021-12-20 18:30:04,418] {subprocess.py:79} INFO -  ...02\244_\354\240\225\355\230\270\354\240\234.py" |  72 ++++++++++++++
[2021-12-20 18:30:04,418] {subprocess.py:79} INFO -  17 files changed, 1008 insertions(+)
[2021-12-20 18:30:04,418] {subprocess.py:79} INFO -  create mode 100644 "211221/n\354\247\204\354\210\230\352\262\214\354\236\204_\354\240\225\355\230\270\354\240\234.py"
[2021-12-20 18:30:04,418] {subprocess.py:79} INFO -  create mode 100644 "211221/\352\264\204\355\230\270\353\263\200\355\231\230_\354\240\225\355\230\270\354\240\234.py"
[2021-12-20 18:30:04,419] {subprocess.py:79} INFO -  create mode 100644 "211221/\353\211\264\354\212\244\355\201\264\353\237\254\354\212\244\355\204\260\353\247\201_\354\240\225\355\230\270\354\240\234.py"
[2021-12-20 18:30:04,419] {subprocess.py:79} INFO -  create mode 100644 "211221/\353\213\244\355\212\270\352\262\214\354\236\204_\354\240\225\355\230\270\354\240\234.py"
[2021-12-20 18:30:04,419] {subprocess.py:79} INFO -  create mode 100644 "211221/\353\251\224\353\211\264\353\246\254\353\211\264\354\226\274_\354\240\225\355\230\270\354\240\234.py"
[2021-12-20 18:30:04,419] {subprocess.py:79} INFO -  create mode 100644 "211221/\353\254\270\354\236\220\354\227\264\354\225\225\354\266\225_\354\240\225\355\230\270\354\240\234.py"
[2021-12-20 18:30:04,419] {subprocess.py:79} INFO -  create mode 100644 "211221/\353\260\251\352\270\210\352\267\270\352\263\241_\354\240\225\355\230\270\354\240\234.py"
[2021-12-20 18:30:04,419] {subprocess.py:79} INFO -  create mode 100644 "211221/\353\271\204\353\260\200\354\247\200\353\217\204_\354\240\225\355\230\270\354\240\234.py"
[2021-12-20 18:30:04,419] {subprocess.py:79} INFO -  create mode 100644 "211221/\354\210\234\354\234\204\352\262\200\354\203\211_\354\240\225\355\230\270\354\240\234.py"
[2021-12-20 18:30:04,419] {subprocess.py:79} INFO -  create mode 100644 "211221/\354\213\240\352\267\234\354\225\204\354\235\264\353\224\224\354\266\224\354\262\234_\354\240\225\355\230\270\354\240\234.py"
[2021-12-20 18:30:04,419] {subprocess.py:79} INFO -  create mode 100644 "211221/\354\213\244\355\214\250\354\234\250_\354\240\225\355\230\270\354\240\234.py"
[2021-12-20 18:30:04,419] {subprocess.py:79} INFO -  create mode 100644 "211221/\354\225\225\354\266\225_\354\240\225\355\230\270\354\240\234.py"
[2021-12-20 18:30:04,419] {subprocess.py:79} INFO -  create mode 100644 "211221/\354\230\244\355\224\210\354\261\204\355\214\205\353\260\251_\354\240\225\355\230\270\354\240\234.py"
[2021-12-20 18:30:04,419] {subprocess.py:79} INFO -  create mode 100644 "211221/\354\272\220\354\213\234_\354\240\225\355\230\270\354\240\234.py"
[2021-12-20 18:30:04,419] {subprocess.py:79} INFO -  create mode 100644 "211221/\355\214\214\354\235\274\353\252\205\354\240\225\353\240\254_\354\240\225\355\230\270\354\240\234.py"
[2021-12-20 18:30:04,420] {subprocess.py:79} INFO -  create mode 100644 "211221/\355\224\204\353\240\214\354\246\2104\353\270\224\353\241\235_\354\240\225\355\230\270\354\240\234.py"
[2021-12-20 18:30:04,420] {subprocess.py:79} INFO -  create mode 100644 "211221/\355\233\204\353\263\264\355\202\244_\354\240\225\355\230\270\354\240\234.py"
[2021-12-20 18:30:04,420] {subprocess.py:83} INFO - Command exited with return code 0
[2021-12-20 18:30:04,442] {taskinstance.py:1184} INFO - Marking task as SUCCESS. dag_id=rank_update, task_id=pull_from_git, execution_date=20211220T182000, start_date=20211220T183002, end_date=20211220T183004
[2021-12-20 18:30:04,459] {taskinstance.py:1245} INFO - 1 downstream tasks scheduled from follow-on schedule check
[2021-12-20 18:30:04,480] {local_task_job.py:151} INFO - Task exited with return code 0
