[2021-12-20 09:10:02,059] {taskinstance.py:876} INFO - Dependencies all met for <TaskInstance: rank_update.pull_from_git 2021-12-20T09:00:00+00:00 [queued]>
[2021-12-20 09:10:02,064] {taskinstance.py:876} INFO - Dependencies all met for <TaskInstance: rank_update.pull_from_git 2021-12-20T09:00:00+00:00 [queued]>
[2021-12-20 09:10:02,065] {taskinstance.py:1067} INFO - 
--------------------------------------------------------------------------------
[2021-12-20 09:10:02,065] {taskinstance.py:1068} INFO - Starting attempt 1 of 1
[2021-12-20 09:10:02,065] {taskinstance.py:1069} INFO - 
--------------------------------------------------------------------------------
[2021-12-20 09:10:02,071] {taskinstance.py:1087} INFO - Executing <Task(BashOperator): pull_from_git> on 2021-12-20T09:00:00+00:00
[2021-12-20 09:10:02,072] {standard_task_runner.py:52} INFO - Started process 18480 to run task
[2021-12-20 09:10:02,076] {standard_task_runner.py:76} INFO - Running: ['airflow', 'tasks', 'run', 'rank_update', 'pull_from_git', '2021-12-20T09:00:00+00:00', '--job-id', '366', '--pool', 'default_pool', '--raw', '--subdir', 'DAGS_FOLDER/rank_update.py', '--cfg-path', '/tmp/tmpkfd0uksb', '--error-file', '/tmp/tmprf0w35qr']
[2021-12-20 09:10:02,077] {standard_task_runner.py:77} INFO - Job 366: Subtask pull_from_git
[2021-12-20 09:10:02,112] {logging_mixin.py:104} INFO - Running <TaskInstance: rank_update.pull_from_git 2021-12-20T09:00:00+00:00 [running]> on host airflowvm
[2021-12-20 09:10:02,188] {taskinstance.py:1280} INFO - Exporting the following env vars:
AIRFLOW_CTX_DAG_OWNER=airflow
AIRFLOW_CTX_DAG_ID=rank_update
AIRFLOW_CTX_TASK_ID=pull_from_git
AIRFLOW_CTX_EXECUTION_DATE=2021-12-20T09:00:00+00:00
AIRFLOW_CTX_DAG_RUN_ID=scheduled__2021-12-20T09:00:00+00:00
[2021-12-20 09:10:02,189] {subprocess.py:52} INFO - Tmp dir root location: 
 /tmp
[2021-12-20 09:10:02,189] {subprocess.py:63} INFO - Running command: ['bash', '-c', 'git -C /home/airflow/AlgorithmStudy_211124 pull']
[2021-12-20 09:10:02,191] {subprocess.py:75} INFO - Output:
[2021-12-20 09:10:03,988] {subprocess.py:79} INFO - From https://github.com/nicework-jin/AlgorithmStudy_211124
[2021-12-20 09:10:03,988] {subprocess.py:79} INFO -    176aa60..6c9e381  main       -> origin/main
[2021-12-20 09:10:04,010] {subprocess.py:79} INFO - Merge made by the 'recursive' strategy.
[2021-12-20 09:10:04,012] {subprocess.py:79} INFO -  ...104\353\270\224\353\241\235_\354\235\264\354\204\261\354\247\204.py" | 2 +-
[2021-12-20 09:10:04,013] {subprocess.py:79} INFO -  1 file changed, 1 insertion(+), 1 deletion(-)
[2021-12-20 09:10:04,013] {subprocess.py:83} INFO - Command exited with return code 0
[2021-12-20 09:10:04,040] {taskinstance.py:1184} INFO - Marking task as SUCCESS. dag_id=rank_update, task_id=pull_from_git, execution_date=20211220T090000, start_date=20211220T091002, end_date=20211220T091004
[2021-12-20 09:10:04,057] {taskinstance.py:1245} INFO - 1 downstream tasks scheduled from follow-on schedule check
[2021-12-20 09:10:04,068] {local_task_job.py:151} INFO - Task exited with return code 0
