[2021-12-20 16:50:07,302] {taskinstance.py:876} INFO - Dependencies all met for <TaskInstance: rank_update.git_add 2021-12-20T16:40:00+00:00 [queued]>
[2021-12-20 16:50:07,308] {taskinstance.py:876} INFO - Dependencies all met for <TaskInstance: rank_update.git_add 2021-12-20T16:40:00+00:00 [queued]>
[2021-12-20 16:50:07,308] {taskinstance.py:1067} INFO - 
--------------------------------------------------------------------------------
[2021-12-20 16:50:07,308] {taskinstance.py:1068} INFO - Starting attempt 1 of 1
[2021-12-20 16:50:07,308] {taskinstance.py:1069} INFO - 
--------------------------------------------------------------------------------
[2021-12-20 16:50:07,314] {taskinstance.py:1087} INFO - Executing <Task(BashOperator): git_add> on 2021-12-20T16:40:00+00:00
[2021-12-20 16:50:07,315] {standard_task_runner.py:52} INFO - Started process 53225 to run task
[2021-12-20 16:50:07,319] {standard_task_runner.py:76} INFO - Running: ['airflow', 'tasks', 'run', 'rank_update', 'git_add', '2021-12-20T16:40:00+00:00', '--job-id', '610', '--pool', 'default_pool', '--raw', '--subdir', 'DAGS_FOLDER/rank_update.py', '--cfg-path', '/tmp/tmpofx6_rv4', '--error-file', '/tmp/tmpectot8cj']
[2021-12-20 16:50:07,320] {standard_task_runner.py:77} INFO - Job 610: Subtask git_add
[2021-12-20 16:50:07,357] {logging_mixin.py:104} INFO - Running <TaskInstance: rank_update.git_add 2021-12-20T16:40:00+00:00 [running]> on host airflowvm
[2021-12-20 16:50:07,433] {taskinstance.py:1280} INFO - Exporting the following env vars:
AIRFLOW_CTX_DAG_OWNER=airflow
AIRFLOW_CTX_DAG_ID=rank_update
AIRFLOW_CTX_TASK_ID=git_add
AIRFLOW_CTX_EXECUTION_DATE=2021-12-20T16:40:00+00:00
AIRFLOW_CTX_DAG_RUN_ID=scheduled__2021-12-20T16:40:00+00:00
[2021-12-20 16:50:07,433] {subprocess.py:52} INFO - Tmp dir root location: 
 /tmp
[2021-12-20 16:50:07,434] {subprocess.py:63} INFO - Running command: ['bash', '-c', 'git -C /home/airflow/AlgorithmStudy_211124/211221/ add rank.md']
[2021-12-20 16:50:07,436] {subprocess.py:75} INFO - Output:
[2021-12-20 16:50:07,439] {subprocess.py:83} INFO - Command exited with return code 0
[2021-12-20 16:50:07,451] {taskinstance.py:1184} INFO - Marking task as SUCCESS. dag_id=rank_update, task_id=git_add, execution_date=20211220T164000, start_date=20211220T165007, end_date=20211220T165007
[2021-12-20 16:50:07,466] {taskinstance.py:1245} INFO - 1 downstream tasks scheduled from follow-on schedule check
[2021-12-20 16:50:07,491] {local_task_job.py:151} INFO - Task exited with return code 0
