[2021-12-18 16:05:54,422] {taskinstance.py:876} INFO - Dependencies all met for <TaskInstance: rank_update.make_indicator 2021-12-18T15:39:07.013906+00:00 [queued]>
[2021-12-18 16:05:54,429] {taskinstance.py:876} INFO - Dependencies all met for <TaskInstance: rank_update.make_indicator 2021-12-18T15:39:07.013906+00:00 [queued]>
[2021-12-18 16:05:54,430] {taskinstance.py:1067} INFO - 
--------------------------------------------------------------------------------
[2021-12-18 16:05:54,430] {taskinstance.py:1068} INFO - Starting attempt 5 of 5
[2021-12-18 16:05:54,431] {taskinstance.py:1069} INFO - 
--------------------------------------------------------------------------------
[2021-12-18 16:05:54,443] {taskinstance.py:1087} INFO - Executing <Task(BashOperator): make_indicator> on 2021-12-18T15:39:07.013906+00:00
[2021-12-18 16:05:54,444] {standard_task_runner.py:52} INFO - Started process 2429 to run task
[2021-12-18 16:05:54,450] {standard_task_runner.py:76} INFO - Running: ['airflow', 'tasks', 'run', 'rank_update', 'make_indicator', '2021-12-18T15:39:07.013906+00:00', '--job-id', '127', '--pool', 'default_pool', '--raw', '--subdir', 'DAGS_FOLDER/rank_update.py', '--cfg-path', '/tmp/tmp515ih51l', '--error-file', '/tmp/tmpvhhwksqo']
[2021-12-18 16:05:54,451] {standard_task_runner.py:77} INFO - Job 127: Subtask make_indicator
[2021-12-18 16:05:54,488] {logging_mixin.py:104} INFO - Running <TaskInstance: rank_update.make_indicator 2021-12-18T15:39:07.013906+00:00 [running]> on host airflowvm
[2021-12-18 16:05:54,568] {taskinstance.py:1280} INFO - Exporting the following env vars:
AIRFLOW_CTX_DAG_OWNER=airflow
AIRFLOW_CTX_DAG_ID=rank_update
AIRFLOW_CTX_TASK_ID=make_indicator
AIRFLOW_CTX_EXECUTION_DATE=2021-12-18T15:39:07.013906+00:00
AIRFLOW_CTX_DAG_RUN_ID=manual__2021-12-18T15:39:07.013906+00:00
[2021-12-18 16:05:54,569] {subprocess.py:52} INFO - Tmp dir root location: 
 /tmp
[2021-12-18 16:05:54,569] {subprocess.py:63} INFO - Running command: ['bash', '-c', 'python3 /home/airflow/parser4Study/multiple_parser.py /home/airflow/AlgorithmStudy_211124/211221/']
[2021-12-18 16:05:54,573] {subprocess.py:75} INFO - Output:
[2021-12-18 16:05:55,152] {subprocess.py:79} INFO - Launched /tmp/airflowtmp3x2t7si5
[2021-12-18 16:05:55,190] {subprocess.py:83} INFO - Command exited with return code 0
[2021-12-18 16:05:55,225] {taskinstance.py:1184} INFO - Marking task as SUCCESS. dag_id=rank_update, task_id=make_indicator, execution_date=20211218T153907, start_date=20211218T160554, end_date=20211218T160555
[2021-12-18 16:05:55,243] {taskinstance.py:1245} INFO - 0 downstream tasks scheduled from follow-on schedule check
[2021-12-18 16:05:55,268] {local_task_job.py:151} INFO - Task exited with return code 0
