[2021-12-21 11:40:02,065] {taskinstance.py:876} INFO - Dependencies all met for <TaskInstance: rank_update.pull_from_git 2021-12-21T11:30:00+00:00 [queued]>
[2021-12-21 11:40:02,071] {taskinstance.py:876} INFO - Dependencies all met for <TaskInstance: rank_update.pull_from_git 2021-12-21T11:30:00+00:00 [queued]>
[2021-12-21 11:40:02,071] {taskinstance.py:1067} INFO - 
--------------------------------------------------------------------------------
[2021-12-21 11:40:02,071] {taskinstance.py:1068} INFO - Starting attempt 1 of 1
[2021-12-21 11:40:02,071] {taskinstance.py:1069} INFO - 
--------------------------------------------------------------------------------
[2021-12-21 11:40:02,077] {taskinstance.py:1087} INFO - Executing <Task(BashOperator): pull_from_git> on 2021-12-21T11:30:00+00:00
[2021-12-21 11:40:02,078] {standard_task_runner.py:52} INFO - Started process 124476 to run task
[2021-12-21 11:40:02,082] {standard_task_runner.py:76} INFO - Running: ['airflow', 'tasks', 'run', 'rank_update', 'pull_from_git', '2021-12-21T11:30:00+00:00', '--job-id', '1178', '--pool', 'default_pool', '--raw', '--subdir', 'DAGS_FOLDER/rank_update.py', '--cfg-path', '/tmp/tmpuxphcy2m', '--error-file', '/tmp/tmpajpt56e4']
[2021-12-21 11:40:02,083] {standard_task_runner.py:77} INFO - Job 1178: Subtask pull_from_git
[2021-12-21 11:40:02,119] {logging_mixin.py:104} INFO - Running <TaskInstance: rank_update.pull_from_git 2021-12-21T11:30:00+00:00 [running]> on host airflowvm
[2021-12-21 11:40:02,195] {taskinstance.py:1280} INFO - Exporting the following env vars:
AIRFLOW_CTX_DAG_OWNER=airflow
AIRFLOW_CTX_DAG_ID=rank_update
AIRFLOW_CTX_TASK_ID=pull_from_git
AIRFLOW_CTX_EXECUTION_DATE=2021-12-21T11:30:00+00:00
AIRFLOW_CTX_DAG_RUN_ID=scheduled__2021-12-21T11:30:00+00:00
[2021-12-21 11:40:02,196] {subprocess.py:52} INFO - Tmp dir root location: 
 /tmp
[2021-12-21 11:40:02,196] {subprocess.py:63} INFO - Running command: ['bash', '-c', 'git -C /home/airflow/AlgorithmStudy_211124 pull']
[2021-12-21 11:40:02,198] {subprocess.py:75} INFO - Output:
[2021-12-21 11:40:03,103] {subprocess.py:79} INFO - Already up to date.
[2021-12-21 11:40:03,104] {subprocess.py:83} INFO - Command exited with return code 0
[2021-12-21 11:40:03,131] {taskinstance.py:1184} INFO - Marking task as SUCCESS. dag_id=rank_update, task_id=pull_from_git, execution_date=20211221T113000, start_date=20211221T114002, end_date=20211221T114003
[2021-12-21 11:40:03,149] {taskinstance.py:1245} INFO - 1 downstream tasks scheduled from follow-on schedule check
[2021-12-21 11:40:03,184] {local_task_job.py:151} INFO - Task exited with return code 0
