[2021-12-20 09:30:04,754] {taskinstance.py:876} INFO - Dependencies all met for <TaskInstance: rank_update.make_indicator 2021-12-20T09:20:00+00:00 [queued]>
[2021-12-20 09:30:04,759] {taskinstance.py:876} INFO - Dependencies all met for <TaskInstance: rank_update.make_indicator 2021-12-20T09:20:00+00:00 [queued]>
[2021-12-20 09:30:04,759] {taskinstance.py:1067} INFO - 
--------------------------------------------------------------------------------
[2021-12-20 09:30:04,759] {taskinstance.py:1068} INFO - Starting attempt 1 of 1
[2021-12-20 09:30:04,759] {taskinstance.py:1069} INFO - 
--------------------------------------------------------------------------------
[2021-12-20 09:30:04,767] {taskinstance.py:1087} INFO - Executing <Task(BashOperator): make_indicator> on 2021-12-20T09:20:00+00:00
[2021-12-20 09:30:04,767] {standard_task_runner.py:52} INFO - Started process 19974 to run task
[2021-12-20 09:30:04,772] {standard_task_runner.py:76} INFO - Running: ['airflow', 'tasks', 'run', 'rank_update', 'make_indicator', '2021-12-20T09:20:00+00:00', '--job-id', '383', '--pool', 'default_pool', '--raw', '--subdir', 'DAGS_FOLDER/rank_update.py', '--cfg-path', '/tmp/tmpgyf2v7bj', '--error-file', '/tmp/tmphcwsn8w9']
[2021-12-20 09:30:04,772] {standard_task_runner.py:77} INFO - Job 383: Subtask make_indicator
[2021-12-20 09:30:04,809] {logging_mixin.py:104} INFO - Running <TaskInstance: rank_update.make_indicator 2021-12-20T09:20:00+00:00 [running]> on host airflowvm
[2021-12-20 09:30:04,889] {taskinstance.py:1280} INFO - Exporting the following env vars:
AIRFLOW_CTX_DAG_OWNER=airflow
AIRFLOW_CTX_DAG_ID=rank_update
AIRFLOW_CTX_TASK_ID=make_indicator
AIRFLOW_CTX_EXECUTION_DATE=2021-12-20T09:20:00+00:00
AIRFLOW_CTX_DAG_RUN_ID=scheduled__2021-12-20T09:20:00+00:00
[2021-12-20 09:30:04,889] {subprocess.py:52} INFO - Tmp dir root location: 
 /tmp
[2021-12-20 09:30:04,889] {subprocess.py:63} INFO - Running command: ['bash', '-c', 'python3 /home/airflow/parser4Study/multiple_parser.py /home/airflow/AlgorithmStudy_211124/211221/']
[2021-12-20 09:30:04,892] {subprocess.py:75} INFO - Output:
[2021-12-20 09:30:05,333] {subprocess.py:83} INFO - Command exited with return code 0
[2021-12-20 09:30:05,355] {taskinstance.py:1184} INFO - Marking task as SUCCESS. dag_id=rank_update, task_id=make_indicator, execution_date=20211220T092000, start_date=20211220T093004, end_date=20211220T093005
[2021-12-20 09:30:05,370] {taskinstance.py:1245} INFO - 1 downstream tasks scheduled from follow-on schedule check
[2021-12-20 09:30:05,385] {local_task_job.py:151} INFO - Task exited with return code 0
