[2022-01-01 15:23:54,377] {taskinstance.py:876} INFO - Dependencies all met for <TaskInstance: rank_update.pull_from_git 2021-12-31T15:23:52.146192+00:00 [queued]>
[2022-01-01 15:23:54,391] {taskinstance.py:876} INFO - Dependencies all met for <TaskInstance: rank_update.pull_from_git 2021-12-31T15:23:52.146192+00:00 [queued]>
[2022-01-01 15:23:54,391] {taskinstance.py:1067} INFO - 
--------------------------------------------------------------------------------
[2022-01-01 15:23:54,391] {taskinstance.py:1068} INFO - Starting attempt 1 of 1
[2022-01-01 15:23:54,391] {taskinstance.py:1069} INFO - 
--------------------------------------------------------------------------------
[2022-01-01 15:23:54,400] {taskinstance.py:1087} INFO - Executing <Task(BashOperator): pull_from_git> on 2021-12-31T15:23:52.146192+00:00
[2022-01-01 15:23:54,401] {standard_task_runner.py:52} INFO - Started process 940913 to run task
[2022-01-01 15:23:54,407] {standard_task_runner.py:76} INFO - Running: ['airflow', 'tasks', 'run', 'rank_update', 'pull_from_git', '2021-12-31T15:23:52.146192+00:00', '--job-id', '1895', '--pool', 'default_pool', '--raw', '--subdir', 'DAGS_FOLDER/rank_update.py', '--cfg-path', '/tmp/tmpun39fk7_', '--error-file', '/tmp/tmp4oh02q3d']
[2022-01-01 15:23:54,407] {standard_task_runner.py:77} INFO - Job 1895: Subtask pull_from_git
[2022-01-01 15:23:54,443] {logging_mixin.py:104} INFO - Running <TaskInstance: rank_update.pull_from_git 2021-12-31T15:23:52.146192+00:00 [running]> on host airflowvm
[2022-01-01 15:23:54,522] {taskinstance.py:1280} INFO - Exporting the following env vars:
AIRFLOW_CTX_DAG_OWNER=airflow
AIRFLOW_CTX_DAG_ID=rank_update
AIRFLOW_CTX_TASK_ID=pull_from_git
AIRFLOW_CTX_EXECUTION_DATE=2021-12-31T15:23:52.146192+00:00
AIRFLOW_CTX_DAG_RUN_ID=scheduled__2021-12-31T15:23:52.146192+00:00
[2022-01-01 15:23:54,523] {subprocess.py:52} INFO - Tmp dir root location: 
 /tmp
[2022-01-01 15:23:54,523] {subprocess.py:63} INFO - Running command: ['bash', '-c', 'git -C /home/airflow/AlgorithmStudy_211124 pull']
[2022-01-01 15:23:54,526] {subprocess.py:75} INFO - Output:
[2022-01-01 15:23:54,864] {subprocess.py:79} INFO - Already up to date.
[2022-01-01 15:23:54,864] {subprocess.py:83} INFO - Command exited with return code 0
[2022-01-01 15:23:54,895] {taskinstance.py:1184} INFO - Marking task as SUCCESS. dag_id=rank_update, task_id=pull_from_git, execution_date=20211231T152352, start_date=20220101T152354, end_date=20220101T152354
[2022-01-01 15:23:54,920] {taskinstance.py:1245} INFO - 1 downstream tasks scheduled from follow-on schedule check
[2022-01-01 15:23:54,942] {local_task_job.py:151} INFO - Task exited with return code 0
