[2021-12-28 03:46:30,166] {taskinstance.py:876} INFO - Dependencies all met for <TaskInstance: rank_update.git_push 2021-12-28T03:46:18.514335+00:00 [queued]>
[2021-12-28 03:46:30,174] {taskinstance.py:876} INFO - Dependencies all met for <TaskInstance: rank_update.git_push 2021-12-28T03:46:18.514335+00:00 [queued]>
[2021-12-28 03:46:30,174] {taskinstance.py:1067} INFO - 
--------------------------------------------------------------------------------
[2021-12-28 03:46:30,174] {taskinstance.py:1068} INFO - Starting attempt 1 of 1
[2021-12-28 03:46:30,174] {taskinstance.py:1069} INFO - 
--------------------------------------------------------------------------------
[2021-12-28 03:46:30,182] {taskinstance.py:1087} INFO - Executing <Task(BashOperator): git_push> on 2021-12-28T03:46:18.514335+00:00
[2021-12-28 03:46:30,183] {standard_task_runner.py:52} INFO - Started process 143213 to run task
[2021-12-28 03:46:30,188] {standard_task_runner.py:76} INFO - Running: ['airflow', 'tasks', 'run', 'rank_update', 'git_push', '2021-12-28T03:46:18.514335+00:00', '--job-id', '1880', '--pool', 'default_pool', '--raw', '--subdir', 'DAGS_FOLDER/rank_update.py', '--cfg-path', '/tmp/tmpmxre14wo', '--error-file', '/tmp/tmppx1r4z5e']
[2021-12-28 03:46:30,188] {standard_task_runner.py:77} INFO - Job 1880: Subtask git_push
[2021-12-28 03:46:30,225] {logging_mixin.py:104} INFO - Running <TaskInstance: rank_update.git_push 2021-12-28T03:46:18.514335+00:00 [running]> on host airflowvm
[2021-12-28 03:46:30,349] {taskinstance.py:1280} INFO - Exporting the following env vars:
AIRFLOW_CTX_DAG_OWNER=airflow
AIRFLOW_CTX_DAG_ID=rank_update
AIRFLOW_CTX_TASK_ID=git_push
AIRFLOW_CTX_EXECUTION_DATE=2021-12-28T03:46:18.514335+00:00
AIRFLOW_CTX_DAG_RUN_ID=manual__2021-12-28T03:46:18.514335+00:00
[2021-12-28 03:46:30,349] {subprocess.py:52} INFO - Tmp dir root location: 
 /tmp
[2021-12-28 03:46:30,350] {subprocess.py:63} INFO - Running command: ['bash', '-c', 'git --git-dir=/home/airflow/AlgorithmStudy_211124/.git/ --work-tree=/home/airflow/AlgorithmStudy_211124/.git/ push']
[2021-12-28 03:46:30,358] {subprocess.py:75} INFO - Output:
[2021-12-28 03:46:31,568] {subprocess.py:79} INFO - To https://github.com/nicework-jin/AlgorithmStudy_211124
[2021-12-28 03:46:31,568] {subprocess.py:79} INFO -    db88a82..44d303f  main -> main
[2021-12-28 03:46:31,576] {subprocess.py:83} INFO - Command exited with return code 0
[2021-12-28 03:46:31,612] {taskinstance.py:1184} INFO - Marking task as SUCCESS. dag_id=rank_update, task_id=git_push, execution_date=20211228T034618, start_date=20211228T034630, end_date=20211228T034631
[2021-12-28 03:46:31,629] {taskinstance.py:1245} INFO - 0 downstream tasks scheduled from follow-on schedule check
[2021-12-28 03:46:31,651] {local_task_job.py:151} INFO - Task exited with return code 0
