[2021-12-20 13:00:06,615] {taskinstance.py:876} INFO - Dependencies all met for <TaskInstance: rank_update.mv_indicator_to_repo 2021-12-20T12:50:00+00:00 [queued]>
[2021-12-20 13:00:06,638] {taskinstance.py:876} INFO - Dependencies all met for <TaskInstance: rank_update.mv_indicator_to_repo 2021-12-20T12:50:00+00:00 [queued]>
[2021-12-20 13:00:06,638] {taskinstance.py:1067} INFO - 
--------------------------------------------------------------------------------
[2021-12-20 13:00:06,638] {taskinstance.py:1068} INFO - Starting attempt 1 of 1
[2021-12-20 13:00:06,639] {taskinstance.py:1069} INFO - 
--------------------------------------------------------------------------------
[2021-12-20 13:00:06,652] {taskinstance.py:1087} INFO - Executing <Task(BashOperator): mv_indicator_to_repo> on 2021-12-20T12:50:00+00:00
[2021-12-20 13:00:06,654] {standard_task_runner.py:52} INFO - Started process 35655 to run task
[2021-12-20 13:00:06,659] {standard_task_runner.py:76} INFO - Running: ['airflow', 'tasks', 'run', 'rank_update', 'mv_indicator_to_repo', '2021-12-20T12:50:00+00:00', '--job-id', '492', '--pool', 'default_pool', '--raw', '--subdir', 'DAGS_FOLDER/rank_update.py', '--cfg-path', '/tmp/tmpb8lwofjk', '--error-file', '/tmp/tmp0qemuihf']
[2021-12-20 13:00:06,659] {standard_task_runner.py:77} INFO - Job 492: Subtask mv_indicator_to_repo
[2021-12-20 13:00:06,695] {logging_mixin.py:104} INFO - Running <TaskInstance: rank_update.mv_indicator_to_repo 2021-12-20T12:50:00+00:00 [running]> on host airflowvm
[2021-12-20 13:00:06,775] {taskinstance.py:1280} INFO - Exporting the following env vars:
AIRFLOW_CTX_DAG_OWNER=airflow
AIRFLOW_CTX_DAG_ID=rank_update
AIRFLOW_CTX_TASK_ID=mv_indicator_to_repo
AIRFLOW_CTX_EXECUTION_DATE=2021-12-20T12:50:00+00:00
AIRFLOW_CTX_DAG_RUN_ID=scheduled__2021-12-20T12:50:00+00:00
[2021-12-20 13:00:06,775] {subprocess.py:52} INFO - Tmp dir root location: 
 /tmp
[2021-12-20 13:00:06,776] {subprocess.py:63} INFO - Running command: ['bash', '-c', 'mv /tmp/result/html/rank.html /home/airflow/AlgorithmStudy_211124/211221/rank.md']
[2021-12-20 13:00:06,778] {subprocess.py:75} INFO - Output:
[2021-12-20 13:00:06,781] {subprocess.py:83} INFO - Command exited with return code 0
[2021-12-20 13:00:06,792] {taskinstance.py:1184} INFO - Marking task as SUCCESS. dag_id=rank_update, task_id=mv_indicator_to_repo, execution_date=20211220T125000, start_date=20211220T130006, end_date=20211220T130006
[2021-12-20 13:00:06,809] {taskinstance.py:1245} INFO - 1 downstream tasks scheduled from follow-on schedule check
[2021-12-20 13:00:06,831] {local_task_job.py:151} INFO - Task exited with return code 0
