[2021-12-23 17:32:27,610] {taskinstance.py:876} INFO - Dependencies all met for <TaskInstance: rank_update.make_indicator 2021-12-22T05:40:00+00:00 [queued]>
[2021-12-23 17:32:27,616] {taskinstance.py:876} INFO - Dependencies all met for <TaskInstance: rank_update.make_indicator 2021-12-22T05:40:00+00:00 [queued]>
[2021-12-23 17:32:27,617] {taskinstance.py:1067} INFO - 
--------------------------------------------------------------------------------
[2021-12-23 17:32:27,617] {taskinstance.py:1068} INFO - Starting attempt 2 of 2
[2021-12-23 17:32:27,617] {taskinstance.py:1069} INFO - 
--------------------------------------------------------------------------------
[2021-12-23 17:32:27,629] {taskinstance.py:1087} INFO - Executing <Task(BashOperator): make_indicator> on 2021-12-22T05:40:00+00:00
[2021-12-23 17:32:27,631] {standard_task_runner.py:52} INFO - Started process 364272 to run task
[2021-12-23 17:32:27,636] {standard_task_runner.py:76} INFO - Running: ['airflow', 'tasks', 'run', 'rank_update', 'make_indicator', '2021-12-22T05:40:00+00:00', '--job-id', '1810', '--pool', 'default_pool', '--raw', '--subdir', 'DAGS_FOLDER/rank_update.py', '--cfg-path', '/tmp/tmp2d7x8m30', '--error-file', '/tmp/tmp0xi8nn63']
[2021-12-23 17:32:27,637] {standard_task_runner.py:77} INFO - Job 1810: Subtask make_indicator
[2021-12-23 17:32:27,675] {logging_mixin.py:104} INFO - Running <TaskInstance: rank_update.make_indicator 2021-12-22T05:40:00+00:00 [running]> on host airflowvm
[2021-12-23 17:32:27,819] {taskinstance.py:1280} INFO - Exporting the following env vars:
AIRFLOW_CTX_DAG_OWNER=airflow
AIRFLOW_CTX_DAG_ID=rank_update
AIRFLOW_CTX_TASK_ID=make_indicator
AIRFLOW_CTX_EXECUTION_DATE=2021-12-22T05:40:00+00:00
AIRFLOW_CTX_DAG_RUN_ID=scheduled__2021-12-22T05:40:00+00:00
[2021-12-23 17:32:27,824] {subprocess.py:52} INFO - Tmp dir root location: 
 /tmp
[2021-12-23 17:32:27,825] {subprocess.py:63} INFO - Running command: ['bash', '-c', 'python3 /home/airflow/parser4Study/multiple_parser.py /home/airflow/AlgorithmStudy_211124/211228/']
[2021-12-23 17:32:27,886] {subprocess.py:75} INFO - Output:
[2021-12-23 17:32:28,846] {subprocess.py:83} INFO - Command exited with return code 0
[2021-12-23 17:32:28,877] {taskinstance.py:1184} INFO - Marking task as SUCCESS. dag_id=rank_update, task_id=make_indicator, execution_date=20211222T054000, start_date=20211223T173227, end_date=20211223T173228
[2021-12-23 17:32:28,945] {taskinstance.py:1245} INFO - 1 downstream tasks scheduled from follow-on schedule check
[2021-12-23 17:32:28,974] {local_task_job.py:151} INFO - Task exited with return code 0
