[2021-12-21 00:50:02,357] {taskinstance.py:876} INFO - Dependencies all met for <TaskInstance: rank_update.pull_from_git 2021-12-21T00:40:00+00:00 [queued]>
[2021-12-21 00:50:02,364] {taskinstance.py:876} INFO - Dependencies all met for <TaskInstance: rank_update.pull_from_git 2021-12-21T00:40:00+00:00 [queued]>
[2021-12-21 00:50:02,364] {taskinstance.py:1067} INFO - 
--------------------------------------------------------------------------------
[2021-12-21 00:50:02,364] {taskinstance.py:1068} INFO - Starting attempt 1 of 1
[2021-12-21 00:50:02,365] {taskinstance.py:1069} INFO - 
--------------------------------------------------------------------------------
[2021-12-21 00:50:02,372] {taskinstance.py:1087} INFO - Executing <Task(BashOperator): pull_from_git> on 2021-12-21T00:40:00+00:00
[2021-12-21 00:50:02,373] {standard_task_runner.py:52} INFO - Started process 83209 to run task
[2021-12-21 00:50:02,377] {standard_task_runner.py:76} INFO - Running: ['airflow', 'tasks', 'run', 'rank_update', 'pull_from_git', '2021-12-21T00:40:00+00:00', '--job-id', '853', '--pool', 'default_pool', '--raw', '--subdir', 'DAGS_FOLDER/rank_update.py', '--cfg-path', '/tmp/tmp9abq1tj0', '--error-file', '/tmp/tmpn__2emg7']
[2021-12-21 00:50:02,378] {standard_task_runner.py:77} INFO - Job 853: Subtask pull_from_git
[2021-12-21 00:50:02,413] {logging_mixin.py:104} INFO - Running <TaskInstance: rank_update.pull_from_git 2021-12-21T00:40:00+00:00 [running]> on host airflowvm
[2021-12-21 00:50:02,489] {taskinstance.py:1280} INFO - Exporting the following env vars:
AIRFLOW_CTX_DAG_OWNER=airflow
AIRFLOW_CTX_DAG_ID=rank_update
AIRFLOW_CTX_TASK_ID=pull_from_git
AIRFLOW_CTX_EXECUTION_DATE=2021-12-21T00:40:00+00:00
AIRFLOW_CTX_DAG_RUN_ID=scheduled__2021-12-21T00:40:00+00:00
[2021-12-21 00:50:02,489] {subprocess.py:52} INFO - Tmp dir root location: 
 /tmp
[2021-12-21 00:50:02,490] {subprocess.py:63} INFO - Running command: ['bash', '-c', 'git -C /home/airflow/AlgorithmStudy_211124 pull']
[2021-12-21 00:50:02,492] {subprocess.py:75} INFO - Output:
[2021-12-21 00:50:03,041] {subprocess.py:79} INFO - Already up to date.
[2021-12-21 00:50:03,042] {subprocess.py:83} INFO - Command exited with return code 0
[2021-12-21 00:50:03,054] {taskinstance.py:1184} INFO - Marking task as SUCCESS. dag_id=rank_update, task_id=pull_from_git, execution_date=20211221T004000, start_date=20211221T005002, end_date=20211221T005003
[2021-12-21 00:50:03,071] {taskinstance.py:1245} INFO - 1 downstream tasks scheduled from follow-on schedule check
[2021-12-21 00:50:03,075] {local_task_job.py:151} INFO - Task exited with return code 0
