[2021-12-28 03:46:20,697] {taskinstance.py:876} INFO - Dependencies all met for <TaskInstance: rank_update.pull_from_git 2021-12-28T03:46:18.514335+00:00 [queued]>
[2021-12-28 03:46:20,705] {taskinstance.py:876} INFO - Dependencies all met for <TaskInstance: rank_update.pull_from_git 2021-12-28T03:46:18.514335+00:00 [queued]>
[2021-12-28 03:46:20,705] {taskinstance.py:1067} INFO - 
--------------------------------------------------------------------------------
[2021-12-28 03:46:20,705] {taskinstance.py:1068} INFO - Starting attempt 1 of 1
[2021-12-28 03:46:20,705] {taskinstance.py:1069} INFO - 
--------------------------------------------------------------------------------
[2021-12-28 03:46:20,717] {taskinstance.py:1087} INFO - Executing <Task(BashOperator): pull_from_git> on 2021-12-28T03:46:18.514335+00:00
[2021-12-28 03:46:20,718] {standard_task_runner.py:52} INFO - Started process 143161 to run task
[2021-12-28 03:46:20,723] {standard_task_runner.py:76} INFO - Running: ['airflow', 'tasks', 'run', 'rank_update', 'pull_from_git', '2021-12-28T03:46:18.514335+00:00', '--job-id', '1875', '--pool', 'default_pool', '--raw', '--subdir', 'DAGS_FOLDER/rank_update.py', '--cfg-path', '/tmp/tmp1vdmpzch', '--error-file', '/tmp/tmp2gp7r4t3']
[2021-12-28 03:46:20,724] {standard_task_runner.py:77} INFO - Job 1875: Subtask pull_from_git
[2021-12-28 03:46:20,760] {logging_mixin.py:104} INFO - Running <TaskInstance: rank_update.pull_from_git 2021-12-28T03:46:18.514335+00:00 [running]> on host airflowvm
[2021-12-28 03:46:20,857] {taskinstance.py:1280} INFO - Exporting the following env vars:
AIRFLOW_CTX_DAG_OWNER=airflow
AIRFLOW_CTX_DAG_ID=rank_update
AIRFLOW_CTX_TASK_ID=pull_from_git
AIRFLOW_CTX_EXECUTION_DATE=2021-12-28T03:46:18.514335+00:00
AIRFLOW_CTX_DAG_RUN_ID=manual__2021-12-28T03:46:18.514335+00:00
[2021-12-28 03:46:20,858] {subprocess.py:52} INFO - Tmp dir root location: 
 /tmp
[2021-12-28 03:46:20,858] {subprocess.py:63} INFO - Running command: ['bash', '-c', 'git -C /home/airflow/AlgorithmStudy_211124 pull']
[2021-12-28 03:46:20,870] {subprocess.py:75} INFO - Output:
[2021-12-28 03:46:21,574] {subprocess.py:79} INFO - From https://github.com/nicework-jin/AlgorithmStudy_211124
[2021-12-28 03:46:21,574] {subprocess.py:79} INFO -    d7bbc66..db88a82  main       -> origin/main
[2021-12-28 03:46:21,589] {subprocess.py:79} INFO - Updating d7bbc66..db88a82
[2021-12-28 03:46:21,589] {subprocess.py:79} INFO - Fast-forward
[2021-12-28 03:46:21,590] {subprocess.py:79} INFO -  ...70\210_\354\235\264\354\204\261\354\247\204.py" | 107 +++++++++++++++++++++
[2021-12-28 03:46:21,591] {subprocess.py:79} INFO -  1 file changed, 107 insertions(+)
[2021-12-28 03:46:21,591] {subprocess.py:79} INFO -  create mode 100644 "211228/\355\225\251\354\212\271 \355\203\235\354\213\234 \354\232\224\352\270\210_\354\235\264\354\204\261\354\247\204.py"
[2021-12-28 03:46:21,591] {subprocess.py:83} INFO - Command exited with return code 0
[2021-12-28 03:46:21,604] {taskinstance.py:1184} INFO - Marking task as SUCCESS. dag_id=rank_update, task_id=pull_from_git, execution_date=20211228T034618, start_date=20211228T034620, end_date=20211228T034621
[2021-12-28 03:46:21,623] {taskinstance.py:1245} INFO - 1 downstream tasks scheduled from follow-on schedule check
[2021-12-28 03:46:21,661] {local_task_job.py:151} INFO - Task exited with return code 0
