[2021-12-21 08:20:02,602] {taskinstance.py:876} INFO - Dependencies all met for <TaskInstance: rank_update.pull_from_git 2021-12-21T08:10:00+00:00 [queued]>
[2021-12-21 08:20:02,608] {taskinstance.py:876} INFO - Dependencies all met for <TaskInstance: rank_update.pull_from_git 2021-12-21T08:10:00+00:00 [queued]>
[2021-12-21 08:20:02,608] {taskinstance.py:1067} INFO - 
--------------------------------------------------------------------------------
[2021-12-21 08:20:02,608] {taskinstance.py:1068} INFO - Starting attempt 1 of 1
[2021-12-21 08:20:02,608] {taskinstance.py:1069} INFO - 
--------------------------------------------------------------------------------
[2021-12-21 08:20:02,615] {taskinstance.py:1087} INFO - Executing <Task(BashOperator): pull_from_git> on 2021-12-21T08:10:00+00:00
[2021-12-21 08:20:02,616] {standard_task_runner.py:52} INFO - Started process 111503 to run task
[2021-12-21 08:20:02,620] {standard_task_runner.py:76} INFO - Running: ['airflow', 'tasks', 'run', 'rank_update', 'pull_from_git', '2021-12-21T08:10:00+00:00', '--job-id', '1078', '--pool', 'default_pool', '--raw', '--subdir', 'DAGS_FOLDER/rank_update.py', '--cfg-path', '/tmp/tmpv1dksvpt', '--error-file', '/tmp/tmpjlm5uv3k']
[2021-12-21 08:20:02,620] {standard_task_runner.py:77} INFO - Job 1078: Subtask pull_from_git
[2021-12-21 08:20:02,657] {logging_mixin.py:104} INFO - Running <TaskInstance: rank_update.pull_from_git 2021-12-21T08:10:00+00:00 [running]> on host airflowvm
[2021-12-21 08:20:02,731] {taskinstance.py:1280} INFO - Exporting the following env vars:
AIRFLOW_CTX_DAG_OWNER=airflow
AIRFLOW_CTX_DAG_ID=rank_update
AIRFLOW_CTX_TASK_ID=pull_from_git
AIRFLOW_CTX_EXECUTION_DATE=2021-12-21T08:10:00+00:00
AIRFLOW_CTX_DAG_RUN_ID=scheduled__2021-12-21T08:10:00+00:00
[2021-12-21 08:20:02,732] {subprocess.py:52} INFO - Tmp dir root location: 
 /tmp
[2021-12-21 08:20:02,732] {subprocess.py:63} INFO - Running command: ['bash', '-c', 'git -C /home/airflow/AlgorithmStudy_211124 pull']
[2021-12-21 08:20:02,735] {subprocess.py:75} INFO - Output:
[2021-12-21 08:20:03,367] {subprocess.py:79} INFO - Already up to date.
[2021-12-21 08:20:03,367] {subprocess.py:83} INFO - Command exited with return code 0
[2021-12-21 08:20:03,395] {taskinstance.py:1184} INFO - Marking task as SUCCESS. dag_id=rank_update, task_id=pull_from_git, execution_date=20211221T081000, start_date=20211221T082002, end_date=20211221T082003
[2021-12-21 08:20:03,414] {taskinstance.py:1245} INFO - 1 downstream tasks scheduled from follow-on schedule check
[2021-12-21 08:20:03,439] {local_task_job.py:151} INFO - Task exited with return code 0
