[2021-12-22 02:40:04,351] {taskinstance.py:876} INFO - Dependencies all met for <TaskInstance: rank_update.make_indicator 2021-12-22T02:30:00+00:00 [queued]>
[2021-12-22 02:40:04,356] {taskinstance.py:876} INFO - Dependencies all met for <TaskInstance: rank_update.make_indicator 2021-12-22T02:30:00+00:00 [queued]>
[2021-12-22 02:40:04,356] {taskinstance.py:1067} INFO - 
--------------------------------------------------------------------------------
[2021-12-22 02:40:04,356] {taskinstance.py:1068} INFO - Starting attempt 1 of 1
[2021-12-22 02:40:04,356] {taskinstance.py:1069} INFO - 
--------------------------------------------------------------------------------
[2021-12-22 02:40:04,363] {taskinstance.py:1087} INFO - Executing <Task(BashOperator): make_indicator> on 2021-12-22T02:30:00+00:00
[2021-12-22 02:40:04,364] {standard_task_runner.py:52} INFO - Started process 179221 to run task
[2021-12-22 02:40:04,368] {standard_task_runner.py:76} INFO - Running: ['airflow', 'tasks', 'run', 'rank_update', 'make_indicator', '2021-12-22T02:30:00+00:00', '--job-id', '1635', '--pool', 'default_pool', '--raw', '--subdir', 'DAGS_FOLDER/rank_update.py', '--cfg-path', '/tmp/tmppml80b9i', '--error-file', '/tmp/tmphuuk77_9']
[2021-12-22 02:40:04,369] {standard_task_runner.py:77} INFO - Job 1635: Subtask make_indicator
[2021-12-22 02:40:04,404] {logging_mixin.py:104} INFO - Running <TaskInstance: rank_update.make_indicator 2021-12-22T02:30:00+00:00 [running]> on host airflowvm
[2021-12-22 02:40:04,490] {taskinstance.py:1280} INFO - Exporting the following env vars:
AIRFLOW_CTX_DAG_OWNER=airflow
AIRFLOW_CTX_DAG_ID=rank_update
AIRFLOW_CTX_TASK_ID=make_indicator
AIRFLOW_CTX_EXECUTION_DATE=2021-12-22T02:30:00+00:00
AIRFLOW_CTX_DAG_RUN_ID=scheduled__2021-12-22T02:30:00+00:00
[2021-12-22 02:40:04,491] {subprocess.py:52} INFO - Tmp dir root location: 
 /tmp
[2021-12-22 02:40:04,491] {subprocess.py:63} INFO - Running command: ['bash', '-c', 'python3 /home/airflow/parser4Study/multiple_parser.py /home/airflow/AlgorithmStudy_211124/211228/']
[2021-12-22 02:40:04,494] {subprocess.py:75} INFO - Output:
[2021-12-22 02:40:04,865] {subprocess.py:83} INFO - Command exited with return code 0
[2021-12-22 02:40:04,886] {taskinstance.py:1184} INFO - Marking task as SUCCESS. dag_id=rank_update, task_id=make_indicator, execution_date=20211222T023000, start_date=20211222T024004, end_date=20211222T024004
[2021-12-22 02:40:04,901] {taskinstance.py:1245} INFO - 1 downstream tasks scheduled from follow-on schedule check
[2021-12-22 02:40:04,942] {local_task_job.py:151} INFO - Task exited with return code 0
