[2021-12-16 05:16:11,446] {taskinstance.py:876} INFO - Dependencies all met for <TaskInstance: user_processing.creating_table 2021-12-16T05:16:09.967233+00:00 [queued]>
[2021-12-16 05:16:11,479] {taskinstance.py:876} INFO - Dependencies all met for <TaskInstance: user_processing.creating_table 2021-12-16T05:16:09.967233+00:00 [queued]>
[2021-12-16 05:16:11,479] {taskinstance.py:1067} INFO - 
--------------------------------------------------------------------------------
[2021-12-16 05:16:11,479] {taskinstance.py:1068} INFO - Starting attempt 1 of 1
[2021-12-16 05:16:11,480] {taskinstance.py:1069} INFO - 
--------------------------------------------------------------------------------
[2021-12-16 05:16:11,492] {taskinstance.py:1087} INFO - Executing <Task(SqliteOperator): creating_table> on 2021-12-16T05:16:09.967233+00:00
[2021-12-16 05:16:11,493] {standard_task_runner.py:52} INFO - Started process 4647 to run task
[2021-12-16 05:16:11,500] {standard_task_runner.py:76} INFO - Running: ['airflow', 'tasks', 'run', 'user_processing', 'creating_table', '2021-12-16T05:16:09.967233+00:00', '--job-id', '8', '--pool', 'default_pool', '--raw', '--subdir', 'DAGS_FOLDER/user_processing.py', '--cfg-path', '/tmp/tmp56q7h_fl', '--error-file', '/tmp/tmpa_eoiq5a']
[2021-12-16 05:16:11,501] {standard_task_runner.py:77} INFO - Job 8: Subtask creating_table
[2021-12-16 05:16:11,542] {logging_mixin.py:104} INFO - Running <TaskInstance: user_processing.creating_table 2021-12-16T05:16:09.967233+00:00 [running]> on host airflowvm
[2021-12-16 05:16:11,594] {taskinstance.py:1280} INFO - Exporting the following env vars:
AIRFLOW_CTX_DAG_OWNER=airflow
AIRFLOW_CTX_DAG_ID=user_processing
AIRFLOW_CTX_TASK_ID=creating_table
AIRFLOW_CTX_EXECUTION_DATE=2021-12-16T05:16:09.967233+00:00
AIRFLOW_CTX_DAG_RUN_ID=manual__2021-12-16T05:16:09.967233+00:00
[2021-12-16 05:16:11,594] {sqlite.py:63} INFO - Executing: 
            CREATE TABLE users (
                firstname TEXT NOT NULL,
                lastname TEXT NOT NULL,
                country TEXT NOT NULL,
                username TEXT NOT NULL,
                password TEXT NOT NULL,
                email TEXT NOT NULL PRIMARY KEY
            );
        
[2021-12-16 05:16:11,599] {base.py:69} INFO - Using connection to: id: db_sqlite. Host: /home/airflow/airflow/airflow.db, Port: None, Schema: , Login: , Password: ***, extra: {}
[2021-12-16 05:16:11,600] {dbapi.py:204} INFO - Running statement: 
            CREATE TABLE users (
                firstname TEXT NOT NULL,
                lastname TEXT NOT NULL,
                country TEXT NOT NULL,
                username TEXT NOT NULL,
                password TEXT NOT NULL,
                email TEXT NOT NULL PRIMARY KEY
            );
        , parameters: []
[2021-12-16 05:16:11,610] {taskinstance.py:1184} INFO - Marking task as SUCCESS. dag_id=user_processing, task_id=creating_table, execution_date=20211216T051609, start_date=20211216T051611, end_date=20211216T051611
[2021-12-16 05:16:11,630] {taskinstance.py:1245} INFO - 0 downstream tasks scheduled from follow-on schedule check
[2021-12-16 05:16:11,634] {local_task_job.py:151} INFO - Task exited with return code 0
