[2021-12-23 15:43:59,034] {scheduler_job.py:182} INFO - Started process (PID=333809) to work on /home/airflow/airflow/dags/rank_update copy.py
[2021-12-23 15:43:59,040] {scheduler_job.py:633} INFO - Processing file /home/airflow/airflow/dags/rank_update copy.py for tasks to queue
[2021-12-23 15:43:59,041] {logging_mixin.py:104} INFO - [2021-12-23 15:43:59,041] {dagbag.py:487} INFO - Filling up the DagBag from /home/airflow/airflow/dags/rank_update copy.py
[2021-12-23 15:43:59,075] {scheduler_job.py:643} INFO - DAG(s) dict_keys(['rank_update']) retrieved from /home/airflow/airflow/dags/rank_update copy.py
[2021-12-23 15:43:59,409] {logging_mixin.py:104} INFO - [2021-12-23 15:43:59,409] {dag.py:1832} INFO - Sync 1 DAGs
[2021-12-23 15:43:59,419] {logging_mixin.py:104} INFO - [2021-12-23 15:43:59,419] {dag.py:2305} INFO - Setting next_dagrun for rank_update to 2021-12-23 00:00:00+00:00
[2021-12-23 15:43:59,444] {scheduler_job.py:190} INFO - Processing /home/airflow/airflow/dags/rank_update copy.py took 0.416 seconds
[2021-12-23 15:44:37,566] {scheduler_job.py:182} INFO - Started process (PID=333841) to work on /home/airflow/airflow/dags/rank_update copy.py
[2021-12-23 15:44:37,567] {scheduler_job.py:633} INFO - Processing file /home/airflow/airflow/dags/rank_update copy.py for tasks to queue
[2021-12-23 15:44:37,568] {logging_mixin.py:104} INFO - [2021-12-23 15:44:37,568] {dagbag.py:487} INFO - Filling up the DagBag from /home/airflow/airflow/dags/rank_update copy.py
[2021-12-23 15:44:37,594] {scheduler_job.py:643} INFO - DAG(s) dict_keys(['rank_update']) retrieved from /home/airflow/airflow/dags/rank_update copy.py
[2021-12-23 15:44:37,629] {logging_mixin.py:104} INFO - [2021-12-23 15:44:37,629] {dag.py:1832} INFO - Sync 1 DAGs
[2021-12-23 15:44:37,667] {logging_mixin.py:104} INFO - [2021-12-23 15:44:37,667] {dag.py:2305} INFO - Setting next_dagrun for rank_update to 2021-12-23 00:00:00+00:00
[2021-12-23 15:44:37,694] {scheduler_job.py:190} INFO - Processing /home/airflow/airflow/dags/rank_update copy.py took 0.137 seconds
[2021-12-23 15:45:11,546] {scheduler_job.py:182} INFO - Started process (PID=333938) to work on /home/airflow/airflow/dags/rank_update copy.py
[2021-12-23 15:45:11,547] {scheduler_job.py:633} INFO - Processing file /home/airflow/airflow/dags/rank_update copy.py for tasks to queue
[2021-12-23 15:45:11,548] {logging_mixin.py:104} INFO - [2021-12-23 15:45:11,548] {dagbag.py:487} INFO - Filling up the DagBag from /home/airflow/airflow/dags/rank_update copy.py
[2021-12-23 15:45:11,584] {scheduler_job.py:643} INFO - DAG(s) dict_keys(['rank_update']) retrieved from /home/airflow/airflow/dags/rank_update copy.py
[2021-12-23 15:45:11,906] {logging_mixin.py:104} INFO - [2021-12-23 15:45:11,906] {dag.py:1832} INFO - Sync 1 DAGs
[2021-12-23 15:45:11,916] {logging_mixin.py:104} INFO - [2021-12-23 15:45:11,916] {dag.py:2305} INFO - Setting next_dagrun for rank_update to 2021-12-23 00:00:00+00:00
[2021-12-23 15:45:11,939] {scheduler_job.py:190} INFO - Processing /home/airflow/airflow/dags/rank_update copy.py took 0.404 seconds
[2021-12-23 15:45:50,383] {scheduler_job.py:182} INFO - Started process (PID=333969) to work on /home/airflow/airflow/dags/rank_update copy.py
[2021-12-23 15:45:50,384] {scheduler_job.py:633} INFO - Processing file /home/airflow/airflow/dags/rank_update copy.py for tasks to queue
[2021-12-23 15:45:50,386] {logging_mixin.py:104} INFO - [2021-12-23 15:45:50,386] {dagbag.py:487} INFO - Filling up the DagBag from /home/airflow/airflow/dags/rank_update copy.py
[2021-12-23 15:45:50,396] {scheduler_job.py:643} INFO - DAG(s) dict_keys(['rank_update']) retrieved from /home/airflow/airflow/dags/rank_update copy.py
[2021-12-23 15:45:50,407] {logging_mixin.py:104} INFO - [2021-12-23 15:45:50,407] {dag.py:1832} INFO - Sync 1 DAGs
[2021-12-23 15:45:50,418] {logging_mixin.py:104} INFO - [2021-12-23 15:45:50,418] {dag.py:2305} INFO - Setting next_dagrun for rank_update to 2021-12-23 00:00:00+00:00
[2021-12-23 15:45:50,433] {scheduler_job.py:190} INFO - Processing /home/airflow/airflow/dags/rank_update copy.py took 0.051 seconds
[2021-12-23 15:46:24,007] {scheduler_job.py:182} INFO - Started process (PID=333997) to work on /home/airflow/airflow/dags/rank_update copy.py
[2021-12-23 15:46:24,009] {scheduler_job.py:633} INFO - Processing file /home/airflow/airflow/dags/rank_update copy.py for tasks to queue
[2021-12-23 15:46:24,011] {logging_mixin.py:104} INFO - [2021-12-23 15:46:24,011] {dagbag.py:487} INFO - Filling up the DagBag from /home/airflow/airflow/dags/rank_update copy.py
[2021-12-23 15:46:24,036] {scheduler_job.py:643} INFO - DAG(s) dict_keys(['rank_update']) retrieved from /home/airflow/airflow/dags/rank_update copy.py
[2021-12-23 15:46:24,471] {logging_mixin.py:104} INFO - [2021-12-23 15:46:24,470] {dag.py:1832} INFO - Sync 1 DAGs
[2021-12-23 15:46:24,480] {logging_mixin.py:104} INFO - [2021-12-23 15:46:24,480] {dag.py:2305} INFO - Setting next_dagrun for rank_update to 2021-12-23 00:00:00+00:00
[2021-12-23 15:46:24,503] {scheduler_job.py:190} INFO - Processing /home/airflow/airflow/dags/rank_update copy.py took 0.503 seconds
[2021-12-23 15:46:58,482] {scheduler_job.py:182} INFO - Started process (PID=334123) to work on /home/airflow/airflow/dags/rank_update copy.py
[2021-12-23 15:46:58,483] {scheduler_job.py:633} INFO - Processing file /home/airflow/airflow/dags/rank_update copy.py for tasks to queue
[2021-12-23 15:46:58,485] {logging_mixin.py:104} INFO - [2021-12-23 15:46:58,485] {dagbag.py:487} INFO - Filling up the DagBag from /home/airflow/airflow/dags/rank_update copy.py
[2021-12-23 15:46:58,511] {scheduler_job.py:643} INFO - DAG(s) dict_keys(['rank_update']) retrieved from /home/airflow/airflow/dags/rank_update copy.py
[2021-12-23 15:46:58,540] {logging_mixin.py:104} INFO - [2021-12-23 15:46:58,540] {dag.py:1832} INFO - Sync 1 DAGs
[2021-12-23 15:46:58,563] {logging_mixin.py:104} INFO - [2021-12-23 15:46:58,563] {dag.py:2305} INFO - Setting next_dagrun for rank_update to 2021-12-23 00:00:00+00:00
[2021-12-23 15:46:58,576] {scheduler_job.py:190} INFO - Processing /home/airflow/airflow/dags/rank_update copy.py took 0.108 seconds
[2021-12-23 15:47:32,569] {scheduler_job.py:182} INFO - Started process (PID=334227) to work on /home/airflow/airflow/dags/rank_update copy.py
[2021-12-23 15:47:32,570] {scheduler_job.py:633} INFO - Processing file /home/airflow/airflow/dags/rank_update copy.py for tasks to queue
[2021-12-23 15:47:32,571] {logging_mixin.py:104} INFO - [2021-12-23 15:47:32,571] {dagbag.py:487} INFO - Filling up the DagBag from /home/airflow/airflow/dags/rank_update copy.py
[2021-12-23 15:47:32,598] {scheduler_job.py:643} INFO - DAG(s) dict_keys(['rank_update']) retrieved from /home/airflow/airflow/dags/rank_update copy.py
[2021-12-23 15:47:32,854] {logging_mixin.py:104} INFO - [2021-12-23 15:47:32,854] {dag.py:1832} INFO - Sync 1 DAGs
[2021-12-23 15:47:32,864] {logging_mixin.py:104} INFO - [2021-12-23 15:47:32,864] {dag.py:2305} INFO - Setting next_dagrun for rank_update to 2021-12-23 00:00:00+00:00
[2021-12-23 15:47:32,887] {scheduler_job.py:190} INFO - Processing /home/airflow/airflow/dags/rank_update copy.py took 0.328 seconds
[2021-12-23 15:48:05,009] {scheduler_job.py:182} INFO - Started process (PID=334359) to work on /home/airflow/airflow/dags/rank_update copy.py
[2021-12-23 15:48:05,012] {scheduler_job.py:633} INFO - Processing file /home/airflow/airflow/dags/rank_update copy.py for tasks to queue
[2021-12-23 15:48:05,013] {logging_mixin.py:104} INFO - [2021-12-23 15:48:05,012] {dagbag.py:487} INFO - Filling up the DagBag from /home/airflow/airflow/dags/rank_update copy.py
[2021-12-23 15:48:05,050] {scheduler_job.py:643} INFO - DAG(s) dict_keys(['rank_update']) retrieved from /home/airflow/airflow/dags/rank_update copy.py
[2021-12-23 15:48:05,077] {logging_mixin.py:104} INFO - [2021-12-23 15:48:05,076] {dag.py:1832} INFO - Sync 1 DAGs
[2021-12-23 15:48:05,088] {logging_mixin.py:104} INFO - [2021-12-23 15:48:05,088] {dag.py:2305} INFO - Setting next_dagrun for rank_update to 2021-12-23 00:00:00+00:00
[2021-12-23 15:48:05,109] {scheduler_job.py:190} INFO - Processing /home/airflow/airflow/dags/rank_update copy.py took 0.106 seconds
[2021-12-23 15:48:41,590] {scheduler_job.py:182} INFO - Started process (PID=334531) to work on /home/airflow/airflow/dags/rank_update copy.py
[2021-12-23 15:48:41,596] {scheduler_job.py:633} INFO - Processing file /home/airflow/airflow/dags/rank_update copy.py for tasks to queue
[2021-12-23 15:48:41,597] {logging_mixin.py:104} INFO - [2021-12-23 15:48:41,597] {dagbag.py:487} INFO - Filling up the DagBag from /home/airflow/airflow/dags/rank_update copy.py
[2021-12-23 15:48:41,621] {scheduler_job.py:643} INFO - DAG(s) dict_keys(['rank_update']) retrieved from /home/airflow/airflow/dags/rank_update copy.py
[2021-12-23 15:48:42,070] {logging_mixin.py:104} INFO - [2021-12-23 15:48:42,070] {dag.py:1832} INFO - Sync 1 DAGs
[2021-12-23 15:48:42,082] {logging_mixin.py:104} INFO - [2021-12-23 15:48:42,081] {dag.py:2305} INFO - Setting next_dagrun for rank_update to 2021-12-23 00:00:00+00:00
[2021-12-23 15:48:42,106] {scheduler_job.py:190} INFO - Processing /home/airflow/airflow/dags/rank_update copy.py took 0.522 seconds
