[2021-12-18 16:51:15,044] {taskinstance.py:876} INFO - Dependencies all met for <TaskInstance: rank_update.mv_indicator_to_repo 2021-12-18T16:09:43.600276+00:00 [queued]>
[2021-12-18 16:51:15,050] {taskinstance.py:876} INFO - Dependencies all met for <TaskInstance: rank_update.mv_indicator_to_repo 2021-12-18T16:09:43.600276+00:00 [queued]>
[2021-12-18 16:51:15,050] {taskinstance.py:1067} INFO - 
--------------------------------------------------------------------------------
[2021-12-18 16:51:15,051] {taskinstance.py:1068} INFO - Starting attempt 5 of 5
[2021-12-18 16:51:15,051] {taskinstance.py:1069} INFO - 
--------------------------------------------------------------------------------
[2021-12-18 16:51:15,064] {taskinstance.py:1087} INFO - Executing <Task(BashOperator): mv_indicator_to_repo> on 2021-12-18T16:09:43.600276+00:00
[2021-12-18 16:51:15,065] {standard_task_runner.py:52} INFO - Started process 8203 to run task
[2021-12-18 16:51:15,071] {standard_task_runner.py:76} INFO - Running: ['airflow', 'tasks', 'run', 'rank_update', 'mv_indicator_to_repo', '2021-12-18T16:09:43.600276+00:00', '--job-id', '147', '--pool', 'default_pool', '--raw', '--subdir', 'DAGS_FOLDER/rank_update.py', '--cfg-path', '/tmp/tmpovl_ac2b', '--error-file', '/tmp/tmpqq0j8z2x']
[2021-12-18 16:51:15,072] {standard_task_runner.py:77} INFO - Job 147: Subtask mv_indicator_to_repo
[2021-12-18 16:51:15,112] {logging_mixin.py:104} INFO - Running <TaskInstance: rank_update.mv_indicator_to_repo 2021-12-18T16:09:43.600276+00:00 [running]> on host airflowvm
[2021-12-18 16:51:15,192] {taskinstance.py:1280} INFO - Exporting the following env vars:
AIRFLOW_CTX_DAG_OWNER=airflow
AIRFLOW_CTX_DAG_ID=rank_update
AIRFLOW_CTX_TASK_ID=mv_indicator_to_repo
AIRFLOW_CTX_EXECUTION_DATE=2021-12-18T16:09:43.600276+00:00
AIRFLOW_CTX_DAG_RUN_ID=manual__2021-12-18T16:09:43.600276+00:00
[2021-12-18 16:51:15,193] {subprocess.py:52} INFO - Tmp dir root location: 
 /tmp
[2021-12-18 16:51:15,193] {subprocess.py:63} INFO - Running command: ['bash', '-c', 'mv /home/airflow/result/html/20211218.html /home/airflow/Test/rank.md']
[2021-12-18 16:51:15,197] {subprocess.py:75} INFO - Output:
[2021-12-18 16:51:15,206] {subprocess.py:83} INFO - Command exited with return code 0
[2021-12-18 16:51:15,230] {taskinstance.py:1184} INFO - Marking task as SUCCESS. dag_id=rank_update, task_id=mv_indicator_to_repo, execution_date=20211218T160943, start_date=20211218T165115, end_date=20211218T165115
[2021-12-18 16:51:15,272] {taskinstance.py:1245} INFO - 1 downstream tasks scheduled from follow-on schedule check
[2021-12-18 16:51:15,286] {local_task_job.py:151} INFO - Task exited with return code 0
