[2021-12-16 07:38:35,454] {taskinstance.py:876} INFO - Dependencies all met for <TaskInstance: user_processing.storing_user 2021-12-16T07:38:15.017356+00:00 [queued]>
[2021-12-16 07:38:35,474] {taskinstance.py:876} INFO - Dependencies all met for <TaskInstance: user_processing.storing_user 2021-12-16T07:38:15.017356+00:00 [queued]>
[2021-12-16 07:38:35,479] {taskinstance.py:1067} INFO - 
--------------------------------------------------------------------------------
[2021-12-16 07:38:35,480] {taskinstance.py:1068} INFO - Starting attempt 1 of 1
[2021-12-16 07:38:35,481] {taskinstance.py:1069} INFO - 
--------------------------------------------------------------------------------
[2021-12-16 07:38:35,503] {taskinstance.py:1087} INFO - Executing <Task(BashOperator): storing_user> on 2021-12-16T07:38:15.017356+00:00
[2021-12-16 07:38:35,505] {standard_task_runner.py:52} INFO - Started process 38613 to run task
[2021-12-16 07:38:35,514] {standard_task_runner.py:76} INFO - Running: ['airflow', 'tasks', 'run', 'user_processing', 'storing_user', '2021-12-16T07:38:15.017356+00:00', '--job-id', '19', '--pool', 'default_pool', '--raw', '--subdir', 'DAGS_FOLDER/user_processing.py', '--cfg-path', '/tmp/tmps9bzs7sw', '--error-file', '/tmp/tmpzuynym_n']
[2021-12-16 07:38:35,523] {standard_task_runner.py:77} INFO - Job 19: Subtask storing_user
[2021-12-16 07:38:35,608] {logging_mixin.py:104} INFO - Running <TaskInstance: user_processing.storing_user 2021-12-16T07:38:15.017356+00:00 [running]> on host airflowvm
[2021-12-16 07:38:35,689] {taskinstance.py:1280} INFO - Exporting the following env vars:
AIRFLOW_CTX_DAG_OWNER=airflow
AIRFLOW_CTX_DAG_ID=user_processing
AIRFLOW_CTX_TASK_ID=storing_user
AIRFLOW_CTX_EXECUTION_DATE=2021-12-16T07:38:15.017356+00:00
AIRFLOW_CTX_DAG_RUN_ID=manual__2021-12-16T07:38:15.017356+00:00
[2021-12-16 07:38:35,691] {subprocess.py:52} INFO - Tmp dir root location: 
 /tmp
[2021-12-16 07:38:35,692] {subprocess.py:63} INFO - Running command: ['bash', '-c', 'echo -e ".separator ","\n.import /tmp/processed_user.csv users" | sqlite3 /home/airflow/airflow/airflow.db']
[2021-12-16 07:38:35,705] {subprocess.py:75} INFO - Output:
[2021-12-16 07:38:35,729] {subprocess.py:83} INFO - Command exited with return code 0
[2021-12-16 07:38:35,759] {taskinstance.py:1184} INFO - Marking task as SUCCESS. dag_id=user_processing, task_id=storing_user, execution_date=20211216T073815, start_date=20211216T073835, end_date=20211216T073835
[2021-12-16 07:38:35,794] {taskinstance.py:1245} INFO - 0 downstream tasks scheduled from follow-on schedule check
[2021-12-16 07:38:35,813] {local_task_job.py:151} INFO - Task exited with return code 0
