[2021-12-18 16:11:47,819] {taskinstance.py:876} INFO - Dependencies all met for <TaskInstance: rank_update.git_commit 2021-12-18T16:09:43.600276+00:00 [queued]>
[2021-12-18 16:11:47,847] {taskinstance.py:876} INFO - Dependencies all met for <TaskInstance: rank_update.git_commit 2021-12-18T16:09:43.600276+00:00 [queued]>
[2021-12-18 16:11:47,849] {taskinstance.py:1067} INFO - 
--------------------------------------------------------------------------------
[2021-12-18 16:11:47,849] {taskinstance.py:1068} INFO - Starting attempt 1 of 1
[2021-12-18 16:11:47,850] {taskinstance.py:1069} INFO - 
--------------------------------------------------------------------------------
[2021-12-18 16:11:47,907] {taskinstance.py:1087} INFO - Executing <Task(BashOperator): git_commit> on 2021-12-18T16:09:43.600276+00:00
[2021-12-18 16:11:47,908] {standard_task_runner.py:52} INFO - Started process 4558 to run task
[2021-12-18 16:11:47,921] {standard_task_runner.py:76} INFO - Running: ['airflow', 'tasks', 'run', 'rank_update', 'git_commit', '2021-12-18T16:09:43.600276+00:00', '--job-id', '142', '--pool', 'default_pool', '--raw', '--subdir', 'DAGS_FOLDER/rank_update.py', '--cfg-path', '/tmp/tmp202n_xq7', '--error-file', '/tmp/tmpjf1i8sew']
[2021-12-18 16:11:47,933] {standard_task_runner.py:77} INFO - Job 142: Subtask git_commit
[2021-12-18 16:11:48,016] {logging_mixin.py:104} INFO - Running <TaskInstance: rank_update.git_commit 2021-12-18T16:09:43.600276+00:00 [running]> on host airflowvm
[2021-12-18 16:11:48,252] {taskinstance.py:1280} INFO - Exporting the following env vars:
AIRFLOW_CTX_DAG_OWNER=airflow
AIRFLOW_CTX_DAG_ID=rank_update
AIRFLOW_CTX_TASK_ID=git_commit
AIRFLOW_CTX_EXECUTION_DATE=2021-12-18T16:09:43.600276+00:00
AIRFLOW_CTX_DAG_RUN_ID=manual__2021-12-18T16:09:43.600276+00:00
[2021-12-18 16:11:48,255] {subprocess.py:52} INFO - Tmp dir root location: 
 /tmp
[2021-12-18 16:11:48,256] {subprocess.py:63} INFO - Running command: ['bash', '-c', 'git --git-dir=/home/airflow/Test/.git/ --work-tree=/home/airflow/Test/.git/ commit -m "Auto-update for rank"']
[2021-12-18 16:11:48,276] {subprocess.py:75} INFO - Output:
[2021-12-18 16:11:48,296] {subprocess.py:79} INFO - [main 1693813] Auto-update for rank
[2021-12-18 16:11:48,296] {subprocess.py:79} INFO -  1 file changed, 19 insertions(+)
[2021-12-18 16:11:48,296] {subprocess.py:83} INFO - Command exited with return code 0
[2021-12-18 16:11:48,323] {taskinstance.py:1184} INFO - Marking task as SUCCESS. dag_id=rank_update, task_id=git_commit, execution_date=20211218T160943, start_date=20211218T161147, end_date=20211218T161148
[2021-12-18 16:11:48,364] {taskinstance.py:1245} INFO - 1 downstream tasks scheduled from follow-on schedule check
[2021-12-18 16:11:48,380] {local_task_job.py:151} INFO - Task exited with return code 0
