[2021-12-20 06:22:41,069] {taskinstance.py:876} INFO - Dependencies all met for <TaskInstance: rank_update.git_push 2021-12-20T06:10:00+00:00 [queued]>
[2021-12-20 06:22:41,074] {taskinstance.py:876} INFO - Dependencies all met for <TaskInstance: rank_update.git_push 2021-12-20T06:10:00+00:00 [queued]>
[2021-12-20 06:22:41,074] {taskinstance.py:1067} INFO - 
--------------------------------------------------------------------------------
[2021-12-20 06:22:41,074] {taskinstance.py:1068} INFO - Starting attempt 1 of 1
[2021-12-20 06:22:41,074] {taskinstance.py:1069} INFO - 
--------------------------------------------------------------------------------
[2021-12-20 06:22:41,081] {taskinstance.py:1087} INFO - Executing <Task(BashOperator): git_push> on 2021-12-20T06:10:00+00:00
[2021-12-20 06:22:41,081] {standard_task_runner.py:52} INFO - Started process 5152 to run task
[2021-12-20 06:22:41,086] {standard_task_runner.py:76} INFO - Running: ['airflow', 'tasks', 'run', 'rank_update', 'git_push', '2021-12-20T06:10:00+00:00', '--job-id', '283', '--pool', 'default_pool', '--raw', '--subdir', 'DAGS_FOLDER/rank_update.py', '--cfg-path', '/tmp/tmp0bbc6nby', '--error-file', '/tmp/tmpm7t_5fty']
[2021-12-20 06:22:41,086] {standard_task_runner.py:77} INFO - Job 283: Subtask git_push
[2021-12-20 06:22:41,118] {logging_mixin.py:104} INFO - Running <TaskInstance: rank_update.git_push 2021-12-20T06:10:00+00:00 [running]> on host airflowvm
[2021-12-20 06:22:41,187] {taskinstance.py:1280} INFO - Exporting the following env vars:
AIRFLOW_CTX_DAG_OWNER=airflow
AIRFLOW_CTX_DAG_ID=rank_update
AIRFLOW_CTX_TASK_ID=git_push
AIRFLOW_CTX_EXECUTION_DATE=2021-12-20T06:10:00+00:00
AIRFLOW_CTX_DAG_RUN_ID=scheduled__2021-12-20T06:10:00+00:00
[2021-12-20 06:22:41,187] {subprocess.py:52} INFO - Tmp dir root location: 
 /tmp
[2021-12-20 06:22:41,187] {subprocess.py:63} INFO - Running command: ['bash', '-c', 'git -C /home/airflow/AlgorithmStudy_211124 push']
[2021-12-20 06:22:41,190] {subprocess.py:75} INFO - Output:
[2021-12-20 06:22:42,461] {subprocess.py:79} INFO - To https://github.com/nicework-jin/AlgorithmStudy_211124
[2021-12-20 06:22:42,461] {subprocess.py:79} INFO -    7026496..dffde7b  main -> main
[2021-12-20 06:22:42,480] {subprocess.py:83} INFO - Command exited with return code 0
[2021-12-20 06:22:42,508] {taskinstance.py:1184} INFO - Marking task as SUCCESS. dag_id=rank_update, task_id=git_push, execution_date=20211220T061000, start_date=20211220T062241, end_date=20211220T062242
[2021-12-20 06:22:42,521] {taskinstance.py:1245} INFO - 0 downstream tasks scheduled from follow-on schedule check
[2021-12-20 06:22:42,551] {local_task_job.py:151} INFO - Task exited with return code 0
