[2021-12-20 22:00:05,770] {taskinstance.py:876} INFO - Dependencies all met for <TaskInstance: rank_update.make_indicator 2021-12-20T21:50:00+00:00 [queued]>
[2021-12-20 22:00:05,778] {taskinstance.py:876} INFO - Dependencies all met for <TaskInstance: rank_update.make_indicator 2021-12-20T21:50:00+00:00 [queued]>
[2021-12-20 22:00:05,778] {taskinstance.py:1067} INFO - 
--------------------------------------------------------------------------------
[2021-12-20 22:00:05,778] {taskinstance.py:1068} INFO - Starting attempt 1 of 1
[2021-12-20 22:00:05,778] {taskinstance.py:1069} INFO - 
--------------------------------------------------------------------------------
[2021-12-20 22:00:05,785] {taskinstance.py:1087} INFO - Executing <Task(BashOperator): make_indicator> on 2021-12-20T21:50:00+00:00
[2021-12-20 22:00:05,786] {standard_task_runner.py:52} INFO - Started process 72551 to run task
[2021-12-20 22:00:05,790] {standard_task_runner.py:76} INFO - Running: ['airflow', 'tasks', 'run', 'rank_update', 'make_indicator', '2021-12-20T21:50:00+00:00', '--job-id', '764', '--pool', 'default_pool', '--raw', '--subdir', 'DAGS_FOLDER/rank_update.py', '--cfg-path', '/tmp/tmpe43ptfg7', '--error-file', '/tmp/tmpm9bun18n']
[2021-12-20 22:00:05,791] {standard_task_runner.py:77} INFO - Job 764: Subtask make_indicator
[2021-12-20 22:00:05,827] {logging_mixin.py:104} INFO - Running <TaskInstance: rank_update.make_indicator 2021-12-20T21:50:00+00:00 [running]> on host airflowvm
[2021-12-20 22:00:05,940] {taskinstance.py:1280} INFO - Exporting the following env vars:
AIRFLOW_CTX_DAG_OWNER=airflow
AIRFLOW_CTX_DAG_ID=rank_update
AIRFLOW_CTX_TASK_ID=make_indicator
AIRFLOW_CTX_EXECUTION_DATE=2021-12-20T21:50:00+00:00
AIRFLOW_CTX_DAG_RUN_ID=scheduled__2021-12-20T21:50:00+00:00
[2021-12-20 22:00:05,940] {subprocess.py:52} INFO - Tmp dir root location: 
 /tmp
[2021-12-20 22:00:05,940] {subprocess.py:63} INFO - Running command: ['bash', '-c', 'python3 /home/airflow/parser4Study/multiple_parser.py /home/airflow/AlgorithmStudy_211124/211221/']
[2021-12-20 22:00:05,943] {subprocess.py:75} INFO - Output:
[2021-12-20 22:00:06,424] {subprocess.py:83} INFO - Command exited with return code 0
[2021-12-20 22:00:06,445] {taskinstance.py:1184} INFO - Marking task as SUCCESS. dag_id=rank_update, task_id=make_indicator, execution_date=20211220T215000, start_date=20211220T220005, end_date=20211220T220006
[2021-12-20 22:00:06,461] {taskinstance.py:1245} INFO - 1 downstream tasks scheduled from follow-on schedule check
[2021-12-20 22:00:06,486] {local_task_job.py:151} INFO - Task exited with return code 0
