[2021-12-21 13:10:02,642] {taskinstance.py:876} INFO - Dependencies all met for <TaskInstance: rank_update.pull_from_git 2021-12-21T13:00:00+00:00 [queued]>
[2021-12-21 13:10:02,650] {taskinstance.py:876} INFO - Dependencies all met for <TaskInstance: rank_update.pull_from_git 2021-12-21T13:00:00+00:00 [queued]>
[2021-12-21 13:10:02,650] {taskinstance.py:1067} INFO - 
--------------------------------------------------------------------------------
[2021-12-21 13:10:02,650] {taskinstance.py:1068} INFO - Starting attempt 1 of 1
[2021-12-21 13:10:02,650] {taskinstance.py:1069} INFO - 
--------------------------------------------------------------------------------
[2021-12-21 13:10:02,657] {taskinstance.py:1087} INFO - Executing <Task(BashOperator): pull_from_git> on 2021-12-21T13:00:00+00:00
[2021-12-21 13:10:02,658] {standard_task_runner.py:52} INFO - Started process 130066 to run task
[2021-12-21 13:10:02,662] {standard_task_runner.py:76} INFO - Running: ['airflow', 'tasks', 'run', 'rank_update', 'pull_from_git', '2021-12-21T13:00:00+00:00', '--job-id', '1223', '--pool', 'default_pool', '--raw', '--subdir', 'DAGS_FOLDER/rank_update.py', '--cfg-path', '/tmp/tmpmjva9awj', '--error-file', '/tmp/tmpitqi3ul5']
[2021-12-21 13:10:02,663] {standard_task_runner.py:77} INFO - Job 1223: Subtask pull_from_git
[2021-12-21 13:10:02,698] {logging_mixin.py:104} INFO - Running <TaskInstance: rank_update.pull_from_git 2021-12-21T13:00:00+00:00 [running]> on host airflowvm
[2021-12-21 13:10:02,781] {taskinstance.py:1280} INFO - Exporting the following env vars:
AIRFLOW_CTX_DAG_OWNER=airflow
AIRFLOW_CTX_DAG_ID=rank_update
AIRFLOW_CTX_TASK_ID=pull_from_git
AIRFLOW_CTX_EXECUTION_DATE=2021-12-21T13:00:00+00:00
AIRFLOW_CTX_DAG_RUN_ID=scheduled__2021-12-21T13:00:00+00:00
[2021-12-21 13:10:02,781] {subprocess.py:52} INFO - Tmp dir root location: 
 /tmp
[2021-12-21 13:10:02,781] {subprocess.py:63} INFO - Running command: ['bash', '-c', 'git -C /home/airflow/AlgorithmStudy_211124 pull']
[2021-12-21 13:10:02,784] {subprocess.py:75} INFO - Output:
[2021-12-21 13:10:03,471] {subprocess.py:79} INFO - Already up to date.
[2021-12-21 13:10:03,472] {subprocess.py:83} INFO - Command exited with return code 0
[2021-12-21 13:10:03,495] {taskinstance.py:1184} INFO - Marking task as SUCCESS. dag_id=rank_update, task_id=pull_from_git, execution_date=20211221T130000, start_date=20211221T131002, end_date=20211221T131003
[2021-12-21 13:10:03,511] {taskinstance.py:1245} INFO - 1 downstream tasks scheduled from follow-on schedule check
[2021-12-21 13:10:03,521] {local_task_job.py:151} INFO - Task exited with return code 0
