[2021-12-20 22:00:07,698] {taskinstance.py:876} INFO - Dependencies all met for <TaskInstance: rank_update.mv_indicator_to_repo 2021-12-20T21:50:00+00:00 [queued]>
[2021-12-20 22:00:07,704] {taskinstance.py:876} INFO - Dependencies all met for <TaskInstance: rank_update.mv_indicator_to_repo 2021-12-20T21:50:00+00:00 [queued]>
[2021-12-20 22:00:07,704] {taskinstance.py:1067} INFO - 
--------------------------------------------------------------------------------
[2021-12-20 22:00:07,704] {taskinstance.py:1068} INFO - Starting attempt 1 of 1
[2021-12-20 22:00:07,704] {taskinstance.py:1069} INFO - 
--------------------------------------------------------------------------------
[2021-12-20 22:00:07,710] {taskinstance.py:1087} INFO - Executing <Task(BashOperator): mv_indicator_to_repo> on 2021-12-20T21:50:00+00:00
[2021-12-20 22:00:07,711] {standard_task_runner.py:52} INFO - Started process 72556 to run task
[2021-12-20 22:00:07,715] {standard_task_runner.py:76} INFO - Running: ['airflow', 'tasks', 'run', 'rank_update', 'mv_indicator_to_repo', '2021-12-20T21:50:00+00:00', '--job-id', '765', '--pool', 'default_pool', '--raw', '--subdir', 'DAGS_FOLDER/rank_update.py', '--cfg-path', '/tmp/tmpf0ut0izk', '--error-file', '/tmp/tmpngdqwf5m']
[2021-12-20 22:00:07,716] {standard_task_runner.py:77} INFO - Job 765: Subtask mv_indicator_to_repo
[2021-12-20 22:00:07,753] {logging_mixin.py:104} INFO - Running <TaskInstance: rank_update.mv_indicator_to_repo 2021-12-20T21:50:00+00:00 [running]> on host airflowvm
[2021-12-20 22:00:07,838] {taskinstance.py:1280} INFO - Exporting the following env vars:
AIRFLOW_CTX_DAG_OWNER=airflow
AIRFLOW_CTX_DAG_ID=rank_update
AIRFLOW_CTX_TASK_ID=mv_indicator_to_repo
AIRFLOW_CTX_EXECUTION_DATE=2021-12-20T21:50:00+00:00
AIRFLOW_CTX_DAG_RUN_ID=scheduled__2021-12-20T21:50:00+00:00
[2021-12-20 22:00:07,838] {subprocess.py:52} INFO - Tmp dir root location: 
 /tmp
[2021-12-20 22:00:07,839] {subprocess.py:63} INFO - Running command: ['bash', '-c', 'mv /tmp/result/html/rank.html /home/airflow/AlgorithmStudy_211124/211221/rank.md']
[2021-12-20 22:00:07,841] {subprocess.py:75} INFO - Output:
[2021-12-20 22:00:07,843] {subprocess.py:83} INFO - Command exited with return code 0
[2021-12-20 22:00:07,855] {taskinstance.py:1184} INFO - Marking task as SUCCESS. dag_id=rank_update, task_id=mv_indicator_to_repo, execution_date=20211220T215000, start_date=20211220T220007, end_date=20211220T220007
[2021-12-20 22:00:07,870] {taskinstance.py:1245} INFO - 1 downstream tasks scheduled from follow-on schedule check
[2021-12-20 22:00:07,887] {local_task_job.py:151} INFO - Task exited with return code 0
