[2021-12-21 21:50:07,907] {taskinstance.py:876} INFO - Dependencies all met for <TaskInstance: rank_update.git_add 2021-12-21T21:40:00+00:00 [queued]>
[2021-12-21 21:50:07,929] {taskinstance.py:876} INFO - Dependencies all met for <TaskInstance: rank_update.git_add 2021-12-21T21:40:00+00:00 [queued]>
[2021-12-21 21:50:07,929] {taskinstance.py:1067} INFO - 
--------------------------------------------------------------------------------
[2021-12-21 21:50:07,930] {taskinstance.py:1068} INFO - Starting attempt 1 of 1
[2021-12-21 21:50:07,930] {taskinstance.py:1069} INFO - 
--------------------------------------------------------------------------------
[2021-12-21 21:50:07,939] {taskinstance.py:1087} INFO - Executing <Task(BashOperator): git_add> on 2021-12-21T21:40:00+00:00
[2021-12-21 21:50:07,940] {standard_task_runner.py:52} INFO - Started process 161663 to run task
[2021-12-21 21:50:07,945] {standard_task_runner.py:76} INFO - Running: ['airflow', 'tasks', 'run', 'rank_update', 'git_add', '2021-12-21T21:40:00+00:00', '--job-id', '1486', '--pool', 'default_pool', '--raw', '--subdir', 'DAGS_FOLDER/rank_update.py', '--cfg-path', '/tmp/tmpe4i3dn8x', '--error-file', '/tmp/tmpa7zye186']
[2021-12-21 21:50:07,945] {standard_task_runner.py:77} INFO - Job 1486: Subtask git_add
[2021-12-21 21:50:07,982] {logging_mixin.py:104} INFO - Running <TaskInstance: rank_update.git_add 2021-12-21T21:40:00+00:00 [running]> on host airflowvm
[2021-12-21 21:50:08,099] {taskinstance.py:1280} INFO - Exporting the following env vars:
AIRFLOW_CTX_DAG_OWNER=airflow
AIRFLOW_CTX_DAG_ID=rank_update
AIRFLOW_CTX_TASK_ID=git_add
AIRFLOW_CTX_EXECUTION_DATE=2021-12-21T21:40:00+00:00
AIRFLOW_CTX_DAG_RUN_ID=scheduled__2021-12-21T21:40:00+00:00
[2021-12-21 21:50:08,100] {subprocess.py:52} INFO - Tmp dir root location: 
 /tmp
[2021-12-21 21:50:08,100] {subprocess.py:63} INFO - Running command: ['bash', '-c', 'git -C /home/airflow/AlgorithmStudy_211124/211221/ add rank.md']
[2021-12-21 21:50:08,103] {subprocess.py:75} INFO - Output:
[2021-12-21 21:50:08,105] {subprocess.py:83} INFO - Command exited with return code 0
[2021-12-21 21:50:08,118] {taskinstance.py:1184} INFO - Marking task as SUCCESS. dag_id=rank_update, task_id=git_add, execution_date=20211221T214000, start_date=20211221T215007, end_date=20211221T215008
[2021-12-21 21:50:08,135] {taskinstance.py:1245} INFO - 1 downstream tasks scheduled from follow-on schedule check
[2021-12-21 21:50:08,157] {local_task_job.py:151} INFO - Task exited with return code 0
