[2021-12-18 11:17:12,723] {taskinstance.py:876} INFO - Dependencies all met for <TaskInstance: rank_update.make_indicator 2021-12-18T11:12:28.565672+00:00 [queued]>
[2021-12-18 11:17:12,731] {taskinstance.py:876} INFO - Dependencies all met for <TaskInstance: rank_update.make_indicator 2021-12-18T11:12:28.565672+00:00 [queued]>
[2021-12-18 11:17:12,732] {taskinstance.py:1067} INFO - 
--------------------------------------------------------------------------------
[2021-12-18 11:17:12,732] {taskinstance.py:1068} INFO - Starting attempt 2 of 2
[2021-12-18 11:17:12,732] {taskinstance.py:1069} INFO - 
--------------------------------------------------------------------------------
[2021-12-18 11:17:12,746] {taskinstance.py:1087} INFO - Executing <Task(BashOperator): make_indicator> on 2021-12-18T11:12:28.565672+00:00
[2021-12-18 11:17:12,756] {standard_task_runner.py:52} INFO - Started process 6666 to run task
[2021-12-18 11:17:12,768] {standard_task_runner.py:76} INFO - Running: ['airflow', 'tasks', 'run', 'rank_update', 'make_indicator', '2021-12-18T11:12:28.565672+00:00', '--job-id', '105', '--pool', 'default_pool', '--raw', '--subdir', 'DAGS_FOLDER/rank_update.py', '--cfg-path', '/tmp/tmp_1x7ckwk', '--error-file', '/tmp/tmpwg47z4he']
[2021-12-18 11:17:12,773] {standard_task_runner.py:77} INFO - Job 105: Subtask make_indicator
[2021-12-18 11:17:12,846] {logging_mixin.py:104} INFO - Running <TaskInstance: rank_update.make_indicator 2021-12-18T11:12:28.565672+00:00 [running]> on host airflowvm
[2021-12-18 11:17:12,997] {taskinstance.py:1280} INFO - Exporting the following env vars:
AIRFLOW_CTX_DAG_OWNER=airflow
AIRFLOW_CTX_DAG_ID=rank_update
AIRFLOW_CTX_TASK_ID=make_indicator
AIRFLOW_CTX_EXECUTION_DATE=2021-12-18T11:12:28.565672+00:00
AIRFLOW_CTX_DAG_RUN_ID=manual__2021-12-18T11:12:28.565672+00:00
[2021-12-18 11:17:12,998] {subprocess.py:52} INFO - Tmp dir root location: 
 /tmp
[2021-12-18 11:17:12,998] {subprocess.py:63} INFO - Running command: ['bash', '-c', 'python3 /home/airflow/parser4Study/multiple_parser.py "/home/airflow/AlgorithmStudy_211124/211221/"']
[2021-12-18 11:17:13,012] {subprocess.py:75} INFO - Output:
[2021-12-18 11:17:14,195] {subprocess.py:79} INFO - Launched
[2021-12-18 11:17:14,292] {subprocess.py:83} INFO - Command exited with return code 0
[2021-12-18 11:17:14,332] {taskinstance.py:1184} INFO - Marking task as SUCCESS. dag_id=rank_update, task_id=make_indicator, execution_date=20211218T111228, start_date=20211218T111712, end_date=20211218T111714
[2021-12-18 11:17:14,363] {taskinstance.py:1245} INFO - 0 downstream tasks scheduled from follow-on schedule check
[2021-12-18 11:17:14,391] {local_task_job.py:151} INFO - Task exited with return code 0
