[2021-12-20 05:47:41,202] {taskinstance.py:876} INFO - Dependencies all met for <TaskInstance: user_processing.processing_user 2021-12-19T00:00:00+00:00 [queued]>
[2021-12-20 05:47:41,207] {taskinstance.py:876} INFO - Dependencies all met for <TaskInstance: user_processing.processing_user 2021-12-19T00:00:00+00:00 [queued]>
[2021-12-20 05:47:41,207] {taskinstance.py:1067} INFO - 
--------------------------------------------------------------------------------
[2021-12-20 05:47:41,207] {taskinstance.py:1068} INFO - Starting attempt 1 of 1
[2021-12-20 05:47:41,207] {taskinstance.py:1069} INFO - 
--------------------------------------------------------------------------------
[2021-12-20 05:47:41,215] {taskinstance.py:1087} INFO - Executing <Task(PythonOperator): processing_user> on 2021-12-19T00:00:00+00:00
[2021-12-20 05:47:41,216] {standard_task_runner.py:52} INFO - Started process 1474 to run task
[2021-12-20 05:47:41,226] {standard_task_runner.py:76} INFO - Running: ['airflow', 'tasks', 'run', 'user_processing', 'processing_user', '2021-12-19T00:00:00+00:00', '--job-id', '243', '--pool', 'default_pool', '--raw', '--subdir', 'DAGS_FOLDER/user_processing.py', '--cfg-path', '/tmp/tmpf3lq14cb', '--error-file', '/tmp/tmpagwkz7fe']
[2021-12-20 05:47:41,227] {standard_task_runner.py:77} INFO - Job 243: Subtask processing_user
[2021-12-20 05:47:41,278] {logging_mixin.py:104} INFO - Running <TaskInstance: user_processing.processing_user 2021-12-19T00:00:00+00:00 [running]> on host airflowvm
[2021-12-20 05:47:41,321] {taskinstance.py:1280} INFO - Exporting the following env vars:
AIRFLOW_CTX_DAG_OWNER=airflow
AIRFLOW_CTX_DAG_ID=user_processing
AIRFLOW_CTX_TASK_ID=processing_user
AIRFLOW_CTX_EXECUTION_DATE=2021-12-19T00:00:00+00:00
AIRFLOW_CTX_DAG_RUN_ID=scheduled__2021-12-19T00:00:00+00:00
[2021-12-20 05:47:41,337] {python.py:151} INFO - Done. Returned value was: None
[2021-12-20 05:47:41,340] {taskinstance.py:1184} INFO - Marking task as SUCCESS. dag_id=user_processing, task_id=processing_user, execution_date=20211219T000000, start_date=20211220T054741, end_date=20211220T054741
[2021-12-20 05:47:41,358] {taskinstance.py:1245} INFO - 1 downstream tasks scheduled from follow-on schedule check
[2021-12-20 05:47:41,367] {local_task_job.py:151} INFO - Task exited with return code 0
