[2021-12-27 15:24:02,316] {taskinstance.py:876} INFO - Dependencies all met for <TaskInstance: rank_update.git_commit 2021-12-26T15:23:52.146192+00:00 [queued]>
[2021-12-27 15:24:02,322] {taskinstance.py:876} INFO - Dependencies all met for <TaskInstance: rank_update.git_commit 2021-12-26T15:23:52.146192+00:00 [queued]>
[2021-12-27 15:24:02,322] {taskinstance.py:1067} INFO - 
--------------------------------------------------------------------------------
[2021-12-27 15:24:02,322] {taskinstance.py:1068} INFO - Starting attempt 1 of 1
[2021-12-27 15:24:02,322] {taskinstance.py:1069} INFO - 
--------------------------------------------------------------------------------
[2021-12-27 15:24:02,329] {taskinstance.py:1087} INFO - Executing <Task(BashOperator): git_commit> on 2021-12-26T15:23:52.146192+00:00
[2021-12-27 15:24:02,330] {standard_task_runner.py:52} INFO - Started process 401691 to run task
[2021-12-27 15:24:02,335] {standard_task_runner.py:76} INFO - Running: ['airflow', 'tasks', 'run', 'rank_update', 'git_commit', '2021-12-26T15:23:52.146192+00:00', '--job-id', '1870', '--pool', 'default_pool', '--raw', '--subdir', 'DAGS_FOLDER/rank_update.py', '--cfg-path', '/tmp/tmpu5gxmomj', '--error-file', '/tmp/tmp398at78u']
[2021-12-27 15:24:02,336] {standard_task_runner.py:77} INFO - Job 1870: Subtask git_commit
[2021-12-27 15:24:02,373] {logging_mixin.py:104} INFO - Running <TaskInstance: rank_update.git_commit 2021-12-26T15:23:52.146192+00:00 [running]> on host airflowvm
[2021-12-27 15:24:02,455] {taskinstance.py:1280} INFO - Exporting the following env vars:
AIRFLOW_CTX_DAG_OWNER=airflow
AIRFLOW_CTX_DAG_ID=rank_update
AIRFLOW_CTX_TASK_ID=git_commit
AIRFLOW_CTX_EXECUTION_DATE=2021-12-26T15:23:52.146192+00:00
AIRFLOW_CTX_DAG_RUN_ID=scheduled__2021-12-26T15:23:52.146192+00:00
[2021-12-27 15:24:02,455] {subprocess.py:52} INFO - Tmp dir root location: 
 /tmp
[2021-12-27 15:24:02,456] {subprocess.py:63} INFO - Running command: ['bash', '-c', 'git --git-dir=/home/airflow/AlgorithmStudy_211124/.git/ --work-tree=/home/airflow/AlgorithmStudy_211124/.git/ commit -m "Auto-update for rank"']
[2021-12-27 15:24:02,459] {subprocess.py:75} INFO - Output:
[2021-12-27 15:24:02,464] {subprocess.py:79} INFO - [main d7bbc66] Auto-update for rank
[2021-12-27 15:24:02,464] {subprocess.py:79} INFO -  1 file changed, 96 insertions(+), 2 deletions(-)
[2021-12-27 15:24:02,464] {subprocess.py:83} INFO - Command exited with return code 0
[2021-12-27 15:24:02,477] {taskinstance.py:1184} INFO - Marking task as SUCCESS. dag_id=rank_update, task_id=git_commit, execution_date=20211226T152352, start_date=20211227T152402, end_date=20211227T152402
[2021-12-27 15:24:02,494] {taskinstance.py:1245} INFO - 1 downstream tasks scheduled from follow-on schedule check
[2021-12-27 15:24:02,506] {local_task_job.py:151} INFO - Task exited with return code 0
