[2021-12-18 08:47:06,746] {taskinstance.py:876} INFO - Dependencies all met for <TaskInstance: user_processing.storing_user 2021-12-16T00:00:00+00:00 [queued]>
[2021-12-18 08:47:06,758] {taskinstance.py:876} INFO - Dependencies all met for <TaskInstance: user_processing.storing_user 2021-12-16T00:00:00+00:00 [queued]>
[2021-12-18 08:47:06,763] {taskinstance.py:1067} INFO - 
--------------------------------------------------------------------------------
[2021-12-18 08:47:06,764] {taskinstance.py:1068} INFO - Starting attempt 1 of 1
[2021-12-18 08:47:06,765] {taskinstance.py:1069} INFO - 
--------------------------------------------------------------------------------
[2021-12-18 08:47:06,784] {taskinstance.py:1087} INFO - Executing <Task(BashOperator): storing_user> on 2021-12-16T00:00:00+00:00
[2021-12-18 08:47:06,786] {standard_task_runner.py:52} INFO - Started process 79741 to run task
[2021-12-18 08:47:06,803] {standard_task_runner.py:76} INFO - Running: ['airflow', 'tasks', 'run', 'user_processing', 'storing_user', '2021-12-16T00:00:00+00:00', '--job-id', '34', '--pool', 'default_pool', '--raw', '--subdir', 'DAGS_FOLDER/user_processing.py', '--cfg-path', '/tmp/tmpousfqou0', '--error-file', '/tmp/tmpdqqm98hj']
[2021-12-18 08:47:06,807] {standard_task_runner.py:77} INFO - Job 34: Subtask storing_user
[2021-12-18 08:47:06,888] {logging_mixin.py:104} INFO - Running <TaskInstance: user_processing.storing_user 2021-12-16T00:00:00+00:00 [running]> on host airflowvm
[2021-12-18 08:47:06,965] {taskinstance.py:1280} INFO - Exporting the following env vars:
AIRFLOW_CTX_DAG_OWNER=airflow
AIRFLOW_CTX_DAG_ID=user_processing
AIRFLOW_CTX_TASK_ID=storing_user
AIRFLOW_CTX_EXECUTION_DATE=2021-12-16T00:00:00+00:00
AIRFLOW_CTX_DAG_RUN_ID=scheduled__2021-12-16T00:00:00+00:00
[2021-12-18 08:47:06,967] {subprocess.py:52} INFO - Tmp dir root location: 
 /tmp
[2021-12-18 08:47:06,968] {subprocess.py:63} INFO - Running command: ['bash', '-c', 'echo -e ".separator ","\n.import /tmp/processed_user.csv users" | sqlite3 /home/airflow/airflow/airflow.db']
[2021-12-18 08:47:06,988] {subprocess.py:75} INFO - Output:
[2021-12-18 08:47:07,004] {subprocess.py:83} INFO - Command exited with return code 0
[2021-12-18 08:47:07,032] {taskinstance.py:1184} INFO - Marking task as SUCCESS. dag_id=user_processing, task_id=storing_user, execution_date=20211216T000000, start_date=20211218T084706, end_date=20211218T084707
[2021-12-18 08:47:07,063] {taskinstance.py:1245} INFO - 0 downstream tasks scheduled from follow-on schedule check
[2021-12-18 08:47:07,095] {local_task_job.py:151} INFO - Task exited with return code 0
