[2021-12-18 08:46:56,894] {taskinstance.py:876} INFO - Dependencies all met for <TaskInstance: user_processing.processing_user 2021-12-16T00:00:00+00:00 [queued]>
[2021-12-18 08:46:56,905] {taskinstance.py:876} INFO - Dependencies all met for <TaskInstance: user_processing.processing_user 2021-12-16T00:00:00+00:00 [queued]>
[2021-12-18 08:46:56,907] {taskinstance.py:1067} INFO - 
--------------------------------------------------------------------------------
[2021-12-18 08:46:56,907] {taskinstance.py:1068} INFO - Starting attempt 1 of 1
[2021-12-18 08:46:56,908] {taskinstance.py:1069} INFO - 
--------------------------------------------------------------------------------
[2021-12-18 08:46:56,926] {taskinstance.py:1087} INFO - Executing <Task(PythonOperator): processing_user> on 2021-12-16T00:00:00+00:00
[2021-12-18 08:46:56,928] {standard_task_runner.py:52} INFO - Started process 79656 to run task
[2021-12-18 08:46:56,941] {standard_task_runner.py:76} INFO - Running: ['airflow', 'tasks', 'run', 'user_processing', 'processing_user', '2021-12-16T00:00:00+00:00', '--job-id', '32', '--pool', 'default_pool', '--raw', '--subdir', 'DAGS_FOLDER/user_processing.py', '--cfg-path', '/tmp/tmpxosoau5d', '--error-file', '/tmp/tmp8esqweuu']
[2021-12-18 08:46:56,942] {standard_task_runner.py:77} INFO - Job 32: Subtask processing_user
[2021-12-18 08:46:57,015] {logging_mixin.py:104} INFO - Running <TaskInstance: user_processing.processing_user 2021-12-16T00:00:00+00:00 [running]> on host airflowvm
[2021-12-18 08:46:57,090] {taskinstance.py:1280} INFO - Exporting the following env vars:
AIRFLOW_CTX_DAG_OWNER=airflow
AIRFLOW_CTX_DAG_ID=user_processing
AIRFLOW_CTX_TASK_ID=processing_user
AIRFLOW_CTX_EXECUTION_DATE=2021-12-16T00:00:00+00:00
AIRFLOW_CTX_DAG_RUN_ID=scheduled__2021-12-16T00:00:00+00:00
[2021-12-18 08:46:57,099] {python.py:151} INFO - Done. Returned value was: None
[2021-12-18 08:46:57,103] {taskinstance.py:1184} INFO - Marking task as SUCCESS. dag_id=user_processing, task_id=processing_user, execution_date=20211216T000000, start_date=20211218T084656, end_date=20211218T084657
[2021-12-18 08:46:57,135] {taskinstance.py:1245} INFO - 1 downstream tasks scheduled from follow-on schedule check
[2021-12-18 08:46:57,154] {local_task_job.py:151} INFO - Task exited with return code 0
