[2021-12-18 09:03:59,771] {taskinstance.py:876} INFO - Dependencies all met for <TaskInstance: rank_update.make_indicator 2021-12-18T09:03:37.133567+00:00 [queued]>
[2021-12-18 09:03:59,797] {taskinstance.py:876} INFO - Dependencies all met for <TaskInstance: rank_update.make_indicator 2021-12-18T09:03:37.133567+00:00 [queued]>
[2021-12-18 09:03:59,799] {taskinstance.py:1067} INFO - 
--------------------------------------------------------------------------------
[2021-12-18 09:03:59,800] {taskinstance.py:1068} INFO - Starting attempt 1 of 1
[2021-12-18 09:03:59,800] {taskinstance.py:1069} INFO - 
--------------------------------------------------------------------------------
[2021-12-18 09:03:59,822] {taskinstance.py:1087} INFO - Executing <Task(BashOperator): make_indicator> on 2021-12-18T09:03:37.133567+00:00
[2021-12-18 09:03:59,828] {standard_task_runner.py:52} INFO - Started process 83516 to run task
[2021-12-18 09:03:59,848] {standard_task_runner.py:76} INFO - Running: ['airflow', 'tasks', 'run', 'rank_update', 'make_indicator', '2021-12-18T09:03:37.133567+00:00', '--job-id', '50', '--pool', 'default_pool', '--raw', '--subdir', 'DAGS_FOLDER/rank_update.py', '--cfg-path', '/tmp/tmp29o9au7r', '--error-file', '/tmp/tmp2047xis6']
[2021-12-18 09:03:59,849] {standard_task_runner.py:77} INFO - Job 50: Subtask make_indicator
[2021-12-18 09:03:59,962] {logging_mixin.py:104} INFO - Running <TaskInstance: rank_update.make_indicator 2021-12-18T09:03:37.133567+00:00 [running]> on host airflowvm
[2021-12-18 09:04:00,176] {taskinstance.py:1280} INFO - Exporting the following env vars:
AIRFLOW_CTX_DAG_OWNER=airflow
AIRFLOW_CTX_DAG_ID=rank_update
AIRFLOW_CTX_TASK_ID=make_indicator
AIRFLOW_CTX_EXECUTION_DATE=2021-12-18T09:03:37.133567+00:00
AIRFLOW_CTX_DAG_RUN_ID=manual__2021-12-18T09:03:37.133567+00:00
[2021-12-18 09:04:00,177] {subprocess.py:52} INFO - Tmp dir root location: 
 /tmp
[2021-12-18 09:04:00,178] {subprocess.py:63} INFO - Running command: ['bash', '-c', 'python /home/airflow/parser4Study/multiple_parser.py /home/airflow/AlgorithmStudy_211124/211221/']
[2021-12-18 09:04:00,197] {subprocess.py:75} INFO - Output:
[2021-12-18 09:04:01,463] {subprocess.py:83} INFO - Command exited with return code 0
[2021-12-18 09:04:01,499] {taskinstance.py:1184} INFO - Marking task as SUCCESS. dag_id=rank_update, task_id=make_indicator, execution_date=20211218T090337, start_date=20211218T090359, end_date=20211218T090401
[2021-12-18 09:04:01,545] {taskinstance.py:1245} INFO - 1 downstream tasks scheduled from follow-on schedule check
[2021-12-18 09:04:01,585] {local_task_job.py:151} INFO - Task exited with return code 0
