[2021-12-18 09:12:49,092] {taskinstance.py:876} INFO - Dependencies all met for <TaskInstance: rank_update.make_indicator 2021-12-18T09:03:37.133567+00:00 [queued]>
[2021-12-18 09:12:49,120] {taskinstance.py:876} INFO - Dependencies all met for <TaskInstance: rank_update.make_indicator 2021-12-18T09:03:37.133567+00:00 [queued]>
[2021-12-18 09:12:49,121] {taskinstance.py:1067} INFO - 
--------------------------------------------------------------------------------
[2021-12-18 09:12:49,121] {taskinstance.py:1068} INFO - Starting attempt 2 of 2
[2021-12-18 09:12:49,123] {taskinstance.py:1069} INFO - 
--------------------------------------------------------------------------------
[2021-12-18 09:12:49,159] {taskinstance.py:1087} INFO - Executing <Task(BashOperator): make_indicator> on 2021-12-18T09:03:37.133567+00:00
[2021-12-18 09:12:49,164] {standard_task_runner.py:52} INFO - Started process 85627 to run task
[2021-12-18 09:12:49,178] {standard_task_runner.py:76} INFO - Running: ['airflow', 'tasks', 'run', 'rank_update', 'make_indicator', '2021-12-18T09:03:37.133567+00:00', '--job-id', '56', '--pool', 'default_pool', '--raw', '--subdir', 'DAGS_FOLDER/rank_update.py', '--cfg-path', '/tmp/tmpyi1t1b3b', '--error-file', '/tmp/tmpdhjwf5do']
[2021-12-18 09:12:49,181] {standard_task_runner.py:77} INFO - Job 56: Subtask make_indicator
[2021-12-18 09:12:49,258] {logging_mixin.py:104} INFO - Running <TaskInstance: rank_update.make_indicator 2021-12-18T09:03:37.133567+00:00 [running]> on host airflowvm
[2021-12-18 09:12:49,434] {taskinstance.py:1280} INFO - Exporting the following env vars:
AIRFLOW_CTX_DAG_OWNER=airflow
AIRFLOW_CTX_DAG_ID=rank_update
AIRFLOW_CTX_TASK_ID=make_indicator
AIRFLOW_CTX_EXECUTION_DATE=2021-12-18T09:03:37.133567+00:00
AIRFLOW_CTX_DAG_RUN_ID=manual__2021-12-18T09:03:37.133567+00:00
[2021-12-18 09:12:49,435] {subprocess.py:52} INFO - Tmp dir root location: 
 /tmp
[2021-12-18 09:12:49,436] {subprocess.py:63} INFO - Running command: ['bash', '-c', 'python3 /home/airflow/parser4Study/multiple_parser.py /home/airflow/AlgorithmStudy_211124/211221/']
[2021-12-18 09:12:49,445] {subprocess.py:75} INFO - Output:
[2021-12-18 09:12:50,491] {subprocess.py:83} INFO - Command exited with return code 0
[2021-12-18 09:12:50,528] {taskinstance.py:1184} INFO - Marking task as SUCCESS. dag_id=rank_update, task_id=make_indicator, execution_date=20211218T090337, start_date=20211218T091249, end_date=20211218T091250
[2021-12-18 09:12:50,581] {taskinstance.py:1245} INFO - 1 downstream tasks scheduled from follow-on schedule check
[2021-12-18 09:12:50,602] {local_task_job.py:151} INFO - Task exited with return code 0
