[2021-12-20 23:20:02,922] {taskinstance.py:876} INFO - Dependencies all met for <TaskInstance: rank_update.pull_from_git 2021-12-20T23:10:00+00:00 [queued]>
[2021-12-20 23:20:02,927] {taskinstance.py:876} INFO - Dependencies all met for <TaskInstance: rank_update.pull_from_git 2021-12-20T23:10:00+00:00 [queued]>
[2021-12-20 23:20:02,928] {taskinstance.py:1067} INFO - 
--------------------------------------------------------------------------------
[2021-12-20 23:20:02,928] {taskinstance.py:1068} INFO - Starting attempt 1 of 1
[2021-12-20 23:20:02,928] {taskinstance.py:1069} INFO - 
--------------------------------------------------------------------------------
[2021-12-20 23:20:02,934] {taskinstance.py:1087} INFO - Executing <Task(BashOperator): pull_from_git> on 2021-12-20T23:10:00+00:00
[2021-12-20 23:20:02,935] {standard_task_runner.py:52} INFO - Started process 77569 to run task
[2021-12-20 23:20:02,940] {standard_task_runner.py:76} INFO - Running: ['airflow', 'tasks', 'run', 'rank_update', 'pull_from_git', '2021-12-20T23:10:00+00:00', '--job-id', '803', '--pool', 'default_pool', '--raw', '--subdir', 'DAGS_FOLDER/rank_update.py', '--cfg-path', '/tmp/tmpl02sogas', '--error-file', '/tmp/tmpbqne17t8']
[2021-12-20 23:20:02,940] {standard_task_runner.py:77} INFO - Job 803: Subtask pull_from_git
[2021-12-20 23:20:02,975] {logging_mixin.py:104} INFO - Running <TaskInstance: rank_update.pull_from_git 2021-12-20T23:10:00+00:00 [running]> on host airflowvm
[2021-12-20 23:20:03,060] {taskinstance.py:1280} INFO - Exporting the following env vars:
AIRFLOW_CTX_DAG_OWNER=airflow
AIRFLOW_CTX_DAG_ID=rank_update
AIRFLOW_CTX_TASK_ID=pull_from_git
AIRFLOW_CTX_EXECUTION_DATE=2021-12-20T23:10:00+00:00
AIRFLOW_CTX_DAG_RUN_ID=scheduled__2021-12-20T23:10:00+00:00
[2021-12-20 23:20:03,060] {subprocess.py:52} INFO - Tmp dir root location: 
 /tmp
[2021-12-20 23:20:03,060] {subprocess.py:63} INFO - Running command: ['bash', '-c', 'git -C /home/airflow/AlgorithmStudy_211124 pull']
[2021-12-20 23:20:03,063] {subprocess.py:75} INFO - Output:
[2021-12-20 23:20:03,537] {subprocess.py:79} INFO - Already up to date.
[2021-12-20 23:20:03,538] {subprocess.py:83} INFO - Command exited with return code 0
[2021-12-20 23:20:03,566] {taskinstance.py:1184} INFO - Marking task as SUCCESS. dag_id=rank_update, task_id=pull_from_git, execution_date=20211220T231000, start_date=20211220T232002, end_date=20211220T232003
[2021-12-20 23:20:03,582] {taskinstance.py:1245} INFO - 1 downstream tasks scheduled from follow-on schedule check
[2021-12-20 23:20:03,597] {local_task_job.py:151} INFO - Task exited with return code 0
