[2021-12-20 09:40:02,549] {taskinstance.py:876} INFO - Dependencies all met for <TaskInstance: rank_update.pull_from_git 2021-12-20T09:30:00+00:00 [queued]>
[2021-12-20 09:40:02,554] {taskinstance.py:876} INFO - Dependencies all met for <TaskInstance: rank_update.pull_from_git 2021-12-20T09:30:00+00:00 [queued]>
[2021-12-20 09:40:02,554] {taskinstance.py:1067} INFO - 
--------------------------------------------------------------------------------
[2021-12-20 09:40:02,555] {taskinstance.py:1068} INFO - Starting attempt 1 of 1
[2021-12-20 09:40:02,555] {taskinstance.py:1069} INFO - 
--------------------------------------------------------------------------------
[2021-12-20 09:40:02,561] {taskinstance.py:1087} INFO - Executing <Task(BashOperator): pull_from_git> on 2021-12-20T09:30:00+00:00
[2021-12-20 09:40:02,562] {standard_task_runner.py:52} INFO - Started process 20683 to run task
[2021-12-20 09:40:02,567] {standard_task_runner.py:76} INFO - Running: ['airflow', 'tasks', 'run', 'rank_update', 'pull_from_git', '2021-12-20T09:30:00+00:00', '--job-id', '387', '--pool', 'default_pool', '--raw', '--subdir', 'DAGS_FOLDER/rank_update.py', '--cfg-path', '/tmp/tmpn2zr0a6o', '--error-file', '/tmp/tmpuvh_8_rt']
[2021-12-20 09:40:02,567] {standard_task_runner.py:77} INFO - Job 387: Subtask pull_from_git
[2021-12-20 09:40:02,603] {logging_mixin.py:104} INFO - Running <TaskInstance: rank_update.pull_from_git 2021-12-20T09:30:00+00:00 [running]> on host airflowvm
[2021-12-20 09:40:02,685] {taskinstance.py:1280} INFO - Exporting the following env vars:
AIRFLOW_CTX_DAG_OWNER=airflow
AIRFLOW_CTX_DAG_ID=rank_update
AIRFLOW_CTX_TASK_ID=pull_from_git
AIRFLOW_CTX_EXECUTION_DATE=2021-12-20T09:30:00+00:00
AIRFLOW_CTX_DAG_RUN_ID=scheduled__2021-12-20T09:30:00+00:00
[2021-12-20 09:40:02,685] {subprocess.py:52} INFO - Tmp dir root location: 
 /tmp
[2021-12-20 09:40:02,686] {subprocess.py:63} INFO - Running command: ['bash', '-c', 'git -C /home/airflow/AlgorithmStudy_211124 pull']
[2021-12-20 09:40:02,688] {subprocess.py:75} INFO - Output:
[2021-12-20 09:40:03,335] {subprocess.py:79} INFO - Already up to date.
[2021-12-20 09:40:03,336] {subprocess.py:83} INFO - Command exited with return code 0
[2021-12-20 09:40:03,366] {taskinstance.py:1184} INFO - Marking task as SUCCESS. dag_id=rank_update, task_id=pull_from_git, execution_date=20211220T093000, start_date=20211220T094002, end_date=20211220T094003
[2021-12-20 09:40:03,382] {taskinstance.py:1245} INFO - 1 downstream tasks scheduled from follow-on schedule check
[2021-12-20 09:40:03,425] {local_task_job.py:151} INFO - Task exited with return code 0
