[2021-12-18 11:00:21,635] {taskinstance.py:876} INFO - Dependencies all met for <TaskInstance: rank_update.make_indicator 2021-12-18T09:38:49.639023+00:00 [queued]>
[2021-12-18 11:00:21,640] {taskinstance.py:876} INFO - Dependencies all met for <TaskInstance: rank_update.make_indicator 2021-12-18T09:38:49.639023+00:00 [queued]>
[2021-12-18 11:00:21,641] {taskinstance.py:1067} INFO - 
--------------------------------------------------------------------------------
[2021-12-18 11:00:21,641] {taskinstance.py:1068} INFO - Starting attempt 3 of 3
[2021-12-18 11:00:21,641] {taskinstance.py:1069} INFO - 
--------------------------------------------------------------------------------
[2021-12-18 11:00:21,656] {taskinstance.py:1087} INFO - Executing <Task(BashOperator): make_indicator> on 2021-12-18T09:38:49.639023+00:00
[2021-12-18 11:00:21,665] {standard_task_runner.py:52} INFO - Started process 2086 to run task
[2021-12-18 11:00:21,691] {standard_task_runner.py:76} INFO - Running: ['airflow', 'tasks', 'run', 'rank_update', 'make_indicator', '2021-12-18T09:38:49.639023+00:00', '--job-id', '87', '--pool', 'default_pool', '--raw', '--subdir', 'DAGS_FOLDER/rank_update.py', '--cfg-path', '/tmp/tmpnzd07k8y', '--error-file', '/tmp/tmpjpkiy35e']
[2021-12-18 11:00:21,692] {standard_task_runner.py:77} INFO - Job 87: Subtask make_indicator
[2021-12-18 11:00:21,735] {logging_mixin.py:104} INFO - Running <TaskInstance: rank_update.make_indicator 2021-12-18T09:38:49.639023+00:00 [running]> on host airflowvm
[2021-12-18 11:00:21,828] {taskinstance.py:1280} INFO - Exporting the following env vars:
AIRFLOW_CTX_DAG_OWNER=airflow
AIRFLOW_CTX_DAG_ID=rank_update
AIRFLOW_CTX_TASK_ID=make_indicator
AIRFLOW_CTX_EXECUTION_DATE=2021-12-18T09:38:49.639023+00:00
AIRFLOW_CTX_DAG_RUN_ID=manual__2021-12-18T09:38:49.639023+00:00
[2021-12-18 11:00:21,829] {subprocess.py:52} INFO - Tmp dir root location: 
 /tmp
[2021-12-18 11:00:21,829] {subprocess.py:63} INFO - Running command: ['bash', '-c', 'python /home/airflow/parser4Study/multiple_parser.py "/home/airflow/AlgorithmStudy_211124/211221/"']
[2021-12-18 11:00:21,834] {subprocess.py:75} INFO - Output:
[2021-12-18 11:00:22,500] {subprocess.py:83} INFO - Command exited with return code 0
[2021-12-18 11:00:22,530] {taskinstance.py:1184} INFO - Marking task as SUCCESS. dag_id=rank_update, task_id=make_indicator, execution_date=20211218T093849, start_date=20211218T110021, end_date=20211218T110022
[2021-12-18 11:00:22,579] {taskinstance.py:1245} INFO - 1 downstream tasks scheduled from follow-on schedule check
[2021-12-18 11:00:22,619] {local_task_job.py:151} INFO - Task exited with return code 0
