[2021-12-21 00:00:19,799] {taskinstance.py:876} INFO - Dependencies all met for <TaskInstance: user_processing.storing_user 2021-12-20T00:00:00+00:00 [queued]>
[2021-12-21 00:00:19,804] {taskinstance.py:876} INFO - Dependencies all met for <TaskInstance: user_processing.storing_user 2021-12-20T00:00:00+00:00 [queued]>
[2021-12-21 00:00:19,804] {taskinstance.py:1067} INFO - 
--------------------------------------------------------------------------------
[2021-12-21 00:00:19,804] {taskinstance.py:1068} INFO - Starting attempt 1 of 1
[2021-12-21 00:00:19,804] {taskinstance.py:1069} INFO - 
--------------------------------------------------------------------------------
[2021-12-21 00:00:19,812] {taskinstance.py:1087} INFO - Executing <Task(BashOperator): storing_user> on 2021-12-20T00:00:00+00:00
[2021-12-21 00:00:19,813] {standard_task_runner.py:52} INFO - Started process 80104 to run task
[2021-12-21 00:00:19,817] {standard_task_runner.py:76} INFO - Running: ['airflow', 'tasks', 'run', 'user_processing', 'storing_user', '2021-12-20T00:00:00+00:00', '--job-id', '832', '--pool', 'default_pool', '--raw', '--subdir', 'DAGS_FOLDER/user_processing.py', '--cfg-path', '/tmp/tmpyhfpic5t', '--error-file', '/tmp/tmpqsiaqg4c']
[2021-12-21 00:00:19,818] {standard_task_runner.py:77} INFO - Job 832: Subtask storing_user
[2021-12-21 00:00:19,855] {logging_mixin.py:104} INFO - Running <TaskInstance: user_processing.storing_user 2021-12-20T00:00:00+00:00 [running]> on host airflowvm
[2021-12-21 00:00:19,894] {taskinstance.py:1280} INFO - Exporting the following env vars:
AIRFLOW_CTX_DAG_OWNER=airflow
AIRFLOW_CTX_DAG_ID=user_processing
AIRFLOW_CTX_TASK_ID=storing_user
AIRFLOW_CTX_EXECUTION_DATE=2021-12-20T00:00:00+00:00
AIRFLOW_CTX_DAG_RUN_ID=scheduled__2021-12-20T00:00:00+00:00
[2021-12-21 00:00:19,894] {subprocess.py:52} INFO - Tmp dir root location: 
 /tmp
[2021-12-21 00:00:19,894] {subprocess.py:63} INFO - Running command: ['bash', '-c', 'echo -e ".separator ","\n.import /tmp/processed_user.csv users" | sqlite3 /home/airflow/airflow/airflow.db']
[2021-12-21 00:00:19,898] {subprocess.py:75} INFO - Output:
[2021-12-21 00:00:19,910] {subprocess.py:83} INFO - Command exited with return code 0
[2021-12-21 00:00:19,922] {taskinstance.py:1184} INFO - Marking task as SUCCESS. dag_id=user_processing, task_id=storing_user, execution_date=20211220T000000, start_date=20211221T000019, end_date=20211221T000019
[2021-12-21 00:00:19,934] {taskinstance.py:1245} INFO - 0 downstream tasks scheduled from follow-on schedule check
[2021-12-21 00:00:19,949] {local_task_job.py:151} INFO - Task exited with return code 0
