[2021-12-22 05:00:08,496] {taskinstance.py:876} INFO - Dependencies all met for <TaskInstance: rank_update.git_add 2021-12-22T04:50:00+00:00 [queued]>
[2021-12-22 05:00:08,501] {taskinstance.py:876} INFO - Dependencies all met for <TaskInstance: rank_update.git_add 2021-12-22T04:50:00+00:00 [queued]>
[2021-12-22 05:00:08,501] {taskinstance.py:1067} INFO - 
--------------------------------------------------------------------------------
[2021-12-22 05:00:08,501] {taskinstance.py:1068} INFO - Starting attempt 1 of 1
[2021-12-22 05:00:08,501] {taskinstance.py:1069} INFO - 
--------------------------------------------------------------------------------
[2021-12-22 05:00:08,508] {taskinstance.py:1087} INFO - Executing <Task(BashOperator): git_add> on 2021-12-22T04:50:00+00:00
[2021-12-22 05:00:08,509] {standard_task_runner.py:52} INFO - Started process 187688 to run task
[2021-12-22 05:00:08,514] {standard_task_runner.py:76} INFO - Running: ['airflow', 'tasks', 'run', 'rank_update', 'git_add', '2021-12-22T04:50:00+00:00', '--job-id', '1707', '--pool', 'default_pool', '--raw', '--subdir', 'DAGS_FOLDER/rank_update.py', '--cfg-path', '/tmp/tmpv2_xo6d2', '--error-file', '/tmp/tmpe4dgfm39']
[2021-12-22 05:00:08,515] {standard_task_runner.py:77} INFO - Job 1707: Subtask git_add
[2021-12-22 05:00:08,552] {logging_mixin.py:104} INFO - Running <TaskInstance: rank_update.git_add 2021-12-22T04:50:00+00:00 [running]> on host airflowvm
[2021-12-22 05:00:08,638] {taskinstance.py:1280} INFO - Exporting the following env vars:
AIRFLOW_CTX_DAG_OWNER=airflow
AIRFLOW_CTX_DAG_ID=rank_update
AIRFLOW_CTX_TASK_ID=git_add
AIRFLOW_CTX_EXECUTION_DATE=2021-12-22T04:50:00+00:00
AIRFLOW_CTX_DAG_RUN_ID=scheduled__2021-12-22T04:50:00+00:00
[2021-12-22 05:00:08,638] {subprocess.py:52} INFO - Tmp dir root location: 
 /tmp
[2021-12-22 05:00:08,638] {subprocess.py:63} INFO - Running command: ['bash', '-c', 'git -C /home/airflow/AlgorithmStudy_211124/211228/ add rank.md']
[2021-12-22 05:00:08,641] {subprocess.py:75} INFO - Output:
[2021-12-22 05:00:08,644] {subprocess.py:83} INFO - Command exited with return code 0
[2021-12-22 05:00:08,656] {taskinstance.py:1184} INFO - Marking task as SUCCESS. dag_id=rank_update, task_id=git_add, execution_date=20211222T045000, start_date=20211222T050008, end_date=20211222T050008
[2021-12-22 05:00:08,672] {taskinstance.py:1245} INFO - 1 downstream tasks scheduled from follow-on schedule check
[2021-12-22 05:00:08,685] {local_task_job.py:151} INFO - Task exited with return code 0
