[2021-12-20 05:41:21,050] {taskinstance.py:876} INFO - Dependencies all met for <TaskInstance: user_processing.creating_table 2021-12-18T00:00:00+00:00 [queued]>
[2021-12-20 05:41:21,060] {taskinstance.py:876} INFO - Dependencies all met for <TaskInstance: user_processing.creating_table 2021-12-18T00:00:00+00:00 [queued]>
[2021-12-20 05:41:21,065] {taskinstance.py:1067} INFO - 
--------------------------------------------------------------------------------
[2021-12-20 05:41:21,065] {taskinstance.py:1068} INFO - Starting attempt 1 of 1
[2021-12-20 05:41:21,065] {taskinstance.py:1069} INFO - 
--------------------------------------------------------------------------------
[2021-12-20 05:41:21,086] {taskinstance.py:1087} INFO - Executing <Task(SqliteOperator): creating_table> on 2021-12-18T00:00:00+00:00
[2021-12-20 05:41:21,087] {standard_task_runner.py:52} INFO - Started process 35704 to run task
[2021-12-20 05:41:21,115] {standard_task_runner.py:76} INFO - Running: ['airflow', 'tasks', 'run', 'user_processing', 'creating_table', '2021-12-18T00:00:00+00:00', '--job-id', '231', '--pool', 'default_pool', '--raw', '--subdir', 'DAGS_FOLDER/user_processing.py', '--cfg-path', '/tmp/tmp42fip15z', '--error-file', '/tmp/tmp63_3i4l7']
[2021-12-20 05:41:21,117] {standard_task_runner.py:77} INFO - Job 231: Subtask creating_table
[2021-12-20 05:41:21,228] {logging_mixin.py:104} INFO - Running <TaskInstance: user_processing.creating_table 2021-12-18T00:00:00+00:00 [running]> on host airflowvm
[2021-12-20 05:41:21,304] {taskinstance.py:1280} INFO - Exporting the following env vars:
AIRFLOW_CTX_DAG_OWNER=airflow
AIRFLOW_CTX_DAG_ID=user_processing
AIRFLOW_CTX_TASK_ID=creating_table
AIRFLOW_CTX_EXECUTION_DATE=2021-12-18T00:00:00+00:00
AIRFLOW_CTX_DAG_RUN_ID=scheduled__2021-12-18T00:00:00+00:00
[2021-12-20 05:41:21,304] {sqlite.py:63} INFO - Executing: 
            CREATE TABLE IF NOT EXISTS users (
                firstname TEXT NOT NULL,
                lastname TEXT NOT NULL,
                country TEXT NOT NULL,
                username TEXT NOT NULL,
                password TEXT NOT NULL,
                email TEXT NOT NULL PRIMARY KEY
            );
        
[2021-12-20 05:41:21,321] {base.py:69} INFO - Using connection to: id: db_sqlite. Host: /home/airflow/airflow/airflow.db, Port: None, Schema: , Login: , Password: ***, extra: {}
[2021-12-20 05:41:21,334] {dbapi.py:204} INFO - Running statement: 
            CREATE TABLE IF NOT EXISTS users (
                firstname TEXT NOT NULL,
                lastname TEXT NOT NULL,
                country TEXT NOT NULL,
                username TEXT NOT NULL,
                password TEXT NOT NULL,
                email TEXT NOT NULL PRIMARY KEY
            );
        , parameters: []
[2021-12-20 05:41:21,345] {taskinstance.py:1184} INFO - Marking task as SUCCESS. dag_id=user_processing, task_id=creating_table, execution_date=20211218T000000, start_date=20211220T054121, end_date=20211220T054121
[2021-12-20 05:41:21,398] {taskinstance.py:1245} INFO - 1 downstream tasks scheduled from follow-on schedule check
[2021-12-20 05:41:21,404] {local_task_job.py:151} INFO - Task exited with return code 0
