[2021-12-21 08:50:04,310] {taskinstance.py:876} INFO - Dependencies all met for <TaskInstance: rank_update.make_indicator 2021-12-21T08:40:00+00:00 [queued]>
[2021-12-21 08:50:04,315] {taskinstance.py:876} INFO - Dependencies all met for <TaskInstance: rank_update.make_indicator 2021-12-21T08:40:00+00:00 [queued]>
[2021-12-21 08:50:04,316] {taskinstance.py:1067} INFO - 
--------------------------------------------------------------------------------
[2021-12-21 08:50:04,316] {taskinstance.py:1068} INFO - Starting attempt 1 of 1
[2021-12-21 08:50:04,316] {taskinstance.py:1069} INFO - 
--------------------------------------------------------------------------------
[2021-12-21 08:50:04,322] {taskinstance.py:1087} INFO - Executing <Task(BashOperator): make_indicator> on 2021-12-21T08:40:00+00:00
[2021-12-21 08:50:04,323] {standard_task_runner.py:52} INFO - Started process 113380 to run task
[2021-12-21 08:50:04,327] {standard_task_runner.py:76} INFO - Running: ['airflow', 'tasks', 'run', 'rank_update', 'make_indicator', '2021-12-21T08:40:00+00:00', '--job-id', '1094', '--pool', 'default_pool', '--raw', '--subdir', 'DAGS_FOLDER/rank_update.py', '--cfg-path', '/tmp/tmph34yuj3_', '--error-file', '/tmp/tmpjzgfh6mz']
[2021-12-21 08:50:04,328] {standard_task_runner.py:77} INFO - Job 1094: Subtask make_indicator
[2021-12-21 08:50:04,363] {logging_mixin.py:104} INFO - Running <TaskInstance: rank_update.make_indicator 2021-12-21T08:40:00+00:00 [running]> on host airflowvm
[2021-12-21 08:50:04,442] {taskinstance.py:1280} INFO - Exporting the following env vars:
AIRFLOW_CTX_DAG_OWNER=airflow
AIRFLOW_CTX_DAG_ID=rank_update
AIRFLOW_CTX_TASK_ID=make_indicator
AIRFLOW_CTX_EXECUTION_DATE=2021-12-21T08:40:00+00:00
AIRFLOW_CTX_DAG_RUN_ID=scheduled__2021-12-21T08:40:00+00:00
[2021-12-21 08:50:04,442] {subprocess.py:52} INFO - Tmp dir root location: 
 /tmp
[2021-12-21 08:50:04,443] {subprocess.py:63} INFO - Running command: ['bash', '-c', 'python3 /home/airflow/parser4Study/multiple_parser.py /home/airflow/AlgorithmStudy_211124/211221/']
[2021-12-21 08:50:04,445] {subprocess.py:75} INFO - Output:
[2021-12-21 08:50:04,917] {subprocess.py:83} INFO - Command exited with return code 0
[2021-12-21 08:50:04,929] {taskinstance.py:1184} INFO - Marking task as SUCCESS. dag_id=rank_update, task_id=make_indicator, execution_date=20211221T084000, start_date=20211221T085004, end_date=20211221T085004
[2021-12-21 08:50:04,946] {taskinstance.py:1245} INFO - 1 downstream tasks scheduled from follow-on schedule check
[2021-12-21 08:50:04,981] {local_task_job.py:151} INFO - Task exited with return code 0
