[2021-12-20 21:00:02,270] {taskinstance.py:876} INFO - Dependencies all met for <TaskInstance: rank_update.pull_from_git 2021-12-20T20:50:00+00:00 [queued]>
[2021-12-20 21:00:02,275] {taskinstance.py:876} INFO - Dependencies all met for <TaskInstance: rank_update.pull_from_git 2021-12-20T20:50:00+00:00 [queued]>
[2021-12-20 21:00:02,275] {taskinstance.py:1067} INFO - 
--------------------------------------------------------------------------------
[2021-12-20 21:00:02,275] {taskinstance.py:1068} INFO - Starting attempt 1 of 1
[2021-12-20 21:00:02,275] {taskinstance.py:1069} INFO - 
--------------------------------------------------------------------------------
[2021-12-20 21:00:02,282] {taskinstance.py:1087} INFO - Executing <Task(BashOperator): pull_from_git> on 2021-12-20T20:50:00+00:00
[2021-12-20 21:00:02,283] {standard_task_runner.py:52} INFO - Started process 68851 to run task
[2021-12-20 21:00:02,287] {standard_task_runner.py:76} INFO - Running: ['airflow', 'tasks', 'run', 'rank_update', 'pull_from_git', '2021-12-20T20:50:00+00:00', '--job-id', '733', '--pool', 'default_pool', '--raw', '--subdir', 'DAGS_FOLDER/rank_update.py', '--cfg-path', '/tmp/tmp856th0ti', '--error-file', '/tmp/tmpz2b45ahd']
[2021-12-20 21:00:02,288] {standard_task_runner.py:77} INFO - Job 733: Subtask pull_from_git
[2021-12-20 21:00:02,324] {logging_mixin.py:104} INFO - Running <TaskInstance: rank_update.pull_from_git 2021-12-20T20:50:00+00:00 [running]> on host airflowvm
[2021-12-20 21:00:02,399] {taskinstance.py:1280} INFO - Exporting the following env vars:
AIRFLOW_CTX_DAG_OWNER=airflow
AIRFLOW_CTX_DAG_ID=rank_update
AIRFLOW_CTX_TASK_ID=pull_from_git
AIRFLOW_CTX_EXECUTION_DATE=2021-12-20T20:50:00+00:00
AIRFLOW_CTX_DAG_RUN_ID=scheduled__2021-12-20T20:50:00+00:00
[2021-12-20 21:00:02,399] {subprocess.py:52} INFO - Tmp dir root location: 
 /tmp
[2021-12-20 21:00:02,399] {subprocess.py:63} INFO - Running command: ['bash', '-c', 'git -C /home/airflow/AlgorithmStudy_211124 pull']
[2021-12-20 21:00:02,402] {subprocess.py:75} INFO - Output:
[2021-12-20 21:00:04,124] {subprocess.py:79} INFO - Already up to date.
[2021-12-20 21:00:04,126] {subprocess.py:83} INFO - Command exited with return code 0
[2021-12-20 21:00:04,157] {taskinstance.py:1184} INFO - Marking task as SUCCESS. dag_id=rank_update, task_id=pull_from_git, execution_date=20211220T205000, start_date=20211220T210002, end_date=20211220T210004
[2021-12-20 21:00:04,173] {taskinstance.py:1245} INFO - 1 downstream tasks scheduled from follow-on schedule check
[2021-12-20 21:00:04,197] {local_task_job.py:151} INFO - Task exited with return code 0
