[2021-12-20 06:04:44,280] {taskinstance.py:876} INFO - Dependencies all met for <TaskInstance: rank_update.mv_indicator_to_repo 2021-12-20T05:50:00+00:00 [queued]>
[2021-12-20 06:04:44,285] {taskinstance.py:876} INFO - Dependencies all met for <TaskInstance: rank_update.mv_indicator_to_repo 2021-12-20T05:50:00+00:00 [queued]>
[2021-12-20 06:04:44,285] {taskinstance.py:1067} INFO - 
--------------------------------------------------------------------------------
[2021-12-20 06:04:44,285] {taskinstance.py:1068} INFO - Starting attempt 2 of 2
[2021-12-20 06:04:44,286] {taskinstance.py:1069} INFO - 
--------------------------------------------------------------------------------
[2021-12-20 06:04:44,293] {taskinstance.py:1087} INFO - Executing <Task(BashOperator): mv_indicator_to_repo> on 2021-12-20T05:50:00+00:00
[2021-12-20 06:04:44,294] {standard_task_runner.py:52} INFO - Started process 4480 to run task
[2021-12-20 06:04:44,299] {standard_task_runner.py:76} INFO - Running: ['airflow', 'tasks', 'run', 'rank_update', 'mv_indicator_to_repo', '2021-12-20T05:50:00+00:00', '--job-id', '263', '--pool', 'default_pool', '--raw', '--subdir', 'DAGS_FOLDER/rank_update.py', '--cfg-path', '/tmp/tmp5z76yweh', '--error-file', '/tmp/tmp_q9mwjyb']
[2021-12-20 06:04:44,299] {standard_task_runner.py:77} INFO - Job 263: Subtask mv_indicator_to_repo
[2021-12-20 06:04:44,339] {logging_mixin.py:104} INFO - Running <TaskInstance: rank_update.mv_indicator_to_repo 2021-12-20T05:50:00+00:00 [running]> on host airflowvm
[2021-12-20 06:04:44,416] {taskinstance.py:1280} INFO - Exporting the following env vars:
AIRFLOW_CTX_DAG_OWNER=airflow
AIRFLOW_CTX_DAG_ID=rank_update
AIRFLOW_CTX_TASK_ID=mv_indicator_to_repo
AIRFLOW_CTX_EXECUTION_DATE=2021-12-20T05:50:00+00:00
AIRFLOW_CTX_DAG_RUN_ID=scheduled__2021-12-20T05:50:00+00:00
[2021-12-20 06:04:44,416] {subprocess.py:52} INFO - Tmp dir root location: 
 /tmp
[2021-12-20 06:04:44,416] {subprocess.py:63} INFO - Running command: ['bash', '-c', 'mv /tmp/result/html/rank.html /home/airflow/AlgorithmStudy_211124/211221/rank.md']
[2021-12-20 06:04:44,419] {subprocess.py:75} INFO - Output:
[2021-12-20 06:04:44,422] {subprocess.py:83} INFO - Command exited with return code 0
[2021-12-20 06:04:44,434] {taskinstance.py:1184} INFO - Marking task as SUCCESS. dag_id=rank_update, task_id=mv_indicator_to_repo, execution_date=20211220T055000, start_date=20211220T060444, end_date=20211220T060444
[2021-12-20 06:04:44,450] {taskinstance.py:1245} INFO - 1 downstream tasks scheduled from follow-on schedule check
[2021-12-20 06:04:44,470] {local_task_job.py:151} INFO - Task exited with return code 0
