[2021-12-18 09:13:04,783] {taskinstance.py:876} INFO - Dependencies all met for <TaskInstance: rank_update.mv_indicator_to_repo 2021-12-18T09:03:37.133567+00:00 [queued]>
[2021-12-18 09:13:04,807] {taskinstance.py:876} INFO - Dependencies all met for <TaskInstance: rank_update.mv_indicator_to_repo 2021-12-18T09:03:37.133567+00:00 [queued]>
[2021-12-18 09:13:04,814] {taskinstance.py:1067} INFO - 
--------------------------------------------------------------------------------
[2021-12-18 09:13:04,815] {taskinstance.py:1068} INFO - Starting attempt 2 of 2
[2021-12-18 09:13:04,815] {taskinstance.py:1069} INFO - 
--------------------------------------------------------------------------------
[2021-12-18 09:13:04,845] {taskinstance.py:1087} INFO - Executing <Task(BashOperator): mv_indicator_to_repo> on 2021-12-18T09:03:37.133567+00:00
[2021-12-18 09:13:04,848] {standard_task_runner.py:52} INFO - Started process 85817 to run task
[2021-12-18 09:13:04,859] {standard_task_runner.py:76} INFO - Running: ['airflow', 'tasks', 'run', 'rank_update', 'mv_indicator_to_repo', '2021-12-18T09:03:37.133567+00:00', '--job-id', '59', '--pool', 'default_pool', '--raw', '--subdir', 'DAGS_FOLDER/rank_update.py', '--cfg-path', '/tmp/tmpgcww6syu', '--error-file', '/tmp/tmp2c2h6487']
[2021-12-18 09:13:04,861] {standard_task_runner.py:77} INFO - Job 59: Subtask mv_indicator_to_repo
[2021-12-18 09:13:04,927] {logging_mixin.py:104} INFO - Running <TaskInstance: rank_update.mv_indicator_to_repo 2021-12-18T09:03:37.133567+00:00 [running]> on host airflowvm
[2021-12-18 09:13:05,169] {taskinstance.py:1280} INFO - Exporting the following env vars:
AIRFLOW_CTX_DAG_OWNER=airflow
AIRFLOW_CTX_DAG_ID=rank_update
AIRFLOW_CTX_TASK_ID=mv_indicator_to_repo
AIRFLOW_CTX_EXECUTION_DATE=2021-12-18T09:03:37.133567+00:00
AIRFLOW_CTX_DAG_RUN_ID=manual__2021-12-18T09:03:37.133567+00:00
[2021-12-18 09:13:05,170] {subprocess.py:52} INFO - Tmp dir root location: 
 /tmp
[2021-12-18 09:13:05,171] {subprocess.py:63} INFO - Running command: ['bash', '-c', 'mv /home/airflow/airflow/result/html/20211218.html /home/airflow/Test/rank.md']
[2021-12-18 09:13:05,185] {subprocess.py:75} INFO - Output:
[2021-12-18 09:13:05,196] {subprocess.py:83} INFO - Command exited with return code 0
[2021-12-18 09:13:05,227] {taskinstance.py:1184} INFO - Marking task as SUCCESS. dag_id=rank_update, task_id=mv_indicator_to_repo, execution_date=20211218T090337, start_date=20211218T091304, end_date=20211218T091305
[2021-12-18 09:13:05,304] {taskinstance.py:1245} INFO - 1 downstream tasks scheduled from follow-on schedule check
[2021-12-18 09:13:05,314] {local_task_job.py:151} INFO - Task exited with return code 0
