[2021-12-20 09:15:59,520] {taskinstance.py:876} INFO - Dependencies all met for <TaskInstance: rank_update.pull_from_git 2021-12-20T09:15:57.142463+00:00 [queued]>
[2021-12-20 09:15:59,525] {taskinstance.py:876} INFO - Dependencies all met for <TaskInstance: rank_update.pull_from_git 2021-12-20T09:15:57.142463+00:00 [queued]>
[2021-12-20 09:15:59,525] {taskinstance.py:1067} INFO - 
--------------------------------------------------------------------------------
[2021-12-20 09:15:59,525] {taskinstance.py:1068} INFO - Starting attempt 1 of 1
[2021-12-20 09:15:59,525] {taskinstance.py:1069} INFO - 
--------------------------------------------------------------------------------
[2021-12-20 09:15:59,532] {taskinstance.py:1087} INFO - Executing <Task(BashOperator): pull_from_git> on 2021-12-20T09:15:57.142463+00:00
[2021-12-20 09:15:59,533] {standard_task_runner.py:52} INFO - Started process 18924 to run task
[2021-12-20 09:15:59,537] {standard_task_runner.py:76} INFO - Running: ['airflow', 'tasks', 'run', 'rank_update', 'pull_from_git', '2021-12-20T09:15:57.142463+00:00', '--job-id', '371', '--pool', 'default_pool', '--raw', '--subdir', 'DAGS_FOLDER/rank_update.py', '--cfg-path', '/tmp/tmp7gvdcqic', '--error-file', '/tmp/tmpkknaf434']
[2021-12-20 09:15:59,537] {standard_task_runner.py:77} INFO - Job 371: Subtask pull_from_git
[2021-12-20 09:15:59,571] {logging_mixin.py:104} INFO - Running <TaskInstance: rank_update.pull_from_git 2021-12-20T09:15:57.142463+00:00 [running]> on host airflowvm
[2021-12-20 09:15:59,644] {taskinstance.py:1280} INFO - Exporting the following env vars:
AIRFLOW_CTX_DAG_OWNER=airflow
AIRFLOW_CTX_DAG_ID=rank_update
AIRFLOW_CTX_TASK_ID=pull_from_git
AIRFLOW_CTX_EXECUTION_DATE=2021-12-20T09:15:57.142463+00:00
AIRFLOW_CTX_DAG_RUN_ID=manual__2021-12-20T09:15:57.142463+00:00
[2021-12-20 09:15:59,644] {subprocess.py:52} INFO - Tmp dir root location: 
 /tmp
[2021-12-20 09:15:59,644] {subprocess.py:63} INFO - Running command: ['bash', '-c', 'git -C /home/airflow/AlgorithmStudy_211124 pull']
[2021-12-20 09:15:59,647] {subprocess.py:75} INFO - Output:
[2021-12-20 09:16:00,213] {subprocess.py:79} INFO - From https://github.com/nicework-jin/AlgorithmStudy_211124
[2021-12-20 09:16:00,213] {subprocess.py:79} INFO -    6c9e381..fbae2b1  main       -> origin/main
[2021-12-20 09:16:00,227] {subprocess.py:79} INFO - Merge made by the 'recursive' strategy.
[2021-12-20 09:16:00,229] {subprocess.py:79} INFO -  ...104\353\270\224\353\241\235_\354\235\264\354\204\261\354\247\204.py" | 2 +-
[2021-12-20 09:16:00,229] {subprocess.py:79} INFO -  1 file changed, 1 insertion(+), 1 deletion(-)
[2021-12-20 09:16:00,229] {subprocess.py:83} INFO - Command exited with return code 0
[2021-12-20 09:16:00,250] {taskinstance.py:1184} INFO - Marking task as SUCCESS. dag_id=rank_update, task_id=pull_from_git, execution_date=20211220T091557, start_date=20211220T091559, end_date=20211220T091600
[2021-12-20 09:16:00,272] {taskinstance.py:1245} INFO - 1 downstream tasks scheduled from follow-on schedule check
[2021-12-20 09:16:00,316] {local_task_job.py:151} INFO - Task exited with return code 0
