[2021-12-20 21:00:09,045] {taskinstance.py:876} INFO - Dependencies all met for <TaskInstance: rank_update.git_add 2021-12-20T20:50:00+00:00 [queued]>
[2021-12-20 21:00:09,054] {taskinstance.py:876} INFO - Dependencies all met for <TaskInstance: rank_update.git_add 2021-12-20T20:50:00+00:00 [queued]>
[2021-12-20 21:00:09,055] {taskinstance.py:1067} INFO - 
--------------------------------------------------------------------------------
[2021-12-20 21:00:09,055] {taskinstance.py:1068} INFO - Starting attempt 1 of 1
[2021-12-20 21:00:09,055] {taskinstance.py:1069} INFO - 
--------------------------------------------------------------------------------
[2021-12-20 21:00:09,064] {taskinstance.py:1087} INFO - Executing <Task(BashOperator): git_add> on 2021-12-20T20:50:00+00:00
[2021-12-20 21:00:09,065] {standard_task_runner.py:52} INFO - Started process 68873 to run task
[2021-12-20 21:00:09,070] {standard_task_runner.py:76} INFO - Running: ['airflow', 'tasks', 'run', 'rank_update', 'git_add', '2021-12-20T20:50:00+00:00', '--job-id', '736', '--pool', 'default_pool', '--raw', '--subdir', 'DAGS_FOLDER/rank_update.py', '--cfg-path', '/tmp/tmpjz0_z72p', '--error-file', '/tmp/tmpeur1zgk8']
[2021-12-20 21:00:09,071] {standard_task_runner.py:77} INFO - Job 736: Subtask git_add
[2021-12-20 21:00:09,108] {logging_mixin.py:104} INFO - Running <TaskInstance: rank_update.git_add 2021-12-20T20:50:00+00:00 [running]> on host airflowvm
[2021-12-20 21:00:09,183] {taskinstance.py:1280} INFO - Exporting the following env vars:
AIRFLOW_CTX_DAG_OWNER=airflow
AIRFLOW_CTX_DAG_ID=rank_update
AIRFLOW_CTX_TASK_ID=git_add
AIRFLOW_CTX_EXECUTION_DATE=2021-12-20T20:50:00+00:00
AIRFLOW_CTX_DAG_RUN_ID=scheduled__2021-12-20T20:50:00+00:00
[2021-12-20 21:00:09,184] {subprocess.py:52} INFO - Tmp dir root location: 
 /tmp
[2021-12-20 21:00:09,184] {subprocess.py:63} INFO - Running command: ['bash', '-c', 'git -C /home/airflow/AlgorithmStudy_211124/211221/ add rank.md']
[2021-12-20 21:00:09,187] {subprocess.py:75} INFO - Output:
[2021-12-20 21:00:09,189] {subprocess.py:83} INFO - Command exited with return code 0
[2021-12-20 21:00:09,201] {taskinstance.py:1184} INFO - Marking task as SUCCESS. dag_id=rank_update, task_id=git_add, execution_date=20211220T205000, start_date=20211220T210009, end_date=20211220T210009
[2021-12-20 21:00:09,217] {taskinstance.py:1245} INFO - 1 downstream tasks scheduled from follow-on schedule check
[2021-12-20 21:00:09,242] {local_task_job.py:151} INFO - Task exited with return code 0
