[2021-12-18 17:08:06,503] {taskinstance.py:876} INFO - Dependencies all met for <TaskInstance: rank_update.make_indicator 2021-12-18T17:07:00+00:00 [queued]>
[2021-12-18 17:08:06,508] {taskinstance.py:876} INFO - Dependencies all met for <TaskInstance: rank_update.make_indicator 2021-12-18T17:07:00+00:00 [queued]>
[2021-12-18 17:08:06,508] {taskinstance.py:1067} INFO - 
--------------------------------------------------------------------------------
[2021-12-18 17:08:06,508] {taskinstance.py:1068} INFO - Starting attempt 1 of 1
[2021-12-18 17:08:06,509] {taskinstance.py:1069} INFO - 
--------------------------------------------------------------------------------
[2021-12-18 17:08:06,522] {taskinstance.py:1087} INFO - Executing <Task(BashOperator): make_indicator> on 2021-12-18T17:07:00+00:00
[2021-12-18 17:08:06,523] {standard_task_runner.py:52} INFO - Started process 13478 to run task
[2021-12-18 17:08:06,529] {standard_task_runner.py:76} INFO - Running: ['airflow', 'tasks', 'run', 'rank_update', 'make_indicator', '2021-12-18T17:07:00+00:00', '--job-id', '186', '--pool', 'default_pool', '--raw', '--subdir', 'DAGS_FOLDER/rank_update.py', '--cfg-path', '/tmp/tmpx6m9x22x', '--error-file', '/tmp/tmpvs22y5fz']
[2021-12-18 17:08:06,531] {standard_task_runner.py:77} INFO - Job 186: Subtask make_indicator
[2021-12-18 17:08:06,574] {logging_mixin.py:104} INFO - Running <TaskInstance: rank_update.make_indicator 2021-12-18T17:07:00+00:00 [running]> on host airflowvm
[2021-12-18 17:08:06,663] {taskinstance.py:1280} INFO - Exporting the following env vars:
AIRFLOW_CTX_DAG_OWNER=airflow
AIRFLOW_CTX_DAG_ID=rank_update
AIRFLOW_CTX_TASK_ID=make_indicator
AIRFLOW_CTX_EXECUTION_DATE=2021-12-18T17:07:00+00:00
AIRFLOW_CTX_DAG_RUN_ID=scheduled__2021-12-18T17:07:00+00:00
[2021-12-18 17:08:06,664] {subprocess.py:52} INFO - Tmp dir root location: 
 /tmp
[2021-12-18 17:08:06,665] {subprocess.py:63} INFO - Running command: ['bash', '-c', 'python3 /home/airflow/parser4Study/multiple_parser.py /home/airflow/AlgorithmStudy_211124/211221/']
[2021-12-18 17:08:06,668] {subprocess.py:75} INFO - Output:
[2021-12-18 17:08:07,349] {subprocess.py:83} INFO - Command exited with return code 0
[2021-12-18 17:08:07,384] {taskinstance.py:1184} INFO - Marking task as SUCCESS. dag_id=rank_update, task_id=make_indicator, execution_date=20211218T170700, start_date=20211218T170806, end_date=20211218T170807
[2021-12-18 17:08:07,428] {taskinstance.py:1245} INFO - 1 downstream tasks scheduled from follow-on schedule check
[2021-12-18 17:08:07,468] {local_task_job.py:151} INFO - Task exited with return code 0
