[2021-12-20 05:47:47,961] {taskinstance.py:876} INFO - Dependencies all met for <TaskInstance: rank_update.git_push 2021-12-20T05:30:00+00:00 [queued]>
[2021-12-20 05:47:47,969] {taskinstance.py:876} INFO - Dependencies all met for <TaskInstance: rank_update.git_push 2021-12-20T05:30:00+00:00 [queued]>
[2021-12-20 05:47:47,969] {taskinstance.py:1067} INFO - 
--------------------------------------------------------------------------------
[2021-12-20 05:47:47,969] {taskinstance.py:1068} INFO - Starting attempt 1 of 1
[2021-12-20 05:47:47,970] {taskinstance.py:1069} INFO - 
--------------------------------------------------------------------------------
[2021-12-20 05:47:47,982] {taskinstance.py:1087} INFO - Executing <Task(BashOperator): git_push> on 2021-12-20T05:30:00+00:00
[2021-12-20 05:47:47,984] {standard_task_runner.py:52} INFO - Started process 1497 to run task
[2021-12-20 05:47:47,993] {standard_task_runner.py:76} INFO - Running: ['airflow', 'tasks', 'run', 'rank_update', 'git_push', '2021-12-20T05:30:00+00:00', '--job-id', '247', '--pool', 'default_pool', '--raw', '--subdir', 'DAGS_FOLDER/rank_update.py', '--cfg-path', '/tmp/tmpryxdgxt2', '--error-file', '/tmp/tmp1vdfb4x4']
[2021-12-20 05:47:47,993] {standard_task_runner.py:77} INFO - Job 247: Subtask git_push
[2021-12-20 05:47:48,047] {logging_mixin.py:104} INFO - Running <TaskInstance: rank_update.git_push 2021-12-20T05:30:00+00:00 [running]> on host airflowvm
[2021-12-20 05:47:48,147] {taskinstance.py:1280} INFO - Exporting the following env vars:
AIRFLOW_CTX_DAG_OWNER=airflow
AIRFLOW_CTX_DAG_ID=rank_update
AIRFLOW_CTX_TASK_ID=git_push
AIRFLOW_CTX_EXECUTION_DATE=2021-12-20T05:30:00+00:00
AIRFLOW_CTX_DAG_RUN_ID=scheduled__2021-12-20T05:30:00+00:00
[2021-12-20 05:47:48,147] {subprocess.py:52} INFO - Tmp dir root location: 
 /tmp
[2021-12-20 05:47:48,148] {subprocess.py:63} INFO - Running command: ['bash', '-c', 'git -C /home/airflow/AlgorithmStudy_211124 push']
[2021-12-20 05:47:48,150] {subprocess.py:75} INFO - Output:
[2021-12-20 05:47:48,468] {subprocess.py:79} INFO - fatal: could not read Username for 'https://github.com': No such device or address
[2021-12-20 05:47:48,475] {subprocess.py:83} INFO - Command exited with return code 128
[2021-12-20 05:47:48,489] {taskinstance.py:1481} ERROR - Task failed with exception
Traceback (most recent call last):
  File "/home/airflow/sandbox/lib/python3.8/site-packages/airflow/models/taskinstance.py", line 1137, in _run_raw_task
    self._prepare_and_execute_task_with_callbacks(context, task)
  File "/home/airflow/sandbox/lib/python3.8/site-packages/airflow/models/taskinstance.py", line 1311, in _prepare_and_execute_task_with_callbacks
    result = self._execute_task(context, task_copy)
  File "/home/airflow/sandbox/lib/python3.8/site-packages/airflow/models/taskinstance.py", line 1341, in _execute_task
    result = task_copy.execute(context=context)
  File "/home/airflow/sandbox/lib/python3.8/site-packages/airflow/operators/bash.py", line 180, in execute
    raise AirflowException('Bash command failed. The command returned a non-zero exit code.')
airflow.exceptions.AirflowException: Bash command failed. The command returned a non-zero exit code.
[2021-12-20 05:47:48,493] {taskinstance.py:1524} INFO - Marking task as FAILED. dag_id=rank_update, task_id=git_push, execution_date=20211220T053000, start_date=20211220T054747, end_date=20211220T054748
[2021-12-20 05:47:48,530] {local_task_job.py:151} INFO - Task exited with return code 1
