[2021-12-21 22:20:06,612] {taskinstance.py:876} INFO - Dependencies all met for <TaskInstance: rank_update.mv_indicator_to_repo 2021-12-21T22:10:00+00:00 [queued]>
[2021-12-21 22:20:06,618] {taskinstance.py:876} INFO - Dependencies all met for <TaskInstance: rank_update.mv_indicator_to_repo 2021-12-21T22:10:00+00:00 [queued]>
[2021-12-21 22:20:06,618] {taskinstance.py:1067} INFO - 
--------------------------------------------------------------------------------
[2021-12-21 22:20:06,618] {taskinstance.py:1068} INFO - Starting attempt 1 of 1
[2021-12-21 22:20:06,618] {taskinstance.py:1069} INFO - 
--------------------------------------------------------------------------------
[2021-12-21 22:20:06,625] {taskinstance.py:1087} INFO - Executing <Task(BashOperator): mv_indicator_to_repo> on 2021-12-21T22:10:00+00:00
[2021-12-21 22:20:06,626] {standard_task_runner.py:52} INFO - Started process 163463 to run task
[2021-12-21 22:20:06,631] {standard_task_runner.py:76} INFO - Running: ['airflow', 'tasks', 'run', 'rank_update', 'mv_indicator_to_repo', '2021-12-21T22:10:00+00:00', '--job-id', '1500', '--pool', 'default_pool', '--raw', '--subdir', 'DAGS_FOLDER/rank_update.py', '--cfg-path', '/tmp/tmpus7612py', '--error-file', '/tmp/tmpsq8rynfy']
[2021-12-21 22:20:06,631] {standard_task_runner.py:77} INFO - Job 1500: Subtask mv_indicator_to_repo
[2021-12-21 22:20:06,667] {logging_mixin.py:104} INFO - Running <TaskInstance: rank_update.mv_indicator_to_repo 2021-12-21T22:10:00+00:00 [running]> on host airflowvm
[2021-12-21 22:20:06,785] {taskinstance.py:1280} INFO - Exporting the following env vars:
AIRFLOW_CTX_DAG_OWNER=airflow
AIRFLOW_CTX_DAG_ID=rank_update
AIRFLOW_CTX_TASK_ID=mv_indicator_to_repo
AIRFLOW_CTX_EXECUTION_DATE=2021-12-21T22:10:00+00:00
AIRFLOW_CTX_DAG_RUN_ID=scheduled__2021-12-21T22:10:00+00:00
[2021-12-21 22:20:06,786] {subprocess.py:52} INFO - Tmp dir root location: 
 /tmp
[2021-12-21 22:20:06,786] {subprocess.py:63} INFO - Running command: ['bash', '-c', 'mv /tmp/result/html/rank.html /home/airflow/AlgorithmStudy_211124/211221/rank.md']
[2021-12-21 22:20:06,789] {subprocess.py:75} INFO - Output:
[2021-12-21 22:20:06,791] {subprocess.py:83} INFO - Command exited with return code 0
[2021-12-21 22:20:06,803] {taskinstance.py:1184} INFO - Marking task as SUCCESS. dag_id=rank_update, task_id=mv_indicator_to_repo, execution_date=20211221T221000, start_date=20211221T222006, end_date=20211221T222006
[2021-12-21 22:20:06,819] {taskinstance.py:1245} INFO - 1 downstream tasks scheduled from follow-on schedule check
[2021-12-21 22:20:06,842] {local_task_job.py:151} INFO - Task exited with return code 0
