[2021-12-18 16:11:34,173] {taskinstance.py:876} INFO - Dependencies all met for <TaskInstance: rank_update.pull_from_git 2021-12-18T16:09:43.600276+00:00 [queued]>
[2021-12-18 16:11:34,186] {taskinstance.py:876} INFO - Dependencies all met for <TaskInstance: rank_update.pull_from_git 2021-12-18T16:09:43.600276+00:00 [queued]>
[2021-12-18 16:11:34,187] {taskinstance.py:1067} INFO - 
--------------------------------------------------------------------------------
[2021-12-18 16:11:34,187] {taskinstance.py:1068} INFO - Starting attempt 2 of 2
[2021-12-18 16:11:34,187] {taskinstance.py:1069} INFO - 
--------------------------------------------------------------------------------
[2021-12-18 16:11:34,204] {taskinstance.py:1087} INFO - Executing <Task(BashOperator): pull_from_git> on 2021-12-18T16:09:43.600276+00:00
[2021-12-18 16:11:34,205] {standard_task_runner.py:52} INFO - Started process 4379 to run task
[2021-12-18 16:11:34,217] {standard_task_runner.py:76} INFO - Running: ['airflow', 'tasks', 'run', 'rank_update', 'pull_from_git', '2021-12-18T16:09:43.600276+00:00', '--job-id', '138', '--pool', 'default_pool', '--raw', '--subdir', 'DAGS_FOLDER/rank_update.py', '--cfg-path', '/tmp/tmpjt4fg1ab', '--error-file', '/tmp/tmpoa9wf9ao']
[2021-12-18 16:11:34,218] {standard_task_runner.py:77} INFO - Job 138: Subtask pull_from_git
[2021-12-18 16:11:34,291] {logging_mixin.py:104} INFO - Running <TaskInstance: rank_update.pull_from_git 2021-12-18T16:09:43.600276+00:00 [running]> on host airflowvm
[2021-12-18 16:11:34,451] {taskinstance.py:1280} INFO - Exporting the following env vars:
AIRFLOW_CTX_DAG_OWNER=airflow
AIRFLOW_CTX_DAG_ID=rank_update
AIRFLOW_CTX_TASK_ID=pull_from_git
AIRFLOW_CTX_EXECUTION_DATE=2021-12-18T16:09:43.600276+00:00
AIRFLOW_CTX_DAG_RUN_ID=manual__2021-12-18T16:09:43.600276+00:00
[2021-12-18 16:11:34,452] {subprocess.py:52} INFO - Tmp dir root location: 
 /tmp
[2021-12-18 16:11:34,453] {subprocess.py:63} INFO - Running command: ['bash', '-c', 'git -C /home/airflow/AlgorithmStudy_211124 pull']
[2021-12-18 16:11:34,465] {subprocess.py:75} INFO - Output:
[2021-12-18 16:11:34,835] {subprocess.py:79} INFO - Already up to date.
[2021-12-18 16:11:34,836] {subprocess.py:83} INFO - Command exited with return code 0
[2021-12-18 16:11:34,870] {taskinstance.py:1184} INFO - Marking task as SUCCESS. dag_id=rank_update, task_id=pull_from_git, execution_date=20211218T160943, start_date=20211218T161134, end_date=20211218T161134
[2021-12-18 16:11:34,928] {taskinstance.py:1245} INFO - 1 downstream tasks scheduled from follow-on schedule check
[2021-12-18 16:11:34,946] {local_task_job.py:151} INFO - Task exited with return code 0
