[2021-12-18 17:50:15,193] {taskinstance.py:876} INFO - Dependencies all met for <TaskInstance: rank_update.git_commit 2021-12-18T17:40:00+00:00 [queued]>
[2021-12-18 17:50:15,200] {taskinstance.py:876} INFO - Dependencies all met for <TaskInstance: rank_update.git_commit 2021-12-18T17:40:00+00:00 [queued]>
[2021-12-18 17:50:15,200] {taskinstance.py:1067} INFO - 
--------------------------------------------------------------------------------
[2021-12-18 17:50:15,200] {taskinstance.py:1068} INFO - Starting attempt 1 of 1
[2021-12-18 17:50:15,200] {taskinstance.py:1069} INFO - 
--------------------------------------------------------------------------------
[2021-12-18 17:50:15,213] {taskinstance.py:1087} INFO - Executing <Task(BashOperator): git_commit> on 2021-12-18T17:40:00+00:00
[2021-12-18 17:50:15,214] {standard_task_runner.py:52} INFO - Started process 22350 to run task
[2021-12-18 17:50:15,220] {standard_task_runner.py:76} INFO - Running: ['airflow', 'tasks', 'run', 'rank_update', 'git_commit', '2021-12-18T17:40:00+00:00', '--job-id', '223', '--pool', 'default_pool', '--raw', '--subdir', 'DAGS_FOLDER/rank_update.py', '--cfg-path', '/tmp/tmp7q6894gr', '--error-file', '/tmp/tmpwlnvjsrp']
[2021-12-18 17:50:15,220] {standard_task_runner.py:77} INFO - Job 223: Subtask git_commit
[2021-12-18 17:50:15,265] {logging_mixin.py:104} INFO - Running <TaskInstance: rank_update.git_commit 2021-12-18T17:40:00+00:00 [running]> on host airflowvm
[2021-12-18 17:50:15,369] {taskinstance.py:1280} INFO - Exporting the following env vars:
AIRFLOW_CTX_DAG_OWNER=airflow
AIRFLOW_CTX_DAG_ID=rank_update
AIRFLOW_CTX_TASK_ID=git_commit
AIRFLOW_CTX_EXECUTION_DATE=2021-12-18T17:40:00+00:00
AIRFLOW_CTX_DAG_RUN_ID=scheduled__2021-12-18T17:40:00+00:00
[2021-12-18 17:50:15,370] {subprocess.py:52} INFO - Tmp dir root location: 
 /tmp
[2021-12-18 17:50:15,371] {subprocess.py:63} INFO - Running command: ['bash', '-c', 'git --git-dir=/home/airflow/AlgorithmStudy_211124/.git/ --work-tree=/home/airflow/AlgorithmStudy_211124/.git/ commit -m "Auto-update for rank"']
[2021-12-18 17:50:15,374] {subprocess.py:75} INFO - Output:
[2021-12-18 17:50:15,378] {subprocess.py:79} INFO - On branch main
[2021-12-18 17:50:15,378] {subprocess.py:79} INFO - Your branch is ahead of 'origin/main' by 1 commit.
[2021-12-18 17:50:15,378] {subprocess.py:79} INFO -   (use "git push" to publish your local commits)
[2021-12-18 17:50:15,378] {subprocess.py:79} INFO - 
[2021-12-18 17:50:15,378] {subprocess.py:79} INFO - Changes not staged for commit:
[2021-12-18 17:50:15,378] {subprocess.py:79} INFO -   (use "git add/rm <file>..." to update what will be committed)
[2021-12-18 17:50:15,378] {subprocess.py:79} INFO -   (use "git restore <file>..." to discard changes in working directory)
[2021-12-18 17:50:15,378] {subprocess.py:79} INFO - 	deleted:    "211130/H-Index_\354\235\264\354\204\261\354\247\204.py"
[2021-12-18 17:50:15,378] {subprocess.py:79} INFO - 	deleted:    "211130/H-index_\353\260\225\354\210\230\355\230\204.py"
[2021-12-18 17:50:15,378] {subprocess.py:79} INFO - 	deleted:    "211130/k\353\262\210\354\247\270\354\210\230_\353\260\225\354\210\230\355\230\204.py"
[2021-12-18 17:50:15,378] {subprocess.py:79} INFO - 	deleted:    "211130/k\353\262\210\354\247\270\354\210\230_\354\235\264\354\204\261\354\247\204.py"
[2021-12-18 17:50:15,378] {subprocess.py:79} INFO - 	deleted:    "211130/\352\260\200\354\236\245 \355\201\260 \354\210\230_\353\260\225\354\210\230\355\230\204.py"
[2021-12-18 17:50:15,378] {subprocess.py:79} INFO - 	deleted:    "211130/\352\260\200\354\236\245 \355\201\260 \354\210\230_\354\235\264\354\204\261\354\247\204.py"
[2021-12-18 17:50:15,378] {subprocess.py:79} INFO - 	deleted:    "211130/\352\270\260\353\212\245\352\260\234\353\260\234_\353\260\225\354\210\230\355\230\204.py"
[2021-12-18 17:50:15,379] {subprocess.py:79} INFO - 	deleted:    "211130/\352\270\260\353\212\245\352\260\234\353\260\234_\354\235\264\354\204\261\354\247\204.py"
[2021-12-18 17:50:15,379] {subprocess.py:79} INFO - 	deleted:    "211130/\353\213\244\353\246\254\353\245\274 \354\247\200\353\202\230\353\212\224 \355\212\270\353\237\255_\353\260\225\354\210\230\355\230\204.py"
[2021-12-18 17:50:15,379] {subprocess.py:79} INFO - 	deleted:    "211130/\353\213\244\353\246\254\353\245\274 \354\247\200\353\202\230\353\212\224 \355\212\270\353\237\255_\354\235\264\354\204\261\354\247\204.py"
[2021-12-18 17:50:15,379] {subprocess.py:79} INFO - 	deleted:    "211130/\353\224\224\354\212\244\355\201\254\354\273\250\355\212\270\353\241\244\353\237\254_\353\260\225\354\210\230\355\230\204.py"
[2021-12-18 17:50:15,379] {subprocess.py:79} INFO - 	deleted:    "211130/\353\252\250\354\235\230\352\263\240\354\202\254_\353\260\225\354\210\230\355\230\204.py"
[2021-12-18 17:50:15,379] {subprocess.py:79} INFO - 	deleted:    "211130/\353\252\250\354\235\230\352\263\240\354\202\254_\354\235\264\354\204\261\354\247\204.py"
[2021-12-18 17:50:15,379] {subprocess.py:79} INFO - 	deleted:    "211130/\353\262\240\354\212\244\355\212\270\354\225\250\353\262\224_\353\260\225\354\210\230\355\230\204.py"
[2021-12-18 17:50:15,379] {subprocess.py:79} INFO - 	deleted:    "211130/\353\262\240\354\212\244\355\212\270\354\225\250\353\262\224_\354\235\264\354\204\261\354\247\204.py"
[2021-12-18 17:50:15,379] {subprocess.py:79} INFO - 	deleted:    "211130/\354\206\214\354\210\230 \354\260\276\352\270\260_\353\260\225\354\210\230\355\230\204.py"
[2021-12-18 17:50:15,379] {subprocess.py:79} INFO - 	deleted:    "211130/\354\206\214\354\210\230 \354\260\276\352\270\260_\354\235\264\354\204\261\354\247\204.py"
[2021-12-18 17:50:15,379] {subprocess.py:79} INFO - 	deleted:    "211130/\354\231\204\354\243\274\355\225\230\354\247\200 \353\252\273\355\225\234 \354\204\240\354\210\230_\353\260\225\354\210\230\355\230\204.py"
[2021-12-18 17:50:15,379] {subprocess.py:79} INFO - 	deleted:    "211130/\354\231\204\354\243\274\355\225\230\354\247\200 \353\252\273\355\225\234 \354\204\240\354\210\230_\354\235\264\354\204\261\354\247\204.py"
[2021-12-18 17:50:15,379] {subprocess.py:79} INFO - 	deleted:    "211130/\354\234\204\354\236\245_\353\260\225\354\210\230\355\230\204.py"
[2021-12-18 17:50:15,379] {subprocess.py:79} INFO - 	deleted:    "211130/\354\234\204\354\236\245_\354\235\264\354\204\261\354\247\204.py"
[2021-12-18 17:50:15,379] {subprocess.py:79} INFO - 	deleted:    "211130/\354\235\264\354\244\221\354\232\260\354\204\240\354\210\234\354\234\204\355\201\220_\353\260\225\354\210\230\355\230\204.py"
[2021-12-18 17:50:15,379] {subprocess.py:79} INFO - 	deleted:    "211130/\354\235\264\354\244\221\354\232\260\354\204\240\354\210\234\354\234\204\355\201\220_\354\235\264\354\204\261\354\247\204.py"
[2021-12-18 17:50:15,379] {subprocess.py:79} INFO - 	deleted:    "211130/\354\271\264\355\216\253_\353\260\225\354\210\230\355\230\204.py"
[2021-12-18 17:50:15,379] {subprocess.py:79} INFO - 	deleted:    "211130/\355\224\204\353\246\260\355\204\260_\353\260\225\354\210\230\355\230\204.py"
[2021-12-18 17:50:15,379] {subprocess.py:79} INFO - 	deleted:    "211130/\355\224\204\353\246\260\355\204\260_\354\235\264\354\204\261\354\247\204.py"
[2021-12-18 17:50:15,379] {subprocess.py:79} INFO - 	deleted:    "211207/N \354\234\274\353\241\234\355\221\234\355\230\204_\354\240\225\355\230\270\354\240\234.py"
[2021-12-18 17:50:15,379] {subprocess.py:79} INFO - 	deleted:    "211207/N\354\234\274\353\241\234\355\221\234\355\230\204_\353\260\225\354\210\230\355\230\204.py"
[2021-12-18 17:50:15,379] {subprocess.py:79} INFO - 	deleted:    "211207/\352\260\200\354\236\245\353\250\274\353\205\270\353\223\234_\354\240\225\355\230\270\354\240\234.py"
[2021-12-18 17:50:15,379] {subprocess.py:79} INFO - 	deleted:    "211207/\352\265\254\353\252\205\353\263\264\355\212\270_\353\260\225\354\210\230\355\230\204.py"
[2021-12-18 17:50:15,379] {subprocess.py:79} INFO - 	deleted:    "211207/\352\265\254\353\252\205\353\263\264\355\212\270_\354\235\264\354\204\261\354\247\204.py"
[2021-12-18 17:50:15,379] {subprocess.py:79} INFO - 	deleted:    "211207/\352\265\254\353\252\205\353\263\264\355\212\270_\354\240\225\355\230\270\354\240\234.py"
[2021-12-18 17:50:15,380] {subprocess.py:79} INFO - 	deleted:    "211207/\353\204\244\355\212\270\354\233\214\355\201\254_\353\260\225\354\210\230\355\230\204.py"
[2021-12-18 17:50:15,381] {subprocess.py:79} INFO - 	deleted:    "211207/\353\204\244\355\212\270\354\233\214\355\201\254_\354\240\225\355\230\270\354\240\234.py"
[2021-12-18 17:50:15,381] {subprocess.py:79} INFO - 	deleted:    "211207/\353\213\250\354\206\215\354\271\264\353\251\224\353\235\274_\354\235\264\354\204\261\354\247\204.py"
[2021-12-18 17:50:15,381] {subprocess.py:79} INFO - 	deleted:    "211207/\353\213\250\354\206\215\354\271\264\353\251\224\353\235\274_\354\240\225\355\230\270\354\240\234.py"
[2021-12-18 17:50:15,381] {subprocess.py:79} INFO - 	deleted:    "211207/\353\213\250\354\226\264 \353\263\200\355\231\230_\353\260\225\354\210\230\355\230\204.py"
[2021-12-18 17:50:15,381] {subprocess.py:79} INFO - 	deleted:    "211207/\353\213\250\354\226\264\353\263\200\355\231\230_\354\240\225\355\230\270\354\240\234.py"
[2021-12-18 17:50:15,381] {subprocess.py:79} INFO - 	deleted:    "211207/\354\204\254 \354\227\260\352\262\260\355\225\230\352\270\260_\353\260\225\354\210\230\355\230\204.py"
[2021-12-18 17:50:15,381] {subprocess.py:79} INFO - 	deleted:    "211207/\354\204\254\354\227\260\352\262\260\355\225\230\352\270\260_\354\240\225\355\230\270\354\240\234.py"
[2021-12-18 17:50:15,381] {subprocess.py:79} INFO - 	deleted:    "211207/\354\210\234\354\234\204_\354\240\225\355\230\270\354\240\234.py"
[2021-12-18 17:50:15,381] {subprocess.py:79} INFO - 	deleted:    "211207/\354\227\254\355\226\211\352\262\275\353\241\234_\354\240\225\355\230\270\354\240\234.py"
[2021-12-18 17:50:15,381] {subprocess.py:79} INFO - 	deleted:    "211207/\354\236\205\352\265\255\354\213\254\354\202\254_\353\260\225\354\210\230\355\230\204.py"
[2021-12-18 17:50:15,381] {subprocess.py:79} INFO - 	deleted:    "211207/\354\236\205\352\265\255\354\213\254\354\202\254_\354\240\225\355\230\270\354\240\234.py"
[2021-12-18 17:50:15,381] {subprocess.py:79} INFO - 	deleted:    "211207/\354\241\260\354\235\264\354\212\244\355\213\261_\354\240\225\355\230\270\354\240\234.py"
[2021-12-18 17:50:15,381] {subprocess.py:79} INFO - 	deleted:    "211207/\354\262\264\354\234\241\353\263\265_\353\260\225\354\210\230\355\230\204.py"
[2021-12-18 17:50:15,381] {subprocess.py:79} INFO - 	deleted:    "211207/\354\262\264\354\234\241\353\263\265_\354\235\264\354\204\261\354\247\204.py"
[2021-12-18 17:50:15,382] {subprocess.py:79} INFO - 	deleted:    "211207/\354\262\264\354\234\241\353\263\265_\354\240\225\355\230\270\354\240\234.py"
[2021-12-18 17:50:15,382] {subprocess.py:79} INFO - 	deleted:    "211207/\355\201\260 \354\210\230 \353\247\214\353\223\244\352\270\260_\353\260\225\354\210\230\355\230\204.py"
[2021-12-18 17:50:15,382] {subprocess.py:79} INFO - 	deleted:    "211207/\355\201\260 \354\210\230 \353\247\214\353\223\244\352\270\260_\354\235\264\354\204\261\354\247\204.py"
[2021-12-18 17:50:15,382] {subprocess.py:79} INFO - 	deleted:    "211207/\355\201\260\354\210\230\353\247\214\353\223\244\352\270\260_\354\240\225\355\230\270\354\240\234.py"
[2021-12-18 17:50:15,382] {subprocess.py:79} INFO - 	deleted:    "211207/\355\203\200\352\262\237 \353\204\230\353\262\204_\353\260\225\354\210\230\355\230\204.py"
[2021-12-18 17:50:15,382] {subprocess.py:79} INFO - 	deleted:    "211207/\355\203\200\352\262\237 \353\204\230\353\262\204_\354\235\264\354\204\261\354\247\204.py"
[2021-12-18 17:50:15,382] {subprocess.py:79} INFO - 	deleted:    "211207/\355\203\200\352\262\237\353\204\230\353\262\204_\354\240\225\355\230\270\354\240\234.py"
[2021-12-18 17:50:15,382] {subprocess.py:79} INFO - 	deleted:    "211214/\353\251\224\353\211\264 \353\246\254\353\211\264\354\226\274_\354\271\250\355\214\254\354\247\200.py"
[2021-12-18 17:50:15,382] {subprocess.py:79} INFO - 	deleted:    "211214/\354\213\240\352\267\234 \354\225\204\354\235\264\353\224\224 \354\266\224\354\262\234_\354\271\250\355\214\254\354\247\200.py"
[2021-12-18 17:50:15,382] {subprocess.py:79} INFO - 	deleted:    211221/rank.md
[2021-12-18 17:50:15,382] {subprocess.py:79} INFO - 	deleted:    "211221/\352\264\204\355\230\270\353\263\200\355\231\230_\354\235\264\354\204\261\354\247\204.py"
[2021-12-18 17:50:15,382] {subprocess.py:79} INFO - 	deleted:    "211221/\353\211\264\354\212\244 \355\201\264\353\237\254\354\212\244\355\204\260\353\247\201_\353\260\225\354\210\230\355\230\204.py"
[2021-12-18 17:50:15,382] {subprocess.py:79} INFO - 	deleted:    "211221/\353\211\264\354\212\244 \355\201\264\353\237\254\354\212\244\355\204\260\353\247\201_\354\235\264\354\204\261\354\247\204.py"
[2021-12-18 17:50:15,383] {subprocess.py:79} INFO - 	deleted:    "211221/\353\213\244\355\212\270 \352\262\214\354\236\204_\353\260\225\354\210\230\355\230\204.py"
[2021-12-18 17:50:15,383] {subprocess.py:79} INFO - 	deleted:    "211221/\353\213\244\355\212\270 \352\262\214\354\236\204_\354\235\264\354\204\261\354\247\204.py"
[2021-12-18 17:50:15,383] {subprocess.py:79} INFO - 	deleted:    "211221/\353\254\270\354\236\220\354\227\264 \354\225\225\354\266\225_\354\235\264\354\204\261\354\247\204.py"
[2021-12-18 17:50:15,383] {subprocess.py:79} INFO - 	deleted:    "211221/\353\271\204\353\260\200\354\247\200\353\217\204_\353\260\225\354\210\230\355\230\204.py"
[2021-12-18 17:50:15,383] {subprocess.py:79} INFO - 	deleted:    "211221/\353\271\204\353\260\200\354\247\200\353\217\204_\354\235\264\354\204\261\354\247\204.py"
[2021-12-18 17:50:15,383] {subprocess.py:79} INFO - 	deleted:    "211221/\354\210\234\354\234\204 \352\262\200\354\203\211_\354\230\244\353\236\221\354\232\260\355\203\204.py"
[2021-12-18 17:50:15,383] {subprocess.py:79} INFO - 	deleted:    "211221/\354\210\234\354\234\204 \352\262\200\354\203\211_\354\262\234\354\236\254.py"
[2021-12-18 17:50:15,383] {subprocess.py:79} INFO - 	deleted:    "211221/\354\213\240\352\267\234 \354\225\204\354\235\264\353\224\224 \354\266\224\354\262\234_\353\260\225\354\210\230\355\230\204.py"
[2021-12-18 17:50:15,384] {subprocess.py:79} INFO - 	deleted:    "211221/\354\213\240\352\267\234 \354\225\204\354\235\264\353\224\224 \354\266\224\354\262\234_\354\235\264\354\204\261\354\247\204.py"
[2021-12-18 17:50:15,384] {subprocess.py:79} INFO - 	deleted:    "211221/\354\213\244\355\214\250\354\234\250_\353\260\225\354\210\230\355\230\204.py"
[2021-12-18 17:50:15,384] {subprocess.py:79} INFO - 	deleted:    "211221/\354\213\244\355\214\250\354\234\250_\354\235\264\354\204\261\354\247\204.py"
[2021-12-18 17:50:15,384] {subprocess.py:79} INFO - 	deleted:    "211221/\354\230\244\355\224\210\354\261\204\355\214\205\353\260\251_\353\260\225\354\210\230\355\230\204.py"
[2021-12-18 17:50:15,384] {subprocess.py:79} INFO - 	deleted:    "211221/\354\230\244\355\224\210\354\261\204\355\214\205\353\260\251_\354\235\264\354\204\261\354\247\204.py"
[2021-12-18 17:50:15,385] {subprocess.py:79} INFO - 	deleted:    "211221/\354\272\220\354\213\234_\353\260\225\354\210\230\355\230\204.py"
[2021-12-18 17:50:15,385] {subprocess.py:79} INFO - 	deleted:    CS/ArrayList_vs_LinkedList.pdf
[2021-12-18 17:50:15,385] {subprocess.py:79} INFO - 	deleted:    CS/ArrayList_vs_LinkedList.pptx
[2021-12-18 17:50:15,385] {subprocess.py:79} INFO - 	deleted:    CS/Deque.pdf
[2021-12-18 17:50:15,385] {subprocess.py:79} INFO - 	deleted:    CS/Deque.pptx
[2021-12-18 17:50:15,385] {subprocess.py:79} INFO - 	deleted:    CS/Doubly_linked_list.pdf
[2021-12-18 17:50:15,385] {subprocess.py:79} INFO - 	deleted:    CS/Doubly_linked_list.pptx
[2021-12-18 17:50:15,385] {subprocess.py:79} INFO - 	deleted:    CS/Hash.pdf
[2021-12-18 17:50:15,385] {subprocess.py:79} INFO - 	deleted:    CS/Hash.pptx
[2021-12-18 17:50:15,385] {subprocess.py:79} INFO - 	deleted:    README.md
[2021-12-18 17:50:15,385] {subprocess.py:79} INFO - 	deleted:    "programmers_hj/total/H-index_\354\240\225\355\230\270\354\240\234.py"
[2021-12-18 17:50:15,385] {subprocess.py:79} INFO - 	deleted:    "programmers_hj/total/K\353\262\210\354\247\270\354\210\230_\354\240\225\355\230\270\354\240\234.py"
[2021-12-18 17:50:15,385] {subprocess.py:79} INFO - 	deleted:    "programmers_hj/total/\352\260\200\354\236\245\355\201\260\354\210\230_\354\240\225\355\230\270\354\240\234.py"
[2021-12-18 17:50:15,385] {subprocess.py:79} INFO - 	deleted:    "programmers_hj/total/\352\270\260\353\212\245\352\260\234\353\260\234_\354\240\225\355\230\270\354\240\234.py"
[2021-12-18 17:50:15,385] {subprocess.py:79} INFO - 	deleted:    "programmers_hj/total/\353\213\244\353\246\254\353\245\274\354\247\200\353\202\230\353\212\224\355\212\270\353\237\255_\354\240\225\355\230\270\354\240\234.py"
[2021-12-18 17:50:15,386] {subprocess.py:79} INFO - 	deleted:    "programmers_hj/total/\353\224\224\354\212\244\355\201\254\354\273\250\355\212\270\353\241\244\353\237\254_\354\240\225\355\230\270\354\240\234.py"
[2021-12-18 17:50:15,386] {subprocess.py:79} INFO - 	deleted:    "programmers_hj/total/\353\252\250\354\235\230\352\263\240\354\202\254_\354\240\225\355\230\270\354\240\234.py"
[2021-12-18 17:50:15,386] {subprocess.py:79} INFO - 	deleted:    "programmers_hj/total/\353\262\240\354\212\244\355\212\270\354\225\250\353\262\224_\354\240\225\355\230\270\354\240\234.py"
[2021-12-18 17:50:15,386] {subprocess.py:79} INFO - 	deleted:    "programmers_hj/total/\354\206\214\354\210\230\354\260\276\352\270\260_\354\240\225\355\230\270\354\240\234.py"
[2021-12-18 17:50:15,386] {subprocess.py:79} INFO - 	deleted:    "programmers_hj/total/\354\231\204\354\243\274\355\225\230\354\247\200\353\252\273\355\225\234\354\204\240\354\210\230_\354\240\225\355\230\270\354\240\234.py"
[2021-12-18 17:50:15,386] {subprocess.py:79} INFO - 	deleted:    "programmers_hj/total/\354\234\204\354\236\245_\354\240\225\355\230\270\354\240\234.py"
[2021-12-18 17:50:15,387] {subprocess.py:79} INFO - 	deleted:    "programmers_hj/total/\354\235\264\354\244\221\354\232\260\354\204\240\354\210\234\354\234\204_\354\240\225\355\230\270\354\240\234.py"
[2021-12-18 17:50:15,387] {subprocess.py:79} INFO - 	deleted:    "programmers_hj/total/\354\271\264\355\216\253_\354\240\225\355\230\270\354\240\234.py"
[2021-12-18 17:50:15,387] {subprocess.py:79} INFO - 	deleted:    "programmers_hj/total/\355\224\204\353\246\260\355\204\260_\354\240\225\355\230\270\354\240\234.py"
[2021-12-18 17:50:15,387] {subprocess.py:79} INFO - 
[2021-12-18 17:50:15,387] {subprocess.py:79} INFO - Untracked files:
[2021-12-18 17:50:15,387] {subprocess.py:79} INFO -   (use "git add <file>..." to include in what will be committed)
[2021-12-18 17:50:15,387] {subprocess.py:79} INFO - 	COMMIT_EDITMSG
[2021-12-18 17:50:15,387] {subprocess.py:79} INFO - 	FETCH_HEAD
[2021-12-18 17:50:15,387] {subprocess.py:79} INFO - 	HEAD
[2021-12-18 17:50:15,387] {subprocess.py:79} INFO - 	ORIG_HEAD
[2021-12-18 17:50:15,387] {subprocess.py:79} INFO - 	config
[2021-12-18 17:50:15,387] {subprocess.py:79} INFO - 	description
[2021-12-18 17:50:15,387] {subprocess.py:79} INFO - 	hooks/
[2021-12-18 17:50:15,387] {subprocess.py:79} INFO - 	index
[2021-12-18 17:50:15,387] {subprocess.py:79} INFO - 	info/
[2021-12-18 17:50:15,387] {subprocess.py:79} INFO - 	logs/
[2021-12-18 17:50:15,387] {subprocess.py:79} INFO - 	objects/
[2021-12-18 17:50:15,387] {subprocess.py:79} INFO - 	packed-refs
[2021-12-18 17:50:15,387] {subprocess.py:79} INFO - 	refs/
[2021-12-18 17:50:15,387] {subprocess.py:79} INFO - 
[2021-12-18 17:50:15,387] {subprocess.py:79} INFO - no changes added to commit (use "git add" and/or "git commit -a")
[2021-12-18 17:50:15,387] {subprocess.py:83} INFO - Command exited with return code 1
[2021-12-18 17:50:15,393] {taskinstance.py:1481} ERROR - Task failed with exception
Traceback (most recent call last):
  File "/home/airflow/sandbox/lib/python3.8/site-packages/airflow/models/taskinstance.py", line 1137, in _run_raw_task
    self._prepare_and_execute_task_with_callbacks(context, task)
  File "/home/airflow/sandbox/lib/python3.8/site-packages/airflow/models/taskinstance.py", line 1311, in _prepare_and_execute_task_with_callbacks
    result = self._execute_task(context, task_copy)
  File "/home/airflow/sandbox/lib/python3.8/site-packages/airflow/models/taskinstance.py", line 1341, in _execute_task
    result = task_copy.execute(context=context)
  File "/home/airflow/sandbox/lib/python3.8/site-packages/airflow/operators/bash.py", line 180, in execute
    raise AirflowException('Bash command failed. The command returned a non-zero exit code.')
airflow.exceptions.AirflowException: Bash command failed. The command returned a non-zero exit code.
[2021-12-18 17:50:15,395] {taskinstance.py:1524} INFO - Marking task as FAILED. dag_id=rank_update, task_id=git_commit, execution_date=20211218T174000, start_date=20211218T175015, end_date=20211218T175015
[2021-12-18 17:50:15,433] {local_task_job.py:151} INFO - Task exited with return code 1
