[2021-12-20 14:00:13,164] {taskinstance.py:876} INFO - Dependencies all met for <TaskInstance: rank_update.git_push 2021-12-20T13:50:00+00:00 [queued]>
[2021-12-20 14:00:13,183] {taskinstance.py:876} INFO - Dependencies all met for <TaskInstance: rank_update.git_push 2021-12-20T13:50:00+00:00 [queued]>
[2021-12-20 14:00:13,183] {taskinstance.py:1067} INFO - 
--------------------------------------------------------------------------------
[2021-12-20 14:00:13,183] {taskinstance.py:1068} INFO - Starting attempt 1 of 1
[2021-12-20 14:00:13,183] {taskinstance.py:1069} INFO - 
--------------------------------------------------------------------------------
[2021-12-20 14:00:13,195] {taskinstance.py:1087} INFO - Executing <Task(BashOperator): git_push> on 2021-12-20T13:50:00+00:00
[2021-12-20 14:00:13,196] {standard_task_runner.py:52} INFO - Started process 40210 to run task
[2021-12-20 14:00:13,201] {standard_task_runner.py:76} INFO - Running: ['airflow', 'tasks', 'run', 'rank_update', 'git_push', '2021-12-20T13:50:00+00:00', '--job-id', '525', '--pool', 'default_pool', '--raw', '--subdir', 'DAGS_FOLDER/rank_update.py', '--cfg-path', '/tmp/tmp9lb3o2od', '--error-file', '/tmp/tmpj5w87uv6']
[2021-12-20 14:00:13,201] {standard_task_runner.py:77} INFO - Job 525: Subtask git_push
[2021-12-20 14:00:13,241] {logging_mixin.py:104} INFO - Running <TaskInstance: rank_update.git_push 2021-12-20T13:50:00+00:00 [running]> on host airflowvm
[2021-12-20 14:00:13,315] {taskinstance.py:1280} INFO - Exporting the following env vars:
AIRFLOW_CTX_DAG_OWNER=airflow
AIRFLOW_CTX_DAG_ID=rank_update
AIRFLOW_CTX_TASK_ID=git_push
AIRFLOW_CTX_EXECUTION_DATE=2021-12-20T13:50:00+00:00
AIRFLOW_CTX_DAG_RUN_ID=scheduled__2021-12-20T13:50:00+00:00
[2021-12-20 14:00:13,315] {subprocess.py:52} INFO - Tmp dir root location: 
 /tmp
[2021-12-20 14:00:13,315] {subprocess.py:63} INFO - Running command: ['bash', '-c', 'git --git-dir=/home/airflow/AlgorithmStudy_211124/.git/ --work-tree=/home/airflow/AlgorithmStudy_211124/.git/ push']
[2021-12-20 14:00:13,318] {subprocess.py:75} INFO - Output:
[2021-12-20 14:00:14,425] {subprocess.py:79} INFO - To https://github.com/nicework-jin/AlgorithmStudy_211124
[2021-12-20 14:00:14,426] {subprocess.py:79} INFO -    4d2d362..f4e8bcb  main -> main
[2021-12-20 14:00:14,437] {subprocess.py:83} INFO - Command exited with return code 0
[2021-12-20 14:00:14,473] {taskinstance.py:1184} INFO - Marking task as SUCCESS. dag_id=rank_update, task_id=git_push, execution_date=20211220T135000, start_date=20211220T140013, end_date=20211220T140014
[2021-12-20 14:00:14,495] {taskinstance.py:1245} INFO - 0 downstream tasks scheduled from follow-on schedule check
[2021-12-20 14:00:14,506] {local_task_job.py:151} INFO - Task exited with return code 0
