[2021-12-23 17:32:32,425] {taskinstance.py:876} INFO - Dependencies all met for <TaskInstance: rank_update.mv_indicator_to_repo 2021-12-22T05:40:00+00:00 [queued]>
[2021-12-23 17:32:32,444] {taskinstance.py:876} INFO - Dependencies all met for <TaskInstance: rank_update.mv_indicator_to_repo 2021-12-22T05:40:00+00:00 [queued]>
[2021-12-23 17:32:32,446] {taskinstance.py:1067} INFO - 
--------------------------------------------------------------------------------
[2021-12-23 17:32:32,446] {taskinstance.py:1068} INFO - Starting attempt 2 of 2
[2021-12-23 17:32:32,446] {taskinstance.py:1069} INFO - 
--------------------------------------------------------------------------------
[2021-12-23 17:32:32,485] {taskinstance.py:1087} INFO - Executing <Task(BashOperator): mv_indicator_to_repo> on 2021-12-22T05:40:00+00:00
[2021-12-23 17:32:32,487] {standard_task_runner.py:52} INFO - Started process 364335 to run task
[2021-12-23 17:32:32,498] {standard_task_runner.py:76} INFO - Running: ['airflow', 'tasks', 'run', 'rank_update', 'mv_indicator_to_repo', '2021-12-22T05:40:00+00:00', '--job-id', '1811', '--pool', 'default_pool', '--raw', '--subdir', 'DAGS_FOLDER/rank_update.py', '--cfg-path', '/tmp/tmpifnglxly', '--error-file', '/tmp/tmp6rfo4ygr']
[2021-12-23 17:32:32,500] {standard_task_runner.py:77} INFO - Job 1811: Subtask mv_indicator_to_repo
[2021-12-23 17:32:32,563] {logging_mixin.py:104} INFO - Running <TaskInstance: rank_update.mv_indicator_to_repo 2021-12-22T05:40:00+00:00 [running]> on host airflowvm
[2021-12-23 17:32:32,721] {taskinstance.py:1280} INFO - Exporting the following env vars:
AIRFLOW_CTX_DAG_OWNER=airflow
AIRFLOW_CTX_DAG_ID=rank_update
AIRFLOW_CTX_TASK_ID=mv_indicator_to_repo
AIRFLOW_CTX_EXECUTION_DATE=2021-12-22T05:40:00+00:00
AIRFLOW_CTX_DAG_RUN_ID=scheduled__2021-12-22T05:40:00+00:00
[2021-12-23 17:32:32,725] {subprocess.py:52} INFO - Tmp dir root location: 
 /tmp
[2021-12-23 17:32:32,726] {subprocess.py:63} INFO - Running command: ['bash', '-c', 'mv /tmp/result/html/rank.html /home/airflow/AlgorithmStudy_211124/211228/rank.md']
[2021-12-23 17:32:32,742] {subprocess.py:75} INFO - Output:
[2021-12-23 17:32:32,745] {subprocess.py:83} INFO - Command exited with return code 0
[2021-12-23 17:32:32,775] {taskinstance.py:1184} INFO - Marking task as SUCCESS. dag_id=rank_update, task_id=mv_indicator_to_repo, execution_date=20211222T054000, start_date=20211223T173232, end_date=20211223T173232
[2021-12-23 17:32:32,838] {taskinstance.py:1245} INFO - 1 downstream tasks scheduled from follow-on schedule check
[2021-12-23 17:32:32,874] {local_task_job.py:151} INFO - Task exited with return code 0
