[2021-12-27 15:24:04,004] {taskinstance.py:876} INFO - Dependencies all met for <TaskInstance: rank_update.git_push 2021-12-26T15:23:52.146192+00:00 [queued]>
[2021-12-27 15:24:04,009] {taskinstance.py:876} INFO - Dependencies all met for <TaskInstance: rank_update.git_push 2021-12-26T15:23:52.146192+00:00 [queued]>
[2021-12-27 15:24:04,009] {taskinstance.py:1067} INFO - 
--------------------------------------------------------------------------------
[2021-12-27 15:24:04,009] {taskinstance.py:1068} INFO - Starting attempt 1 of 1
[2021-12-27 15:24:04,009] {taskinstance.py:1069} INFO - 
--------------------------------------------------------------------------------
[2021-12-27 15:24:04,017] {taskinstance.py:1087} INFO - Executing <Task(BashOperator): git_push> on 2021-12-26T15:23:52.146192+00:00
[2021-12-27 15:24:04,018] {standard_task_runner.py:52} INFO - Started process 401697 to run task
[2021-12-27 15:24:04,024] {standard_task_runner.py:76} INFO - Running: ['airflow', 'tasks', 'run', 'rank_update', 'git_push', '2021-12-26T15:23:52.146192+00:00', '--job-id', '1871', '--pool', 'default_pool', '--raw', '--subdir', 'DAGS_FOLDER/rank_update.py', '--cfg-path', '/tmp/tmp8gm6_b_u', '--error-file', '/tmp/tmpmglj4n9w']
[2021-12-27 15:24:04,025] {standard_task_runner.py:77} INFO - Job 1871: Subtask git_push
[2021-12-27 15:24:04,063] {logging_mixin.py:104} INFO - Running <TaskInstance: rank_update.git_push 2021-12-26T15:23:52.146192+00:00 [running]> on host airflowvm
[2021-12-27 15:24:04,140] {taskinstance.py:1280} INFO - Exporting the following env vars:
AIRFLOW_CTX_DAG_OWNER=airflow
AIRFLOW_CTX_DAG_ID=rank_update
AIRFLOW_CTX_TASK_ID=git_push
AIRFLOW_CTX_EXECUTION_DATE=2021-12-26T15:23:52.146192+00:00
AIRFLOW_CTX_DAG_RUN_ID=scheduled__2021-12-26T15:23:52.146192+00:00
[2021-12-27 15:24:04,141] {subprocess.py:52} INFO - Tmp dir root location: 
 /tmp
[2021-12-27 15:24:04,141] {subprocess.py:63} INFO - Running command: ['bash', '-c', 'git --git-dir=/home/airflow/AlgorithmStudy_211124/.git/ --work-tree=/home/airflow/AlgorithmStudy_211124/.git/ push']
[2021-12-27 15:24:04,144] {subprocess.py:75} INFO - Output:
[2021-12-27 15:24:05,194] {subprocess.py:79} INFO - To https://github.com/nicework-jin/AlgorithmStudy_211124
[2021-12-27 15:24:05,194] {subprocess.py:79} INFO -    cde66e0..d7bbc66  main -> main
[2021-12-27 15:24:05,203] {subprocess.py:83} INFO - Command exited with return code 0
[2021-12-27 15:24:05,229] {taskinstance.py:1184} INFO - Marking task as SUCCESS. dag_id=rank_update, task_id=git_push, execution_date=20211226T152352, start_date=20211227T152404, end_date=20211227T152405
[2021-12-27 15:24:05,248] {taskinstance.py:1245} INFO - 0 downstream tasks scheduled from follow-on schedule check
[2021-12-27 15:24:05,291] {local_task_job.py:151} INFO - Task exited with return code 0
