[2021-12-28 05:23:36,681] {taskinstance.py:876} INFO - Dependencies all met for <TaskInstance: rank_update.pull_from_git 2021-12-28T05:23:34.720709+00:00 [queued]>
[2021-12-28 05:23:36,691] {taskinstance.py:876} INFO - Dependencies all met for <TaskInstance: rank_update.pull_from_git 2021-12-28T05:23:34.720709+00:00 [queued]>
[2021-12-28 05:23:36,691] {taskinstance.py:1067} INFO - 
--------------------------------------------------------------------------------
[2021-12-28 05:23:36,691] {taskinstance.py:1068} INFO - Starting attempt 1 of 1
[2021-12-28 05:23:36,691] {taskinstance.py:1069} INFO - 
--------------------------------------------------------------------------------
[2021-12-28 05:23:36,700] {taskinstance.py:1087} INFO - Executing <Task(BashOperator): pull_from_git> on 2021-12-28T05:23:34.720709+00:00
[2021-12-28 05:23:36,701] {standard_task_runner.py:52} INFO - Started process 159974 to run task
[2021-12-28 05:23:36,706] {standard_task_runner.py:76} INFO - Running: ['airflow', 'tasks', 'run', 'rank_update', 'pull_from_git', '2021-12-28T05:23:34.720709+00:00', '--job-id', '1881', '--pool', 'default_pool', '--raw', '--subdir', 'DAGS_FOLDER/rank_update.py', '--cfg-path', '/tmp/tmpaecx_221', '--error-file', '/tmp/tmp5fn7b_os']
[2021-12-28 05:23:36,706] {standard_task_runner.py:77} INFO - Job 1881: Subtask pull_from_git
[2021-12-28 05:23:36,740] {logging_mixin.py:104} INFO - Running <TaskInstance: rank_update.pull_from_git 2021-12-28T05:23:34.720709+00:00 [running]> on host airflowvm
[2021-12-28 05:23:36,903] {taskinstance.py:1280} INFO - Exporting the following env vars:
AIRFLOW_CTX_DAG_OWNER=airflow
AIRFLOW_CTX_DAG_ID=rank_update
AIRFLOW_CTX_TASK_ID=pull_from_git
AIRFLOW_CTX_EXECUTION_DATE=2021-12-28T05:23:34.720709+00:00
AIRFLOW_CTX_DAG_RUN_ID=manual__2021-12-28T05:23:34.720709+00:00
[2021-12-28 05:23:36,903] {subprocess.py:52} INFO - Tmp dir root location: 
 /tmp
[2021-12-28 05:23:36,903] {subprocess.py:63} INFO - Running command: ['bash', '-c', 'git -C /home/airflow/AlgorithmStudy_211124 pull']
[2021-12-28 05:23:36,920] {subprocess.py:75} INFO - Output:
[2021-12-28 05:23:37,508] {subprocess.py:79} INFO - From https://github.com/nicework-jin/AlgorithmStudy_211124
[2021-12-28 05:23:37,508] {subprocess.py:79} INFO -    44d303f..eef5878  main       -> origin/main
[2021-12-28 05:23:37,526] {subprocess.py:79} INFO - Updating 44d303f..eef5878
[2021-12-28 05:23:37,526] {subprocess.py:79} INFO - Fast-forward
[2021-12-28 05:23:37,530] {subprocess.py:79} INFO -  ...12\244_\354\240\225\355\230\270\354\240\234.py" |  74 +++++++++++++
[2021-12-28 05:23:37,530] {subprocess.py:79} INFO -  ...07\240_\354\240\225\355\230\270\354\240\234.py" | 115 +++++++++++++++++++++
[2021-12-28 05:23:37,530] {subprocess.py:79} INFO -  ...70\210_\354\240\225\355\230\270\354\240\234.py" |  72 +++++++++++++
[2021-12-28 05:23:37,530] {subprocess.py:79} INFO -  3 files changed, 261 insertions(+)
[2021-12-28 05:23:37,530] {subprocess.py:79} INFO -  create mode 100644 "211228/\354\205\224\355\213\200\353\262\204\354\212\244_\354\240\225\355\230\270\354\240\234.py"
[2021-12-28 05:23:37,531] {subprocess.py:79} INFO -  create mode 100644 "211228/\354\236\220\353\254\274\354\207\240\354\231\200\354\227\264\354\207\240_\354\240\225\355\230\270\354\240\234.py"
[2021-12-28 05:23:37,531] {subprocess.py:79} INFO -  create mode 100644 "211228/\355\225\251\354\212\271\355\203\235\354\213\234\354\232\224\352\270\210_\354\240\225\355\230\270\354\240\234.py"
[2021-12-28 05:23:37,531] {subprocess.py:83} INFO - Command exited with return code 0
[2021-12-28 05:23:37,556] {taskinstance.py:1184} INFO - Marking task as SUCCESS. dag_id=rank_update, task_id=pull_from_git, execution_date=20211228T052334, start_date=20211228T052336, end_date=20211228T052337
[2021-12-28 05:23:37,572] {taskinstance.py:1245} INFO - 1 downstream tasks scheduled from follow-on schedule check
[2021-12-28 05:23:37,603] {local_task_job.py:151} INFO - Task exited with return code 0
