[2021-12-21 07:10:04,455] {taskinstance.py:876} INFO - Dependencies all met for <TaskInstance: rank_update.make_indicator 2021-12-21T07:00:00+00:00 [queued]>
[2021-12-21 07:10:04,460] {taskinstance.py:876} INFO - Dependencies all met for <TaskInstance: rank_update.make_indicator 2021-12-21T07:00:00+00:00 [queued]>
[2021-12-21 07:10:04,460] {taskinstance.py:1067} INFO - 
--------------------------------------------------------------------------------
[2021-12-21 07:10:04,460] {taskinstance.py:1068} INFO - Starting attempt 1 of 1
[2021-12-21 07:10:04,460] {taskinstance.py:1069} INFO - 
--------------------------------------------------------------------------------
[2021-12-21 07:10:04,467] {taskinstance.py:1087} INFO - Executing <Task(BashOperator): make_indicator> on 2021-12-21T07:00:00+00:00
[2021-12-21 07:10:04,468] {standard_task_runner.py:52} INFO - Started process 107127 to run task
[2021-12-21 07:10:04,472] {standard_task_runner.py:76} INFO - Running: ['airflow', 'tasks', 'run', 'rank_update', 'make_indicator', '2021-12-21T07:00:00+00:00', '--job-id', '1044', '--pool', 'default_pool', '--raw', '--subdir', 'DAGS_FOLDER/rank_update.py', '--cfg-path', '/tmp/tmpayu0rj1v', '--error-file', '/tmp/tmpjik_z1xh']
[2021-12-21 07:10:04,473] {standard_task_runner.py:77} INFO - Job 1044: Subtask make_indicator
[2021-12-21 07:10:04,509] {logging_mixin.py:104} INFO - Running <TaskInstance: rank_update.make_indicator 2021-12-21T07:00:00+00:00 [running]> on host airflowvm
[2021-12-21 07:10:04,586] {taskinstance.py:1280} INFO - Exporting the following env vars:
AIRFLOW_CTX_DAG_OWNER=airflow
AIRFLOW_CTX_DAG_ID=rank_update
AIRFLOW_CTX_TASK_ID=make_indicator
AIRFLOW_CTX_EXECUTION_DATE=2021-12-21T07:00:00+00:00
AIRFLOW_CTX_DAG_RUN_ID=scheduled__2021-12-21T07:00:00+00:00
[2021-12-21 07:10:04,586] {subprocess.py:52} INFO - Tmp dir root location: 
 /tmp
[2021-12-21 07:10:04,587] {subprocess.py:63} INFO - Running command: ['bash', '-c', 'python3 /home/airflow/parser4Study/multiple_parser.py /home/airflow/AlgorithmStudy_211124/211221/']
[2021-12-21 07:10:04,589] {subprocess.py:75} INFO - Output:
[2021-12-21 07:10:05,091] {subprocess.py:83} INFO - Command exited with return code 0
[2021-12-21 07:10:05,112] {taskinstance.py:1184} INFO - Marking task as SUCCESS. dag_id=rank_update, task_id=make_indicator, execution_date=20211221T070000, start_date=20211221T071004, end_date=20211221T071005
[2021-12-21 07:10:05,129] {taskinstance.py:1245} INFO - 1 downstream tasks scheduled from follow-on schedule check
[2021-12-21 07:10:05,166] {local_task_job.py:151} INFO - Task exited with return code 0
