[2021-12-22 04:40:04,470] {taskinstance.py:876} INFO - Dependencies all met for <TaskInstance: rank_update.make_indicator 2021-12-22T04:30:00+00:00 [queued]>
[2021-12-22 04:40:04,475] {taskinstance.py:876} INFO - Dependencies all met for <TaskInstance: rank_update.make_indicator 2021-12-22T04:30:00+00:00 [queued]>
[2021-12-22 04:40:04,475] {taskinstance.py:1067} INFO - 
--------------------------------------------------------------------------------
[2021-12-22 04:40:04,475] {taskinstance.py:1068} INFO - Starting attempt 1 of 1
[2021-12-22 04:40:04,475] {taskinstance.py:1069} INFO - 
--------------------------------------------------------------------------------
[2021-12-22 04:40:04,483] {taskinstance.py:1087} INFO - Executing <Task(BashOperator): make_indicator> on 2021-12-22T04:30:00+00:00
[2021-12-22 04:40:04,484] {standard_task_runner.py:52} INFO - Started process 186479 to run task
[2021-12-22 04:40:04,489] {standard_task_runner.py:76} INFO - Running: ['airflow', 'tasks', 'run', 'rank_update', 'make_indicator', '2021-12-22T04:30:00+00:00', '--job-id', '1695', '--pool', 'default_pool', '--raw', '--subdir', 'DAGS_FOLDER/rank_update.py', '--cfg-path', '/tmp/tmpbkczxfyw', '--error-file', '/tmp/tmpm7u2i9c7']
[2021-12-22 04:40:04,489] {standard_task_runner.py:77} INFO - Job 1695: Subtask make_indicator
[2021-12-22 04:40:04,522] {logging_mixin.py:104} INFO - Running <TaskInstance: rank_update.make_indicator 2021-12-22T04:30:00+00:00 [running]> on host airflowvm
[2021-12-22 04:40:04,595] {taskinstance.py:1280} INFO - Exporting the following env vars:
AIRFLOW_CTX_DAG_OWNER=airflow
AIRFLOW_CTX_DAG_ID=rank_update
AIRFLOW_CTX_TASK_ID=make_indicator
AIRFLOW_CTX_EXECUTION_DATE=2021-12-22T04:30:00+00:00
AIRFLOW_CTX_DAG_RUN_ID=scheduled__2021-12-22T04:30:00+00:00
[2021-12-22 04:40:04,595] {subprocess.py:52} INFO - Tmp dir root location: 
 /tmp
[2021-12-22 04:40:04,595] {subprocess.py:63} INFO - Running command: ['bash', '-c', 'python3 /home/airflow/parser4Study/multiple_parser.py /home/airflow/AlgorithmStudy_211124/211228/']
[2021-12-22 04:40:04,598] {subprocess.py:75} INFO - Output:
[2021-12-22 04:40:04,960] {subprocess.py:83} INFO - Command exited with return code 0
[2021-12-22 04:40:04,983] {taskinstance.py:1184} INFO - Marking task as SUCCESS. dag_id=rank_update, task_id=make_indicator, execution_date=20211222T043000, start_date=20211222T044004, end_date=20211222T044004
[2021-12-22 04:40:05,000] {taskinstance.py:1245} INFO - 1 downstream tasks scheduled from follow-on schedule check
[2021-12-22 04:40:05,021] {local_task_job.py:151} INFO - Task exited with return code 0
