[2021-12-21 01:20:04,423] {taskinstance.py:876} INFO - Dependencies all met for <TaskInstance: rank_update.make_indicator 2021-12-21T01:10:00+00:00 [queued]>
[2021-12-21 01:20:04,428] {taskinstance.py:876} INFO - Dependencies all met for <TaskInstance: rank_update.make_indicator 2021-12-21T01:10:00+00:00 [queued]>
[2021-12-21 01:20:04,428] {taskinstance.py:1067} INFO - 
--------------------------------------------------------------------------------
[2021-12-21 01:20:04,428] {taskinstance.py:1068} INFO - Starting attempt 1 of 1
[2021-12-21 01:20:04,428] {taskinstance.py:1069} INFO - 
--------------------------------------------------------------------------------
[2021-12-21 01:20:04,435] {taskinstance.py:1087} INFO - Executing <Task(BashOperator): make_indicator> on 2021-12-21T01:10:00+00:00
[2021-12-21 01:20:04,436] {standard_task_runner.py:52} INFO - Started process 85118 to run task
[2021-12-21 01:20:04,440] {standard_task_runner.py:76} INFO - Running: ['airflow', 'tasks', 'run', 'rank_update', 'make_indicator', '2021-12-21T01:10:00+00:00', '--job-id', '869', '--pool', 'default_pool', '--raw', '--subdir', 'DAGS_FOLDER/rank_update.py', '--cfg-path', '/tmp/tmpsajaunwo', '--error-file', '/tmp/tmp5133zhtz']
[2021-12-21 01:20:04,441] {standard_task_runner.py:77} INFO - Job 869: Subtask make_indicator
[2021-12-21 01:20:04,476] {logging_mixin.py:104} INFO - Running <TaskInstance: rank_update.make_indicator 2021-12-21T01:10:00+00:00 [running]> on host airflowvm
[2021-12-21 01:20:04,552] {taskinstance.py:1280} INFO - Exporting the following env vars:
AIRFLOW_CTX_DAG_OWNER=airflow
AIRFLOW_CTX_DAG_ID=rank_update
AIRFLOW_CTX_TASK_ID=make_indicator
AIRFLOW_CTX_EXECUTION_DATE=2021-12-21T01:10:00+00:00
AIRFLOW_CTX_DAG_RUN_ID=scheduled__2021-12-21T01:10:00+00:00
[2021-12-21 01:20:04,553] {subprocess.py:52} INFO - Tmp dir root location: 
 /tmp
[2021-12-21 01:20:04,553] {subprocess.py:63} INFO - Running command: ['bash', '-c', 'python3 /home/airflow/parser4Study/multiple_parser.py /home/airflow/AlgorithmStudy_211124/211221/']
[2021-12-21 01:20:04,556] {subprocess.py:75} INFO - Output:
[2021-12-21 01:20:05,046] {subprocess.py:83} INFO - Command exited with return code 0
[2021-12-21 01:20:05,067] {taskinstance.py:1184} INFO - Marking task as SUCCESS. dag_id=rank_update, task_id=make_indicator, execution_date=20211221T011000, start_date=20211221T012004, end_date=20211221T012005
[2021-12-21 01:20:05,083] {taskinstance.py:1245} INFO - 1 downstream tasks scheduled from follow-on schedule check
[2021-12-21 01:20:05,095] {local_task_job.py:151} INFO - Task exited with return code 0
