[2021-12-21 23:50:02,740] {taskinstance.py:876} INFO - Dependencies all met for <TaskInstance: rank_update.pull_from_git 2021-12-21T23:40:00+00:00 [queued]>
[2021-12-21 23:50:02,745] {taskinstance.py:876} INFO - Dependencies all met for <TaskInstance: rank_update.pull_from_git 2021-12-21T23:40:00+00:00 [queued]>
[2021-12-21 23:50:02,745] {taskinstance.py:1067} INFO - 
--------------------------------------------------------------------------------
[2021-12-21 23:50:02,745] {taskinstance.py:1068} INFO - Starting attempt 1 of 1
[2021-12-21 23:50:02,745] {taskinstance.py:1069} INFO - 
--------------------------------------------------------------------------------
[2021-12-21 23:50:02,752] {taskinstance.py:1087} INFO - Executing <Task(BashOperator): pull_from_git> on 2021-12-21T23:40:00+00:00
[2021-12-21 23:50:02,753] {standard_task_runner.py:52} INFO - Started process 168930 to run task
[2021-12-21 23:50:02,758] {standard_task_runner.py:76} INFO - Running: ['airflow', 'tasks', 'run', 'rank_update', 'pull_from_git', '2021-12-21T23:40:00+00:00', '--job-id', '1543', '--pool', 'default_pool', '--raw', '--subdir', 'DAGS_FOLDER/rank_update.py', '--cfg-path', '/tmp/tmppi85pbdg', '--error-file', '/tmp/tmpyfky8boe']
[2021-12-21 23:50:02,758] {standard_task_runner.py:77} INFO - Job 1543: Subtask pull_from_git
[2021-12-21 23:50:02,795] {logging_mixin.py:104} INFO - Running <TaskInstance: rank_update.pull_from_git 2021-12-21T23:40:00+00:00 [running]> on host airflowvm
[2021-12-21 23:50:02,873] {taskinstance.py:1280} INFO - Exporting the following env vars:
AIRFLOW_CTX_DAG_OWNER=airflow
AIRFLOW_CTX_DAG_ID=rank_update
AIRFLOW_CTX_TASK_ID=pull_from_git
AIRFLOW_CTX_EXECUTION_DATE=2021-12-21T23:40:00+00:00
AIRFLOW_CTX_DAG_RUN_ID=scheduled__2021-12-21T23:40:00+00:00
[2021-12-21 23:50:02,874] {subprocess.py:52} INFO - Tmp dir root location: 
 /tmp
[2021-12-21 23:50:02,874] {subprocess.py:63} INFO - Running command: ['bash', '-c', 'git -C /home/airflow/AlgorithmStudy_211124 pull']
[2021-12-21 23:50:02,877] {subprocess.py:75} INFO - Output:
[2021-12-21 23:50:03,205] {subprocess.py:79} INFO - Already up to date.
[2021-12-21 23:50:03,205] {subprocess.py:83} INFO - Command exited with return code 0
[2021-12-21 23:50:03,228] {taskinstance.py:1184} INFO - Marking task as SUCCESS. dag_id=rank_update, task_id=pull_from_git, execution_date=20211221T234000, start_date=20211221T235002, end_date=20211221T235003
[2021-12-21 23:50:03,244] {taskinstance.py:1245} INFO - 1 downstream tasks scheduled from follow-on schedule check
[2021-12-21 23:50:03,252] {local_task_job.py:151} INFO - Task exited with return code 0
