[2021-12-18 16:09:13,121] {taskinstance.py:876} INFO - Dependencies all met for <TaskInstance: rank_update.make_indicator 2021-12-18T16:09:10.771552+00:00 [queued]>
[2021-12-18 16:09:13,132] {taskinstance.py:876} INFO - Dependencies all met for <TaskInstance: rank_update.make_indicator 2021-12-18T16:09:10.771552+00:00 [queued]>
[2021-12-18 16:09:13,138] {taskinstance.py:1067} INFO - 
--------------------------------------------------------------------------------
[2021-12-18 16:09:13,138] {taskinstance.py:1068} INFO - Starting attempt 1 of 1
[2021-12-18 16:09:13,139] {taskinstance.py:1069} INFO - 
--------------------------------------------------------------------------------
[2021-12-18 16:09:13,160] {taskinstance.py:1087} INFO - Executing <Task(BashOperator): make_indicator> on 2021-12-18T16:09:10.771552+00:00
[2021-12-18 16:09:13,161] {standard_task_runner.py:52} INFO - Started process 3482 to run task
[2021-12-18 16:09:13,180] {standard_task_runner.py:76} INFO - Running: ['airflow', 'tasks', 'run', 'rank_update', 'make_indicator', '2021-12-18T16:09:10.771552+00:00', '--job-id', '132', '--pool', 'default_pool', '--raw', '--subdir', 'DAGS_FOLDER/rank_update.py', '--cfg-path', '/tmp/tmppfmps98j', '--error-file', '/tmp/tmp5w3gsgpx']
[2021-12-18 16:09:13,181] {standard_task_runner.py:77} INFO - Job 132: Subtask make_indicator
[2021-12-18 16:09:13,261] {logging_mixin.py:104} INFO - Running <TaskInstance: rank_update.make_indicator 2021-12-18T16:09:10.771552+00:00 [running]> on host airflowvm
[2021-12-18 16:09:13,367] {taskinstance.py:1280} INFO - Exporting the following env vars:
AIRFLOW_CTX_DAG_OWNER=airflow
AIRFLOW_CTX_DAG_ID=rank_update
AIRFLOW_CTX_TASK_ID=make_indicator
AIRFLOW_CTX_EXECUTION_DATE=2021-12-18T16:09:10.771552+00:00
AIRFLOW_CTX_DAG_RUN_ID=manual__2021-12-18T16:09:10.771552+00:00
[2021-12-18 16:09:13,367] {subprocess.py:52} INFO - Tmp dir root location: 
 /tmp
[2021-12-18 16:09:13,368] {subprocess.py:63} INFO - Running command: ['bash', '-c', 'python3 /home/airflow/parser4Study/multiple_parser.py /home/airflow/AlgorithmStudy_211124/211221/']
[2021-12-18 16:09:13,371] {subprocess.py:75} INFO - Output:
[2021-12-18 16:09:13,772] {subprocess.py:79} INFO - Launched /tmp/airflowtmpw1qcxo_3
[2021-12-18 16:09:13,811] {subprocess.py:83} INFO - Command exited with return code 0
[2021-12-18 16:09:13,839] {taskinstance.py:1184} INFO - Marking task as SUCCESS. dag_id=rank_update, task_id=make_indicator, execution_date=20211218T160910, start_date=20211218T160913, end_date=20211218T160913
[2021-12-18 16:09:13,857] {taskinstance.py:1245} INFO - 0 downstream tasks scheduled from follow-on schedule check
[2021-12-18 16:09:13,869] {local_task_job.py:151} INFO - Task exited with return code 0
