[2021-12-13 07:35:36,745] {scheduler_job.py:182} INFO - Started process (PID=35791) to work on /home/airflow/.local/lib/python3.8/site-packages/airflow/example_dags/example_branch_datetime_operator.py
[2021-12-13 07:35:36,748] {scheduler_job.py:633} INFO - Processing file /home/airflow/.local/lib/python3.8/site-packages/airflow/example_dags/example_branch_datetime_operator.py for tasks to queue
[2021-12-13 07:35:36,748] {logging_mixin.py:104} INFO - [2021-12-13 07:35:36,748] {dagbag.py:487} INFO - Filling up the DagBag from /home/airflow/.local/lib/python3.8/site-packages/airflow/example_dags/example_branch_datetime_operator.py
[2021-12-13 07:35:36,763] {scheduler_job.py:643} INFO - DAG(s) dict_keys(['example_branch_datetime_operator_2']) retrieved from /home/airflow/.local/lib/python3.8/site-packages/airflow/example_dags/example_branch_datetime_operator.py
[2021-12-13 07:35:37,067] {logging_mixin.py:104} INFO - [2021-12-13 07:35:37,067] {dag.py:1832} INFO - Sync 1 DAGs
[2021-12-13 07:35:37,090] {logging_mixin.py:104} INFO - [2021-12-13 07:35:37,089] {dag.py:2305} INFO - Setting next_dagrun for example_branch_datetime_operator_2 to 2021-12-11 00:00:00+00:00
[2021-12-13 07:35:37,120] {scheduler_job.py:190} INFO - Processing /home/airflow/.local/lib/python3.8/site-packages/airflow/example_dags/example_branch_datetime_operator.py took 0.379 seconds
[2021-12-13 07:36:15,041] {scheduler_job.py:182} INFO - Started process (PID=35969) to work on /home/airflow/.local/lib/python3.8/site-packages/airflow/example_dags/example_branch_datetime_operator.py
[2021-12-13 07:36:15,063] {scheduler_job.py:633} INFO - Processing file /home/airflow/.local/lib/python3.8/site-packages/airflow/example_dags/example_branch_datetime_operator.py for tasks to queue
[2021-12-13 07:36:15,068] {logging_mixin.py:104} INFO - [2021-12-13 07:36:15,068] {dagbag.py:487} INFO - Filling up the DagBag from /home/airflow/.local/lib/python3.8/site-packages/airflow/example_dags/example_branch_datetime_operator.py
[2021-12-13 07:36:15,125] {scheduler_job.py:643} INFO - DAG(s) dict_keys(['example_branch_datetime_operator_2']) retrieved from /home/airflow/.local/lib/python3.8/site-packages/airflow/example_dags/example_branch_datetime_operator.py
[2021-12-13 07:36:15,167] {logging_mixin.py:104} INFO - [2021-12-13 07:36:15,167] {dag.py:1832} INFO - Sync 1 DAGs
[2021-12-13 07:36:15,207] {logging_mixin.py:104} INFO - [2021-12-13 07:36:15,207] {dag.py:2305} INFO - Setting next_dagrun for example_branch_datetime_operator_2 to 2021-12-11 00:00:00+00:00
[2021-12-13 07:36:15,233] {scheduler_job.py:190} INFO - Processing /home/airflow/.local/lib/python3.8/site-packages/airflow/example_dags/example_branch_datetime_operator.py took 0.195 seconds
[2021-12-13 07:36:51,659] {scheduler_job.py:182} INFO - Started process (PID=36135) to work on /home/airflow/.local/lib/python3.8/site-packages/airflow/example_dags/example_branch_datetime_operator.py
[2021-12-13 07:36:51,669] {scheduler_job.py:633} INFO - Processing file /home/airflow/.local/lib/python3.8/site-packages/airflow/example_dags/example_branch_datetime_operator.py for tasks to queue
[2021-12-13 07:36:51,670] {logging_mixin.py:104} INFO - [2021-12-13 07:36:51,670] {dagbag.py:487} INFO - Filling up the DagBag from /home/airflow/.local/lib/python3.8/site-packages/airflow/example_dags/example_branch_datetime_operator.py
[2021-12-13 07:36:51,689] {scheduler_job.py:643} INFO - DAG(s) dict_keys(['example_branch_datetime_operator_2']) retrieved from /home/airflow/.local/lib/python3.8/site-packages/airflow/example_dags/example_branch_datetime_operator.py
[2021-12-13 07:36:51,705] {logging_mixin.py:104} INFO - [2021-12-13 07:36:51,705] {dag.py:1832} INFO - Sync 1 DAGs
[2021-12-13 07:36:51,722] {logging_mixin.py:104} INFO - [2021-12-13 07:36:51,722] {dag.py:2305} INFO - Setting next_dagrun for example_branch_datetime_operator_2 to 2021-12-11 00:00:00+00:00
[2021-12-13 07:36:51,748] {scheduler_job.py:190} INFO - Processing /home/airflow/.local/lib/python3.8/site-packages/airflow/example_dags/example_branch_datetime_operator.py took 0.096 seconds
[2021-12-13 07:37:26,183] {scheduler_job.py:182} INFO - Started process (PID=36286) to work on /home/airflow/.local/lib/python3.8/site-packages/airflow/example_dags/example_branch_datetime_operator.py
[2021-12-13 07:37:26,188] {scheduler_job.py:633} INFO - Processing file /home/airflow/.local/lib/python3.8/site-packages/airflow/example_dags/example_branch_datetime_operator.py for tasks to queue
[2021-12-13 07:37:26,192] {logging_mixin.py:104} INFO - [2021-12-13 07:37:26,192] {dagbag.py:487} INFO - Filling up the DagBag from /home/airflow/.local/lib/python3.8/site-packages/airflow/example_dags/example_branch_datetime_operator.py
[2021-12-13 07:37:26,213] {scheduler_job.py:643} INFO - DAG(s) dict_keys(['example_branch_datetime_operator_2']) retrieved from /home/airflow/.local/lib/python3.8/site-packages/airflow/example_dags/example_branch_datetime_operator.py
[2021-12-13 07:37:26,240] {logging_mixin.py:104} INFO - [2021-12-13 07:37:26,240] {dag.py:1832} INFO - Sync 1 DAGs
[2021-12-13 07:37:26,255] {logging_mixin.py:104} INFO - [2021-12-13 07:37:26,255] {dag.py:2305} INFO - Setting next_dagrun for example_branch_datetime_operator_2 to 2021-12-11 00:00:00+00:00
[2021-12-13 07:37:26,286] {scheduler_job.py:190} INFO - Processing /home/airflow/.local/lib/python3.8/site-packages/airflow/example_dags/example_branch_datetime_operator.py took 0.109 seconds
[2021-12-13 07:38:02,830] {scheduler_job.py:182} INFO - Started process (PID=36424) to work on /home/airflow/.local/lib/python3.8/site-packages/airflow/example_dags/example_branch_datetime_operator.py
[2021-12-13 07:38:02,833] {scheduler_job.py:633} INFO - Processing file /home/airflow/.local/lib/python3.8/site-packages/airflow/example_dags/example_branch_datetime_operator.py for tasks to queue
[2021-12-13 07:38:02,836] {logging_mixin.py:104} INFO - [2021-12-13 07:38:02,836] {dagbag.py:487} INFO - Filling up the DagBag from /home/airflow/.local/lib/python3.8/site-packages/airflow/example_dags/example_branch_datetime_operator.py
[2021-12-13 07:38:02,861] {scheduler_job.py:643} INFO - DAG(s) dict_keys(['example_branch_datetime_operator_2']) retrieved from /home/airflow/.local/lib/python3.8/site-packages/airflow/example_dags/example_branch_datetime_operator.py
[2021-12-13 07:38:02,875] {logging_mixin.py:104} INFO - [2021-12-13 07:38:02,875] {dag.py:1832} INFO - Sync 1 DAGs
[2021-12-13 07:38:02,889] {logging_mixin.py:104} INFO - [2021-12-13 07:38:02,889] {dag.py:2305} INFO - Setting next_dagrun for example_branch_datetime_operator_2 to 2021-12-11 00:00:00+00:00
[2021-12-13 07:38:02,917] {scheduler_job.py:190} INFO - Processing /home/airflow/.local/lib/python3.8/site-packages/airflow/example_dags/example_branch_datetime_operator.py took 0.089 seconds
[2021-12-13 07:38:39,947] {scheduler_job.py:182} INFO - Started process (PID=36644) to work on /home/airflow/.local/lib/python3.8/site-packages/airflow/example_dags/example_branch_datetime_operator.py
[2021-12-13 07:38:39,950] {scheduler_job.py:633} INFO - Processing file /home/airflow/.local/lib/python3.8/site-packages/airflow/example_dags/example_branch_datetime_operator.py for tasks to queue
[2021-12-13 07:38:39,953] {logging_mixin.py:104} INFO - [2021-12-13 07:38:39,953] {dagbag.py:487} INFO - Filling up the DagBag from /home/airflow/.local/lib/python3.8/site-packages/airflow/example_dags/example_branch_datetime_operator.py
[2021-12-13 07:38:39,964] {scheduler_job.py:643} INFO - DAG(s) dict_keys(['example_branch_datetime_operator_2']) retrieved from /home/airflow/.local/lib/python3.8/site-packages/airflow/example_dags/example_branch_datetime_operator.py
[2021-12-13 07:38:39,977] {logging_mixin.py:104} INFO - [2021-12-13 07:38:39,977] {dag.py:1832} INFO - Sync 1 DAGs
[2021-12-13 07:38:39,990] {logging_mixin.py:104} INFO - [2021-12-13 07:38:39,990] {dag.py:2305} INFO - Setting next_dagrun for example_branch_datetime_operator_2 to 2021-12-11 00:00:00+00:00
[2021-12-13 07:38:40,019] {scheduler_job.py:190} INFO - Processing /home/airflow/.local/lib/python3.8/site-packages/airflow/example_dags/example_branch_datetime_operator.py took 0.075 seconds
[2021-12-13 07:39:14,811] {scheduler_job.py:182} INFO - Started process (PID=36846) to work on /home/airflow/.local/lib/python3.8/site-packages/airflow/example_dags/example_branch_datetime_operator.py
[2021-12-13 07:39:14,815] {scheduler_job.py:633} INFO - Processing file /home/airflow/.local/lib/python3.8/site-packages/airflow/example_dags/example_branch_datetime_operator.py for tasks to queue
[2021-12-13 07:39:14,815] {logging_mixin.py:104} INFO - [2021-12-13 07:39:14,815] {dagbag.py:487} INFO - Filling up the DagBag from /home/airflow/.local/lib/python3.8/site-packages/airflow/example_dags/example_branch_datetime_operator.py
[2021-12-13 07:39:14,829] {scheduler_job.py:643} INFO - DAG(s) dict_keys(['example_branch_datetime_operator_2']) retrieved from /home/airflow/.local/lib/python3.8/site-packages/airflow/example_dags/example_branch_datetime_operator.py
[2021-12-13 07:39:14,853] {logging_mixin.py:104} INFO - [2021-12-13 07:39:14,853] {dag.py:1832} INFO - Sync 1 DAGs
[2021-12-13 07:39:14,874] {logging_mixin.py:104} INFO - [2021-12-13 07:39:14,874] {dag.py:2305} INFO - Setting next_dagrun for example_branch_datetime_operator_2 to 2021-12-11 00:00:00+00:00
[2021-12-13 07:39:14,900] {scheduler_job.py:190} INFO - Processing /home/airflow/.local/lib/python3.8/site-packages/airflow/example_dags/example_branch_datetime_operator.py took 0.092 seconds
[2021-12-13 07:39:52,699] {scheduler_job.py:182} INFO - Started process (PID=37106) to work on /home/airflow/.local/lib/python3.8/site-packages/airflow/example_dags/example_branch_datetime_operator.py
[2021-12-13 07:39:52,702] {scheduler_job.py:633} INFO - Processing file /home/airflow/.local/lib/python3.8/site-packages/airflow/example_dags/example_branch_datetime_operator.py for tasks to queue
[2021-12-13 07:39:52,705] {logging_mixin.py:104} INFO - [2021-12-13 07:39:52,705] {dagbag.py:487} INFO - Filling up the DagBag from /home/airflow/.local/lib/python3.8/site-packages/airflow/example_dags/example_branch_datetime_operator.py
[2021-12-13 07:39:52,719] {scheduler_job.py:643} INFO - DAG(s) dict_keys(['example_branch_datetime_operator_2']) retrieved from /home/airflow/.local/lib/python3.8/site-packages/airflow/example_dags/example_branch_datetime_operator.py
[2021-12-13 07:39:52,733] {logging_mixin.py:104} INFO - [2021-12-13 07:39:52,732] {dag.py:1832} INFO - Sync 1 DAGs
[2021-12-13 07:39:52,747] {logging_mixin.py:104} INFO - [2021-12-13 07:39:52,746] {dag.py:2305} INFO - Setting next_dagrun for example_branch_datetime_operator_2 to 2021-12-11 00:00:00+00:00
[2021-12-13 07:39:52,770] {scheduler_job.py:190} INFO - Processing /home/airflow/.local/lib/python3.8/site-packages/airflow/example_dags/example_branch_datetime_operator.py took 0.075 seconds
[2021-12-13 07:40:36,733] {scheduler_job.py:182} INFO - Started process (PID=37333) to work on /home/airflow/.local/lib/python3.8/site-packages/airflow/example_dags/example_branch_datetime_operator.py
[2021-12-13 07:40:36,751] {scheduler_job.py:633} INFO - Processing file /home/airflow/.local/lib/python3.8/site-packages/airflow/example_dags/example_branch_datetime_operator.py for tasks to queue
[2021-12-13 07:40:36,755] {logging_mixin.py:104} INFO - [2021-12-13 07:40:36,755] {dagbag.py:487} INFO - Filling up the DagBag from /home/airflow/.local/lib/python3.8/site-packages/airflow/example_dags/example_branch_datetime_operator.py
[2021-12-13 07:40:36,790] {scheduler_job.py:643} INFO - DAG(s) dict_keys(['example_branch_datetime_operator_2']) retrieved from /home/airflow/.local/lib/python3.8/site-packages/airflow/example_dags/example_branch_datetime_operator.py
[2021-12-13 07:40:36,819] {logging_mixin.py:104} INFO - [2021-12-13 07:40:36,819] {dag.py:1832} INFO - Sync 1 DAGs
[2021-12-13 07:40:36,863] {logging_mixin.py:104} INFO - [2021-12-13 07:40:36,853] {dag.py:2305} INFO - Setting next_dagrun for example_branch_datetime_operator_2 to 2021-12-11 00:00:00+00:00
[2021-12-13 07:40:36,891] {scheduler_job.py:190} INFO - Processing /home/airflow/.local/lib/python3.8/site-packages/airflow/example_dags/example_branch_datetime_operator.py took 0.161 seconds
[2021-12-13 07:41:31,482] {scheduler_job.py:182} INFO - Started process (PID=37524) to work on /home/airflow/.local/lib/python3.8/site-packages/airflow/example_dags/example_branch_datetime_operator.py
[2021-12-13 07:41:31,485] {scheduler_job.py:633} INFO - Processing file /home/airflow/.local/lib/python3.8/site-packages/airflow/example_dags/example_branch_datetime_operator.py for tasks to queue
[2021-12-13 07:41:31,488] {logging_mixin.py:104} INFO - [2021-12-13 07:41:31,488] {dagbag.py:487} INFO - Filling up the DagBag from /home/airflow/.local/lib/python3.8/site-packages/airflow/example_dags/example_branch_datetime_operator.py
[2021-12-13 07:41:31,506] {scheduler_job.py:643} INFO - DAG(s) dict_keys(['example_branch_datetime_operator_2']) retrieved from /home/airflow/.local/lib/python3.8/site-packages/airflow/example_dags/example_branch_datetime_operator.py
[2021-12-13 07:41:31,537] {logging_mixin.py:104} INFO - [2021-12-13 07:41:31,537] {dag.py:1832} INFO - Sync 1 DAGs
[2021-12-13 07:41:31,597] {logging_mixin.py:104} INFO - [2021-12-13 07:41:31,596] {dag.py:2305} INFO - Setting next_dagrun for example_branch_datetime_operator_2 to 2021-12-11 00:00:00+00:00
[2021-12-13 07:41:31,632] {scheduler_job.py:190} INFO - Processing /home/airflow/.local/lib/python3.8/site-packages/airflow/example_dags/example_branch_datetime_operator.py took 0.156 seconds
[2021-12-13 07:42:18,933] {scheduler_job.py:182} INFO - Started process (PID=37689) to work on /home/airflow/.local/lib/python3.8/site-packages/airflow/example_dags/example_branch_datetime_operator.py
[2021-12-13 07:42:18,937] {scheduler_job.py:633} INFO - Processing file /home/airflow/.local/lib/python3.8/site-packages/airflow/example_dags/example_branch_datetime_operator.py for tasks to queue
[2021-12-13 07:42:18,942] {logging_mixin.py:104} INFO - [2021-12-13 07:42:18,942] {dagbag.py:487} INFO - Filling up the DagBag from /home/airflow/.local/lib/python3.8/site-packages/airflow/example_dags/example_branch_datetime_operator.py
[2021-12-13 07:42:18,969] {scheduler_job.py:643} INFO - DAG(s) dict_keys(['example_branch_datetime_operator_2']) retrieved from /home/airflow/.local/lib/python3.8/site-packages/airflow/example_dags/example_branch_datetime_operator.py
[2021-12-13 07:42:19,015] {logging_mixin.py:104} INFO - [2021-12-13 07:42:19,015] {dag.py:1832} INFO - Sync 1 DAGs
[2021-12-13 07:42:19,048] {logging_mixin.py:104} INFO - [2021-12-13 07:42:19,048] {dag.py:2305} INFO - Setting next_dagrun for example_branch_datetime_operator_2 to 2021-12-11 00:00:00+00:00
[2021-12-13 07:42:19,087] {scheduler_job.py:190} INFO - Processing /home/airflow/.local/lib/python3.8/site-packages/airflow/example_dags/example_branch_datetime_operator.py took 0.170 seconds
[2021-12-13 07:43:07,244] {scheduler_job.py:182} INFO - Started process (PID=37848) to work on /home/airflow/.local/lib/python3.8/site-packages/airflow/example_dags/example_branch_datetime_operator.py
[2021-12-13 07:43:07,251] {scheduler_job.py:633} INFO - Processing file /home/airflow/.local/lib/python3.8/site-packages/airflow/example_dags/example_branch_datetime_operator.py for tasks to queue
[2021-12-13 07:43:07,259] {logging_mixin.py:104} INFO - [2021-12-13 07:43:07,259] {dagbag.py:487} INFO - Filling up the DagBag from /home/airflow/.local/lib/python3.8/site-packages/airflow/example_dags/example_branch_datetime_operator.py
[2021-12-13 07:43:07,298] {scheduler_job.py:643} INFO - DAG(s) dict_keys(['example_branch_datetime_operator_2']) retrieved from /home/airflow/.local/lib/python3.8/site-packages/airflow/example_dags/example_branch_datetime_operator.py
[2021-12-13 07:43:07,358] {logging_mixin.py:104} INFO - [2021-12-13 07:43:07,358] {dag.py:1832} INFO - Sync 1 DAGs
[2021-12-13 07:43:07,402] {logging_mixin.py:104} INFO - [2021-12-13 07:43:07,402] {dag.py:2305} INFO - Setting next_dagrun for example_branch_datetime_operator_2 to 2021-12-11 00:00:00+00:00
[2021-12-13 07:43:07,437] {scheduler_job.py:190} INFO - Processing /home/airflow/.local/lib/python3.8/site-packages/airflow/example_dags/example_branch_datetime_operator.py took 0.204 seconds
[2021-12-13 07:43:52,338] {scheduler_job.py:182} INFO - Started process (PID=37992) to work on /home/airflow/.local/lib/python3.8/site-packages/airflow/example_dags/example_branch_datetime_operator.py
[2021-12-13 07:43:52,340] {scheduler_job.py:633} INFO - Processing file /home/airflow/.local/lib/python3.8/site-packages/airflow/example_dags/example_branch_datetime_operator.py for tasks to queue
[2021-12-13 07:43:52,343] {logging_mixin.py:104} INFO - [2021-12-13 07:43:52,343] {dagbag.py:487} INFO - Filling up the DagBag from /home/airflow/.local/lib/python3.8/site-packages/airflow/example_dags/example_branch_datetime_operator.py
[2021-12-13 07:43:52,357] {scheduler_job.py:643} INFO - DAG(s) dict_keys(['example_branch_datetime_operator_2']) retrieved from /home/airflow/.local/lib/python3.8/site-packages/airflow/example_dags/example_branch_datetime_operator.py
[2021-12-13 07:43:52,373] {logging_mixin.py:104} INFO - [2021-12-13 07:43:52,373] {dag.py:1832} INFO - Sync 1 DAGs
[2021-12-13 07:43:52,387] {logging_mixin.py:104} INFO - [2021-12-13 07:43:52,387] {dag.py:2305} INFO - Setting next_dagrun for example_branch_datetime_operator_2 to 2021-12-11 00:00:00+00:00
[2021-12-13 07:43:52,404] {scheduler_job.py:190} INFO - Processing /home/airflow/.local/lib/python3.8/site-packages/airflow/example_dags/example_branch_datetime_operator.py took 0.071 seconds
[2021-12-13 07:44:35,986] {scheduler_job.py:182} INFO - Started process (PID=38137) to work on /home/airflow/.local/lib/python3.8/site-packages/airflow/example_dags/example_branch_datetime_operator.py
[2021-12-13 07:44:35,990] {scheduler_job.py:633} INFO - Processing file /home/airflow/.local/lib/python3.8/site-packages/airflow/example_dags/example_branch_datetime_operator.py for tasks to queue
[2021-12-13 07:44:35,994] {logging_mixin.py:104} INFO - [2021-12-13 07:44:35,994] {dagbag.py:487} INFO - Filling up the DagBag from /home/airflow/.local/lib/python3.8/site-packages/airflow/example_dags/example_branch_datetime_operator.py
[2021-12-13 07:44:36,026] {scheduler_job.py:643} INFO - DAG(s) dict_keys(['example_branch_datetime_operator_2']) retrieved from /home/airflow/.local/lib/python3.8/site-packages/airflow/example_dags/example_branch_datetime_operator.py
[2021-12-13 07:44:36,057] {logging_mixin.py:104} INFO - [2021-12-13 07:44:36,057] {dag.py:1832} INFO - Sync 1 DAGs
[2021-12-13 07:44:36,080] {logging_mixin.py:104} INFO - [2021-12-13 07:44:36,080] {dag.py:2305} INFO - Setting next_dagrun for example_branch_datetime_operator_2 to 2021-12-11 00:00:00+00:00
[2021-12-13 07:44:36,105] {scheduler_job.py:190} INFO - Processing /home/airflow/.local/lib/python3.8/site-packages/airflow/example_dags/example_branch_datetime_operator.py took 0.125 seconds
[2021-12-13 07:45:35,023] {scheduler_job.py:182} INFO - Started process (PID=38421) to work on /home/airflow/.local/lib/python3.8/site-packages/airflow/example_dags/example_branch_datetime_operator.py
[2021-12-13 07:45:35,026] {scheduler_job.py:633} INFO - Processing file /home/airflow/.local/lib/python3.8/site-packages/airflow/example_dags/example_branch_datetime_operator.py for tasks to queue
[2021-12-13 07:45:35,029] {logging_mixin.py:104} INFO - [2021-12-13 07:45:35,029] {dagbag.py:487} INFO - Filling up the DagBag from /home/airflow/.local/lib/python3.8/site-packages/airflow/example_dags/example_branch_datetime_operator.py
[2021-12-13 07:45:35,059] {scheduler_job.py:643} INFO - DAG(s) dict_keys(['example_branch_datetime_operator_2']) retrieved from /home/airflow/.local/lib/python3.8/site-packages/airflow/example_dags/example_branch_datetime_operator.py
[2021-12-13 07:45:35,115] {logging_mixin.py:104} INFO - [2021-12-13 07:45:35,115] {dag.py:1832} INFO - Sync 1 DAGs
[2021-12-13 07:45:35,152] {logging_mixin.py:104} INFO - [2021-12-13 07:45:35,152] {dag.py:2305} INFO - Setting next_dagrun for example_branch_datetime_operator_2 to 2021-12-11 00:00:00+00:00
[2021-12-13 07:45:35,189] {scheduler_job.py:190} INFO - Processing /home/airflow/.local/lib/python3.8/site-packages/airflow/example_dags/example_branch_datetime_operator.py took 0.172 seconds
[2021-12-13 07:46:16,351] {scheduler_job.py:182} INFO - Started process (PID=38558) to work on /home/airflow/.local/lib/python3.8/site-packages/airflow/example_dags/example_branch_datetime_operator.py
[2021-12-13 07:46:16,356] {scheduler_job.py:633} INFO - Processing file /home/airflow/.local/lib/python3.8/site-packages/airflow/example_dags/example_branch_datetime_operator.py for tasks to queue
[2021-12-13 07:46:16,360] {logging_mixin.py:104} INFO - [2021-12-13 07:46:16,359] {dagbag.py:487} INFO - Filling up the DagBag from /home/airflow/.local/lib/python3.8/site-packages/airflow/example_dags/example_branch_datetime_operator.py
[2021-12-13 07:46:16,375] {scheduler_job.py:643} INFO - DAG(s) dict_keys(['example_branch_datetime_operator_2']) retrieved from /home/airflow/.local/lib/python3.8/site-packages/airflow/example_dags/example_branch_datetime_operator.py
[2021-12-13 07:46:16,392] {logging_mixin.py:104} INFO - [2021-12-13 07:46:16,392] {dag.py:1832} INFO - Sync 1 DAGs
[2021-12-13 07:46:16,408] {logging_mixin.py:104} INFO - [2021-12-13 07:46:16,408] {dag.py:2305} INFO - Setting next_dagrun for example_branch_datetime_operator_2 to 2021-12-11 00:00:00+00:00
[2021-12-13 07:46:16,436] {scheduler_job.py:190} INFO - Processing /home/airflow/.local/lib/python3.8/site-packages/airflow/example_dags/example_branch_datetime_operator.py took 0.088 seconds
[2021-12-13 07:46:58,220] {scheduler_job.py:182} INFO - Started process (PID=38695) to work on /home/airflow/.local/lib/python3.8/site-packages/airflow/example_dags/example_branch_datetime_operator.py
[2021-12-13 07:46:58,223] {scheduler_job.py:633} INFO - Processing file /home/airflow/.local/lib/python3.8/site-packages/airflow/example_dags/example_branch_datetime_operator.py for tasks to queue
[2021-12-13 07:46:58,224] {logging_mixin.py:104} INFO - [2021-12-13 07:46:58,224] {dagbag.py:487} INFO - Filling up the DagBag from /home/airflow/.local/lib/python3.8/site-packages/airflow/example_dags/example_branch_datetime_operator.py
[2021-12-13 07:46:58,248] {scheduler_job.py:643} INFO - DAG(s) dict_keys(['example_branch_datetime_operator_2']) retrieved from /home/airflow/.local/lib/python3.8/site-packages/airflow/example_dags/example_branch_datetime_operator.py
[2021-12-13 07:46:58,288] {logging_mixin.py:104} INFO - [2021-12-13 07:46:58,288] {dag.py:1832} INFO - Sync 1 DAGs
[2021-12-13 07:46:58,304] {logging_mixin.py:104} INFO - [2021-12-13 07:46:58,304] {dag.py:2305} INFO - Setting next_dagrun for example_branch_datetime_operator_2 to 2021-12-11 00:00:00+00:00
[2021-12-13 07:46:58,331] {scheduler_job.py:190} INFO - Processing /home/airflow/.local/lib/python3.8/site-packages/airflow/example_dags/example_branch_datetime_operator.py took 0.113 seconds
[2021-12-13 07:47:34,303] {scheduler_job.py:182} INFO - Started process (PID=38814) to work on /home/airflow/.local/lib/python3.8/site-packages/airflow/example_dags/example_branch_datetime_operator.py
[2021-12-13 07:47:34,306] {scheduler_job.py:633} INFO - Processing file /home/airflow/.local/lib/python3.8/site-packages/airflow/example_dags/example_branch_datetime_operator.py for tasks to queue
[2021-12-13 07:47:34,308] {logging_mixin.py:104} INFO - [2021-12-13 07:47:34,308] {dagbag.py:487} INFO - Filling up the DagBag from /home/airflow/.local/lib/python3.8/site-packages/airflow/example_dags/example_branch_datetime_operator.py
[2021-12-13 07:47:34,320] {scheduler_job.py:643} INFO - DAG(s) dict_keys(['example_branch_datetime_operator_2']) retrieved from /home/airflow/.local/lib/python3.8/site-packages/airflow/example_dags/example_branch_datetime_operator.py
[2021-12-13 07:47:34,334] {logging_mixin.py:104} INFO - [2021-12-13 07:47:34,334] {dag.py:1832} INFO - Sync 1 DAGs
[2021-12-13 07:47:34,368] {logging_mixin.py:104} INFO - [2021-12-13 07:47:34,368] {dag.py:2305} INFO - Setting next_dagrun for example_branch_datetime_operator_2 to 2021-12-11 00:00:00+00:00
[2021-12-13 07:47:34,397] {scheduler_job.py:190} INFO - Processing /home/airflow/.local/lib/python3.8/site-packages/airflow/example_dags/example_branch_datetime_operator.py took 0.097 seconds
[2021-12-13 07:48:12,736] {scheduler_job.py:182} INFO - Started process (PID=38949) to work on /home/airflow/.local/lib/python3.8/site-packages/airflow/example_dags/example_branch_datetime_operator.py
[2021-12-13 07:48:12,740] {scheduler_job.py:633} INFO - Processing file /home/airflow/.local/lib/python3.8/site-packages/airflow/example_dags/example_branch_datetime_operator.py for tasks to queue
[2021-12-13 07:48:12,744] {logging_mixin.py:104} INFO - [2021-12-13 07:48:12,740] {dagbag.py:487} INFO - Filling up the DagBag from /home/airflow/.local/lib/python3.8/site-packages/airflow/example_dags/example_branch_datetime_operator.py
[2021-12-13 07:48:12,761] {scheduler_job.py:643} INFO - DAG(s) dict_keys(['example_branch_datetime_operator_2']) retrieved from /home/airflow/.local/lib/python3.8/site-packages/airflow/example_dags/example_branch_datetime_operator.py
[2021-12-13 07:48:12,779] {logging_mixin.py:104} INFO - [2021-12-13 07:48:12,779] {dag.py:1832} INFO - Sync 1 DAGs
[2021-12-13 07:48:12,792] {logging_mixin.py:104} INFO - [2021-12-13 07:48:12,792] {dag.py:2305} INFO - Setting next_dagrun for example_branch_datetime_operator_2 to 2021-12-11 00:00:00+00:00
[2021-12-13 07:48:12,810] {scheduler_job.py:190} INFO - Processing /home/airflow/.local/lib/python3.8/site-packages/airflow/example_dags/example_branch_datetime_operator.py took 0.077 seconds
[2021-12-13 07:48:59,553] {scheduler_job.py:182} INFO - Started process (PID=39119) to work on /home/airflow/.local/lib/python3.8/site-packages/airflow/example_dags/example_branch_datetime_operator.py
[2021-12-13 07:48:59,565] {scheduler_job.py:633} INFO - Processing file /home/airflow/.local/lib/python3.8/site-packages/airflow/example_dags/example_branch_datetime_operator.py for tasks to queue
[2021-12-13 07:48:59,569] {logging_mixin.py:104} INFO - [2021-12-13 07:48:59,568] {dagbag.py:487} INFO - Filling up the DagBag from /home/airflow/.local/lib/python3.8/site-packages/airflow/example_dags/example_branch_datetime_operator.py
[2021-12-13 07:48:59,603] {scheduler_job.py:643} INFO - DAG(s) dict_keys(['example_branch_datetime_operator_2']) retrieved from /home/airflow/.local/lib/python3.8/site-packages/airflow/example_dags/example_branch_datetime_operator.py
[2021-12-13 07:48:59,641] {logging_mixin.py:104} INFO - [2021-12-13 07:48:59,641] {dag.py:1832} INFO - Sync 1 DAGs
[2021-12-13 07:48:59,677] {logging_mixin.py:104} INFO - [2021-12-13 07:48:59,677] {dag.py:2305} INFO - Setting next_dagrun for example_branch_datetime_operator_2 to 2021-12-11 00:00:00+00:00
[2021-12-13 07:48:59,730] {scheduler_job.py:190} INFO - Processing /home/airflow/.local/lib/python3.8/site-packages/airflow/example_dags/example_branch_datetime_operator.py took 0.201 seconds
[2021-12-13 07:49:47,707] {scheduler_job.py:182} INFO - Started process (PID=39329) to work on /home/airflow/.local/lib/python3.8/site-packages/airflow/example_dags/example_branch_datetime_operator.py
[2021-12-13 07:49:47,710] {scheduler_job.py:633} INFO - Processing file /home/airflow/.local/lib/python3.8/site-packages/airflow/example_dags/example_branch_datetime_operator.py for tasks to queue
[2021-12-13 07:49:47,714] {logging_mixin.py:104} INFO - [2021-12-13 07:49:47,713] {dagbag.py:487} INFO - Filling up the DagBag from /home/airflow/.local/lib/python3.8/site-packages/airflow/example_dags/example_branch_datetime_operator.py
[2021-12-13 07:49:47,728] {scheduler_job.py:643} INFO - DAG(s) dict_keys(['example_branch_datetime_operator_2']) retrieved from /home/airflow/.local/lib/python3.8/site-packages/airflow/example_dags/example_branch_datetime_operator.py
[2021-12-13 07:49:47,743] {logging_mixin.py:104} INFO - [2021-12-13 07:49:47,743] {dag.py:1832} INFO - Sync 1 DAGs
[2021-12-13 07:49:47,760] {logging_mixin.py:104} INFO - [2021-12-13 07:49:47,759] {dag.py:2305} INFO - Setting next_dagrun for example_branch_datetime_operator_2 to 2021-12-11 00:00:00+00:00
[2021-12-13 07:49:47,780] {scheduler_job.py:190} INFO - Processing /home/airflow/.local/lib/python3.8/site-packages/airflow/example_dags/example_branch_datetime_operator.py took 0.075 seconds
