[2021-12-13 07:35:19,309] {scheduler_job.py:182} INFO - Started process (PID=35730) to work on /home/airflow/.local/lib/python3.8/site-packages/airflow/example_dags/example_skip_dag.py
[2021-12-13 07:35:19,314] {scheduler_job.py:633} INFO - Processing file /home/airflow/.local/lib/python3.8/site-packages/airflow/example_dags/example_skip_dag.py for tasks to queue
[2021-12-13 07:35:19,316] {logging_mixin.py:104} INFO - [2021-12-13 07:35:19,316] {dagbag.py:487} INFO - Filling up the DagBag from /home/airflow/.local/lib/python3.8/site-packages/airflow/example_dags/example_skip_dag.py
[2021-12-13 07:35:19,340] {scheduler_job.py:643} INFO - DAG(s) dict_keys(['example_skip_dag']) retrieved from /home/airflow/.local/lib/python3.8/site-packages/airflow/example_dags/example_skip_dag.py
[2021-12-13 07:35:19,663] {logging_mixin.py:104} INFO - [2021-12-13 07:35:19,663] {dag.py:1832} INFO - Sync 1 DAGs
[2021-12-13 07:35:19,675] {logging_mixin.py:104} INFO - [2021-12-13 07:35:19,675] {dag.py:2305} INFO - Setting next_dagrun for example_skip_dag to 2021-12-11 00:00:00+00:00
[2021-12-13 07:35:19,709] {scheduler_job.py:190} INFO - Processing /home/airflow/.local/lib/python3.8/site-packages/airflow/example_dags/example_skip_dag.py took 0.402 seconds
[2021-12-13 07:35:58,354] {scheduler_job.py:182} INFO - Started process (PID=35876) to work on /home/airflow/.local/lib/python3.8/site-packages/airflow/example_dags/example_skip_dag.py
[2021-12-13 07:35:58,358] {scheduler_job.py:633} INFO - Processing file /home/airflow/.local/lib/python3.8/site-packages/airflow/example_dags/example_skip_dag.py for tasks to queue
[2021-12-13 07:35:58,361] {logging_mixin.py:104} INFO - [2021-12-13 07:35:58,360] {dagbag.py:487} INFO - Filling up the DagBag from /home/airflow/.local/lib/python3.8/site-packages/airflow/example_dags/example_skip_dag.py
[2021-12-13 07:35:58,376] {scheduler_job.py:643} INFO - DAG(s) dict_keys(['example_skip_dag']) retrieved from /home/airflow/.local/lib/python3.8/site-packages/airflow/example_dags/example_skip_dag.py
[2021-12-13 07:35:58,391] {logging_mixin.py:104} INFO - [2021-12-13 07:35:58,391] {dag.py:1832} INFO - Sync 1 DAGs
[2021-12-13 07:35:58,403] {logging_mixin.py:104} INFO - [2021-12-13 07:35:58,403] {dag.py:2305} INFO - Setting next_dagrun for example_skip_dag to 2021-12-11 00:00:00+00:00
[2021-12-13 07:35:58,429] {scheduler_job.py:190} INFO - Processing /home/airflow/.local/lib/python3.8/site-packages/airflow/example_dags/example_skip_dag.py took 0.078 seconds
[2021-12-13 07:36:35,212] {scheduler_job.py:182} INFO - Started process (PID=36044) to work on /home/airflow/.local/lib/python3.8/site-packages/airflow/example_dags/example_skip_dag.py
[2021-12-13 07:36:35,216] {scheduler_job.py:633} INFO - Processing file /home/airflow/.local/lib/python3.8/site-packages/airflow/example_dags/example_skip_dag.py for tasks to queue
[2021-12-13 07:36:35,216] {logging_mixin.py:104} INFO - [2021-12-13 07:36:35,216] {dagbag.py:487} INFO - Filling up the DagBag from /home/airflow/.local/lib/python3.8/site-packages/airflow/example_dags/example_skip_dag.py
[2021-12-13 07:36:35,232] {scheduler_job.py:643} INFO - DAG(s) dict_keys(['example_skip_dag']) retrieved from /home/airflow/.local/lib/python3.8/site-packages/airflow/example_dags/example_skip_dag.py
[2021-12-13 07:36:35,248] {logging_mixin.py:104} INFO - [2021-12-13 07:36:35,248] {dag.py:1832} INFO - Sync 1 DAGs
[2021-12-13 07:36:35,264] {logging_mixin.py:104} INFO - [2021-12-13 07:36:35,264] {dag.py:2305} INFO - Setting next_dagrun for example_skip_dag to 2021-12-11 00:00:00+00:00
[2021-12-13 07:36:35,299] {scheduler_job.py:190} INFO - Processing /home/airflow/.local/lib/python3.8/site-packages/airflow/example_dags/example_skip_dag.py took 0.090 seconds
[2021-12-13 07:37:07,803] {scheduler_job.py:182} INFO - Started process (PID=36206) to work on /home/airflow/.local/lib/python3.8/site-packages/airflow/example_dags/example_skip_dag.py
[2021-12-13 07:37:07,806] {scheduler_job.py:633} INFO - Processing file /home/airflow/.local/lib/python3.8/site-packages/airflow/example_dags/example_skip_dag.py for tasks to queue
[2021-12-13 07:37:07,809] {logging_mixin.py:104} INFO - [2021-12-13 07:37:07,809] {dagbag.py:487} INFO - Filling up the DagBag from /home/airflow/.local/lib/python3.8/site-packages/airflow/example_dags/example_skip_dag.py
[2021-12-13 07:37:07,825] {scheduler_job.py:643} INFO - DAG(s) dict_keys(['example_skip_dag']) retrieved from /home/airflow/.local/lib/python3.8/site-packages/airflow/example_dags/example_skip_dag.py
[2021-12-13 07:37:07,849] {logging_mixin.py:104} INFO - [2021-12-13 07:37:07,849] {dag.py:1832} INFO - Sync 1 DAGs
[2021-12-13 07:37:07,863] {logging_mixin.py:104} INFO - [2021-12-13 07:37:07,863] {dag.py:2305} INFO - Setting next_dagrun for example_skip_dag to 2021-12-11 00:00:00+00:00
[2021-12-13 07:37:07,889] {scheduler_job.py:190} INFO - Processing /home/airflow/.local/lib/python3.8/site-packages/airflow/example_dags/example_skip_dag.py took 0.089 seconds
[2021-12-13 07:37:43,686] {scheduler_job.py:182} INFO - Started process (PID=36352) to work on /home/airflow/.local/lib/python3.8/site-packages/airflow/example_dags/example_skip_dag.py
[2021-12-13 07:37:43,690] {scheduler_job.py:633} INFO - Processing file /home/airflow/.local/lib/python3.8/site-packages/airflow/example_dags/example_skip_dag.py for tasks to queue
[2021-12-13 07:37:43,694] {logging_mixin.py:104} INFO - [2021-12-13 07:37:43,694] {dagbag.py:487} INFO - Filling up the DagBag from /home/airflow/.local/lib/python3.8/site-packages/airflow/example_dags/example_skip_dag.py
[2021-12-13 07:37:43,713] {scheduler_job.py:643} INFO - DAG(s) dict_keys(['example_skip_dag']) retrieved from /home/airflow/.local/lib/python3.8/site-packages/airflow/example_dags/example_skip_dag.py
[2021-12-13 07:37:43,731] {logging_mixin.py:104} INFO - [2021-12-13 07:37:43,730] {dag.py:1832} INFO - Sync 1 DAGs
[2021-12-13 07:37:43,742] {logging_mixin.py:104} INFO - [2021-12-13 07:37:43,742] {dag.py:2305} INFO - Setting next_dagrun for example_skip_dag to 2021-12-11 00:00:00+00:00
[2021-12-13 07:37:43,771] {scheduler_job.py:190} INFO - Processing /home/airflow/.local/lib/python3.8/site-packages/airflow/example_dags/example_skip_dag.py took 0.088 seconds
[2021-12-13 07:38:17,710] {scheduler_job.py:182} INFO - Started process (PID=36492) to work on /home/airflow/.local/lib/python3.8/site-packages/airflow/example_dags/example_skip_dag.py
[2021-12-13 07:38:17,718] {scheduler_job.py:633} INFO - Processing file /home/airflow/.local/lib/python3.8/site-packages/airflow/example_dags/example_skip_dag.py for tasks to queue
[2021-12-13 07:38:17,719] {logging_mixin.py:104} INFO - [2021-12-13 07:38:17,719] {dagbag.py:487} INFO - Filling up the DagBag from /home/airflow/.local/lib/python3.8/site-packages/airflow/example_dags/example_skip_dag.py
[2021-12-13 07:38:17,744] {scheduler_job.py:643} INFO - DAG(s) dict_keys(['example_skip_dag']) retrieved from /home/airflow/.local/lib/python3.8/site-packages/airflow/example_dags/example_skip_dag.py
[2021-12-13 07:38:17,761] {logging_mixin.py:104} INFO - [2021-12-13 07:38:17,761] {dag.py:1832} INFO - Sync 1 DAGs
[2021-12-13 07:38:17,776] {logging_mixin.py:104} INFO - [2021-12-13 07:38:17,776] {dag.py:2305} INFO - Setting next_dagrun for example_skip_dag to 2021-12-11 00:00:00+00:00
[2021-12-13 07:38:17,803] {scheduler_job.py:190} INFO - Processing /home/airflow/.local/lib/python3.8/site-packages/airflow/example_dags/example_skip_dag.py took 0.099 seconds
[2021-12-13 07:38:51,688] {scheduler_job.py:182} INFO - Started process (PID=36721) to work on /home/airflow/.local/lib/python3.8/site-packages/airflow/example_dags/example_skip_dag.py
[2021-12-13 07:38:51,691] {scheduler_job.py:633} INFO - Processing file /home/airflow/.local/lib/python3.8/site-packages/airflow/example_dags/example_skip_dag.py for tasks to queue
[2021-12-13 07:38:51,694] {logging_mixin.py:104} INFO - [2021-12-13 07:38:51,694] {dagbag.py:487} INFO - Filling up the DagBag from /home/airflow/.local/lib/python3.8/site-packages/airflow/example_dags/example_skip_dag.py
[2021-12-13 07:38:51,705] {scheduler_job.py:643} INFO - DAG(s) dict_keys(['example_skip_dag']) retrieved from /home/airflow/.local/lib/python3.8/site-packages/airflow/example_dags/example_skip_dag.py
[2021-12-13 07:38:51,721] {logging_mixin.py:104} INFO - [2021-12-13 07:38:51,720] {dag.py:1832} INFO - Sync 1 DAGs
[2021-12-13 07:38:51,734] {logging_mixin.py:104} INFO - [2021-12-13 07:38:51,734] {dag.py:2305} INFO - Setting next_dagrun for example_skip_dag to 2021-12-11 00:00:00+00:00
[2021-12-13 07:38:51,768] {scheduler_job.py:190} INFO - Processing /home/airflow/.local/lib/python3.8/site-packages/airflow/example_dags/example_skip_dag.py took 0.082 seconds
[2021-12-13 07:39:24,082] {scheduler_job.py:182} INFO - Started process (PID=36910) to work on /home/airflow/.local/lib/python3.8/site-packages/airflow/example_dags/example_skip_dag.py
[2021-12-13 07:39:24,085] {scheduler_job.py:633} INFO - Processing file /home/airflow/.local/lib/python3.8/site-packages/airflow/example_dags/example_skip_dag.py for tasks to queue
[2021-12-13 07:39:24,089] {logging_mixin.py:104} INFO - [2021-12-13 07:39:24,088] {dagbag.py:487} INFO - Filling up the DagBag from /home/airflow/.local/lib/python3.8/site-packages/airflow/example_dags/example_skip_dag.py
[2021-12-13 07:39:24,102] {scheduler_job.py:643} INFO - DAG(s) dict_keys(['example_skip_dag']) retrieved from /home/airflow/.local/lib/python3.8/site-packages/airflow/example_dags/example_skip_dag.py
[2021-12-13 07:39:24,118] {logging_mixin.py:104} INFO - [2021-12-13 07:39:24,118] {dag.py:1832} INFO - Sync 1 DAGs
[2021-12-13 07:39:24,135] {logging_mixin.py:104} INFO - [2021-12-13 07:39:24,135] {dag.py:2305} INFO - Setting next_dagrun for example_skip_dag to 2021-12-11 00:00:00+00:00
[2021-12-13 07:39:24,161] {scheduler_job.py:190} INFO - Processing /home/airflow/.local/lib/python3.8/site-packages/airflow/example_dags/example_skip_dag.py took 0.082 seconds
[2021-12-13 07:40:00,608] {scheduler_job.py:182} INFO - Started process (PID=37166) to work on /home/airflow/.local/lib/python3.8/site-packages/airflow/example_dags/example_skip_dag.py
[2021-12-13 07:40:00,612] {scheduler_job.py:633} INFO - Processing file /home/airflow/.local/lib/python3.8/site-packages/airflow/example_dags/example_skip_dag.py for tasks to queue
[2021-12-13 07:40:00,613] {logging_mixin.py:104} INFO - [2021-12-13 07:40:00,613] {dagbag.py:487} INFO - Filling up the DagBag from /home/airflow/.local/lib/python3.8/site-packages/airflow/example_dags/example_skip_dag.py
[2021-12-13 07:40:00,672] {scheduler_job.py:643} INFO - DAG(s) dict_keys(['example_skip_dag']) retrieved from /home/airflow/.local/lib/python3.8/site-packages/airflow/example_dags/example_skip_dag.py
[2021-12-13 07:40:00,721] {logging_mixin.py:104} INFO - [2021-12-13 07:40:00,720] {dag.py:1832} INFO - Sync 1 DAGs
[2021-12-13 07:40:00,781] {logging_mixin.py:104} INFO - [2021-12-13 07:40:00,781] {dag.py:2305} INFO - Setting next_dagrun for example_skip_dag to 2021-12-11 00:00:00+00:00
[2021-12-13 07:40:00,827] {scheduler_job.py:190} INFO - Processing /home/airflow/.local/lib/python3.8/site-packages/airflow/example_dags/example_skip_dag.py took 0.235 seconds
[2021-12-13 07:40:44,553] {scheduler_job.py:182} INFO - Started process (PID=37363) to work on /home/airflow/.local/lib/python3.8/site-packages/airflow/example_dags/example_skip_dag.py
[2021-12-13 07:40:44,566] {scheduler_job.py:633} INFO - Processing file /home/airflow/.local/lib/python3.8/site-packages/airflow/example_dags/example_skip_dag.py for tasks to queue
[2021-12-13 07:40:44,569] {logging_mixin.py:104} INFO - [2021-12-13 07:40:44,569] {dagbag.py:487} INFO - Filling up the DagBag from /home/airflow/.local/lib/python3.8/site-packages/airflow/example_dags/example_skip_dag.py
[2021-12-13 07:40:44,625] {scheduler_job.py:643} INFO - DAG(s) dict_keys(['example_skip_dag']) retrieved from /home/airflow/.local/lib/python3.8/site-packages/airflow/example_dags/example_skip_dag.py
[2021-12-13 07:40:44,710] {logging_mixin.py:104} INFO - [2021-12-13 07:40:44,710] {dag.py:1832} INFO - Sync 1 DAGs
[2021-12-13 07:40:44,741] {logging_mixin.py:104} INFO - [2021-12-13 07:40:44,740] {dag.py:2305} INFO - Setting next_dagrun for example_skip_dag to 2021-12-11 00:00:00+00:00
[2021-12-13 07:40:44,813] {scheduler_job.py:190} INFO - Processing /home/airflow/.local/lib/python3.8/site-packages/airflow/example_dags/example_skip_dag.py took 0.262 seconds
[2021-12-13 07:41:24,432] {scheduler_job.py:182} INFO - Started process (PID=37500) to work on /home/airflow/.local/lib/python3.8/site-packages/airflow/example_dags/example_skip_dag.py
[2021-12-13 07:41:24,438] {scheduler_job.py:633} INFO - Processing file /home/airflow/.local/lib/python3.8/site-packages/airflow/example_dags/example_skip_dag.py for tasks to queue
[2021-12-13 07:41:24,442] {logging_mixin.py:104} INFO - [2021-12-13 07:41:24,442] {dagbag.py:487} INFO - Filling up the DagBag from /home/airflow/.local/lib/python3.8/site-packages/airflow/example_dags/example_skip_dag.py
[2021-12-13 07:41:24,467] {scheduler_job.py:643} INFO - DAG(s) dict_keys(['example_skip_dag']) retrieved from /home/airflow/.local/lib/python3.8/site-packages/airflow/example_dags/example_skip_dag.py
[2021-12-13 07:41:24,501] {logging_mixin.py:104} INFO - [2021-12-13 07:41:24,501] {dag.py:1832} INFO - Sync 1 DAGs
[2021-12-13 07:41:24,540] {logging_mixin.py:104} INFO - [2021-12-13 07:41:24,540] {dag.py:2305} INFO - Setting next_dagrun for example_skip_dag to 2021-12-11 00:00:00+00:00
[2021-12-13 07:41:24,576] {scheduler_job.py:190} INFO - Processing /home/airflow/.local/lib/python3.8/site-packages/airflow/example_dags/example_skip_dag.py took 0.156 seconds
[2021-12-13 07:42:02,849] {scheduler_job.py:182} INFO - Started process (PID=37634) to work on /home/airflow/.local/lib/python3.8/site-packages/airflow/example_dags/example_skip_dag.py
[2021-12-13 07:42:02,853] {scheduler_job.py:633} INFO - Processing file /home/airflow/.local/lib/python3.8/site-packages/airflow/example_dags/example_skip_dag.py for tasks to queue
[2021-12-13 07:42:02,857] {logging_mixin.py:104} INFO - [2021-12-13 07:42:02,854] {dagbag.py:487} INFO - Filling up the DagBag from /home/airflow/.local/lib/python3.8/site-packages/airflow/example_dags/example_skip_dag.py
[2021-12-13 07:42:02,870] {scheduler_job.py:643} INFO - DAG(s) dict_keys(['example_skip_dag']) retrieved from /home/airflow/.local/lib/python3.8/site-packages/airflow/example_dags/example_skip_dag.py
[2021-12-13 07:42:02,889] {logging_mixin.py:104} INFO - [2021-12-13 07:42:02,889] {dag.py:1832} INFO - Sync 1 DAGs
[2021-12-13 07:42:02,904] {logging_mixin.py:104} INFO - [2021-12-13 07:42:02,904] {dag.py:2305} INFO - Setting next_dagrun for example_skip_dag to 2021-12-11 00:00:00+00:00
[2021-12-13 07:42:02,932] {scheduler_job.py:190} INFO - Processing /home/airflow/.local/lib/python3.8/site-packages/airflow/example_dags/example_skip_dag.py took 0.085 seconds
[2021-12-13 07:42:40,804] {scheduler_job.py:182} INFO - Started process (PID=37762) to work on /home/airflow/.local/lib/python3.8/site-packages/airflow/example_dags/example_skip_dag.py
[2021-12-13 07:42:40,810] {scheduler_job.py:633} INFO - Processing file /home/airflow/.local/lib/python3.8/site-packages/airflow/example_dags/example_skip_dag.py for tasks to queue
[2021-12-13 07:42:40,813] {logging_mixin.py:104} INFO - [2021-12-13 07:42:40,813] {dagbag.py:487} INFO - Filling up the DagBag from /home/airflow/.local/lib/python3.8/site-packages/airflow/example_dags/example_skip_dag.py
[2021-12-13 07:42:40,847] {scheduler_job.py:643} INFO - DAG(s) dict_keys(['example_skip_dag']) retrieved from /home/airflow/.local/lib/python3.8/site-packages/airflow/example_dags/example_skip_dag.py
[2021-12-13 07:42:40,888] {logging_mixin.py:104} INFO - [2021-12-13 07:42:40,888] {dag.py:1832} INFO - Sync 1 DAGs
[2021-12-13 07:42:40,917] {logging_mixin.py:104} INFO - [2021-12-13 07:42:40,917] {dag.py:2305} INFO - Setting next_dagrun for example_skip_dag to 2021-12-11 00:00:00+00:00
[2021-12-13 07:42:40,955] {scheduler_job.py:190} INFO - Processing /home/airflow/.local/lib/python3.8/site-packages/airflow/example_dags/example_skip_dag.py took 0.153 seconds
[2021-12-13 07:43:27,151] {scheduler_job.py:182} INFO - Started process (PID=37911) to work on /home/airflow/.local/lib/python3.8/site-packages/airflow/example_dags/example_skip_dag.py
[2021-12-13 07:43:27,155] {scheduler_job.py:633} INFO - Processing file /home/airflow/.local/lib/python3.8/site-packages/airflow/example_dags/example_skip_dag.py for tasks to queue
[2021-12-13 07:43:27,155] {logging_mixin.py:104} INFO - [2021-12-13 07:43:27,155] {dagbag.py:487} INFO - Filling up the DagBag from /home/airflow/.local/lib/python3.8/site-packages/airflow/example_dags/example_skip_dag.py
[2021-12-13 07:43:27,173] {scheduler_job.py:643} INFO - DAG(s) dict_keys(['example_skip_dag']) retrieved from /home/airflow/.local/lib/python3.8/site-packages/airflow/example_dags/example_skip_dag.py
[2021-12-13 07:43:27,191] {logging_mixin.py:104} INFO - [2021-12-13 07:43:27,191] {dag.py:1832} INFO - Sync 1 DAGs
[2021-12-13 07:43:27,216] {logging_mixin.py:104} INFO - [2021-12-13 07:43:27,216] {dag.py:2305} INFO - Setting next_dagrun for example_skip_dag to 2021-12-11 00:00:00+00:00
[2021-12-13 07:43:27,248] {scheduler_job.py:190} INFO - Processing /home/airflow/.local/lib/python3.8/site-packages/airflow/example_dags/example_skip_dag.py took 0.100 seconds
[2021-12-13 07:44:06,182] {scheduler_job.py:182} INFO - Started process (PID=38039) to work on /home/airflow/.local/lib/python3.8/site-packages/airflow/example_dags/example_skip_dag.py
[2021-12-13 07:44:06,188] {scheduler_job.py:633} INFO - Processing file /home/airflow/.local/lib/python3.8/site-packages/airflow/example_dags/example_skip_dag.py for tasks to queue
[2021-12-13 07:44:06,202] {logging_mixin.py:104} INFO - [2021-12-13 07:44:06,202] {dagbag.py:487} INFO - Filling up the DagBag from /home/airflow/.local/lib/python3.8/site-packages/airflow/example_dags/example_skip_dag.py
[2021-12-13 07:44:06,251] {scheduler_job.py:643} INFO - DAG(s) dict_keys(['example_skip_dag']) retrieved from /home/airflow/.local/lib/python3.8/site-packages/airflow/example_dags/example_skip_dag.py
[2021-12-13 07:44:06,355] {logging_mixin.py:104} INFO - [2021-12-13 07:44:06,355] {dag.py:1832} INFO - Sync 1 DAGs
[2021-12-13 07:44:06,413] {logging_mixin.py:104} INFO - [2021-12-13 07:44:06,413] {dag.py:2305} INFO - Setting next_dagrun for example_skip_dag to 2021-12-11 00:00:00+00:00
[2021-12-13 07:44:06,483] {scheduler_job.py:190} INFO - Processing /home/airflow/.local/lib/python3.8/site-packages/airflow/example_dags/example_skip_dag.py took 0.334 seconds
[2021-12-13 07:44:41,370] {scheduler_job.py:182} INFO - Started process (PID=38155) to work on /home/airflow/.local/lib/python3.8/site-packages/airflow/example_dags/example_skip_dag.py
[2021-12-13 07:44:41,373] {scheduler_job.py:633} INFO - Processing file /home/airflow/.local/lib/python3.8/site-packages/airflow/example_dags/example_skip_dag.py for tasks to queue
[2021-12-13 07:44:41,376] {logging_mixin.py:104} INFO - [2021-12-13 07:44:41,376] {dagbag.py:487} INFO - Filling up the DagBag from /home/airflow/.local/lib/python3.8/site-packages/airflow/example_dags/example_skip_dag.py
[2021-12-13 07:44:41,389] {scheduler_job.py:643} INFO - DAG(s) dict_keys(['example_skip_dag']) retrieved from /home/airflow/.local/lib/python3.8/site-packages/airflow/example_dags/example_skip_dag.py
[2021-12-13 07:44:41,403] {logging_mixin.py:104} INFO - [2021-12-13 07:44:41,403] {dag.py:1832} INFO - Sync 1 DAGs
[2021-12-13 07:44:41,413] {logging_mixin.py:104} INFO - [2021-12-13 07:44:41,413] {dag.py:2305} INFO - Setting next_dagrun for example_skip_dag to 2021-12-11 00:00:00+00:00
[2021-12-13 07:44:41,430] {scheduler_job.py:190} INFO - Processing /home/airflow/.local/lib/python3.8/site-packages/airflow/example_dags/example_skip_dag.py took 0.061 seconds
[2021-12-13 07:45:19,588] {scheduler_job.py:182} INFO - Started process (PID=38372) to work on /home/airflow/.local/lib/python3.8/site-packages/airflow/example_dags/example_skip_dag.py
[2021-12-13 07:45:19,594] {scheduler_job.py:633} INFO - Processing file /home/airflow/.local/lib/python3.8/site-packages/airflow/example_dags/example_skip_dag.py for tasks to queue
[2021-12-13 07:45:19,598] {logging_mixin.py:104} INFO - [2021-12-13 07:45:19,598] {dagbag.py:487} INFO - Filling up the DagBag from /home/airflow/.local/lib/python3.8/site-packages/airflow/example_dags/example_skip_dag.py
[2021-12-13 07:45:19,630] {scheduler_job.py:643} INFO - DAG(s) dict_keys(['example_skip_dag']) retrieved from /home/airflow/.local/lib/python3.8/site-packages/airflow/example_dags/example_skip_dag.py
[2021-12-13 07:45:19,660] {logging_mixin.py:104} INFO - [2021-12-13 07:45:19,660] {dag.py:1832} INFO - Sync 1 DAGs
[2021-12-13 07:45:19,678] {logging_mixin.py:104} INFO - [2021-12-13 07:45:19,678] {dag.py:2305} INFO - Setting next_dagrun for example_skip_dag to 2021-12-11 00:00:00+00:00
[2021-12-13 07:45:19,709] {scheduler_job.py:190} INFO - Processing /home/airflow/.local/lib/python3.8/site-packages/airflow/example_dags/example_skip_dag.py took 0.128 seconds
[2021-12-13 07:45:57,899] {scheduler_job.py:182} INFO - Started process (PID=38494) to work on /home/airflow/.local/lib/python3.8/site-packages/airflow/example_dags/example_skip_dag.py
[2021-12-13 07:45:57,903] {scheduler_job.py:633} INFO - Processing file /home/airflow/.local/lib/python3.8/site-packages/airflow/example_dags/example_skip_dag.py for tasks to queue
[2021-12-13 07:45:57,906] {logging_mixin.py:104} INFO - [2021-12-13 07:45:57,906] {dagbag.py:487} INFO - Filling up the DagBag from /home/airflow/.local/lib/python3.8/site-packages/airflow/example_dags/example_skip_dag.py
[2021-12-13 07:45:57,919] {scheduler_job.py:643} INFO - DAG(s) dict_keys(['example_skip_dag']) retrieved from /home/airflow/.local/lib/python3.8/site-packages/airflow/example_dags/example_skip_dag.py
[2021-12-13 07:45:57,937] {logging_mixin.py:104} INFO - [2021-12-13 07:45:57,937] {dag.py:1832} INFO - Sync 1 DAGs
[2021-12-13 07:45:57,951] {logging_mixin.py:104} INFO - [2021-12-13 07:45:57,951] {dag.py:2305} INFO - Setting next_dagrun for example_skip_dag to 2021-12-11 00:00:00+00:00
[2021-12-13 07:45:57,979] {scheduler_job.py:190} INFO - Processing /home/airflow/.local/lib/python3.8/site-packages/airflow/example_dags/example_skip_dag.py took 0.083 seconds
[2021-12-13 07:46:36,787] {scheduler_job.py:182} INFO - Started process (PID=38622) to work on /home/airflow/.local/lib/python3.8/site-packages/airflow/example_dags/example_skip_dag.py
[2021-12-13 07:46:36,790] {scheduler_job.py:633} INFO - Processing file /home/airflow/.local/lib/python3.8/site-packages/airflow/example_dags/example_skip_dag.py for tasks to queue
[2021-12-13 07:46:36,792] {logging_mixin.py:104} INFO - [2021-12-13 07:46:36,792] {dagbag.py:487} INFO - Filling up the DagBag from /home/airflow/.local/lib/python3.8/site-packages/airflow/example_dags/example_skip_dag.py
[2021-12-13 07:46:36,804] {scheduler_job.py:643} INFO - DAG(s) dict_keys(['example_skip_dag']) retrieved from /home/airflow/.local/lib/python3.8/site-packages/airflow/example_dags/example_skip_dag.py
[2021-12-13 07:46:36,818] {logging_mixin.py:104} INFO - [2021-12-13 07:46:36,818] {dag.py:1832} INFO - Sync 1 DAGs
[2021-12-13 07:46:36,827] {logging_mixin.py:104} INFO - [2021-12-13 07:46:36,827] {dag.py:2305} INFO - Setting next_dagrun for example_skip_dag to 2021-12-11 00:00:00+00:00
[2021-12-13 07:46:36,857] {scheduler_job.py:190} INFO - Processing /home/airflow/.local/lib/python3.8/site-packages/airflow/example_dags/example_skip_dag.py took 0.073 seconds
[2021-12-13 07:47:11,689] {scheduler_job.py:182} INFO - Started process (PID=38738) to work on /home/airflow/.local/lib/python3.8/site-packages/airflow/example_dags/example_skip_dag.py
[2021-12-13 07:47:11,693] {scheduler_job.py:633} INFO - Processing file /home/airflow/.local/lib/python3.8/site-packages/airflow/example_dags/example_skip_dag.py for tasks to queue
[2021-12-13 07:47:11,693] {logging_mixin.py:104} INFO - [2021-12-13 07:47:11,693] {dagbag.py:487} INFO - Filling up the DagBag from /home/airflow/.local/lib/python3.8/site-packages/airflow/example_dags/example_skip_dag.py
[2021-12-13 07:47:11,707] {scheduler_job.py:643} INFO - DAG(s) dict_keys(['example_skip_dag']) retrieved from /home/airflow/.local/lib/python3.8/site-packages/airflow/example_dags/example_skip_dag.py
[2021-12-13 07:47:11,722] {logging_mixin.py:104} INFO - [2021-12-13 07:47:11,722] {dag.py:1832} INFO - Sync 1 DAGs
[2021-12-13 07:47:11,733] {logging_mixin.py:104} INFO - [2021-12-13 07:47:11,733] {dag.py:2305} INFO - Setting next_dagrun for example_skip_dag to 2021-12-11 00:00:00+00:00
[2021-12-13 07:47:11,756] {scheduler_job.py:190} INFO - Processing /home/airflow/.local/lib/python3.8/site-packages/airflow/example_dags/example_skip_dag.py took 0.070 seconds
[2021-12-13 07:47:47,897] {scheduler_job.py:182} INFO - Started process (PID=38862) to work on /home/airflow/.local/lib/python3.8/site-packages/airflow/example_dags/example_skip_dag.py
[2021-12-13 07:47:47,902] {scheduler_job.py:633} INFO - Processing file /home/airflow/.local/lib/python3.8/site-packages/airflow/example_dags/example_skip_dag.py for tasks to queue
[2021-12-13 07:47:47,905] {logging_mixin.py:104} INFO - [2021-12-13 07:47:47,905] {dagbag.py:487} INFO - Filling up the DagBag from /home/airflow/.local/lib/python3.8/site-packages/airflow/example_dags/example_skip_dag.py
[2021-12-13 07:47:47,954] {scheduler_job.py:643} INFO - DAG(s) dict_keys(['example_skip_dag']) retrieved from /home/airflow/.local/lib/python3.8/site-packages/airflow/example_dags/example_skip_dag.py
[2021-12-13 07:47:48,041] {logging_mixin.py:104} INFO - [2021-12-13 07:47:48,041] {dag.py:1832} INFO - Sync 1 DAGs
[2021-12-13 07:47:48,081] {logging_mixin.py:104} INFO - [2021-12-13 07:47:48,081] {dag.py:2305} INFO - Setting next_dagrun for example_skip_dag to 2021-12-11 00:00:00+00:00
[2021-12-13 07:47:48,138] {scheduler_job.py:190} INFO - Processing /home/airflow/.local/lib/python3.8/site-packages/airflow/example_dags/example_skip_dag.py took 0.258 seconds
[2021-12-13 07:48:28,622] {scheduler_job.py:182} INFO - Started process (PID=38998) to work on /home/airflow/.local/lib/python3.8/site-packages/airflow/example_dags/example_skip_dag.py
[2021-12-13 07:48:28,625] {scheduler_job.py:633} INFO - Processing file /home/airflow/.local/lib/python3.8/site-packages/airflow/example_dags/example_skip_dag.py for tasks to queue
[2021-12-13 07:48:28,629] {logging_mixin.py:104} INFO - [2021-12-13 07:48:28,629] {dagbag.py:487} INFO - Filling up the DagBag from /home/airflow/.local/lib/python3.8/site-packages/airflow/example_dags/example_skip_dag.py
[2021-12-13 07:48:28,642] {scheduler_job.py:643} INFO - DAG(s) dict_keys(['example_skip_dag']) retrieved from /home/airflow/.local/lib/python3.8/site-packages/airflow/example_dags/example_skip_dag.py
[2021-12-13 07:48:28,661] {logging_mixin.py:104} INFO - [2021-12-13 07:48:28,661] {dag.py:1832} INFO - Sync 1 DAGs
[2021-12-13 07:48:28,677] {logging_mixin.py:104} INFO - [2021-12-13 07:48:28,677] {dag.py:2305} INFO - Setting next_dagrun for example_skip_dag to 2021-12-11 00:00:00+00:00
[2021-12-13 07:48:28,704] {scheduler_job.py:190} INFO - Processing /home/airflow/.local/lib/python3.8/site-packages/airflow/example_dags/example_skip_dag.py took 0.088 seconds
[2021-12-13 07:49:07,427] {scheduler_job.py:182} INFO - Started process (PID=39153) to work on /home/airflow/.local/lib/python3.8/site-packages/airflow/example_dags/example_skip_dag.py
[2021-12-13 07:49:07,431] {scheduler_job.py:633} INFO - Processing file /home/airflow/.local/lib/python3.8/site-packages/airflow/example_dags/example_skip_dag.py for tasks to queue
[2021-12-13 07:49:07,432] {logging_mixin.py:104} INFO - [2021-12-13 07:49:07,432] {dagbag.py:487} INFO - Filling up the DagBag from /home/airflow/.local/lib/python3.8/site-packages/airflow/example_dags/example_skip_dag.py
[2021-12-13 07:49:07,449] {scheduler_job.py:643} INFO - DAG(s) dict_keys(['example_skip_dag']) retrieved from /home/airflow/.local/lib/python3.8/site-packages/airflow/example_dags/example_skip_dag.py
[2021-12-13 07:49:07,466] {logging_mixin.py:104} INFO - [2021-12-13 07:49:07,466] {dag.py:1832} INFO - Sync 1 DAGs
[2021-12-13 07:49:07,476] {logging_mixin.py:104} INFO - [2021-12-13 07:49:07,476] {dag.py:2305} INFO - Setting next_dagrun for example_skip_dag to 2021-12-11 00:00:00+00:00
[2021-12-13 07:49:07,504] {scheduler_job.py:190} INFO - Processing /home/airflow/.local/lib/python3.8/site-packages/airflow/example_dags/example_skip_dag.py took 0.080 seconds
[2021-12-13 07:49:45,424] {scheduler_job.py:182} INFO - Started process (PID=39321) to work on /home/airflow/.local/lib/python3.8/site-packages/airflow/example_dags/example_skip_dag.py
[2021-12-13 07:49:45,428] {scheduler_job.py:633} INFO - Processing file /home/airflow/.local/lib/python3.8/site-packages/airflow/example_dags/example_skip_dag.py for tasks to queue
[2021-12-13 07:49:45,429] {logging_mixin.py:104} INFO - [2021-12-13 07:49:45,429] {dagbag.py:487} INFO - Filling up the DagBag from /home/airflow/.local/lib/python3.8/site-packages/airflow/example_dags/example_skip_dag.py
[2021-12-13 07:49:45,446] {scheduler_job.py:643} INFO - DAG(s) dict_keys(['example_skip_dag']) retrieved from /home/airflow/.local/lib/python3.8/site-packages/airflow/example_dags/example_skip_dag.py
[2021-12-13 07:49:45,462] {logging_mixin.py:104} INFO - [2021-12-13 07:49:45,462] {dag.py:1832} INFO - Sync 1 DAGs
[2021-12-13 07:49:45,474] {logging_mixin.py:104} INFO - [2021-12-13 07:49:45,474] {dag.py:2305} INFO - Setting next_dagrun for example_skip_dag to 2021-12-11 00:00:00+00:00
[2021-12-13 07:49:45,500] {scheduler_job.py:190} INFO - Processing /home/airflow/.local/lib/python3.8/site-packages/airflow/example_dags/example_skip_dag.py took 0.079 seconds
