[2021-12-13 07:35:16,220] {scheduler_job.py:182} INFO - Started process (PID=35716) to work on /home/airflow/.local/lib/python3.8/site-packages/airflow/example_dags/example_branch_labels.py
[2021-12-13 07:35:16,225] {scheduler_job.py:633} INFO - Processing file /home/airflow/.local/lib/python3.8/site-packages/airflow/example_dags/example_branch_labels.py for tasks to queue
[2021-12-13 07:35:16,233] {logging_mixin.py:104} INFO - [2021-12-13 07:35:16,232] {dagbag.py:487} INFO - Filling up the DagBag from /home/airflow/.local/lib/python3.8/site-packages/airflow/example_dags/example_branch_labels.py
[2021-12-13 07:35:16,248] {scheduler_job.py:643} INFO - DAG(s) dict_keys(['example_branch_labels']) retrieved from /home/airflow/.local/lib/python3.8/site-packages/airflow/example_dags/example_branch_labels.py
[2021-12-13 07:35:16,561] {logging_mixin.py:104} INFO - [2021-12-13 07:35:16,561] {dag.py:1832} INFO - Sync 1 DAGs
[2021-12-13 07:35:16,581] {logging_mixin.py:104} INFO - [2021-12-13 07:35:16,581] {dag.py:2305} INFO - Setting next_dagrun for example_branch_labels to 2021-12-11 00:00:00+00:00
[2021-12-13 07:35:16,611] {scheduler_job.py:190} INFO - Processing /home/airflow/.local/lib/python3.8/site-packages/airflow/example_dags/example_branch_labels.py took 0.396 seconds
[2021-12-13 07:35:56,082] {scheduler_job.py:182} INFO - Started process (PID=35868) to work on /home/airflow/.local/lib/python3.8/site-packages/airflow/example_dags/example_branch_labels.py
[2021-12-13 07:35:56,087] {scheduler_job.py:633} INFO - Processing file /home/airflow/.local/lib/python3.8/site-packages/airflow/example_dags/example_branch_labels.py for tasks to queue
[2021-12-13 07:35:56,089] {logging_mixin.py:104} INFO - [2021-12-13 07:35:56,089] {dagbag.py:487} INFO - Filling up the DagBag from /home/airflow/.local/lib/python3.8/site-packages/airflow/example_dags/example_branch_labels.py
[2021-12-13 07:35:56,101] {scheduler_job.py:643} INFO - DAG(s) dict_keys(['example_branch_labels']) retrieved from /home/airflow/.local/lib/python3.8/site-packages/airflow/example_dags/example_branch_labels.py
[2021-12-13 07:35:56,115] {logging_mixin.py:104} INFO - [2021-12-13 07:35:56,115] {dag.py:1832} INFO - Sync 1 DAGs
[2021-12-13 07:35:56,132] {logging_mixin.py:104} INFO - [2021-12-13 07:35:56,132] {dag.py:2305} INFO - Setting next_dagrun for example_branch_labels to 2021-12-11 00:00:00+00:00
[2021-12-13 07:35:56,155] {scheduler_job.py:190} INFO - Processing /home/airflow/.local/lib/python3.8/site-packages/airflow/example_dags/example_branch_labels.py took 0.075 seconds
[2021-12-13 07:36:32,832] {scheduler_job.py:182} INFO - Started process (PID=36036) to work on /home/airflow/.local/lib/python3.8/site-packages/airflow/example_dags/example_branch_labels.py
[2021-12-13 07:36:32,841] {scheduler_job.py:633} INFO - Processing file /home/airflow/.local/lib/python3.8/site-packages/airflow/example_dags/example_branch_labels.py for tasks to queue
[2021-12-13 07:36:32,842] {logging_mixin.py:104} INFO - [2021-12-13 07:36:32,842] {dagbag.py:487} INFO - Filling up the DagBag from /home/airflow/.local/lib/python3.8/site-packages/airflow/example_dags/example_branch_labels.py
[2021-12-13 07:36:32,867] {scheduler_job.py:643} INFO - DAG(s) dict_keys(['example_branch_labels']) retrieved from /home/airflow/.local/lib/python3.8/site-packages/airflow/example_dags/example_branch_labels.py
[2021-12-13 07:36:32,883] {logging_mixin.py:104} INFO - [2021-12-13 07:36:32,883] {dag.py:1832} INFO - Sync 1 DAGs
[2021-12-13 07:36:32,907] {logging_mixin.py:104} INFO - [2021-12-13 07:36:32,907] {dag.py:2305} INFO - Setting next_dagrun for example_branch_labels to 2021-12-11 00:00:00+00:00
[2021-12-13 07:36:32,931] {scheduler_job.py:190} INFO - Processing /home/airflow/.local/lib/python3.8/site-packages/airflow/example_dags/example_branch_labels.py took 0.104 seconds
[2021-12-13 07:37:06,076] {scheduler_job.py:182} INFO - Started process (PID=36191) to work on /home/airflow/.local/lib/python3.8/site-packages/airflow/example_dags/example_branch_labels.py
[2021-12-13 07:37:06,080] {scheduler_job.py:633} INFO - Processing file /home/airflow/.local/lib/python3.8/site-packages/airflow/example_dags/example_branch_labels.py for tasks to queue
[2021-12-13 07:37:06,080] {logging_mixin.py:104} INFO - [2021-12-13 07:37:06,080] {dagbag.py:487} INFO - Filling up the DagBag from /home/airflow/.local/lib/python3.8/site-packages/airflow/example_dags/example_branch_labels.py
[2021-12-13 07:37:06,096] {scheduler_job.py:643} INFO - DAG(s) dict_keys(['example_branch_labels']) retrieved from /home/airflow/.local/lib/python3.8/site-packages/airflow/example_dags/example_branch_labels.py
[2021-12-13 07:37:06,112] {logging_mixin.py:104} INFO - [2021-12-13 07:37:06,112] {dag.py:1832} INFO - Sync 1 DAGs
[2021-12-13 07:37:06,131] {logging_mixin.py:104} INFO - [2021-12-13 07:37:06,131] {dag.py:2305} INFO - Setting next_dagrun for example_branch_labels to 2021-12-11 00:00:00+00:00
[2021-12-13 07:37:06,147] {scheduler_job.py:190} INFO - Processing /home/airflow/.local/lib/python3.8/site-packages/airflow/example_dags/example_branch_labels.py took 0.073 seconds
[2021-12-13 07:37:41,422] {scheduler_job.py:182} INFO - Started process (PID=36344) to work on /home/airflow/.local/lib/python3.8/site-packages/airflow/example_dags/example_branch_labels.py
[2021-12-13 07:37:41,426] {scheduler_job.py:633} INFO - Processing file /home/airflow/.local/lib/python3.8/site-packages/airflow/example_dags/example_branch_labels.py for tasks to queue
[2021-12-13 07:37:41,430] {logging_mixin.py:104} INFO - [2021-12-13 07:37:41,430] {dagbag.py:487} INFO - Filling up the DagBag from /home/airflow/.local/lib/python3.8/site-packages/airflow/example_dags/example_branch_labels.py
[2021-12-13 07:37:41,444] {scheduler_job.py:643} INFO - DAG(s) dict_keys(['example_branch_labels']) retrieved from /home/airflow/.local/lib/python3.8/site-packages/airflow/example_dags/example_branch_labels.py
[2021-12-13 07:37:41,460] {logging_mixin.py:104} INFO - [2021-12-13 07:37:41,460] {dag.py:1832} INFO - Sync 1 DAGs
[2021-12-13 07:37:41,479] {logging_mixin.py:104} INFO - [2021-12-13 07:37:41,479] {dag.py:2305} INFO - Setting next_dagrun for example_branch_labels to 2021-12-11 00:00:00+00:00
[2021-12-13 07:37:41,502] {scheduler_job.py:190} INFO - Processing /home/airflow/.local/lib/python3.8/site-packages/airflow/example_dags/example_branch_labels.py took 0.082 seconds
[2021-12-13 07:38:15,415] {scheduler_job.py:182} INFO - Started process (PID=36484) to work on /home/airflow/.local/lib/python3.8/site-packages/airflow/example_dags/example_branch_labels.py
[2021-12-13 07:38:15,419] {scheduler_job.py:633} INFO - Processing file /home/airflow/.local/lib/python3.8/site-packages/airflow/example_dags/example_branch_labels.py for tasks to queue
[2021-12-13 07:38:15,422] {logging_mixin.py:104} INFO - [2021-12-13 07:38:15,422] {dagbag.py:487} INFO - Filling up the DagBag from /home/airflow/.local/lib/python3.8/site-packages/airflow/example_dags/example_branch_labels.py
[2021-12-13 07:38:15,436] {scheduler_job.py:643} INFO - DAG(s) dict_keys(['example_branch_labels']) retrieved from /home/airflow/.local/lib/python3.8/site-packages/airflow/example_dags/example_branch_labels.py
[2021-12-13 07:38:15,452] {logging_mixin.py:104} INFO - [2021-12-13 07:38:15,452] {dag.py:1832} INFO - Sync 1 DAGs
[2021-12-13 07:38:15,469] {logging_mixin.py:104} INFO - [2021-12-13 07:38:15,469] {dag.py:2305} INFO - Setting next_dagrun for example_branch_labels to 2021-12-11 00:00:00+00:00
[2021-12-13 07:38:15,488] {scheduler_job.py:190} INFO - Processing /home/airflow/.local/lib/python3.8/site-packages/airflow/example_dags/example_branch_labels.py took 0.077 seconds
[2021-12-13 07:38:48,452] {scheduler_job.py:182} INFO - Started process (PID=36704) to work on /home/airflow/.local/lib/python3.8/site-packages/airflow/example_dags/example_branch_labels.py
[2021-12-13 07:38:48,456] {scheduler_job.py:633} INFO - Processing file /home/airflow/.local/lib/python3.8/site-packages/airflow/example_dags/example_branch_labels.py for tasks to queue
[2021-12-13 07:38:48,456] {logging_mixin.py:104} INFO - [2021-12-13 07:38:48,456] {dagbag.py:487} INFO - Filling up the DagBag from /home/airflow/.local/lib/python3.8/site-packages/airflow/example_dags/example_branch_labels.py
[2021-12-13 07:38:48,472] {scheduler_job.py:643} INFO - DAG(s) dict_keys(['example_branch_labels']) retrieved from /home/airflow/.local/lib/python3.8/site-packages/airflow/example_dags/example_branch_labels.py
[2021-12-13 07:38:48,492] {logging_mixin.py:104} INFO - [2021-12-13 07:38:48,491] {dag.py:1832} INFO - Sync 1 DAGs
[2021-12-13 07:38:48,510] {logging_mixin.py:104} INFO - [2021-12-13 07:38:48,510] {dag.py:2305} INFO - Setting next_dagrun for example_branch_labels to 2021-12-11 00:00:00+00:00
[2021-12-13 07:38:48,536] {scheduler_job.py:190} INFO - Processing /home/airflow/.local/lib/python3.8/site-packages/airflow/example_dags/example_branch_labels.py took 0.087 seconds
[2021-12-13 07:39:22,129] {scheduler_job.py:182} INFO - Started process (PID=36902) to work on /home/airflow/.local/lib/python3.8/site-packages/airflow/example_dags/example_branch_labels.py
[2021-12-13 07:39:22,132] {scheduler_job.py:633} INFO - Processing file /home/airflow/.local/lib/python3.8/site-packages/airflow/example_dags/example_branch_labels.py for tasks to queue
[2021-12-13 07:39:22,133] {logging_mixin.py:104} INFO - [2021-12-13 07:39:22,133] {dagbag.py:487} INFO - Filling up the DagBag from /home/airflow/.local/lib/python3.8/site-packages/airflow/example_dags/example_branch_labels.py
[2021-12-13 07:39:22,148] {scheduler_job.py:643} INFO - DAG(s) dict_keys(['example_branch_labels']) retrieved from /home/airflow/.local/lib/python3.8/site-packages/airflow/example_dags/example_branch_labels.py
[2021-12-13 07:39:22,160] {logging_mixin.py:104} INFO - [2021-12-13 07:39:22,160] {dag.py:1832} INFO - Sync 1 DAGs
[2021-12-13 07:39:22,175] {logging_mixin.py:104} INFO - [2021-12-13 07:39:22,175] {dag.py:2305} INFO - Setting next_dagrun for example_branch_labels to 2021-12-11 00:00:00+00:00
[2021-12-13 07:39:22,200] {scheduler_job.py:190} INFO - Processing /home/airflow/.local/lib/python3.8/site-packages/airflow/example_dags/example_branch_labels.py took 0.074 seconds
[2021-12-13 07:39:56,803] {scheduler_job.py:182} INFO - Started process (PID=37139) to work on /home/airflow/.local/lib/python3.8/site-packages/airflow/example_dags/example_branch_labels.py
[2021-12-13 07:39:56,811] {scheduler_job.py:633} INFO - Processing file /home/airflow/.local/lib/python3.8/site-packages/airflow/example_dags/example_branch_labels.py for tasks to queue
[2021-12-13 07:39:56,815] {logging_mixin.py:104} INFO - [2021-12-13 07:39:56,815] {dagbag.py:487} INFO - Filling up the DagBag from /home/airflow/.local/lib/python3.8/site-packages/airflow/example_dags/example_branch_labels.py
[2021-12-13 07:39:56,844] {scheduler_job.py:643} INFO - DAG(s) dict_keys(['example_branch_labels']) retrieved from /home/airflow/.local/lib/python3.8/site-packages/airflow/example_dags/example_branch_labels.py
[2021-12-13 07:39:56,885] {logging_mixin.py:104} INFO - [2021-12-13 07:39:56,884] {dag.py:1832} INFO - Sync 1 DAGs
[2021-12-13 07:39:56,931] {logging_mixin.py:104} INFO - [2021-12-13 07:39:56,931] {dag.py:2305} INFO - Setting next_dagrun for example_branch_labels to 2021-12-11 00:00:00+00:00
[2021-12-13 07:39:56,961] {scheduler_job.py:190} INFO - Processing /home/airflow/.local/lib/python3.8/site-packages/airflow/example_dags/example_branch_labels.py took 0.160 seconds
[2021-12-13 07:40:42,025] {scheduler_job.py:182} INFO - Started process (PID=37355) to work on /home/airflow/.local/lib/python3.8/site-packages/airflow/example_dags/example_branch_labels.py
[2021-12-13 07:40:42,029] {scheduler_job.py:633} INFO - Processing file /home/airflow/.local/lib/python3.8/site-packages/airflow/example_dags/example_branch_labels.py for tasks to queue
[2021-12-13 07:40:42,029] {logging_mixin.py:104} INFO - [2021-12-13 07:40:42,029] {dagbag.py:487} INFO - Filling up the DagBag from /home/airflow/.local/lib/python3.8/site-packages/airflow/example_dags/example_branch_labels.py
[2021-12-13 07:40:42,063] {scheduler_job.py:643} INFO - DAG(s) dict_keys(['example_branch_labels']) retrieved from /home/airflow/.local/lib/python3.8/site-packages/airflow/example_dags/example_branch_labels.py
[2021-12-13 07:40:42,095] {logging_mixin.py:104} INFO - [2021-12-13 07:40:42,095] {dag.py:1832} INFO - Sync 1 DAGs
[2021-12-13 07:40:42,135] {logging_mixin.py:104} INFO - [2021-12-13 07:40:42,135] {dag.py:2305} INFO - Setting next_dagrun for example_branch_labels to 2021-12-11 00:00:00+00:00
[2021-12-13 07:40:42,170] {scheduler_job.py:190} INFO - Processing /home/airflow/.local/lib/python3.8/site-packages/airflow/example_dags/example_branch_labels.py took 0.148 seconds
[2021-12-13 07:41:22,436] {scheduler_job.py:182} INFO - Started process (PID=37492) to work on /home/airflow/.local/lib/python3.8/site-packages/airflow/example_dags/example_branch_labels.py
[2021-12-13 07:41:22,441] {scheduler_job.py:633} INFO - Processing file /home/airflow/.local/lib/python3.8/site-packages/airflow/example_dags/example_branch_labels.py for tasks to queue
[2021-12-13 07:41:22,447] {logging_mixin.py:104} INFO - [2021-12-13 07:41:22,447] {dagbag.py:487} INFO - Filling up the DagBag from /home/airflow/.local/lib/python3.8/site-packages/airflow/example_dags/example_branch_labels.py
[2021-12-13 07:41:22,485] {scheduler_job.py:643} INFO - DAG(s) dict_keys(['example_branch_labels']) retrieved from /home/airflow/.local/lib/python3.8/site-packages/airflow/example_dags/example_branch_labels.py
[2021-12-13 07:41:22,505] {logging_mixin.py:104} INFO - [2021-12-13 07:41:22,505] {dag.py:1832} INFO - Sync 1 DAGs
[2021-12-13 07:41:22,522] {logging_mixin.py:104} INFO - [2021-12-13 07:41:22,522] {dag.py:2305} INFO - Setting next_dagrun for example_branch_labels to 2021-12-11 00:00:00+00:00
[2021-12-13 07:41:22,539] {scheduler_job.py:190} INFO - Processing /home/airflow/.local/lib/python3.8/site-packages/airflow/example_dags/example_branch_labels.py took 0.110 seconds
[2021-12-13 07:42:00,474] {scheduler_job.py:182} INFO - Started process (PID=37626) to work on /home/airflow/.local/lib/python3.8/site-packages/airflow/example_dags/example_branch_labels.py
[2021-12-13 07:42:00,477] {scheduler_job.py:633} INFO - Processing file /home/airflow/.local/lib/python3.8/site-packages/airflow/example_dags/example_branch_labels.py for tasks to queue
[2021-12-13 07:42:00,480] {logging_mixin.py:104} INFO - [2021-12-13 07:42:00,480] {dagbag.py:487} INFO - Filling up the DagBag from /home/airflow/.local/lib/python3.8/site-packages/airflow/example_dags/example_branch_labels.py
[2021-12-13 07:42:00,491] {scheduler_job.py:643} INFO - DAG(s) dict_keys(['example_branch_labels']) retrieved from /home/airflow/.local/lib/python3.8/site-packages/airflow/example_dags/example_branch_labels.py
[2021-12-13 07:42:00,505] {logging_mixin.py:104} INFO - [2021-12-13 07:42:00,505] {dag.py:1832} INFO - Sync 1 DAGs
[2021-12-13 07:42:00,523] {logging_mixin.py:104} INFO - [2021-12-13 07:42:00,523] {dag.py:2305} INFO - Setting next_dagrun for example_branch_labels to 2021-12-11 00:00:00+00:00
[2021-12-13 07:42:00,549] {scheduler_job.py:190} INFO - Processing /home/airflow/.local/lib/python3.8/site-packages/airflow/example_dags/example_branch_labels.py took 0.077 seconds
[2021-12-13 07:42:38,910] {scheduler_job.py:182} INFO - Started process (PID=37760) to work on /home/airflow/.local/lib/python3.8/site-packages/airflow/example_dags/example_branch_labels.py
[2021-12-13 07:42:38,914] {scheduler_job.py:633} INFO - Processing file /home/airflow/.local/lib/python3.8/site-packages/airflow/example_dags/example_branch_labels.py for tasks to queue
[2021-12-13 07:42:38,918] {logging_mixin.py:104} INFO - [2021-12-13 07:42:38,918] {dagbag.py:487} INFO - Filling up the DagBag from /home/airflow/.local/lib/python3.8/site-packages/airflow/example_dags/example_branch_labels.py
[2021-12-13 07:42:38,940] {scheduler_job.py:643} INFO - DAG(s) dict_keys(['example_branch_labels']) retrieved from /home/airflow/.local/lib/python3.8/site-packages/airflow/example_dags/example_branch_labels.py
[2021-12-13 07:42:38,984] {logging_mixin.py:104} INFO - [2021-12-13 07:42:38,984] {dag.py:1832} INFO - Sync 1 DAGs
[2021-12-13 07:42:39,015] {logging_mixin.py:104} INFO - [2021-12-13 07:42:39,015] {dag.py:2305} INFO - Setting next_dagrun for example_branch_labels to 2021-12-11 00:00:00+00:00
[2021-12-13 07:42:39,045] {scheduler_job.py:190} INFO - Processing /home/airflow/.local/lib/python3.8/site-packages/airflow/example_dags/example_branch_labels.py took 0.142 seconds
[2021-12-13 07:43:25,622] {scheduler_job.py:182} INFO - Started process (PID=37909) to work on /home/airflow/.local/lib/python3.8/site-packages/airflow/example_dags/example_branch_labels.py
[2021-12-13 07:43:25,626] {scheduler_job.py:633} INFO - Processing file /home/airflow/.local/lib/python3.8/site-packages/airflow/example_dags/example_branch_labels.py for tasks to queue
[2021-12-13 07:43:25,630] {logging_mixin.py:104} INFO - [2021-12-13 07:43:25,630] {dagbag.py:487} INFO - Filling up the DagBag from /home/airflow/.local/lib/python3.8/site-packages/airflow/example_dags/example_branch_labels.py
[2021-12-13 07:43:25,678] {scheduler_job.py:643} INFO - DAG(s) dict_keys(['example_branch_labels']) retrieved from /home/airflow/.local/lib/python3.8/site-packages/airflow/example_dags/example_branch_labels.py
[2021-12-13 07:43:25,716] {logging_mixin.py:104} INFO - [2021-12-13 07:43:25,716] {dag.py:1832} INFO - Sync 1 DAGs
[2021-12-13 07:43:25,747] {logging_mixin.py:104} INFO - [2021-12-13 07:43:25,747] {dag.py:2305} INFO - Setting next_dagrun for example_branch_labels to 2021-12-11 00:00:00+00:00
[2021-12-13 07:43:25,781] {scheduler_job.py:190} INFO - Processing /home/airflow/.local/lib/python3.8/site-packages/airflow/example_dags/example_branch_labels.py took 0.176 seconds
[2021-12-13 07:44:03,668] {scheduler_job.py:182} INFO - Started process (PID=38031) to work on /home/airflow/.local/lib/python3.8/site-packages/airflow/example_dags/example_branch_labels.py
[2021-12-13 07:44:03,683] {scheduler_job.py:633} INFO - Processing file /home/airflow/.local/lib/python3.8/site-packages/airflow/example_dags/example_branch_labels.py for tasks to queue
[2021-12-13 07:44:03,689] {logging_mixin.py:104} INFO - [2021-12-13 07:44:03,689] {dagbag.py:487} INFO - Filling up the DagBag from /home/airflow/.local/lib/python3.8/site-packages/airflow/example_dags/example_branch_labels.py
[2021-12-13 07:44:03,721] {scheduler_job.py:643} INFO - DAG(s) dict_keys(['example_branch_labels']) retrieved from /home/airflow/.local/lib/python3.8/site-packages/airflow/example_dags/example_branch_labels.py
[2021-12-13 07:44:03,763] {logging_mixin.py:104} INFO - [2021-12-13 07:44:03,762] {dag.py:1832} INFO - Sync 1 DAGs
[2021-12-13 07:44:03,811] {logging_mixin.py:104} INFO - [2021-12-13 07:44:03,811] {dag.py:2305} INFO - Setting next_dagrun for example_branch_labels to 2021-12-11 00:00:00+00:00
[2021-12-13 07:44:03,855] {scheduler_job.py:190} INFO - Processing /home/airflow/.local/lib/python3.8/site-packages/airflow/example_dags/example_branch_labels.py took 0.198 seconds
[2021-12-13 07:44:37,393] {scheduler_job.py:182} INFO - Started process (PID=38145) to work on /home/airflow/.local/lib/python3.8/site-packages/airflow/example_dags/example_branch_labels.py
[2021-12-13 07:44:37,397] {scheduler_job.py:633} INFO - Processing file /home/airflow/.local/lib/python3.8/site-packages/airflow/example_dags/example_branch_labels.py for tasks to queue
[2021-12-13 07:44:37,401] {logging_mixin.py:104} INFO - [2021-12-13 07:44:37,401] {dagbag.py:487} INFO - Filling up the DagBag from /home/airflow/.local/lib/python3.8/site-packages/airflow/example_dags/example_branch_labels.py
[2021-12-13 07:44:37,426] {scheduler_job.py:643} INFO - DAG(s) dict_keys(['example_branch_labels']) retrieved from /home/airflow/.local/lib/python3.8/site-packages/airflow/example_dags/example_branch_labels.py
[2021-12-13 07:44:37,441] {logging_mixin.py:104} INFO - [2021-12-13 07:44:37,440] {dag.py:1832} INFO - Sync 1 DAGs
[2021-12-13 07:44:37,458] {logging_mixin.py:104} INFO - [2021-12-13 07:44:37,458] {dag.py:2305} INFO - Setting next_dagrun for example_branch_labels to 2021-12-11 00:00:00+00:00
[2021-12-13 07:44:37,483] {scheduler_job.py:190} INFO - Processing /home/airflow/.local/lib/python3.8/site-packages/airflow/example_dags/example_branch_labels.py took 0.094 seconds
[2021-12-13 07:45:17,257] {scheduler_job.py:182} INFO - Started process (PID=38364) to work on /home/airflow/.local/lib/python3.8/site-packages/airflow/example_dags/example_branch_labels.py
[2021-12-13 07:45:17,261] {scheduler_job.py:633} INFO - Processing file /home/airflow/.local/lib/python3.8/site-packages/airflow/example_dags/example_branch_labels.py for tasks to queue
[2021-12-13 07:45:17,261] {logging_mixin.py:104} INFO - [2021-12-13 07:45:17,261] {dagbag.py:487} INFO - Filling up the DagBag from /home/airflow/.local/lib/python3.8/site-packages/airflow/example_dags/example_branch_labels.py
[2021-12-13 07:45:17,280] {scheduler_job.py:643} INFO - DAG(s) dict_keys(['example_branch_labels']) retrieved from /home/airflow/.local/lib/python3.8/site-packages/airflow/example_dags/example_branch_labels.py
[2021-12-13 07:45:17,298] {logging_mixin.py:104} INFO - [2021-12-13 07:45:17,297] {dag.py:1832} INFO - Sync 1 DAGs
[2021-12-13 07:45:17,316] {logging_mixin.py:104} INFO - [2021-12-13 07:45:17,315] {dag.py:2305} INFO - Setting next_dagrun for example_branch_labels to 2021-12-11 00:00:00+00:00
[2021-12-13 07:45:17,338] {scheduler_job.py:190} INFO - Processing /home/airflow/.local/lib/python3.8/site-packages/airflow/example_dags/example_branch_labels.py took 0.083 seconds
[2021-12-13 07:45:55,390] {scheduler_job.py:182} INFO - Started process (PID=38486) to work on /home/airflow/.local/lib/python3.8/site-packages/airflow/example_dags/example_branch_labels.py
[2021-12-13 07:45:55,402] {scheduler_job.py:633} INFO - Processing file /home/airflow/.local/lib/python3.8/site-packages/airflow/example_dags/example_branch_labels.py for tasks to queue
[2021-12-13 07:45:55,406] {logging_mixin.py:104} INFO - [2021-12-13 07:45:55,406] {dagbag.py:487} INFO - Filling up the DagBag from /home/airflow/.local/lib/python3.8/site-packages/airflow/example_dags/example_branch_labels.py
[2021-12-13 07:45:55,439] {scheduler_job.py:643} INFO - DAG(s) dict_keys(['example_branch_labels']) retrieved from /home/airflow/.local/lib/python3.8/site-packages/airflow/example_dags/example_branch_labels.py
[2021-12-13 07:45:55,457] {logging_mixin.py:104} INFO - [2021-12-13 07:45:55,457] {dag.py:1832} INFO - Sync 1 DAGs
[2021-12-13 07:45:55,471] {logging_mixin.py:104} INFO - [2021-12-13 07:45:55,471] {dag.py:2305} INFO - Setting next_dagrun for example_branch_labels to 2021-12-11 00:00:00+00:00
[2021-12-13 07:45:55,492] {scheduler_job.py:190} INFO - Processing /home/airflow/.local/lib/python3.8/site-packages/airflow/example_dags/example_branch_labels.py took 0.105 seconds
[2021-12-13 07:46:34,256] {scheduler_job.py:182} INFO - Started process (PID=38614) to work on /home/airflow/.local/lib/python3.8/site-packages/airflow/example_dags/example_branch_labels.py
[2021-12-13 07:46:34,262] {scheduler_job.py:633} INFO - Processing file /home/airflow/.local/lib/python3.8/site-packages/airflow/example_dags/example_branch_labels.py for tasks to queue
[2021-12-13 07:46:34,265] {logging_mixin.py:104} INFO - [2021-12-13 07:46:34,265] {dagbag.py:487} INFO - Filling up the DagBag from /home/airflow/.local/lib/python3.8/site-packages/airflow/example_dags/example_branch_labels.py
[2021-12-13 07:46:34,289] {scheduler_job.py:643} INFO - DAG(s) dict_keys(['example_branch_labels']) retrieved from /home/airflow/.local/lib/python3.8/site-packages/airflow/example_dags/example_branch_labels.py
[2021-12-13 07:46:34,319] {logging_mixin.py:104} INFO - [2021-12-13 07:46:34,319] {dag.py:1832} INFO - Sync 1 DAGs
[2021-12-13 07:46:34,359] {logging_mixin.py:104} INFO - [2021-12-13 07:46:34,359] {dag.py:2305} INFO - Setting next_dagrun for example_branch_labels to 2021-12-11 00:00:00+00:00
[2021-12-13 07:46:34,397] {scheduler_job.py:190} INFO - Processing /home/airflow/.local/lib/python3.8/site-packages/airflow/example_dags/example_branch_labels.py took 0.148 seconds
[2021-12-13 07:47:10,103] {scheduler_job.py:182} INFO - Started process (PID=38736) to work on /home/airflow/.local/lib/python3.8/site-packages/airflow/example_dags/example_branch_labels.py
[2021-12-13 07:47:10,107] {scheduler_job.py:633} INFO - Processing file /home/airflow/.local/lib/python3.8/site-packages/airflow/example_dags/example_branch_labels.py for tasks to queue
[2021-12-13 07:47:10,110] {logging_mixin.py:104} INFO - [2021-12-13 07:47:10,110] {dagbag.py:487} INFO - Filling up the DagBag from /home/airflow/.local/lib/python3.8/site-packages/airflow/example_dags/example_branch_labels.py
[2021-12-13 07:47:10,147] {scheduler_job.py:643} INFO - DAG(s) dict_keys(['example_branch_labels']) retrieved from /home/airflow/.local/lib/python3.8/site-packages/airflow/example_dags/example_branch_labels.py
[2021-12-13 07:47:10,166] {logging_mixin.py:104} INFO - [2021-12-13 07:47:10,166] {dag.py:1832} INFO - Sync 1 DAGs
[2021-12-13 07:47:10,183] {logging_mixin.py:104} INFO - [2021-12-13 07:47:10,183] {dag.py:2305} INFO - Setting next_dagrun for example_branch_labels to 2021-12-11 00:00:00+00:00
[2021-12-13 07:47:10,208] {scheduler_job.py:190} INFO - Processing /home/airflow/.local/lib/python3.8/site-packages/airflow/example_dags/example_branch_labels.py took 0.115 seconds
[2021-12-13 07:47:46,176] {scheduler_job.py:182} INFO - Started process (PID=38853) to work on /home/airflow/.local/lib/python3.8/site-packages/airflow/example_dags/example_branch_labels.py
[2021-12-13 07:47:46,185] {scheduler_job.py:633} INFO - Processing file /home/airflow/.local/lib/python3.8/site-packages/airflow/example_dags/example_branch_labels.py for tasks to queue
[2021-12-13 07:47:46,189] {logging_mixin.py:104} INFO - [2021-12-13 07:47:46,189] {dagbag.py:487} INFO - Filling up the DagBag from /home/airflow/.local/lib/python3.8/site-packages/airflow/example_dags/example_branch_labels.py
[2021-12-13 07:47:46,252] {scheduler_job.py:643} INFO - DAG(s) dict_keys(['example_branch_labels']) retrieved from /home/airflow/.local/lib/python3.8/site-packages/airflow/example_dags/example_branch_labels.py
[2021-12-13 07:47:46,305] {logging_mixin.py:104} INFO - [2021-12-13 07:47:46,304] {dag.py:1832} INFO - Sync 1 DAGs
[2021-12-13 07:47:46,358] {logging_mixin.py:104} INFO - [2021-12-13 07:47:46,358] {dag.py:2305} INFO - Setting next_dagrun for example_branch_labels to 2021-12-11 00:00:00+00:00
[2021-12-13 07:47:46,404] {scheduler_job.py:190} INFO - Processing /home/airflow/.local/lib/python3.8/site-packages/airflow/example_dags/example_branch_labels.py took 0.240 seconds
[2021-12-13 07:48:26,159] {scheduler_job.py:182} INFO - Started process (PID=38990) to work on /home/airflow/.local/lib/python3.8/site-packages/airflow/example_dags/example_branch_labels.py
[2021-12-13 07:48:26,162] {scheduler_job.py:633} INFO - Processing file /home/airflow/.local/lib/python3.8/site-packages/airflow/example_dags/example_branch_labels.py for tasks to queue
[2021-12-13 07:48:26,166] {logging_mixin.py:104} INFO - [2021-12-13 07:48:26,166] {dagbag.py:487} INFO - Filling up the DagBag from /home/airflow/.local/lib/python3.8/site-packages/airflow/example_dags/example_branch_labels.py
[2021-12-13 07:48:26,188] {scheduler_job.py:643} INFO - DAG(s) dict_keys(['example_branch_labels']) retrieved from /home/airflow/.local/lib/python3.8/site-packages/airflow/example_dags/example_branch_labels.py
[2021-12-13 07:48:26,203] {logging_mixin.py:104} INFO - [2021-12-13 07:48:26,203] {dag.py:1832} INFO - Sync 1 DAGs
[2021-12-13 07:48:26,219] {logging_mixin.py:104} INFO - [2021-12-13 07:48:26,219] {dag.py:2305} INFO - Setting next_dagrun for example_branch_labels to 2021-12-11 00:00:00+00:00
[2021-12-13 07:48:26,245] {scheduler_job.py:190} INFO - Processing /home/airflow/.local/lib/python3.8/site-packages/airflow/example_dags/example_branch_labels.py took 0.101 seconds
[2021-12-13 07:49:05,873] {scheduler_job.py:182} INFO - Started process (PID=39145) to work on /home/airflow/.local/lib/python3.8/site-packages/airflow/example_dags/example_branch_labels.py
[2021-12-13 07:49:05,877] {scheduler_job.py:633} INFO - Processing file /home/airflow/.local/lib/python3.8/site-packages/airflow/example_dags/example_branch_labels.py for tasks to queue
[2021-12-13 07:49:05,881] {logging_mixin.py:104} INFO - [2021-12-13 07:49:05,878] {dagbag.py:487} INFO - Filling up the DagBag from /home/airflow/.local/lib/python3.8/site-packages/airflow/example_dags/example_branch_labels.py
[2021-12-13 07:49:05,896] {scheduler_job.py:643} INFO - DAG(s) dict_keys(['example_branch_labels']) retrieved from /home/airflow/.local/lib/python3.8/site-packages/airflow/example_dags/example_branch_labels.py
[2021-12-13 07:49:05,914] {logging_mixin.py:104} INFO - [2021-12-13 07:49:05,914] {dag.py:1832} INFO - Sync 1 DAGs
[2021-12-13 07:49:05,937] {logging_mixin.py:104} INFO - [2021-12-13 07:49:05,937] {dag.py:2305} INFO - Setting next_dagrun for example_branch_labels to 2021-12-11 00:00:00+00:00
[2021-12-13 07:49:05,971] {scheduler_job.py:190} INFO - Processing /home/airflow/.local/lib/python3.8/site-packages/airflow/example_dags/example_branch_labels.py took 0.100 seconds
[2021-12-13 07:49:43,544] {scheduler_job.py:182} INFO - Started process (PID=39319) to work on /home/airflow/.local/lib/python3.8/site-packages/airflow/example_dags/example_branch_labels.py
[2021-12-13 07:49:43,548] {scheduler_job.py:633} INFO - Processing file /home/airflow/.local/lib/python3.8/site-packages/airflow/example_dags/example_branch_labels.py for tasks to queue
[2021-12-13 07:49:43,552] {logging_mixin.py:104} INFO - [2021-12-13 07:49:43,551] {dagbag.py:487} INFO - Filling up the DagBag from /home/airflow/.local/lib/python3.8/site-packages/airflow/example_dags/example_branch_labels.py
[2021-12-13 07:49:43,565] {scheduler_job.py:643} INFO - DAG(s) dict_keys(['example_branch_labels']) retrieved from /home/airflow/.local/lib/python3.8/site-packages/airflow/example_dags/example_branch_labels.py
[2021-12-13 07:49:43,583] {logging_mixin.py:104} INFO - [2021-12-13 07:49:43,583] {dag.py:1832} INFO - Sync 1 DAGs
[2021-12-13 07:49:43,600] {logging_mixin.py:104} INFO - [2021-12-13 07:49:43,600] {dag.py:2305} INFO - Setting next_dagrun for example_branch_labels to 2021-12-11 00:00:00+00:00
[2021-12-13 07:49:43,624] {scheduler_job.py:190} INFO - Processing /home/airflow/.local/lib/python3.8/site-packages/airflow/example_dags/example_branch_labels.py took 0.082 seconds
