[2021-12-13 07:34:56,511] {scheduler_job.py:182} INFO - Started process (PID=35564) to work on /home/airflow/.local/lib/python3.8/site-packages/airflow/example_dags/example_task_group_decorator.py
[2021-12-13 07:34:56,517] {scheduler_job.py:633} INFO - Processing file /home/airflow/.local/lib/python3.8/site-packages/airflow/example_dags/example_task_group_decorator.py for tasks to queue
[2021-12-13 07:34:56,520] {logging_mixin.py:104} INFO - [2021-12-13 07:34:56,520] {dagbag.py:487} INFO - Filling up the DagBag from /home/airflow/.local/lib/python3.8/site-packages/airflow/example_dags/example_task_group_decorator.py
[2021-12-13 07:34:56,548] {scheduler_job.py:643} INFO - DAG(s) dict_keys(['example_task_group_decorator']) retrieved from /home/airflow/.local/lib/python3.8/site-packages/airflow/example_dags/example_task_group_decorator.py
[2021-12-13 07:34:56,869] {logging_mixin.py:104} INFO - [2021-12-13 07:34:56,869] {dag.py:1832} INFO - Sync 1 DAGs
[2021-12-13 07:34:56,882] {logging_mixin.py:104} INFO - [2021-12-13 07:34:56,882] {dag.py:2305} INFO - Setting next_dagrun for example_task_group_decorator to 2021-12-11 00:00:00+00:00
[2021-12-13 07:34:56,912] {scheduler_job.py:190} INFO - Processing /home/airflow/.local/lib/python3.8/site-packages/airflow/example_dags/example_task_group_decorator.py took 0.404 seconds
[2021-12-13 07:35:09,040] {scheduler_job.py:182} INFO - Started process (PID=35692) to work on /home/airflow/.local/lib/python3.8/site-packages/airflow/example_dags/example_task_group_decorator.py
[2021-12-13 07:35:09,043] {scheduler_job.py:633} INFO - Processing file /home/airflow/.local/lib/python3.8/site-packages/airflow/example_dags/example_task_group_decorator.py for tasks to queue
[2021-12-13 07:35:09,045] {logging_mixin.py:104} INFO - [2021-12-13 07:35:09,045] {dagbag.py:487} INFO - Filling up the DagBag from /home/airflow/.local/lib/python3.8/site-packages/airflow/example_dags/example_task_group_decorator.py
[2021-12-13 07:35:09,065] {scheduler_job.py:643} INFO - DAG(s) dict_keys(['example_task_group_decorator']) retrieved from /home/airflow/.local/lib/python3.8/site-packages/airflow/example_dags/example_task_group_decorator.py
[2021-12-13 07:35:09,072] {logging_mixin.py:104} INFO - [2021-12-13 07:35:09,072] {dag.py:1832} INFO - Sync 1 DAGs
[2021-12-13 07:35:09,086] {logging_mixin.py:104} INFO - [2021-12-13 07:35:09,086] {dag.py:2305} INFO - Setting next_dagrun for example_task_group_decorator to 2021-12-11 00:00:00+00:00
[2021-12-13 07:35:09,112] {scheduler_job.py:190} INFO - Processing /home/airflow/.local/lib/python3.8/site-packages/airflow/example_dags/example_task_group_decorator.py took 0.075 seconds
[2021-12-13 07:35:49,765] {scheduler_job.py:182} INFO - Started process (PID=35841) to work on /home/airflow/.local/lib/python3.8/site-packages/airflow/example_dags/example_task_group_decorator.py
[2021-12-13 07:35:49,776] {scheduler_job.py:633} INFO - Processing file /home/airflow/.local/lib/python3.8/site-packages/airflow/example_dags/example_task_group_decorator.py for tasks to queue
[2021-12-13 07:35:49,782] {logging_mixin.py:104} INFO - [2021-12-13 07:35:49,782] {dagbag.py:487} INFO - Filling up the DagBag from /home/airflow/.local/lib/python3.8/site-packages/airflow/example_dags/example_task_group_decorator.py
[2021-12-13 07:35:49,828] {scheduler_job.py:643} INFO - DAG(s) dict_keys(['example_task_group_decorator']) retrieved from /home/airflow/.local/lib/python3.8/site-packages/airflow/example_dags/example_task_group_decorator.py
[2021-12-13 07:35:50,127] {logging_mixin.py:104} INFO - [2021-12-13 07:35:50,127] {dag.py:1832} INFO - Sync 1 DAGs
[2021-12-13 07:35:50,141] {logging_mixin.py:104} INFO - [2021-12-13 07:35:50,141] {dag.py:2305} INFO - Setting next_dagrun for example_task_group_decorator to 2021-12-11 00:00:00+00:00
[2021-12-13 07:35:50,169] {scheduler_job.py:190} INFO - Processing /home/airflow/.local/lib/python3.8/site-packages/airflow/example_dags/example_task_group_decorator.py took 0.407 seconds
[2021-12-13 07:36:27,123] {scheduler_job.py:182} INFO - Started process (PID=36012) to work on /home/airflow/.local/lib/python3.8/site-packages/airflow/example_dags/example_task_group_decorator.py
[2021-12-13 07:36:27,127] {scheduler_job.py:633} INFO - Processing file /home/airflow/.local/lib/python3.8/site-packages/airflow/example_dags/example_task_group_decorator.py for tasks to queue
[2021-12-13 07:36:27,128] {logging_mixin.py:104} INFO - [2021-12-13 07:36:27,128] {dagbag.py:487} INFO - Filling up the DagBag from /home/airflow/.local/lib/python3.8/site-packages/airflow/example_dags/example_task_group_decorator.py
[2021-12-13 07:36:27,158] {scheduler_job.py:643} INFO - DAG(s) dict_keys(['example_task_group_decorator']) retrieved from /home/airflow/.local/lib/python3.8/site-packages/airflow/example_dags/example_task_group_decorator.py
[2021-12-13 07:36:27,455] {logging_mixin.py:104} INFO - [2021-12-13 07:36:27,455] {dag.py:1832} INFO - Sync 1 DAGs
[2021-12-13 07:36:27,466] {logging_mixin.py:104} INFO - [2021-12-13 07:36:27,466] {dag.py:2305} INFO - Setting next_dagrun for example_task_group_decorator to 2021-12-11 00:00:00+00:00
[2021-12-13 07:36:27,487] {scheduler_job.py:190} INFO - Processing /home/airflow/.local/lib/python3.8/site-packages/airflow/example_dags/example_task_group_decorator.py took 0.367 seconds
[2021-12-13 07:36:59,694] {scheduler_job.py:182} INFO - Started process (PID=36167) to work on /home/airflow/.local/lib/python3.8/site-packages/airflow/example_dags/example_task_group_decorator.py
[2021-12-13 07:36:59,703] {scheduler_job.py:633} INFO - Processing file /home/airflow/.local/lib/python3.8/site-packages/airflow/example_dags/example_task_group_decorator.py for tasks to queue
[2021-12-13 07:36:59,704] {logging_mixin.py:104} INFO - [2021-12-13 07:36:59,704] {dagbag.py:487} INFO - Filling up the DagBag from /home/airflow/.local/lib/python3.8/site-packages/airflow/example_dags/example_task_group_decorator.py
[2021-12-13 07:36:59,737] {scheduler_job.py:643} INFO - DAG(s) dict_keys(['example_task_group_decorator']) retrieved from /home/airflow/.local/lib/python3.8/site-packages/airflow/example_dags/example_task_group_decorator.py
[2021-12-13 07:37:00,036] {logging_mixin.py:104} INFO - [2021-12-13 07:37:00,036] {dag.py:1832} INFO - Sync 1 DAGs
[2021-12-13 07:37:00,051] {logging_mixin.py:104} INFO - [2021-12-13 07:37:00,051] {dag.py:2305} INFO - Setting next_dagrun for example_task_group_decorator to 2021-12-11 00:00:00+00:00
[2021-12-13 07:37:00,073] {scheduler_job.py:190} INFO - Processing /home/airflow/.local/lib/python3.8/site-packages/airflow/example_dags/example_task_group_decorator.py took 0.387 seconds
[2021-12-13 07:37:33,695] {scheduler_job.py:182} INFO - Started process (PID=36313) to work on /home/airflow/.local/lib/python3.8/site-packages/airflow/example_dags/example_task_group_decorator.py
[2021-12-13 07:37:33,700] {scheduler_job.py:633} INFO - Processing file /home/airflow/.local/lib/python3.8/site-packages/airflow/example_dags/example_task_group_decorator.py for tasks to queue
[2021-12-13 07:37:33,700] {logging_mixin.py:104} INFO - [2021-12-13 07:37:33,700] {dagbag.py:487} INFO - Filling up the DagBag from /home/airflow/.local/lib/python3.8/site-packages/airflow/example_dags/example_task_group_decorator.py
[2021-12-13 07:37:33,725] {scheduler_job.py:643} INFO - DAG(s) dict_keys(['example_task_group_decorator']) retrieved from /home/airflow/.local/lib/python3.8/site-packages/airflow/example_dags/example_task_group_decorator.py
[2021-12-13 07:37:34,008] {logging_mixin.py:104} INFO - [2021-12-13 07:37:34,008] {dag.py:1832} INFO - Sync 1 DAGs
[2021-12-13 07:37:34,020] {logging_mixin.py:104} INFO - [2021-12-13 07:37:34,020] {dag.py:2305} INFO - Setting next_dagrun for example_task_group_decorator to 2021-12-11 00:00:00+00:00
[2021-12-13 07:37:34,047] {scheduler_job.py:190} INFO - Processing /home/airflow/.local/lib/python3.8/site-packages/airflow/example_dags/example_task_group_decorator.py took 0.355 seconds
[2021-12-13 07:38:07,686] {scheduler_job.py:182} INFO - Started process (PID=36440) to work on /home/airflow/.local/lib/python3.8/site-packages/airflow/example_dags/example_task_group_decorator.py
[2021-12-13 07:38:07,690] {scheduler_job.py:633} INFO - Processing file /home/airflow/.local/lib/python3.8/site-packages/airflow/example_dags/example_task_group_decorator.py for tasks to queue
[2021-12-13 07:38:07,693] {logging_mixin.py:104} INFO - [2021-12-13 07:38:07,693] {dagbag.py:487} INFO - Filling up the DagBag from /home/airflow/.local/lib/python3.8/site-packages/airflow/example_dags/example_task_group_decorator.py
[2021-12-13 07:38:07,740] {scheduler_job.py:643} INFO - DAG(s) dict_keys(['example_task_group_decorator']) retrieved from /home/airflow/.local/lib/python3.8/site-packages/airflow/example_dags/example_task_group_decorator.py
[2021-12-13 07:38:08,098] {logging_mixin.py:104} INFO - [2021-12-13 07:38:08,098] {dag.py:1832} INFO - Sync 1 DAGs
[2021-12-13 07:38:08,109] {logging_mixin.py:104} INFO - [2021-12-13 07:38:08,108] {dag.py:2305} INFO - Setting next_dagrun for example_task_group_decorator to 2021-12-11 00:00:00+00:00
[2021-12-13 07:38:08,137] {scheduler_job.py:190} INFO - Processing /home/airflow/.local/lib/python3.8/site-packages/airflow/example_dags/example_task_group_decorator.py took 0.454 seconds
[2021-12-13 07:38:42,544] {scheduler_job.py:182} INFO - Started process (PID=36664) to work on /home/airflow/.local/lib/python3.8/site-packages/airflow/example_dags/example_task_group_decorator.py
[2021-12-13 07:38:42,549] {scheduler_job.py:633} INFO - Processing file /home/airflow/.local/lib/python3.8/site-packages/airflow/example_dags/example_task_group_decorator.py for tasks to queue
[2021-12-13 07:38:42,552] {logging_mixin.py:104} INFO - [2021-12-13 07:38:42,552] {dagbag.py:487} INFO - Filling up the DagBag from /home/airflow/.local/lib/python3.8/site-packages/airflow/example_dags/example_task_group_decorator.py
[2021-12-13 07:38:42,582] {scheduler_job.py:643} INFO - DAG(s) dict_keys(['example_task_group_decorator']) retrieved from /home/airflow/.local/lib/python3.8/site-packages/airflow/example_dags/example_task_group_decorator.py
[2021-12-13 07:38:42,889] {logging_mixin.py:104} INFO - [2021-12-13 07:38:42,889] {dag.py:1832} INFO - Sync 1 DAGs
[2021-12-13 07:38:42,903] {logging_mixin.py:104} INFO - [2021-12-13 07:38:42,903] {dag.py:2305} INFO - Setting next_dagrun for example_task_group_decorator to 2021-12-11 00:00:00+00:00
[2021-12-13 07:38:42,933] {scheduler_job.py:190} INFO - Processing /home/airflow/.local/lib/python3.8/site-packages/airflow/example_dags/example_task_group_decorator.py took 0.396 seconds
[2021-12-13 07:39:15,946] {scheduler_job.py:182} INFO - Started process (PID=36847) to work on /home/airflow/.local/lib/python3.8/site-packages/airflow/example_dags/example_task_group_decorator.py
[2021-12-13 07:39:15,950] {scheduler_job.py:633} INFO - Processing file /home/airflow/.local/lib/python3.8/site-packages/airflow/example_dags/example_task_group_decorator.py for tasks to queue
[2021-12-13 07:39:15,954] {logging_mixin.py:104} INFO - [2021-12-13 07:39:15,953] {dagbag.py:487} INFO - Filling up the DagBag from /home/airflow/.local/lib/python3.8/site-packages/airflow/example_dags/example_task_group_decorator.py
[2021-12-13 07:39:15,993] {scheduler_job.py:643} INFO - DAG(s) dict_keys(['example_task_group_decorator']) retrieved from /home/airflow/.local/lib/python3.8/site-packages/airflow/example_dags/example_task_group_decorator.py
[2021-12-13 07:39:16,370] {logging_mixin.py:104} INFO - [2021-12-13 07:39:16,370] {dag.py:1832} INFO - Sync 1 DAGs
[2021-12-13 07:39:16,381] {logging_mixin.py:104} INFO - [2021-12-13 07:39:16,381] {dag.py:2305} INFO - Setting next_dagrun for example_task_group_decorator to 2021-12-11 00:00:00+00:00
[2021-12-13 07:39:16,408] {scheduler_job.py:190} INFO - Processing /home/airflow/.local/lib/python3.8/site-packages/airflow/example_dags/example_task_group_decorator.py took 0.465 seconds
[2021-12-13 07:39:48,737] {scheduler_job.py:182} INFO - Started process (PID=37080) to work on /home/airflow/.local/lib/python3.8/site-packages/airflow/example_dags/example_task_group_decorator.py
[2021-12-13 07:39:48,740] {scheduler_job.py:633} INFO - Processing file /home/airflow/.local/lib/python3.8/site-packages/airflow/example_dags/example_task_group_decorator.py for tasks to queue
[2021-12-13 07:39:48,743] {logging_mixin.py:104} INFO - [2021-12-13 07:39:48,743] {dagbag.py:487} INFO - Filling up the DagBag from /home/airflow/.local/lib/python3.8/site-packages/airflow/example_dags/example_task_group_decorator.py
[2021-12-13 07:39:48,769] {scheduler_job.py:643} INFO - DAG(s) dict_keys(['example_task_group_decorator']) retrieved from /home/airflow/.local/lib/python3.8/site-packages/airflow/example_dags/example_task_group_decorator.py
[2021-12-13 07:39:49,110] {logging_mixin.py:104} INFO - [2021-12-13 07:39:49,110] {dag.py:1832} INFO - Sync 1 DAGs
[2021-12-13 07:39:49,122] {logging_mixin.py:104} INFO - [2021-12-13 07:39:49,122] {dag.py:2305} INFO - Setting next_dagrun for example_task_group_decorator to 2021-12-11 00:00:00+00:00
[2021-12-13 07:39:49,152] {scheduler_job.py:190} INFO - Processing /home/airflow/.local/lib/python3.8/site-packages/airflow/example_dags/example_task_group_decorator.py took 0.418 seconds
[2021-12-13 07:40:27,592] {scheduler_job.py:182} INFO - Started process (PID=37301) to work on /home/airflow/.local/lib/python3.8/site-packages/airflow/example_dags/example_task_group_decorator.py
[2021-12-13 07:40:27,596] {scheduler_job.py:633} INFO - Processing file /home/airflow/.local/lib/python3.8/site-packages/airflow/example_dags/example_task_group_decorator.py for tasks to queue
[2021-12-13 07:40:27,599] {logging_mixin.py:104} INFO - [2021-12-13 07:40:27,599] {dagbag.py:487} INFO - Filling up the DagBag from /home/airflow/.local/lib/python3.8/site-packages/airflow/example_dags/example_task_group_decorator.py
[2021-12-13 07:40:27,621] {scheduler_job.py:643} INFO - DAG(s) dict_keys(['example_task_group_decorator']) retrieved from /home/airflow/.local/lib/python3.8/site-packages/airflow/example_dags/example_task_group_decorator.py
[2021-12-13 07:40:27,901] {logging_mixin.py:104} INFO - [2021-12-13 07:40:27,901] {dag.py:1832} INFO - Sync 1 DAGs
[2021-12-13 07:40:27,913] {logging_mixin.py:104} INFO - [2021-12-13 07:40:27,913] {dag.py:2305} INFO - Setting next_dagrun for example_task_group_decorator to 2021-12-11 00:00:00+00:00
[2021-12-13 07:40:27,944] {scheduler_job.py:190} INFO - Processing /home/airflow/.local/lib/python3.8/site-packages/airflow/example_dags/example_task_group_decorator.py took 0.354 seconds
[2021-12-13 07:41:06,692] {scheduler_job.py:182} INFO - Started process (PID=37438) to work on /home/airflow/.local/lib/python3.8/site-packages/airflow/example_dags/example_task_group_decorator.py
[2021-12-13 07:41:06,696] {scheduler_job.py:633} INFO - Processing file /home/airflow/.local/lib/python3.8/site-packages/airflow/example_dags/example_task_group_decorator.py for tasks to queue
[2021-12-13 07:41:06,697] {logging_mixin.py:104} INFO - [2021-12-13 07:41:06,697] {dagbag.py:487} INFO - Filling up the DagBag from /home/airflow/.local/lib/python3.8/site-packages/airflow/example_dags/example_task_group_decorator.py
[2021-12-13 07:41:06,795] {scheduler_job.py:643} INFO - DAG(s) dict_keys(['example_task_group_decorator']) retrieved from /home/airflow/.local/lib/python3.8/site-packages/airflow/example_dags/example_task_group_decorator.py
[2021-12-13 07:41:07,957] {logging_mixin.py:104} INFO - [2021-12-13 07:41:07,957] {dag.py:1832} INFO - Sync 1 DAGs
[2021-12-13 07:41:07,999] {logging_mixin.py:104} INFO - [2021-12-13 07:41:07,999] {dag.py:2305} INFO - Setting next_dagrun for example_task_group_decorator to 2021-12-11 00:00:00+00:00
[2021-12-13 07:41:08,043] {scheduler_job.py:190} INFO - Processing /home/airflow/.local/lib/python3.8/site-packages/airflow/example_dags/example_task_group_decorator.py took 1.362 seconds
[2021-12-13 07:41:45,954] {scheduler_job.py:182} INFO - Started process (PID=37578) to work on /home/airflow/.local/lib/python3.8/site-packages/airflow/example_dags/example_task_group_decorator.py
[2021-12-13 07:41:45,958] {scheduler_job.py:633} INFO - Processing file /home/airflow/.local/lib/python3.8/site-packages/airflow/example_dags/example_task_group_decorator.py for tasks to queue
[2021-12-13 07:41:45,962] {logging_mixin.py:104} INFO - [2021-12-13 07:41:45,962] {dagbag.py:487} INFO - Filling up the DagBag from /home/airflow/.local/lib/python3.8/site-packages/airflow/example_dags/example_task_group_decorator.py
[2021-12-13 07:41:46,069] {scheduler_job.py:643} INFO - DAG(s) dict_keys(['example_task_group_decorator']) retrieved from /home/airflow/.local/lib/python3.8/site-packages/airflow/example_dags/example_task_group_decorator.py
[2021-12-13 07:41:46,848] {logging_mixin.py:104} INFO - [2021-12-13 07:41:46,848] {dag.py:1832} INFO - Sync 1 DAGs
[2021-12-13 07:41:46,878] {logging_mixin.py:104} INFO - [2021-12-13 07:41:46,878] {dag.py:2305} INFO - Setting next_dagrun for example_task_group_decorator to 2021-12-11 00:00:00+00:00
[2021-12-13 07:41:46,936] {scheduler_job.py:190} INFO - Processing /home/airflow/.local/lib/python3.8/site-packages/airflow/example_dags/example_task_group_decorator.py took 0.996 seconds
[2021-12-13 07:42:22,455] {scheduler_job.py:182} INFO - Started process (PID=37704) to work on /home/airflow/.local/lib/python3.8/site-packages/airflow/example_dags/example_task_group_decorator.py
[2021-12-13 07:42:22,464] {scheduler_job.py:633} INFO - Processing file /home/airflow/.local/lib/python3.8/site-packages/airflow/example_dags/example_task_group_decorator.py for tasks to queue
[2021-12-13 07:42:22,468] {logging_mixin.py:104} INFO - [2021-12-13 07:42:22,468] {dagbag.py:487} INFO - Filling up the DagBag from /home/airflow/.local/lib/python3.8/site-packages/airflow/example_dags/example_task_group_decorator.py
[2021-12-13 07:42:22,518] {scheduler_job.py:643} INFO - DAG(s) dict_keys(['example_task_group_decorator']) retrieved from /home/airflow/.local/lib/python3.8/site-packages/airflow/example_dags/example_task_group_decorator.py
[2021-12-13 07:42:22,809] {logging_mixin.py:104} INFO - [2021-12-13 07:42:22,808] {dag.py:1832} INFO - Sync 1 DAGs
[2021-12-13 07:42:22,821] {logging_mixin.py:104} INFO - [2021-12-13 07:42:22,821] {dag.py:2305} INFO - Setting next_dagrun for example_task_group_decorator to 2021-12-11 00:00:00+00:00
[2021-12-13 07:42:22,849] {scheduler_job.py:190} INFO - Processing /home/airflow/.local/lib/python3.8/site-packages/airflow/example_dags/example_task_group_decorator.py took 0.400 seconds
[2021-12-13 07:42:59,212] {scheduler_job.py:182} INFO - Started process (PID=37824) to work on /home/airflow/.local/lib/python3.8/site-packages/airflow/example_dags/example_task_group_decorator.py
[2021-12-13 07:42:59,219] {scheduler_job.py:633} INFO - Processing file /home/airflow/.local/lib/python3.8/site-packages/airflow/example_dags/example_task_group_decorator.py for tasks to queue
[2021-12-13 07:42:59,222] {logging_mixin.py:104} INFO - [2021-12-13 07:42:59,222] {dagbag.py:487} INFO - Filling up the DagBag from /home/airflow/.local/lib/python3.8/site-packages/airflow/example_dags/example_task_group_decorator.py
[2021-12-13 07:42:59,312] {scheduler_job.py:643} INFO - DAG(s) dict_keys(['example_task_group_decorator']) retrieved from /home/airflow/.local/lib/python3.8/site-packages/airflow/example_dags/example_task_group_decorator.py
[2021-12-13 07:43:00,195] {logging_mixin.py:104} INFO - [2021-12-13 07:43:00,195] {dag.py:1832} INFO - Sync 1 DAGs
[2021-12-13 07:43:00,207] {logging_mixin.py:104} INFO - [2021-12-13 07:43:00,207] {dag.py:2305} INFO - Setting next_dagrun for example_task_group_decorator to 2021-12-11 00:00:00+00:00
[2021-12-13 07:43:00,237] {scheduler_job.py:190} INFO - Processing /home/airflow/.local/lib/python3.8/site-packages/airflow/example_dags/example_task_group_decorator.py took 1.036 seconds
[2021-12-13 07:43:36,377] {scheduler_job.py:182} INFO - Started process (PID=37943) to work on /home/airflow/.local/lib/python3.8/site-packages/airflow/example_dags/example_task_group_decorator.py
[2021-12-13 07:43:36,380] {scheduler_job.py:633} INFO - Processing file /home/airflow/.local/lib/python3.8/site-packages/airflow/example_dags/example_task_group_decorator.py for tasks to queue
[2021-12-13 07:43:36,384] {logging_mixin.py:104} INFO - [2021-12-13 07:43:36,384] {dagbag.py:487} INFO - Filling up the DagBag from /home/airflow/.local/lib/python3.8/site-packages/airflow/example_dags/example_task_group_decorator.py
[2021-12-13 07:43:36,411] {scheduler_job.py:643} INFO - DAG(s) dict_keys(['example_task_group_decorator']) retrieved from /home/airflow/.local/lib/python3.8/site-packages/airflow/example_dags/example_task_group_decorator.py
[2021-12-13 07:43:36,723] {logging_mixin.py:104} INFO - [2021-12-13 07:43:36,723] {dag.py:1832} INFO - Sync 1 DAGs
[2021-12-13 07:43:36,734] {logging_mixin.py:104} INFO - [2021-12-13 07:43:36,733] {dag.py:2305} INFO - Setting next_dagrun for example_task_group_decorator to 2021-12-11 00:00:00+00:00
[2021-12-13 07:43:36,759] {scheduler_job.py:190} INFO - Processing /home/airflow/.local/lib/python3.8/site-packages/airflow/example_dags/example_task_group_decorator.py took 0.385 seconds
[2021-12-13 07:44:15,226] {scheduler_job.py:182} INFO - Started process (PID=38071) to work on /home/airflow/.local/lib/python3.8/site-packages/airflow/example_dags/example_task_group_decorator.py
[2021-12-13 07:44:15,230] {scheduler_job.py:633} INFO - Processing file /home/airflow/.local/lib/python3.8/site-packages/airflow/example_dags/example_task_group_decorator.py for tasks to queue
[2021-12-13 07:44:15,234] {logging_mixin.py:104} INFO - [2021-12-13 07:44:15,234] {dagbag.py:487} INFO - Filling up the DagBag from /home/airflow/.local/lib/python3.8/site-packages/airflow/example_dags/example_task_group_decorator.py
[2021-12-13 07:44:15,263] {scheduler_job.py:643} INFO - DAG(s) dict_keys(['example_task_group_decorator']) retrieved from /home/airflow/.local/lib/python3.8/site-packages/airflow/example_dags/example_task_group_decorator.py
[2021-12-13 07:44:15,576] {logging_mixin.py:104} INFO - [2021-12-13 07:44:15,575] {dag.py:1832} INFO - Sync 1 DAGs
[2021-12-13 07:44:15,586] {logging_mixin.py:104} INFO - [2021-12-13 07:44:15,585] {dag.py:2305} INFO - Setting next_dagrun for example_task_group_decorator to 2021-12-11 00:00:00+00:00
[2021-12-13 07:44:15,604] {scheduler_job.py:190} INFO - Processing /home/airflow/.local/lib/python3.8/site-packages/airflow/example_dags/example_task_group_decorator.py took 0.381 seconds
[2021-12-13 07:44:50,724] {scheduler_job.py:182} INFO - Started process (PID=38205) to work on /home/airflow/.local/lib/python3.8/site-packages/airflow/example_dags/example_task_group_decorator.py
[2021-12-13 07:44:50,732] {scheduler_job.py:633} INFO - Processing file /home/airflow/.local/lib/python3.8/site-packages/airflow/example_dags/example_task_group_decorator.py for tasks to queue
[2021-12-13 07:44:50,733] {logging_mixin.py:104} INFO - [2021-12-13 07:44:50,733] {dagbag.py:487} INFO - Filling up the DagBag from /home/airflow/.local/lib/python3.8/site-packages/airflow/example_dags/example_task_group_decorator.py
[2021-12-13 07:44:50,787] {scheduler_job.py:643} INFO - DAG(s) dict_keys(['example_task_group_decorator']) retrieved from /home/airflow/.local/lib/python3.8/site-packages/airflow/example_dags/example_task_group_decorator.py
[2021-12-13 07:44:51,189] {logging_mixin.py:104} INFO - [2021-12-13 07:44:51,189] {dag.py:1832} INFO - Sync 1 DAGs
[2021-12-13 07:44:51,204] {logging_mixin.py:104} INFO - [2021-12-13 07:44:51,204] {dag.py:2305} INFO - Setting next_dagrun for example_task_group_decorator to 2021-12-11 00:00:00+00:00
[2021-12-13 07:44:51,237] {scheduler_job.py:190} INFO - Processing /home/airflow/.local/lib/python3.8/site-packages/airflow/example_dags/example_task_group_decorator.py took 0.520 seconds
[2021-12-13 07:45:11,614] {scheduler_job.py:182} INFO - Started process (PID=38343) to work on /home/airflow/.local/lib/python3.8/site-packages/airflow/example_dags/example_task_group_decorator.py
[2021-12-13 07:45:11,621] {scheduler_job.py:633} INFO - Processing file /home/airflow/.local/lib/python3.8/site-packages/airflow/example_dags/example_task_group_decorator.py for tasks to queue
[2021-12-13 07:45:11,628] {logging_mixin.py:104} INFO - [2021-12-13 07:45:11,628] {dagbag.py:487} INFO - Filling up the DagBag from /home/airflow/.local/lib/python3.8/site-packages/airflow/example_dags/example_task_group_decorator.py
[2021-12-13 07:45:11,698] {scheduler_job.py:643} INFO - DAG(s) dict_keys(['example_task_group_decorator']) retrieved from /home/airflow/.local/lib/python3.8/site-packages/airflow/example_dags/example_task_group_decorator.py
[2021-12-13 07:45:11,720] {logging_mixin.py:104} INFO - [2021-12-13 07:45:11,720] {dag.py:1832} INFO - Sync 1 DAGs
[2021-12-13 07:45:11,738] {logging_mixin.py:104} INFO - [2021-12-13 07:45:11,738] {dag.py:2305} INFO - Setting next_dagrun for example_task_group_decorator to 2021-12-11 00:00:00+00:00
[2021-12-13 07:45:11,764] {scheduler_job.py:190} INFO - Processing /home/airflow/.local/lib/python3.8/site-packages/airflow/example_dags/example_task_group_decorator.py took 0.153 seconds
[2021-12-13 07:45:48,851] {scheduler_job.py:182} INFO - Started process (PID=38465) to work on /home/airflow/.local/lib/python3.8/site-packages/airflow/example_dags/example_task_group_decorator.py
[2021-12-13 07:45:48,857] {scheduler_job.py:633} INFO - Processing file /home/airflow/.local/lib/python3.8/site-packages/airflow/example_dags/example_task_group_decorator.py for tasks to queue
[2021-12-13 07:45:48,862] {logging_mixin.py:104} INFO - [2021-12-13 07:45:48,862] {dagbag.py:487} INFO - Filling up the DagBag from /home/airflow/.local/lib/python3.8/site-packages/airflow/example_dags/example_task_group_decorator.py
[2021-12-13 07:45:48,940] {scheduler_job.py:643} INFO - DAG(s) dict_keys(['example_task_group_decorator']) retrieved from /home/airflow/.local/lib/python3.8/site-packages/airflow/example_dags/example_task_group_decorator.py
[2021-12-13 07:45:49,358] {logging_mixin.py:104} INFO - [2021-12-13 07:45:49,358] {dag.py:1832} INFO - Sync 1 DAGs
[2021-12-13 07:45:49,378] {logging_mixin.py:104} INFO - [2021-12-13 07:45:49,378] {dag.py:2305} INFO - Setting next_dagrun for example_task_group_decorator to 2021-12-11 00:00:00+00:00
[2021-12-13 07:45:49,406] {scheduler_job.py:190} INFO - Processing /home/airflow/.local/lib/python3.8/site-packages/airflow/example_dags/example_task_group_decorator.py took 0.565 seconds
[2021-12-13 07:46:26,845] {scheduler_job.py:182} INFO - Started process (PID=38590) to work on /home/airflow/.local/lib/python3.8/site-packages/airflow/example_dags/example_task_group_decorator.py
[2021-12-13 07:46:26,859] {scheduler_job.py:633} INFO - Processing file /home/airflow/.local/lib/python3.8/site-packages/airflow/example_dags/example_task_group_decorator.py for tasks to queue
[2021-12-13 07:46:26,862] {logging_mixin.py:104} INFO - [2021-12-13 07:46:26,862] {dagbag.py:487} INFO - Filling up the DagBag from /home/airflow/.local/lib/python3.8/site-packages/airflow/example_dags/example_task_group_decorator.py
[2021-12-13 07:46:26,925] {scheduler_job.py:643} INFO - DAG(s) dict_keys(['example_task_group_decorator']) retrieved from /home/airflow/.local/lib/python3.8/site-packages/airflow/example_dags/example_task_group_decorator.py
[2021-12-13 07:46:27,775] {logging_mixin.py:104} INFO - [2021-12-13 07:46:27,774] {dag.py:1832} INFO - Sync 1 DAGs
[2021-12-13 07:46:27,797] {logging_mixin.py:104} INFO - [2021-12-13 07:46:27,797] {dag.py:2305} INFO - Setting next_dagrun for example_task_group_decorator to 2021-12-11 00:00:00+00:00
[2021-12-13 07:46:27,840] {scheduler_job.py:190} INFO - Processing /home/airflow/.local/lib/python3.8/site-packages/airflow/example_dags/example_task_group_decorator.py took 0.997 seconds
[2021-12-13 07:47:03,566] {scheduler_job.py:182} INFO - Started process (PID=38712) to work on /home/airflow/.local/lib/python3.8/site-packages/airflow/example_dags/example_task_group_decorator.py
[2021-12-13 07:47:03,570] {scheduler_job.py:633} INFO - Processing file /home/airflow/.local/lib/python3.8/site-packages/airflow/example_dags/example_task_group_decorator.py for tasks to queue
[2021-12-13 07:47:03,573] {logging_mixin.py:104} INFO - [2021-12-13 07:47:03,572] {dagbag.py:487} INFO - Filling up the DagBag from /home/airflow/.local/lib/python3.8/site-packages/airflow/example_dags/example_task_group_decorator.py
[2021-12-13 07:47:03,595] {scheduler_job.py:643} INFO - DAG(s) dict_keys(['example_task_group_decorator']) retrieved from /home/airflow/.local/lib/python3.8/site-packages/airflow/example_dags/example_task_group_decorator.py
[2021-12-13 07:47:03,897] {logging_mixin.py:104} INFO - [2021-12-13 07:47:03,897] {dag.py:1832} INFO - Sync 1 DAGs
[2021-12-13 07:47:03,906] {logging_mixin.py:104} INFO - [2021-12-13 07:47:03,906] {dag.py:2305} INFO - Setting next_dagrun for example_task_group_decorator to 2021-12-11 00:00:00+00:00
[2021-12-13 07:47:03,925] {scheduler_job.py:190} INFO - Processing /home/airflow/.local/lib/python3.8/site-packages/airflow/example_dags/example_task_group_decorator.py took 0.362 seconds
[2021-12-13 07:47:38,550] {scheduler_job.py:182} INFO - Started process (PID=38829) to work on /home/airflow/.local/lib/python3.8/site-packages/airflow/example_dags/example_task_group_decorator.py
[2021-12-13 07:47:38,554] {scheduler_job.py:633} INFO - Processing file /home/airflow/.local/lib/python3.8/site-packages/airflow/example_dags/example_task_group_decorator.py for tasks to queue
[2021-12-13 07:47:38,558] {logging_mixin.py:104} INFO - [2021-12-13 07:47:38,558] {dagbag.py:487} INFO - Filling up the DagBag from /home/airflow/.local/lib/python3.8/site-packages/airflow/example_dags/example_task_group_decorator.py
[2021-12-13 07:47:38,608] {scheduler_job.py:643} INFO - DAG(s) dict_keys(['example_task_group_decorator']) retrieved from /home/airflow/.local/lib/python3.8/site-packages/airflow/example_dags/example_task_group_decorator.py
[2021-12-13 07:47:38,988] {logging_mixin.py:104} INFO - [2021-12-13 07:47:38,988] {dag.py:1832} INFO - Sync 1 DAGs
[2021-12-13 07:47:38,998] {logging_mixin.py:104} INFO - [2021-12-13 07:47:38,998] {dag.py:2305} INFO - Setting next_dagrun for example_task_group_decorator to 2021-12-11 00:00:00+00:00
[2021-12-13 07:47:39,027] {scheduler_job.py:190} INFO - Processing /home/airflow/.local/lib/python3.8/site-packages/airflow/example_dags/example_task_group_decorator.py took 0.488 seconds
[2021-12-13 07:48:15,830] {scheduler_job.py:182} INFO - Started process (PID=38957) to work on /home/airflow/.local/lib/python3.8/site-packages/airflow/example_dags/example_task_group_decorator.py
[2021-12-13 07:48:15,835] {scheduler_job.py:633} INFO - Processing file /home/airflow/.local/lib/python3.8/site-packages/airflow/example_dags/example_task_group_decorator.py for tasks to queue
[2021-12-13 07:48:15,838] {logging_mixin.py:104} INFO - [2021-12-13 07:48:15,838] {dagbag.py:487} INFO - Filling up the DagBag from /home/airflow/.local/lib/python3.8/site-packages/airflow/example_dags/example_task_group_decorator.py
[2021-12-13 07:48:15,868] {scheduler_job.py:643} INFO - DAG(s) dict_keys(['example_task_group_decorator']) retrieved from /home/airflow/.local/lib/python3.8/site-packages/airflow/example_dags/example_task_group_decorator.py
[2021-12-13 07:48:16,176] {logging_mixin.py:104} INFO - [2021-12-13 07:48:16,176] {dag.py:1832} INFO - Sync 1 DAGs
[2021-12-13 07:48:16,186] {logging_mixin.py:104} INFO - [2021-12-13 07:48:16,185] {dag.py:2305} INFO - Setting next_dagrun for example_task_group_decorator to 2021-12-11 00:00:00+00:00
[2021-12-13 07:48:16,205] {scheduler_job.py:190} INFO - Processing /home/airflow/.local/lib/python3.8/site-packages/airflow/example_dags/example_task_group_decorator.py took 0.377 seconds
[2021-12-13 07:48:51,115] {scheduler_job.py:182} INFO - Started process (PID=39071) to work on /home/airflow/.local/lib/python3.8/site-packages/airflow/example_dags/example_task_group_decorator.py
[2021-12-13 07:48:51,128] {scheduler_job.py:633} INFO - Processing file /home/airflow/.local/lib/python3.8/site-packages/airflow/example_dags/example_task_group_decorator.py for tasks to queue
[2021-12-13 07:48:51,132] {logging_mixin.py:104} INFO - [2021-12-13 07:48:51,132] {dagbag.py:487} INFO - Filling up the DagBag from /home/airflow/.local/lib/python3.8/site-packages/airflow/example_dags/example_task_group_decorator.py
[2021-12-13 07:48:51,184] {scheduler_job.py:643} INFO - DAG(s) dict_keys(['example_task_group_decorator']) retrieved from /home/airflow/.local/lib/python3.8/site-packages/airflow/example_dags/example_task_group_decorator.py
[2021-12-13 07:48:51,981] {logging_mixin.py:104} INFO - [2021-12-13 07:48:51,981] {dag.py:1832} INFO - Sync 1 DAGs
[2021-12-13 07:48:51,992] {logging_mixin.py:104} INFO - [2021-12-13 07:48:51,992] {dag.py:2305} INFO - Setting next_dagrun for example_task_group_decorator to 2021-12-11 00:00:00+00:00
[2021-12-13 07:48:52,023] {scheduler_job.py:190} INFO - Processing /home/airflow/.local/lib/python3.8/site-packages/airflow/example_dags/example_task_group_decorator.py took 0.910 seconds
[2021-12-13 07:49:31,198] {scheduler_job.py:182} INFO - Started process (PID=39278) to work on /home/airflow/.local/lib/python3.8/site-packages/airflow/example_dags/example_task_group_decorator.py
[2021-12-13 07:49:31,208] {scheduler_job.py:633} INFO - Processing file /home/airflow/.local/lib/python3.8/site-packages/airflow/example_dags/example_task_group_decorator.py for tasks to queue
[2021-12-13 07:49:31,213] {logging_mixin.py:104} INFO - [2021-12-13 07:49:31,212] {dagbag.py:487} INFO - Filling up the DagBag from /home/airflow/.local/lib/python3.8/site-packages/airflow/example_dags/example_task_group_decorator.py
[2021-12-13 07:49:31,234] {scheduler_job.py:643} INFO - DAG(s) dict_keys(['example_task_group_decorator']) retrieved from /home/airflow/.local/lib/python3.8/site-packages/airflow/example_dags/example_task_group_decorator.py
[2021-12-13 07:49:31,553] {logging_mixin.py:104} INFO - [2021-12-13 07:49:31,553] {dag.py:1832} INFO - Sync 1 DAGs
[2021-12-13 07:49:31,564] {logging_mixin.py:104} INFO - [2021-12-13 07:49:31,564] {dag.py:2305} INFO - Setting next_dagrun for example_task_group_decorator to 2021-12-11 00:00:00+00:00
[2021-12-13 07:49:31,593] {scheduler_job.py:190} INFO - Processing /home/airflow/.local/lib/python3.8/site-packages/airflow/example_dags/example_task_group_decorator.py took 0.397 seconds
[2021-12-13 07:50:09,017] {scheduler_job.py:182} INFO - Started process (PID=39444) to work on /home/airflow/.local/lib/python3.8/site-packages/airflow/example_dags/example_task_group_decorator.py
[2021-12-13 07:50:09,022] {scheduler_job.py:633} INFO - Processing file /home/airflow/.local/lib/python3.8/site-packages/airflow/example_dags/example_task_group_decorator.py for tasks to queue
[2021-12-13 07:50:09,024] {logging_mixin.py:104} INFO - [2021-12-13 07:50:09,024] {dagbag.py:487} INFO - Filling up the DagBag from /home/airflow/.local/lib/python3.8/site-packages/airflow/example_dags/example_task_group_decorator.py
[2021-12-13 07:50:09,053] {scheduler_job.py:643} INFO - DAG(s) dict_keys(['example_task_group_decorator']) retrieved from /home/airflow/.local/lib/python3.8/site-packages/airflow/example_dags/example_task_group_decorator.py
[2021-12-13 07:50:09,373] {logging_mixin.py:104} INFO - [2021-12-13 07:50:09,373] {dag.py:1832} INFO - Sync 1 DAGs
[2021-12-13 07:50:09,385] {logging_mixin.py:104} INFO - [2021-12-13 07:50:09,384] {dag.py:2305} INFO - Setting next_dagrun for example_task_group_decorator to 2021-12-11 00:00:00+00:00
[2021-12-13 07:50:09,415] {scheduler_job.py:190} INFO - Processing /home/airflow/.local/lib/python3.8/site-packages/airflow/example_dags/example_task_group_decorator.py took 0.403 seconds
