[2021-12-13 07:35:23,223] {scheduler_job.py:182} INFO - Started process (PID=35745) to work on /home/airflow/.local/lib/python3.8/site-packages/airflow/example_dags/example_python_operator.py
[2021-12-13 07:35:23,226] {scheduler_job.py:633} INFO - Processing file /home/airflow/.local/lib/python3.8/site-packages/airflow/example_dags/example_python_operator.py for tasks to queue
[2021-12-13 07:35:23,228] {logging_mixin.py:104} INFO - [2021-12-13 07:35:23,228] {dagbag.py:487} INFO - Filling up the DagBag from /home/airflow/.local/lib/python3.8/site-packages/airflow/example_dags/example_python_operator.py
[2021-12-13 07:35:23,242] {scheduler_job.py:643} INFO - DAG(s) dict_keys(['example_python_operator']) retrieved from /home/airflow/.local/lib/python3.8/site-packages/airflow/example_dags/example_python_operator.py
[2021-12-13 07:35:23,535] {logging_mixin.py:104} INFO - [2021-12-13 07:35:23,535] {dag.py:1832} INFO - Sync 1 DAGs
[2021-12-13 07:35:23,543] {logging_mixin.py:104} INFO - [2021-12-13 07:35:23,543] {dag.py:2305} INFO - Setting next_dagrun for example_python_operator to None
[2021-12-13 07:35:23,584] {scheduler_job.py:190} INFO - Processing /home/airflow/.local/lib/python3.8/site-packages/airflow/example_dags/example_python_operator.py took 0.364 seconds
[2021-12-13 07:36:01,193] {scheduler_job.py:182} INFO - Started process (PID=35885) to work on /home/airflow/.local/lib/python3.8/site-packages/airflow/example_dags/example_python_operator.py
[2021-12-13 07:36:01,219] {scheduler_job.py:633} INFO - Processing file /home/airflow/.local/lib/python3.8/site-packages/airflow/example_dags/example_python_operator.py for tasks to queue
[2021-12-13 07:36:01,221] {logging_mixin.py:104} INFO - [2021-12-13 07:36:01,221] {dagbag.py:487} INFO - Filling up the DagBag from /home/airflow/.local/lib/python3.8/site-packages/airflow/example_dags/example_python_operator.py
[2021-12-13 07:36:01,253] {scheduler_job.py:643} INFO - DAG(s) dict_keys(['example_python_operator']) retrieved from /home/airflow/.local/lib/python3.8/site-packages/airflow/example_dags/example_python_operator.py
[2021-12-13 07:36:01,327] {logging_mixin.py:104} INFO - [2021-12-13 07:36:01,327] {dag.py:1832} INFO - Sync 1 DAGs
[2021-12-13 07:36:01,359] {logging_mixin.py:104} INFO - [2021-12-13 07:36:01,359] {dag.py:2305} INFO - Setting next_dagrun for example_python_operator to None
[2021-12-13 07:36:01,393] {scheduler_job.py:190} INFO - Processing /home/airflow/.local/lib/python3.8/site-packages/airflow/example_dags/example_python_operator.py took 0.202 seconds
[2021-12-13 07:36:38,649] {scheduler_job.py:182} INFO - Started process (PID=36061) to work on /home/airflow/.local/lib/python3.8/site-packages/airflow/example_dags/example_python_operator.py
[2021-12-13 07:36:38,653] {scheduler_job.py:633} INFO - Processing file /home/airflow/.local/lib/python3.8/site-packages/airflow/example_dags/example_python_operator.py for tasks to queue
[2021-12-13 07:36:38,656] {logging_mixin.py:104} INFO - [2021-12-13 07:36:38,656] {dagbag.py:487} INFO - Filling up the DagBag from /home/airflow/.local/lib/python3.8/site-packages/airflow/example_dags/example_python_operator.py
[2021-12-13 07:36:38,669] {scheduler_job.py:643} INFO - DAG(s) dict_keys(['example_python_operator']) retrieved from /home/airflow/.local/lib/python3.8/site-packages/airflow/example_dags/example_python_operator.py
[2021-12-13 07:36:38,683] {logging_mixin.py:104} INFO - [2021-12-13 07:36:38,683] {dag.py:1832} INFO - Sync 1 DAGs
[2021-12-13 07:36:38,693] {logging_mixin.py:104} INFO - [2021-12-13 07:36:38,693] {dag.py:2305} INFO - Setting next_dagrun for example_python_operator to None
[2021-12-13 07:36:38,722] {scheduler_job.py:190} INFO - Processing /home/airflow/.local/lib/python3.8/site-packages/airflow/example_dags/example_python_operator.py took 0.080 seconds
[2021-12-13 07:37:11,337] {scheduler_job.py:182} INFO - Started process (PID=36230) to work on /home/airflow/.local/lib/python3.8/site-packages/airflow/example_dags/example_python_operator.py
[2021-12-13 07:37:11,342] {scheduler_job.py:633} INFO - Processing file /home/airflow/.local/lib/python3.8/site-packages/airflow/example_dags/example_python_operator.py for tasks to queue
[2021-12-13 07:37:11,347] {logging_mixin.py:104} INFO - [2021-12-13 07:37:11,347] {dagbag.py:487} INFO - Filling up the DagBag from /home/airflow/.local/lib/python3.8/site-packages/airflow/example_dags/example_python_operator.py
[2021-12-13 07:37:11,372] {scheduler_job.py:643} INFO - DAG(s) dict_keys(['example_python_operator']) retrieved from /home/airflow/.local/lib/python3.8/site-packages/airflow/example_dags/example_python_operator.py
[2021-12-13 07:37:11,407] {logging_mixin.py:104} INFO - [2021-12-13 07:37:11,406] {dag.py:1832} INFO - Sync 1 DAGs
[2021-12-13 07:37:11,423] {logging_mixin.py:104} INFO - [2021-12-13 07:37:11,423] {dag.py:2305} INFO - Setting next_dagrun for example_python_operator to None
[2021-12-13 07:37:11,454] {scheduler_job.py:190} INFO - Processing /home/airflow/.local/lib/python3.8/site-packages/airflow/example_dags/example_python_operator.py took 0.122 seconds
[2021-12-13 07:37:46,569] {scheduler_job.py:182} INFO - Started process (PID=36361) to work on /home/airflow/.local/lib/python3.8/site-packages/airflow/example_dags/example_python_operator.py
[2021-12-13 07:37:46,572] {scheduler_job.py:633} INFO - Processing file /home/airflow/.local/lib/python3.8/site-packages/airflow/example_dags/example_python_operator.py for tasks to queue
[2021-12-13 07:37:46,575] {logging_mixin.py:104} INFO - [2021-12-13 07:37:46,575] {dagbag.py:487} INFO - Filling up the DagBag from /home/airflow/.local/lib/python3.8/site-packages/airflow/example_dags/example_python_operator.py
[2021-12-13 07:37:46,587] {scheduler_job.py:643} INFO - DAG(s) dict_keys(['example_python_operator']) retrieved from /home/airflow/.local/lib/python3.8/site-packages/airflow/example_dags/example_python_operator.py
[2021-12-13 07:37:46,600] {logging_mixin.py:104} INFO - [2021-12-13 07:37:46,600] {dag.py:1832} INFO - Sync 1 DAGs
[2021-12-13 07:37:46,610] {logging_mixin.py:104} INFO - [2021-12-13 07:37:46,610] {dag.py:2305} INFO - Setting next_dagrun for example_python_operator to None
[2021-12-13 07:37:46,636] {scheduler_job.py:190} INFO - Processing /home/airflow/.local/lib/python3.8/site-packages/airflow/example_dags/example_python_operator.py took 0.069 seconds
[2021-12-13 07:38:20,446] {scheduler_job.py:182} INFO - Started process (PID=36511) to work on /home/airflow/.local/lib/python3.8/site-packages/airflow/example_dags/example_python_operator.py
[2021-12-13 07:38:20,449] {scheduler_job.py:633} INFO - Processing file /home/airflow/.local/lib/python3.8/site-packages/airflow/example_dags/example_python_operator.py for tasks to queue
[2021-12-13 07:38:20,452] {logging_mixin.py:104} INFO - [2021-12-13 07:38:20,452] {dagbag.py:487} INFO - Filling up the DagBag from /home/airflow/.local/lib/python3.8/site-packages/airflow/example_dags/example_python_operator.py
[2021-12-13 07:38:20,464] {scheduler_job.py:643} INFO - DAG(s) dict_keys(['example_python_operator']) retrieved from /home/airflow/.local/lib/python3.8/site-packages/airflow/example_dags/example_python_operator.py
[2021-12-13 07:38:20,477] {logging_mixin.py:104} INFO - [2021-12-13 07:38:20,477] {dag.py:1832} INFO - Sync 1 DAGs
[2021-12-13 07:38:20,489] {logging_mixin.py:104} INFO - [2021-12-13 07:38:20,489] {dag.py:2305} INFO - Setting next_dagrun for example_python_operator to None
[2021-12-13 07:38:20,519] {scheduler_job.py:190} INFO - Processing /home/airflow/.local/lib/python3.8/site-packages/airflow/example_dags/example_python_operator.py took 0.076 seconds
[2021-12-13 07:38:55,203] {scheduler_job.py:182} INFO - Started process (PID=36740) to work on /home/airflow/.local/lib/python3.8/site-packages/airflow/example_dags/example_python_operator.py
[2021-12-13 07:38:55,205] {scheduler_job.py:633} INFO - Processing file /home/airflow/.local/lib/python3.8/site-packages/airflow/example_dags/example_python_operator.py for tasks to queue
[2021-12-13 07:38:55,211] {logging_mixin.py:104} INFO - [2021-12-13 07:38:55,211] {dagbag.py:487} INFO - Filling up the DagBag from /home/airflow/.local/lib/python3.8/site-packages/airflow/example_dags/example_python_operator.py
[2021-12-13 07:38:55,248] {scheduler_job.py:643} INFO - DAG(s) dict_keys(['example_python_operator']) retrieved from /home/airflow/.local/lib/python3.8/site-packages/airflow/example_dags/example_python_operator.py
[2021-12-13 07:38:55,266] {logging_mixin.py:104} INFO - [2021-12-13 07:38:55,266] {dag.py:1832} INFO - Sync 1 DAGs
[2021-12-13 07:38:55,281] {logging_mixin.py:104} INFO - [2021-12-13 07:38:55,281] {dag.py:2305} INFO - Setting next_dagrun for example_python_operator to None
[2021-12-13 07:38:55,300] {scheduler_job.py:190} INFO - Processing /home/airflow/.local/lib/python3.8/site-packages/airflow/example_dags/example_python_operator.py took 0.100 seconds
[2021-12-13 07:39:28,080] {scheduler_job.py:182} INFO - Started process (PID=36931) to work on /home/airflow/.local/lib/python3.8/site-packages/airflow/example_dags/example_python_operator.py
[2021-12-13 07:39:28,084] {scheduler_job.py:633} INFO - Processing file /home/airflow/.local/lib/python3.8/site-packages/airflow/example_dags/example_python_operator.py for tasks to queue
[2021-12-13 07:39:28,084] {logging_mixin.py:104} INFO - [2021-12-13 07:39:28,084] {dagbag.py:487} INFO - Filling up the DagBag from /home/airflow/.local/lib/python3.8/site-packages/airflow/example_dags/example_python_operator.py
[2021-12-13 07:39:28,099] {scheduler_job.py:643} INFO - DAG(s) dict_keys(['example_python_operator']) retrieved from /home/airflow/.local/lib/python3.8/site-packages/airflow/example_dags/example_python_operator.py
[2021-12-13 07:39:28,121] {logging_mixin.py:104} INFO - [2021-12-13 07:39:28,121] {dag.py:1832} INFO - Sync 1 DAGs
[2021-12-13 07:39:28,154] {logging_mixin.py:104} INFO - [2021-12-13 07:39:28,154] {dag.py:2305} INFO - Setting next_dagrun for example_python_operator to None
[2021-12-13 07:39:28,173] {scheduler_job.py:190} INFO - Processing /home/airflow/.local/lib/python3.8/site-packages/airflow/example_dags/example_python_operator.py took 0.096 seconds
[2021-12-13 07:40:04,454] {scheduler_job.py:182} INFO - Started process (PID=37196) to work on /home/airflow/.local/lib/python3.8/site-packages/airflow/example_dags/example_python_operator.py
[2021-12-13 07:40:04,458] {scheduler_job.py:633} INFO - Processing file /home/airflow/.local/lib/python3.8/site-packages/airflow/example_dags/example_python_operator.py for tasks to queue
[2021-12-13 07:40:04,466] {logging_mixin.py:104} INFO - [2021-12-13 07:40:04,461] {dagbag.py:487} INFO - Filling up the DagBag from /home/airflow/.local/lib/python3.8/site-packages/airflow/example_dags/example_python_operator.py
[2021-12-13 07:40:04,497] {scheduler_job.py:643} INFO - DAG(s) dict_keys(['example_python_operator']) retrieved from /home/airflow/.local/lib/python3.8/site-packages/airflow/example_dags/example_python_operator.py
[2021-12-13 07:40:04,524] {logging_mixin.py:104} INFO - [2021-12-13 07:40:04,523] {dag.py:1832} INFO - Sync 1 DAGs
[2021-12-13 07:40:04,561] {logging_mixin.py:104} INFO - [2021-12-13 07:40:04,561] {dag.py:2305} INFO - Setting next_dagrun for example_python_operator to None
[2021-12-13 07:40:04,605] {scheduler_job.py:190} INFO - Processing /home/airflow/.local/lib/python3.8/site-packages/airflow/example_dags/example_python_operator.py took 0.158 seconds
[2021-12-13 07:40:48,545] {scheduler_job.py:182} INFO - Started process (PID=37378) to work on /home/airflow/.local/lib/python3.8/site-packages/airflow/example_dags/example_python_operator.py
[2021-12-13 07:40:48,559] {scheduler_job.py:633} INFO - Processing file /home/airflow/.local/lib/python3.8/site-packages/airflow/example_dags/example_python_operator.py for tasks to queue
[2021-12-13 07:40:48,562] {logging_mixin.py:104} INFO - [2021-12-13 07:40:48,562] {dagbag.py:487} INFO - Filling up the DagBag from /home/airflow/.local/lib/python3.8/site-packages/airflow/example_dags/example_python_operator.py
[2021-12-13 07:40:48,603] {scheduler_job.py:643} INFO - DAG(s) dict_keys(['example_python_operator']) retrieved from /home/airflow/.local/lib/python3.8/site-packages/airflow/example_dags/example_python_operator.py
[2021-12-13 07:40:48,661] {logging_mixin.py:104} INFO - [2021-12-13 07:40:48,661] {dag.py:1832} INFO - Sync 1 DAGs
[2021-12-13 07:40:48,692] {logging_mixin.py:104} INFO - [2021-12-13 07:40:48,692] {dag.py:2305} INFO - Setting next_dagrun for example_python_operator to None
[2021-12-13 07:40:48,722] {scheduler_job.py:190} INFO - Processing /home/airflow/.local/lib/python3.8/site-packages/airflow/example_dags/example_python_operator.py took 0.180 seconds
[2021-12-13 07:41:27,551] {scheduler_job.py:182} INFO - Started process (PID=37509) to work on /home/airflow/.local/lib/python3.8/site-packages/airflow/example_dags/example_python_operator.py
[2021-12-13 07:41:27,556] {scheduler_job.py:633} INFO - Processing file /home/airflow/.local/lib/python3.8/site-packages/airflow/example_dags/example_python_operator.py for tasks to queue
[2021-12-13 07:41:27,561] {logging_mixin.py:104} INFO - [2021-12-13 07:41:27,561] {dagbag.py:487} INFO - Filling up the DagBag from /home/airflow/.local/lib/python3.8/site-packages/airflow/example_dags/example_python_operator.py
[2021-12-13 07:41:27,611] {scheduler_job.py:643} INFO - DAG(s) dict_keys(['example_python_operator']) retrieved from /home/airflow/.local/lib/python3.8/site-packages/airflow/example_dags/example_python_operator.py
[2021-12-13 07:41:27,645] {logging_mixin.py:104} INFO - [2021-12-13 07:41:27,644] {dag.py:1832} INFO - Sync 1 DAGs
[2021-12-13 07:41:27,674] {logging_mixin.py:104} INFO - [2021-12-13 07:41:27,674] {dag.py:2305} INFO - Setting next_dagrun for example_python_operator to None
[2021-12-13 07:41:27,716] {scheduler_job.py:190} INFO - Processing /home/airflow/.local/lib/python3.8/site-packages/airflow/example_dags/example_python_operator.py took 0.173 seconds
[2021-12-13 07:42:14,947] {scheduler_job.py:182} INFO - Started process (PID=37674) to work on /home/airflow/.local/lib/python3.8/site-packages/airflow/example_dags/example_python_operator.py
[2021-12-13 07:42:14,953] {scheduler_job.py:633} INFO - Processing file /home/airflow/.local/lib/python3.8/site-packages/airflow/example_dags/example_python_operator.py for tasks to queue
[2021-12-13 07:42:14,961] {logging_mixin.py:104} INFO - [2021-12-13 07:42:14,961] {dagbag.py:487} INFO - Filling up the DagBag from /home/airflow/.local/lib/python3.8/site-packages/airflow/example_dags/example_python_operator.py
[2021-12-13 07:42:15,020] {scheduler_job.py:643} INFO - DAG(s) dict_keys(['example_python_operator']) retrieved from /home/airflow/.local/lib/python3.8/site-packages/airflow/example_dags/example_python_operator.py
[2021-12-13 07:42:15,066] {logging_mixin.py:104} INFO - [2021-12-13 07:42:15,065] {dag.py:1832} INFO - Sync 1 DAGs
[2021-12-13 07:42:15,092] {logging_mixin.py:104} INFO - [2021-12-13 07:42:15,092] {dag.py:2305} INFO - Setting next_dagrun for example_python_operator to None
[2021-12-13 07:42:15,124] {scheduler_job.py:190} INFO - Processing /home/airflow/.local/lib/python3.8/site-packages/airflow/example_dags/example_python_operator.py took 0.196 seconds
[2021-12-13 07:42:54,822] {scheduler_job.py:182} INFO - Started process (PID=37808) to work on /home/airflow/.local/lib/python3.8/site-packages/airflow/example_dags/example_python_operator.py
[2021-12-13 07:42:54,825] {scheduler_job.py:633} INFO - Processing file /home/airflow/.local/lib/python3.8/site-packages/airflow/example_dags/example_python_operator.py for tasks to queue
[2021-12-13 07:42:54,830] {logging_mixin.py:104} INFO - [2021-12-13 07:42:54,830] {dagbag.py:487} INFO - Filling up the DagBag from /home/airflow/.local/lib/python3.8/site-packages/airflow/example_dags/example_python_operator.py
[2021-12-13 07:42:54,873] {scheduler_job.py:643} INFO - DAG(s) dict_keys(['example_python_operator']) retrieved from /home/airflow/.local/lib/python3.8/site-packages/airflow/example_dags/example_python_operator.py
[2021-12-13 07:42:54,929] {logging_mixin.py:104} INFO - [2021-12-13 07:42:54,929] {dag.py:1832} INFO - Sync 1 DAGs
[2021-12-13 07:42:54,975] {logging_mixin.py:104} INFO - [2021-12-13 07:42:54,975] {dag.py:2305} INFO - Setting next_dagrun for example_python_operator to None
[2021-12-13 07:42:55,029] {scheduler_job.py:190} INFO - Processing /home/airflow/.local/lib/python3.8/site-packages/airflow/example_dags/example_python_operator.py took 0.211 seconds
[2021-12-13 07:43:40,433] {scheduler_job.py:182} INFO - Started process (PID=37958) to work on /home/airflow/.local/lib/python3.8/site-packages/airflow/example_dags/example_python_operator.py
[2021-12-13 07:43:40,437] {scheduler_job.py:633} INFO - Processing file /home/airflow/.local/lib/python3.8/site-packages/airflow/example_dags/example_python_operator.py for tasks to queue
[2021-12-13 07:43:40,441] {logging_mixin.py:104} INFO - [2021-12-13 07:43:40,441] {dagbag.py:487} INFO - Filling up the DagBag from /home/airflow/.local/lib/python3.8/site-packages/airflow/example_dags/example_python_operator.py
[2021-12-13 07:43:40,458] {scheduler_job.py:643} INFO - DAG(s) dict_keys(['example_python_operator']) retrieved from /home/airflow/.local/lib/python3.8/site-packages/airflow/example_dags/example_python_operator.py
[2021-12-13 07:43:40,473] {logging_mixin.py:104} INFO - [2021-12-13 07:43:40,473] {dag.py:1832} INFO - Sync 1 DAGs
[2021-12-13 07:43:40,488] {logging_mixin.py:104} INFO - [2021-12-13 07:43:40,488] {dag.py:2305} INFO - Setting next_dagrun for example_python_operator to None
[2021-12-13 07:43:40,504] {scheduler_job.py:190} INFO - Processing /home/airflow/.local/lib/python3.8/site-packages/airflow/example_dags/example_python_operator.py took 0.074 seconds
[2021-12-13 07:44:19,191] {scheduler_job.py:182} INFO - Started process (PID=38080) to work on /home/airflow/.local/lib/python3.8/site-packages/airflow/example_dags/example_python_operator.py
[2021-12-13 07:44:19,199] {scheduler_job.py:633} INFO - Processing file /home/airflow/.local/lib/python3.8/site-packages/airflow/example_dags/example_python_operator.py for tasks to queue
[2021-12-13 07:44:19,202] {logging_mixin.py:104} INFO - [2021-12-13 07:44:19,202] {dagbag.py:487} INFO - Filling up the DagBag from /home/airflow/.local/lib/python3.8/site-packages/airflow/example_dags/example_python_operator.py
[2021-12-13 07:44:19,229] {scheduler_job.py:643} INFO - DAG(s) dict_keys(['example_python_operator']) retrieved from /home/airflow/.local/lib/python3.8/site-packages/airflow/example_dags/example_python_operator.py
[2021-12-13 07:44:19,260] {logging_mixin.py:104} INFO - [2021-12-13 07:44:19,259] {dag.py:1832} INFO - Sync 1 DAGs
[2021-12-13 07:44:19,289] {logging_mixin.py:104} INFO - [2021-12-13 07:44:19,289] {dag.py:2305} INFO - Setting next_dagrun for example_python_operator to None
[2021-12-13 07:44:19,326] {scheduler_job.py:190} INFO - Processing /home/airflow/.local/lib/python3.8/site-packages/airflow/example_dags/example_python_operator.py took 0.142 seconds
[2021-12-13 07:44:57,241] {scheduler_job.py:182} INFO - Started process (PID=38242) to work on /home/airflow/.local/lib/python3.8/site-packages/airflow/example_dags/example_python_operator.py
[2021-12-13 07:44:57,247] {scheduler_job.py:633} INFO - Processing file /home/airflow/.local/lib/python3.8/site-packages/airflow/example_dags/example_python_operator.py for tasks to queue
[2021-12-13 07:44:57,252] {logging_mixin.py:104} INFO - [2021-12-13 07:44:57,252] {dagbag.py:487} INFO - Filling up the DagBag from /home/airflow/.local/lib/python3.8/site-packages/airflow/example_dags/example_python_operator.py
[2021-12-13 07:44:57,283] {scheduler_job.py:643} INFO - DAG(s) dict_keys(['example_python_operator']) retrieved from /home/airflow/.local/lib/python3.8/site-packages/airflow/example_dags/example_python_operator.py
[2021-12-13 07:44:57,318] {logging_mixin.py:104} INFO - [2021-12-13 07:44:57,318] {dag.py:1832} INFO - Sync 1 DAGs
[2021-12-13 07:44:57,350] {logging_mixin.py:104} INFO - [2021-12-13 07:44:57,350] {dag.py:2305} INFO - Setting next_dagrun for example_python_operator to None
[2021-12-13 07:44:57,376] {scheduler_job.py:190} INFO - Processing /home/airflow/.local/lib/python3.8/site-packages/airflow/example_dags/example_python_operator.py took 0.138 seconds
[2021-12-13 07:45:23,191] {scheduler_job.py:182} INFO - Started process (PID=38381) to work on /home/airflow/.local/lib/python3.8/site-packages/airflow/example_dags/example_python_operator.py
[2021-12-13 07:45:23,194] {scheduler_job.py:633} INFO - Processing file /home/airflow/.local/lib/python3.8/site-packages/airflow/example_dags/example_python_operator.py for tasks to queue
[2021-12-13 07:45:23,198] {logging_mixin.py:104} INFO - [2021-12-13 07:45:23,198] {dagbag.py:487} INFO - Filling up the DagBag from /home/airflow/.local/lib/python3.8/site-packages/airflow/example_dags/example_python_operator.py
[2021-12-13 07:45:23,209] {scheduler_job.py:643} INFO - DAG(s) dict_keys(['example_python_operator']) retrieved from /home/airflow/.local/lib/python3.8/site-packages/airflow/example_dags/example_python_operator.py
[2021-12-13 07:45:23,224] {logging_mixin.py:104} INFO - [2021-12-13 07:45:23,224] {dag.py:1832} INFO - Sync 1 DAGs
[2021-12-13 07:45:23,235] {logging_mixin.py:104} INFO - [2021-12-13 07:45:23,235] {dag.py:2305} INFO - Setting next_dagrun for example_python_operator to None
[2021-12-13 07:45:23,252] {scheduler_job.py:190} INFO - Processing /home/airflow/.local/lib/python3.8/site-packages/airflow/example_dags/example_python_operator.py took 0.063 seconds
[2021-12-13 07:46:00,638] {scheduler_job.py:182} INFO - Started process (PID=38503) to work on /home/airflow/.local/lib/python3.8/site-packages/airflow/example_dags/example_python_operator.py
[2021-12-13 07:46:00,642] {scheduler_job.py:633} INFO - Processing file /home/airflow/.local/lib/python3.8/site-packages/airflow/example_dags/example_python_operator.py for tasks to queue
[2021-12-13 07:46:00,646] {logging_mixin.py:104} INFO - [2021-12-13 07:46:00,646] {dagbag.py:487} INFO - Filling up the DagBag from /home/airflow/.local/lib/python3.8/site-packages/airflow/example_dags/example_python_operator.py
[2021-12-13 07:46:00,663] {scheduler_job.py:643} INFO - DAG(s) dict_keys(['example_python_operator']) retrieved from /home/airflow/.local/lib/python3.8/site-packages/airflow/example_dags/example_python_operator.py
[2021-12-13 07:46:00,680] {logging_mixin.py:104} INFO - [2021-12-13 07:46:00,680] {dag.py:1832} INFO - Sync 1 DAGs
[2021-12-13 07:46:00,693] {logging_mixin.py:104} INFO - [2021-12-13 07:46:00,693] {dag.py:2305} INFO - Setting next_dagrun for example_python_operator to None
[2021-12-13 07:46:00,712] {scheduler_job.py:190} INFO - Processing /home/airflow/.local/lib/python3.8/site-packages/airflow/example_dags/example_python_operator.py took 0.077 seconds
[2021-12-13 07:46:39,405] {scheduler_job.py:182} INFO - Started process (PID=38631) to work on /home/airflow/.local/lib/python3.8/site-packages/airflow/example_dags/example_python_operator.py
[2021-12-13 07:46:39,412] {scheduler_job.py:633} INFO - Processing file /home/airflow/.local/lib/python3.8/site-packages/airflow/example_dags/example_python_operator.py for tasks to queue
[2021-12-13 07:46:39,413] {logging_mixin.py:104} INFO - [2021-12-13 07:46:39,413] {dagbag.py:487} INFO - Filling up the DagBag from /home/airflow/.local/lib/python3.8/site-packages/airflow/example_dags/example_python_operator.py
[2021-12-13 07:46:39,464] {scheduler_job.py:643} INFO - DAG(s) dict_keys(['example_python_operator']) retrieved from /home/airflow/.local/lib/python3.8/site-packages/airflow/example_dags/example_python_operator.py
[2021-12-13 07:46:39,482] {logging_mixin.py:104} INFO - [2021-12-13 07:46:39,482] {dag.py:1832} INFO - Sync 1 DAGs
[2021-12-13 07:46:39,494] {logging_mixin.py:104} INFO - [2021-12-13 07:46:39,494] {dag.py:2305} INFO - Setting next_dagrun for example_python_operator to None
[2021-12-13 07:46:39,521] {scheduler_job.py:190} INFO - Processing /home/airflow/.local/lib/python3.8/site-packages/airflow/example_dags/example_python_operator.py took 0.121 seconds
[2021-12-13 07:47:15,286] {scheduler_job.py:182} INFO - Started process (PID=38753) to work on /home/airflow/.local/lib/python3.8/site-packages/airflow/example_dags/example_python_operator.py
[2021-12-13 07:47:15,289] {scheduler_job.py:633} INFO - Processing file /home/airflow/.local/lib/python3.8/site-packages/airflow/example_dags/example_python_operator.py for tasks to queue
[2021-12-13 07:47:15,292] {logging_mixin.py:104} INFO - [2021-12-13 07:47:15,292] {dagbag.py:487} INFO - Filling up the DagBag from /home/airflow/.local/lib/python3.8/site-packages/airflow/example_dags/example_python_operator.py
[2021-12-13 07:47:15,305] {scheduler_job.py:643} INFO - DAG(s) dict_keys(['example_python_operator']) retrieved from /home/airflow/.local/lib/python3.8/site-packages/airflow/example_dags/example_python_operator.py
[2021-12-13 07:47:15,320] {logging_mixin.py:104} INFO - [2021-12-13 07:47:15,320] {dag.py:1832} INFO - Sync 1 DAGs
[2021-12-13 07:47:15,334] {logging_mixin.py:104} INFO - [2021-12-13 07:47:15,334] {dag.py:2305} INFO - Setting next_dagrun for example_python_operator to None
[2021-12-13 07:47:15,362] {scheduler_job.py:190} INFO - Processing /home/airflow/.local/lib/python3.8/site-packages/airflow/example_dags/example_python_operator.py took 0.079 seconds
[2021-12-13 07:47:53,042] {scheduler_job.py:182} INFO - Started process (PID=38880) to work on /home/airflow/.local/lib/python3.8/site-packages/airflow/example_dags/example_python_operator.py
[2021-12-13 07:47:53,045] {scheduler_job.py:633} INFO - Processing file /home/airflow/.local/lib/python3.8/site-packages/airflow/example_dags/example_python_operator.py for tasks to queue
[2021-12-13 07:47:53,049] {logging_mixin.py:104} INFO - [2021-12-13 07:47:53,049] {dagbag.py:487} INFO - Filling up the DagBag from /home/airflow/.local/lib/python3.8/site-packages/airflow/example_dags/example_python_operator.py
[2021-12-13 07:47:53,091] {scheduler_job.py:643} INFO - DAG(s) dict_keys(['example_python_operator']) retrieved from /home/airflow/.local/lib/python3.8/site-packages/airflow/example_dags/example_python_operator.py
[2021-12-13 07:47:53,129] {logging_mixin.py:104} INFO - [2021-12-13 07:47:53,129] {dag.py:1832} INFO - Sync 1 DAGs
[2021-12-13 07:47:53,156] {logging_mixin.py:104} INFO - [2021-12-13 07:47:53,156] {dag.py:2305} INFO - Setting next_dagrun for example_python_operator to None
[2021-12-13 07:47:53,185] {scheduler_job.py:190} INFO - Processing /home/airflow/.local/lib/python3.8/site-packages/airflow/example_dags/example_python_operator.py took 0.149 seconds
[2021-12-13 07:48:36,507] {scheduler_job.py:182} INFO - Started process (PID=39026) to work on /home/airflow/.local/lib/python3.8/site-packages/airflow/example_dags/example_python_operator.py
[2021-12-13 07:48:36,513] {scheduler_job.py:633} INFO - Processing file /home/airflow/.local/lib/python3.8/site-packages/airflow/example_dags/example_python_operator.py for tasks to queue
[2021-12-13 07:48:36,517] {logging_mixin.py:104} INFO - [2021-12-13 07:48:36,517] {dagbag.py:487} INFO - Filling up the DagBag from /home/airflow/.local/lib/python3.8/site-packages/airflow/example_dags/example_python_operator.py
[2021-12-13 07:48:36,541] {scheduler_job.py:643} INFO - DAG(s) dict_keys(['example_python_operator']) retrieved from /home/airflow/.local/lib/python3.8/site-packages/airflow/example_dags/example_python_operator.py
[2021-12-13 07:48:36,558] {logging_mixin.py:104} INFO - [2021-12-13 07:48:36,558] {dag.py:1832} INFO - Sync 1 DAGs
[2021-12-13 07:48:36,569] {logging_mixin.py:104} INFO - [2021-12-13 07:48:36,569] {dag.py:2305} INFO - Setting next_dagrun for example_python_operator to None
[2021-12-13 07:48:36,594] {scheduler_job.py:190} INFO - Processing /home/airflow/.local/lib/python3.8/site-packages/airflow/example_dags/example_python_operator.py took 0.093 seconds
[2021-12-13 07:49:13,660] {scheduler_job.py:182} INFO - Started process (PID=39176) to work on /home/airflow/.local/lib/python3.8/site-packages/airflow/example_dags/example_python_operator.py
[2021-12-13 07:49:13,667] {scheduler_job.py:633} INFO - Processing file /home/airflow/.local/lib/python3.8/site-packages/airflow/example_dags/example_python_operator.py for tasks to queue
[2021-12-13 07:49:13,671] {logging_mixin.py:104} INFO - [2021-12-13 07:49:13,671] {dagbag.py:487} INFO - Filling up the DagBag from /home/airflow/.local/lib/python3.8/site-packages/airflow/example_dags/example_python_operator.py
[2021-12-13 07:49:13,705] {scheduler_job.py:643} INFO - DAG(s) dict_keys(['example_python_operator']) retrieved from /home/airflow/.local/lib/python3.8/site-packages/airflow/example_dags/example_python_operator.py
[2021-12-13 07:49:13,767] {logging_mixin.py:104} INFO - [2021-12-13 07:49:13,766] {dag.py:1832} INFO - Sync 1 DAGs
[2021-12-13 07:49:13,794] {logging_mixin.py:104} INFO - [2021-12-13 07:49:13,794] {dag.py:2305} INFO - Setting next_dagrun for example_python_operator to None
[2021-12-13 07:49:13,826] {scheduler_job.py:190} INFO - Processing /home/airflow/.local/lib/python3.8/site-packages/airflow/example_dags/example_python_operator.py took 0.173 seconds
[2021-12-13 07:49:55,644] {scheduler_job.py:182} INFO - Started process (PID=39356) to work on /home/airflow/.local/lib/python3.8/site-packages/airflow/example_dags/example_python_operator.py
[2021-12-13 07:49:55,656] {scheduler_job.py:633} INFO - Processing file /home/airflow/.local/lib/python3.8/site-packages/airflow/example_dags/example_python_operator.py for tasks to queue
[2021-12-13 07:49:55,659] {logging_mixin.py:104} INFO - [2021-12-13 07:49:55,659] {dagbag.py:487} INFO - Filling up the DagBag from /home/airflow/.local/lib/python3.8/site-packages/airflow/example_dags/example_python_operator.py
[2021-12-13 07:49:55,705] {scheduler_job.py:643} INFO - DAG(s) dict_keys(['example_python_operator']) retrieved from /home/airflow/.local/lib/python3.8/site-packages/airflow/example_dags/example_python_operator.py
[2021-12-13 07:49:55,758] {logging_mixin.py:104} INFO - [2021-12-13 07:49:55,758] {dag.py:1832} INFO - Sync 1 DAGs
[2021-12-13 07:49:55,797] {logging_mixin.py:104} INFO - [2021-12-13 07:49:55,796] {dag.py:2305} INFO - Setting next_dagrun for example_python_operator to None
[2021-12-13 07:49:55,839] {scheduler_job.py:190} INFO - Processing /home/airflow/.local/lib/python3.8/site-packages/airflow/example_dags/example_python_operator.py took 0.202 seconds
