[2021-12-13 07:35:24,655] {scheduler_job.py:182} INFO - Started process (PID=35746) to work on /home/airflow/.local/lib/python3.8/site-packages/airflow/example_dags/example_branch_operator.py
[2021-12-13 07:35:24,659] {scheduler_job.py:633} INFO - Processing file /home/airflow/.local/lib/python3.8/site-packages/airflow/example_dags/example_branch_operator.py for tasks to queue
[2021-12-13 07:35:24,659] {logging_mixin.py:104} INFO - [2021-12-13 07:35:24,659] {dagbag.py:487} INFO - Filling up the DagBag from /home/airflow/.local/lib/python3.8/site-packages/airflow/example_dags/example_branch_operator.py
[2021-12-13 07:35:24,678] {scheduler_job.py:643} INFO - DAG(s) dict_keys(['example_branch_operator']) retrieved from /home/airflow/.local/lib/python3.8/site-packages/airflow/example_dags/example_branch_operator.py
[2021-12-13 07:35:25,036] {logging_mixin.py:104} INFO - [2021-12-13 07:35:25,036] {dag.py:1832} INFO - Sync 1 DAGs
[2021-12-13 07:35:25,051] {logging_mixin.py:104} INFO - [2021-12-13 07:35:25,051] {dag.py:2305} INFO - Setting next_dagrun for example_branch_operator to 2021-12-11 00:00:00+00:00
[2021-12-13 07:35:25,083] {scheduler_job.py:190} INFO - Processing /home/airflow/.local/lib/python3.8/site-packages/airflow/example_dags/example_branch_operator.py took 0.431 seconds
[2021-12-13 07:36:02,562] {scheduler_job.py:182} INFO - Started process (PID=35893) to work on /home/airflow/.local/lib/python3.8/site-packages/airflow/example_dags/example_branch_operator.py
[2021-12-13 07:36:02,567] {scheduler_job.py:633} INFO - Processing file /home/airflow/.local/lib/python3.8/site-packages/airflow/example_dags/example_branch_operator.py for tasks to queue
[2021-12-13 07:36:02,570] {logging_mixin.py:104} INFO - [2021-12-13 07:36:02,570] {dagbag.py:487} INFO - Filling up the DagBag from /home/airflow/.local/lib/python3.8/site-packages/airflow/example_dags/example_branch_operator.py
[2021-12-13 07:36:02,602] {scheduler_job.py:643} INFO - DAG(s) dict_keys(['example_branch_operator']) retrieved from /home/airflow/.local/lib/python3.8/site-packages/airflow/example_dags/example_branch_operator.py
[2021-12-13 07:36:02,629] {logging_mixin.py:104} INFO - [2021-12-13 07:36:02,629] {dag.py:1832} INFO - Sync 1 DAGs
[2021-12-13 07:36:02,670] {logging_mixin.py:104} INFO - [2021-12-13 07:36:02,670] {dag.py:2305} INFO - Setting next_dagrun for example_branch_operator to 2021-12-11 00:00:00+00:00
[2021-12-13 07:36:02,705] {scheduler_job.py:190} INFO - Processing /home/airflow/.local/lib/python3.8/site-packages/airflow/example_dags/example_branch_operator.py took 0.149 seconds
[2021-12-13 07:36:39,783] {scheduler_job.py:182} INFO - Started process (PID=36063) to work on /home/airflow/.local/lib/python3.8/site-packages/airflow/example_dags/example_branch_operator.py
[2021-12-13 07:36:39,787] {scheduler_job.py:633} INFO - Processing file /home/airflow/.local/lib/python3.8/site-packages/airflow/example_dags/example_branch_operator.py for tasks to queue
[2021-12-13 07:36:39,788] {logging_mixin.py:104} INFO - [2021-12-13 07:36:39,788] {dagbag.py:487} INFO - Filling up the DagBag from /home/airflow/.local/lib/python3.8/site-packages/airflow/example_dags/example_branch_operator.py
[2021-12-13 07:36:39,808] {scheduler_job.py:643} INFO - DAG(s) dict_keys(['example_branch_operator']) retrieved from /home/airflow/.local/lib/python3.8/site-packages/airflow/example_dags/example_branch_operator.py
[2021-12-13 07:36:39,825] {logging_mixin.py:104} INFO - [2021-12-13 07:36:39,825] {dag.py:1832} INFO - Sync 1 DAGs
[2021-12-13 07:36:39,844] {logging_mixin.py:104} INFO - [2021-12-13 07:36:39,844] {dag.py:2305} INFO - Setting next_dagrun for example_branch_operator to 2021-12-11 00:00:00+00:00
[2021-12-13 07:36:39,879] {scheduler_job.py:190} INFO - Processing /home/airflow/.local/lib/python3.8/site-packages/airflow/example_dags/example_branch_operator.py took 0.098 seconds
[2021-12-13 07:37:12,567] {scheduler_job.py:182} INFO - Started process (PID=36234) to work on /home/airflow/.local/lib/python3.8/site-packages/airflow/example_dags/example_branch_operator.py
[2021-12-13 07:37:12,571] {scheduler_job.py:633} INFO - Processing file /home/airflow/.local/lib/python3.8/site-packages/airflow/example_dags/example_branch_operator.py for tasks to queue
[2021-12-13 07:37:12,572] {logging_mixin.py:104} INFO - [2021-12-13 07:37:12,572] {dagbag.py:487} INFO - Filling up the DagBag from /home/airflow/.local/lib/python3.8/site-packages/airflow/example_dags/example_branch_operator.py
[2021-12-13 07:37:12,621] {scheduler_job.py:643} INFO - DAG(s) dict_keys(['example_branch_operator']) retrieved from /home/airflow/.local/lib/python3.8/site-packages/airflow/example_dags/example_branch_operator.py
[2021-12-13 07:37:12,640] {logging_mixin.py:104} INFO - [2021-12-13 07:37:12,640] {dag.py:1832} INFO - Sync 1 DAGs
[2021-12-13 07:37:12,658] {logging_mixin.py:104} INFO - [2021-12-13 07:37:12,658] {dag.py:2305} INFO - Setting next_dagrun for example_branch_operator to 2021-12-11 00:00:00+00:00
[2021-12-13 07:37:12,685] {scheduler_job.py:190} INFO - Processing /home/airflow/.local/lib/python3.8/site-packages/airflow/example_dags/example_branch_operator.py took 0.120 seconds
[2021-12-13 07:37:47,694] {scheduler_job.py:182} INFO - Started process (PID=36368) to work on /home/airflow/.local/lib/python3.8/site-packages/airflow/example_dags/example_branch_operator.py
[2021-12-13 07:37:47,699] {scheduler_job.py:633} INFO - Processing file /home/airflow/.local/lib/python3.8/site-packages/airflow/example_dags/example_branch_operator.py for tasks to queue
[2021-12-13 07:37:47,701] {logging_mixin.py:104} INFO - [2021-12-13 07:37:47,701] {dagbag.py:487} INFO - Filling up the DagBag from /home/airflow/.local/lib/python3.8/site-packages/airflow/example_dags/example_branch_operator.py
[2021-12-13 07:37:47,719] {scheduler_job.py:643} INFO - DAG(s) dict_keys(['example_branch_operator']) retrieved from /home/airflow/.local/lib/python3.8/site-packages/airflow/example_dags/example_branch_operator.py
[2021-12-13 07:37:47,735] {logging_mixin.py:104} INFO - [2021-12-13 07:37:47,735] {dag.py:1832} INFO - Sync 1 DAGs
[2021-12-13 07:37:47,755] {logging_mixin.py:104} INFO - [2021-12-13 07:37:47,755] {dag.py:2305} INFO - Setting next_dagrun for example_branch_operator to 2021-12-11 00:00:00+00:00
[2021-12-13 07:37:47,785] {scheduler_job.py:190} INFO - Processing /home/airflow/.local/lib/python3.8/site-packages/airflow/example_dags/example_branch_operator.py took 0.093 seconds
[2021-12-13 07:38:21,601] {scheduler_job.py:182} INFO - Started process (PID=36512) to work on /home/airflow/.local/lib/python3.8/site-packages/airflow/example_dags/example_branch_operator.py
[2021-12-13 07:38:21,605] {scheduler_job.py:633} INFO - Processing file /home/airflow/.local/lib/python3.8/site-packages/airflow/example_dags/example_branch_operator.py for tasks to queue
[2021-12-13 07:38:21,605] {logging_mixin.py:104} INFO - [2021-12-13 07:38:21,605] {dagbag.py:487} INFO - Filling up the DagBag from /home/airflow/.local/lib/python3.8/site-packages/airflow/example_dags/example_branch_operator.py
[2021-12-13 07:38:21,626] {scheduler_job.py:643} INFO - DAG(s) dict_keys(['example_branch_operator']) retrieved from /home/airflow/.local/lib/python3.8/site-packages/airflow/example_dags/example_branch_operator.py
[2021-12-13 07:38:21,644] {logging_mixin.py:104} INFO - [2021-12-13 07:38:21,644] {dag.py:1832} INFO - Sync 1 DAGs
[2021-12-13 07:38:21,663] {logging_mixin.py:104} INFO - [2021-12-13 07:38:21,663] {dag.py:2305} INFO - Setting next_dagrun for example_branch_operator to 2021-12-11 00:00:00+00:00
[2021-12-13 07:38:21,687] {scheduler_job.py:190} INFO - Processing /home/airflow/.local/lib/python3.8/site-packages/airflow/example_dags/example_branch_operator.py took 0.089 seconds
[2021-12-13 07:38:56,835] {scheduler_job.py:182} INFO - Started process (PID=36751) to work on /home/airflow/.local/lib/python3.8/site-packages/airflow/example_dags/example_branch_operator.py
[2021-12-13 07:38:56,839] {scheduler_job.py:633} INFO - Processing file /home/airflow/.local/lib/python3.8/site-packages/airflow/example_dags/example_branch_operator.py for tasks to queue
[2021-12-13 07:38:56,842] {logging_mixin.py:104} INFO - [2021-12-13 07:38:56,842] {dagbag.py:487} INFO - Filling up the DagBag from /home/airflow/.local/lib/python3.8/site-packages/airflow/example_dags/example_branch_operator.py
[2021-12-13 07:38:56,859] {scheduler_job.py:643} INFO - DAG(s) dict_keys(['example_branch_operator']) retrieved from /home/airflow/.local/lib/python3.8/site-packages/airflow/example_dags/example_branch_operator.py
[2021-12-13 07:38:56,877] {logging_mixin.py:104} INFO - [2021-12-13 07:38:56,877] {dag.py:1832} INFO - Sync 1 DAGs
[2021-12-13 07:38:56,898] {logging_mixin.py:104} INFO - [2021-12-13 07:38:56,898] {dag.py:2305} INFO - Setting next_dagrun for example_branch_operator to 2021-12-11 00:00:00+00:00
[2021-12-13 07:38:56,926] {scheduler_job.py:190} INFO - Processing /home/airflow/.local/lib/python3.8/site-packages/airflow/example_dags/example_branch_operator.py took 0.093 seconds
[2021-12-13 07:39:30,373] {scheduler_job.py:182} INFO - Started process (PID=36939) to work on /home/airflow/.local/lib/python3.8/site-packages/airflow/example_dags/example_branch_operator.py
[2021-12-13 07:39:30,381] {scheduler_job.py:633} INFO - Processing file /home/airflow/.local/lib/python3.8/site-packages/airflow/example_dags/example_branch_operator.py for tasks to queue
[2021-12-13 07:39:30,388] {logging_mixin.py:104} INFO - [2021-12-13 07:39:30,388] {dagbag.py:487} INFO - Filling up the DagBag from /home/airflow/.local/lib/python3.8/site-packages/airflow/example_dags/example_branch_operator.py
[2021-12-13 07:39:30,417] {scheduler_job.py:643} INFO - DAG(s) dict_keys(['example_branch_operator']) retrieved from /home/airflow/.local/lib/python3.8/site-packages/airflow/example_dags/example_branch_operator.py
[2021-12-13 07:39:30,435] {logging_mixin.py:104} INFO - [2021-12-13 07:39:30,435] {dag.py:1832} INFO - Sync 1 DAGs
[2021-12-13 07:39:30,454] {logging_mixin.py:104} INFO - [2021-12-13 07:39:30,454] {dag.py:2305} INFO - Setting next_dagrun for example_branch_operator to 2021-12-11 00:00:00+00:00
[2021-12-13 07:39:30,481] {scheduler_job.py:190} INFO - Processing /home/airflow/.local/lib/python3.8/site-packages/airflow/example_dags/example_branch_operator.py took 0.115 seconds
[2021-12-13 07:40:08,995] {scheduler_job.py:182} INFO - Started process (PID=37237) to work on /home/airflow/.local/lib/python3.8/site-packages/airflow/example_dags/example_branch_operator.py
[2021-12-13 07:40:09,003] {scheduler_job.py:633} INFO - Processing file /home/airflow/.local/lib/python3.8/site-packages/airflow/example_dags/example_branch_operator.py for tasks to queue
[2021-12-13 07:40:09,012] {logging_mixin.py:104} INFO - [2021-12-13 07:40:09,012] {dagbag.py:487} INFO - Filling up the DagBag from /home/airflow/.local/lib/python3.8/site-packages/airflow/example_dags/example_branch_operator.py
[2021-12-13 07:40:09,071] {scheduler_job.py:643} INFO - DAG(s) dict_keys(['example_branch_operator']) retrieved from /home/airflow/.local/lib/python3.8/site-packages/airflow/example_dags/example_branch_operator.py
[2021-12-13 07:40:09,102] {logging_mixin.py:104} INFO - [2021-12-13 07:40:09,101] {dag.py:1832} INFO - Sync 1 DAGs
[2021-12-13 07:40:09,138] {logging_mixin.py:104} INFO - [2021-12-13 07:40:09,138] {dag.py:2305} INFO - Setting next_dagrun for example_branch_operator to 2021-12-11 00:00:00+00:00
[2021-12-13 07:40:09,184] {scheduler_job.py:190} INFO - Processing /home/airflow/.local/lib/python3.8/site-packages/airflow/example_dags/example_branch_operator.py took 0.204 seconds
[2021-12-13 07:40:59,031] {scheduler_job.py:182} INFO - Started process (PID=37409) to work on /home/airflow/.local/lib/python3.8/site-packages/airflow/example_dags/example_branch_operator.py
[2021-12-13 07:40:59,048] {scheduler_job.py:633} INFO - Processing file /home/airflow/.local/lib/python3.8/site-packages/airflow/example_dags/example_branch_operator.py for tasks to queue
[2021-12-13 07:40:59,053] {logging_mixin.py:104} INFO - [2021-12-13 07:40:59,053] {dagbag.py:487} INFO - Filling up the DagBag from /home/airflow/.local/lib/python3.8/site-packages/airflow/example_dags/example_branch_operator.py
[2021-12-13 07:40:59,117] {scheduler_job.py:643} INFO - DAG(s) dict_keys(['example_branch_operator']) retrieved from /home/airflow/.local/lib/python3.8/site-packages/airflow/example_dags/example_branch_operator.py
[2021-12-13 07:40:59,193] {logging_mixin.py:104} INFO - [2021-12-13 07:40:59,193] {dag.py:1832} INFO - Sync 1 DAGs
[2021-12-13 07:40:59,234] {logging_mixin.py:104} INFO - [2021-12-13 07:40:59,234] {dag.py:2305} INFO - Setting next_dagrun for example_branch_operator to 2021-12-11 00:00:00+00:00
[2021-12-13 07:40:59,272] {scheduler_job.py:190} INFO - Processing /home/airflow/.local/lib/python3.8/site-packages/airflow/example_dags/example_branch_operator.py took 0.248 seconds
[2021-12-13 07:41:39,583] {scheduler_job.py:182} INFO - Started process (PID=37555) to work on /home/airflow/.local/lib/python3.8/site-packages/airflow/example_dags/example_branch_operator.py
[2021-12-13 07:41:39,587] {scheduler_job.py:633} INFO - Processing file /home/airflow/.local/lib/python3.8/site-packages/airflow/example_dags/example_branch_operator.py for tasks to queue
[2021-12-13 07:41:39,588] {logging_mixin.py:104} INFO - [2021-12-13 07:41:39,588] {dagbag.py:487} INFO - Filling up the DagBag from /home/airflow/.local/lib/python3.8/site-packages/airflow/example_dags/example_branch_operator.py
[2021-12-13 07:41:39,604] {scheduler_job.py:643} INFO - DAG(s) dict_keys(['example_branch_operator']) retrieved from /home/airflow/.local/lib/python3.8/site-packages/airflow/example_dags/example_branch_operator.py
[2021-12-13 07:41:39,620] {logging_mixin.py:104} INFO - [2021-12-13 07:41:39,620] {dag.py:1832} INFO - Sync 1 DAGs
[2021-12-13 07:41:39,643] {logging_mixin.py:104} INFO - [2021-12-13 07:41:39,643] {dag.py:2305} INFO - Setting next_dagrun for example_branch_operator to 2021-12-11 00:00:00+00:00
[2021-12-13 07:41:39,674] {scheduler_job.py:190} INFO - Processing /home/airflow/.local/lib/python3.8/site-packages/airflow/example_dags/example_branch_operator.py took 0.093 seconds
[2021-12-13 07:42:24,436] {scheduler_job.py:182} INFO - Started process (PID=37707) to work on /home/airflow/.local/lib/python3.8/site-packages/airflow/example_dags/example_branch_operator.py
[2021-12-13 07:42:24,439] {scheduler_job.py:633} INFO - Processing file /home/airflow/.local/lib/python3.8/site-packages/airflow/example_dags/example_branch_operator.py for tasks to queue
[2021-12-13 07:42:24,440] {logging_mixin.py:104} INFO - [2021-12-13 07:42:24,440] {dagbag.py:487} INFO - Filling up the DagBag from /home/airflow/.local/lib/python3.8/site-packages/airflow/example_dags/example_branch_operator.py
[2021-12-13 07:42:24,457] {scheduler_job.py:643} INFO - DAG(s) dict_keys(['example_branch_operator']) retrieved from /home/airflow/.local/lib/python3.8/site-packages/airflow/example_dags/example_branch_operator.py
[2021-12-13 07:42:24,473] {logging_mixin.py:104} INFO - [2021-12-13 07:42:24,473] {dag.py:1832} INFO - Sync 1 DAGs
[2021-12-13 07:42:24,487] {logging_mixin.py:104} INFO - [2021-12-13 07:42:24,487] {dag.py:2305} INFO - Setting next_dagrun for example_branch_operator to 2021-12-11 00:00:00+00:00
[2021-12-13 07:42:24,508] {scheduler_job.py:190} INFO - Processing /home/airflow/.local/lib/python3.8/site-packages/airflow/example_dags/example_branch_operator.py took 0.075 seconds
[2021-12-13 07:43:03,560] {scheduler_job.py:182} INFO - Started process (PID=37839) to work on /home/airflow/.local/lib/python3.8/site-packages/airflow/example_dags/example_branch_operator.py
[2021-12-13 07:43:03,563] {scheduler_job.py:633} INFO - Processing file /home/airflow/.local/lib/python3.8/site-packages/airflow/example_dags/example_branch_operator.py for tasks to queue
[2021-12-13 07:43:03,567] {logging_mixin.py:104} INFO - [2021-12-13 07:43:03,567] {dagbag.py:487} INFO - Filling up the DagBag from /home/airflow/.local/lib/python3.8/site-packages/airflow/example_dags/example_branch_operator.py
[2021-12-13 07:43:03,579] {scheduler_job.py:643} INFO - DAG(s) dict_keys(['example_branch_operator']) retrieved from /home/airflow/.local/lib/python3.8/site-packages/airflow/example_dags/example_branch_operator.py
[2021-12-13 07:43:03,595] {logging_mixin.py:104} INFO - [2021-12-13 07:43:03,595] {dag.py:1832} INFO - Sync 1 DAGs
[2021-12-13 07:43:03,608] {logging_mixin.py:104} INFO - [2021-12-13 07:43:03,608] {dag.py:2305} INFO - Setting next_dagrun for example_branch_operator to 2021-12-11 00:00:00+00:00
[2021-12-13 07:43:03,635] {scheduler_job.py:190} INFO - Processing /home/airflow/.local/lib/python3.8/site-packages/airflow/example_dags/example_branch_operator.py took 0.077 seconds
[2021-12-13 07:43:48,615] {scheduler_job.py:182} INFO - Started process (PID=37983) to work on /home/airflow/.local/lib/python3.8/site-packages/airflow/example_dags/example_branch_operator.py
[2021-12-13 07:43:48,620] {scheduler_job.py:633} INFO - Processing file /home/airflow/.local/lib/python3.8/site-packages/airflow/example_dags/example_branch_operator.py for tasks to queue
[2021-12-13 07:43:48,620] {logging_mixin.py:104} INFO - [2021-12-13 07:43:48,620] {dagbag.py:487} INFO - Filling up the DagBag from /home/airflow/.local/lib/python3.8/site-packages/airflow/example_dags/example_branch_operator.py
[2021-12-13 07:43:48,676] {scheduler_job.py:643} INFO - DAG(s) dict_keys(['example_branch_operator']) retrieved from /home/airflow/.local/lib/python3.8/site-packages/airflow/example_dags/example_branch_operator.py
[2021-12-13 07:43:48,711] {logging_mixin.py:104} INFO - [2021-12-13 07:43:48,711] {dag.py:1832} INFO - Sync 1 DAGs
[2021-12-13 07:43:48,745] {logging_mixin.py:104} INFO - [2021-12-13 07:43:48,745] {dag.py:2305} INFO - Setting next_dagrun for example_branch_operator to 2021-12-11 00:00:00+00:00
[2021-12-13 07:43:48,780] {scheduler_job.py:190} INFO - Processing /home/airflow/.local/lib/python3.8/site-packages/airflow/example_dags/example_branch_operator.py took 0.169 seconds
[2021-12-13 07:44:26,986] {scheduler_job.py:182} INFO - Started process (PID=38105) to work on /home/airflow/.local/lib/python3.8/site-packages/airflow/example_dags/example_branch_operator.py
[2021-12-13 07:44:26,990] {scheduler_job.py:633} INFO - Processing file /home/airflow/.local/lib/python3.8/site-packages/airflow/example_dags/example_branch_operator.py for tasks to queue
[2021-12-13 07:44:26,994] {logging_mixin.py:104} INFO - [2021-12-13 07:44:26,994] {dagbag.py:487} INFO - Filling up the DagBag from /home/airflow/.local/lib/python3.8/site-packages/airflow/example_dags/example_branch_operator.py
[2021-12-13 07:44:27,011] {scheduler_job.py:643} INFO - DAG(s) dict_keys(['example_branch_operator']) retrieved from /home/airflow/.local/lib/python3.8/site-packages/airflow/example_dags/example_branch_operator.py
[2021-12-13 07:44:27,029] {logging_mixin.py:104} INFO - [2021-12-13 07:44:27,029] {dag.py:1832} INFO - Sync 1 DAGs
[2021-12-13 07:44:27,045] {logging_mixin.py:104} INFO - [2021-12-13 07:44:27,045] {dag.py:2305} INFO - Setting next_dagrun for example_branch_operator to 2021-12-11 00:00:00+00:00
[2021-12-13 07:44:27,081] {scheduler_job.py:190} INFO - Processing /home/airflow/.local/lib/python3.8/site-packages/airflow/example_dags/example_branch_operator.py took 0.098 seconds
[2021-12-13 07:45:23,588] {scheduler_job.py:182} INFO - Started process (PID=38382) to work on /home/airflow/.local/lib/python3.8/site-packages/airflow/example_dags/example_branch_operator.py
[2021-12-13 07:45:23,594] {scheduler_job.py:633} INFO - Processing file /home/airflow/.local/lib/python3.8/site-packages/airflow/example_dags/example_branch_operator.py for tasks to queue
[2021-12-13 07:45:23,594] {logging_mixin.py:104} INFO - [2021-12-13 07:45:23,594] {dagbag.py:487} INFO - Filling up the DagBag from /home/airflow/.local/lib/python3.8/site-packages/airflow/example_dags/example_branch_operator.py
[2021-12-13 07:45:23,631] {scheduler_job.py:643} INFO - DAG(s) dict_keys(['example_branch_operator']) retrieved from /home/airflow/.local/lib/python3.8/site-packages/airflow/example_dags/example_branch_operator.py
[2021-12-13 07:45:23,651] {logging_mixin.py:104} INFO - [2021-12-13 07:45:23,651] {dag.py:1832} INFO - Sync 1 DAGs
[2021-12-13 07:45:23,668] {logging_mixin.py:104} INFO - [2021-12-13 07:45:23,668] {dag.py:2305} INFO - Setting next_dagrun for example_branch_operator to 2021-12-11 00:00:00+00:00
[2021-12-13 07:45:23,691] {scheduler_job.py:190} INFO - Processing /home/airflow/.local/lib/python3.8/site-packages/airflow/example_dags/example_branch_operator.py took 0.108 seconds
[2021-12-13 07:46:01,790] {scheduler_job.py:182} INFO - Started process (PID=38510) to work on /home/airflow/.local/lib/python3.8/site-packages/airflow/example_dags/example_branch_operator.py
[2021-12-13 07:46:01,794] {scheduler_job.py:633} INFO - Processing file /home/airflow/.local/lib/python3.8/site-packages/airflow/example_dags/example_branch_operator.py for tasks to queue
[2021-12-13 07:46:01,798] {logging_mixin.py:104} INFO - [2021-12-13 07:46:01,798] {dagbag.py:487} INFO - Filling up the DagBag from /home/airflow/.local/lib/python3.8/site-packages/airflow/example_dags/example_branch_operator.py
[2021-12-13 07:46:01,816] {scheduler_job.py:643} INFO - DAG(s) dict_keys(['example_branch_operator']) retrieved from /home/airflow/.local/lib/python3.8/site-packages/airflow/example_dags/example_branch_operator.py
[2021-12-13 07:46:01,833] {logging_mixin.py:104} INFO - [2021-12-13 07:46:01,833] {dag.py:1832} INFO - Sync 1 DAGs
[2021-12-13 07:46:01,845] {logging_mixin.py:104} INFO - [2021-12-13 07:46:01,845] {dag.py:2305} INFO - Setting next_dagrun for example_branch_operator to 2021-12-11 00:00:00+00:00
[2021-12-13 07:46:01,870] {scheduler_job.py:190} INFO - Processing /home/airflow/.local/lib/python3.8/site-packages/airflow/example_dags/example_branch_operator.py took 0.083 seconds
[2021-12-13 07:46:40,631] {scheduler_job.py:182} INFO - Started process (PID=38638) to work on /home/airflow/.local/lib/python3.8/site-packages/airflow/example_dags/example_branch_operator.py
[2021-12-13 07:46:40,637] {scheduler_job.py:633} INFO - Processing file /home/airflow/.local/lib/python3.8/site-packages/airflow/example_dags/example_branch_operator.py for tasks to queue
[2021-12-13 07:46:40,640] {logging_mixin.py:104} INFO - [2021-12-13 07:46:40,640] {dagbag.py:487} INFO - Filling up the DagBag from /home/airflow/.local/lib/python3.8/site-packages/airflow/example_dags/example_branch_operator.py
[2021-12-13 07:46:40,666] {scheduler_job.py:643} INFO - DAG(s) dict_keys(['example_branch_operator']) retrieved from /home/airflow/.local/lib/python3.8/site-packages/airflow/example_dags/example_branch_operator.py
[2021-12-13 07:46:40,708] {logging_mixin.py:104} INFO - [2021-12-13 07:46:40,708] {dag.py:1832} INFO - Sync 1 DAGs
[2021-12-13 07:46:40,752] {logging_mixin.py:104} INFO - [2021-12-13 07:46:40,746] {dag.py:2305} INFO - Setting next_dagrun for example_branch_operator to 2021-12-11 00:00:00+00:00
[2021-12-13 07:46:40,779] {scheduler_job.py:190} INFO - Processing /home/airflow/.local/lib/python3.8/site-packages/airflow/example_dags/example_branch_operator.py took 0.155 seconds
[2021-12-13 07:47:16,333] {scheduler_job.py:182} INFO - Started process (PID=38756) to work on /home/airflow/.local/lib/python3.8/site-packages/airflow/example_dags/example_branch_operator.py
[2021-12-13 07:47:16,344] {scheduler_job.py:633} INFO - Processing file /home/airflow/.local/lib/python3.8/site-packages/airflow/example_dags/example_branch_operator.py for tasks to queue
[2021-12-13 07:47:16,344] {logging_mixin.py:104} INFO - [2021-12-13 07:47:16,344] {dagbag.py:487} INFO - Filling up the DagBag from /home/airflow/.local/lib/python3.8/site-packages/airflow/example_dags/example_branch_operator.py
[2021-12-13 07:47:16,386] {scheduler_job.py:643} INFO - DAG(s) dict_keys(['example_branch_operator']) retrieved from /home/airflow/.local/lib/python3.8/site-packages/airflow/example_dags/example_branch_operator.py
[2021-12-13 07:47:16,424] {logging_mixin.py:104} INFO - [2021-12-13 07:47:16,424] {dag.py:1832} INFO - Sync 1 DAGs
[2021-12-13 07:47:16,455] {logging_mixin.py:104} INFO - [2021-12-13 07:47:16,455] {dag.py:2305} INFO - Setting next_dagrun for example_branch_operator to 2021-12-11 00:00:00+00:00
[2021-12-13 07:47:16,487] {scheduler_job.py:190} INFO - Processing /home/airflow/.local/lib/python3.8/site-packages/airflow/example_dags/example_branch_operator.py took 0.166 seconds
[2021-12-13 07:47:54,339] {scheduler_job.py:182} INFO - Started process (PID=38881) to work on /home/airflow/.local/lib/python3.8/site-packages/airflow/example_dags/example_branch_operator.py
[2021-12-13 07:47:54,344] {scheduler_job.py:633} INFO - Processing file /home/airflow/.local/lib/python3.8/site-packages/airflow/example_dags/example_branch_operator.py for tasks to queue
[2021-12-13 07:47:54,345] {logging_mixin.py:104} INFO - [2021-12-13 07:47:54,345] {dagbag.py:487} INFO - Filling up the DagBag from /home/airflow/.local/lib/python3.8/site-packages/airflow/example_dags/example_branch_operator.py
[2021-12-13 07:47:54,399] {scheduler_job.py:643} INFO - DAG(s) dict_keys(['example_branch_operator']) retrieved from /home/airflow/.local/lib/python3.8/site-packages/airflow/example_dags/example_branch_operator.py
[2021-12-13 07:47:54,424] {logging_mixin.py:104} INFO - [2021-12-13 07:47:54,424] {dag.py:1832} INFO - Sync 1 DAGs
[2021-12-13 07:47:54,445] {logging_mixin.py:104} INFO - [2021-12-13 07:47:54,442] {dag.py:2305} INFO - Setting next_dagrun for example_branch_operator to 2021-12-11 00:00:00+00:00
[2021-12-13 07:47:54,475] {scheduler_job.py:190} INFO - Processing /home/airflow/.local/lib/python3.8/site-packages/airflow/example_dags/example_branch_operator.py took 0.143 seconds
[2021-12-13 07:48:37,651] {scheduler_job.py:182} INFO - Started process (PID=39029) to work on /home/airflow/.local/lib/python3.8/site-packages/airflow/example_dags/example_branch_operator.py
[2021-12-13 07:48:37,657] {scheduler_job.py:633} INFO - Processing file /home/airflow/.local/lib/python3.8/site-packages/airflow/example_dags/example_branch_operator.py for tasks to queue
[2021-12-13 07:48:37,660] {logging_mixin.py:104} INFO - [2021-12-13 07:48:37,660] {dagbag.py:487} INFO - Filling up the DagBag from /home/airflow/.local/lib/python3.8/site-packages/airflow/example_dags/example_branch_operator.py
[2021-12-13 07:48:37,681] {scheduler_job.py:643} INFO - DAG(s) dict_keys(['example_branch_operator']) retrieved from /home/airflow/.local/lib/python3.8/site-packages/airflow/example_dags/example_branch_operator.py
[2021-12-13 07:48:37,702] {logging_mixin.py:104} INFO - [2021-12-13 07:48:37,702] {dag.py:1832} INFO - Sync 1 DAGs
[2021-12-13 07:48:37,721] {logging_mixin.py:104} INFO - [2021-12-13 07:48:37,721] {dag.py:2305} INFO - Setting next_dagrun for example_branch_operator to 2021-12-11 00:00:00+00:00
[2021-12-13 07:48:37,741] {scheduler_job.py:190} INFO - Processing /home/airflow/.local/lib/python3.8/site-packages/airflow/example_dags/example_branch_operator.py took 0.109 seconds
[2021-12-13 07:49:16,765] {scheduler_job.py:182} INFO - Started process (PID=39210) to work on /home/airflow/.local/lib/python3.8/site-packages/airflow/example_dags/example_branch_operator.py
[2021-12-13 07:49:16,772] {scheduler_job.py:633} INFO - Processing file /home/airflow/.local/lib/python3.8/site-packages/airflow/example_dags/example_branch_operator.py for tasks to queue
[2021-12-13 07:49:16,779] {logging_mixin.py:104} INFO - [2021-12-13 07:49:16,779] {dagbag.py:487} INFO - Filling up the DagBag from /home/airflow/.local/lib/python3.8/site-packages/airflow/example_dags/example_branch_operator.py
[2021-12-13 07:49:16,839] {scheduler_job.py:643} INFO - DAG(s) dict_keys(['example_branch_operator']) retrieved from /home/airflow/.local/lib/python3.8/site-packages/airflow/example_dags/example_branch_operator.py
[2021-12-13 07:49:16,871] {logging_mixin.py:104} INFO - [2021-12-13 07:49:16,871] {dag.py:1832} INFO - Sync 1 DAGs
[2021-12-13 07:49:16,897] {logging_mixin.py:104} INFO - [2021-12-13 07:49:16,897] {dag.py:2305} INFO - Setting next_dagrun for example_branch_operator to 2021-12-11 00:00:00+00:00
[2021-12-13 07:49:16,936] {scheduler_job.py:190} INFO - Processing /home/airflow/.local/lib/python3.8/site-packages/airflow/example_dags/example_branch_operator.py took 0.179 seconds
[2021-12-13 07:49:57,017] {scheduler_job.py:182} INFO - Started process (PID=39360) to work on /home/airflow/.local/lib/python3.8/site-packages/airflow/example_dags/example_branch_operator.py
[2021-12-13 07:49:57,026] {scheduler_job.py:633} INFO - Processing file /home/airflow/.local/lib/python3.8/site-packages/airflow/example_dags/example_branch_operator.py for tasks to queue
[2021-12-13 07:49:57,029] {logging_mixin.py:104} INFO - [2021-12-13 07:49:57,029] {dagbag.py:487} INFO - Filling up the DagBag from /home/airflow/.local/lib/python3.8/site-packages/airflow/example_dags/example_branch_operator.py
[2021-12-13 07:49:57,076] {scheduler_job.py:643} INFO - DAG(s) dict_keys(['example_branch_operator']) retrieved from /home/airflow/.local/lib/python3.8/site-packages/airflow/example_dags/example_branch_operator.py
[2021-12-13 07:49:57,121] {logging_mixin.py:104} INFO - [2021-12-13 07:49:57,121] {dag.py:1832} INFO - Sync 1 DAGs
[2021-12-13 07:49:57,163] {logging_mixin.py:104} INFO - [2021-12-13 07:49:57,162] {dag.py:2305} INFO - Setting next_dagrun for example_branch_operator to 2021-12-11 00:00:00+00:00
[2021-12-13 07:49:57,189] {scheduler_job.py:190} INFO - Processing /home/airflow/.local/lib/python3.8/site-packages/airflow/example_dags/example_branch_operator.py took 0.175 seconds
