[2021-12-13 07:35:10,172] {scheduler_job.py:182} INFO - Started process (PID=35693) to work on /home/airflow/.local/lib/python3.8/site-packages/airflow/example_dags/example_short_circuit_operator.py
[2021-12-13 07:35:10,175] {scheduler_job.py:633} INFO - Processing file /home/airflow/.local/lib/python3.8/site-packages/airflow/example_dags/example_short_circuit_operator.py for tasks to queue
[2021-12-13 07:35:10,177] {logging_mixin.py:104} INFO - [2021-12-13 07:35:10,177] {dagbag.py:487} INFO - Filling up the DagBag from /home/airflow/.local/lib/python3.8/site-packages/airflow/example_dags/example_short_circuit_operator.py
[2021-12-13 07:35:10,190] {scheduler_job.py:643} INFO - DAG(s) dict_keys(['example_short_circuit_operator']) retrieved from /home/airflow/.local/lib/python3.8/site-packages/airflow/example_dags/example_short_circuit_operator.py
[2021-12-13 07:35:10,564] {logging_mixin.py:104} INFO - [2021-12-13 07:35:10,564] {dag.py:1832} INFO - Sync 1 DAGs
[2021-12-13 07:35:10,574] {logging_mixin.py:104} INFO - [2021-12-13 07:35:10,574] {dag.py:2305} INFO - Setting next_dagrun for example_short_circuit_operator to 2021-12-11 00:00:00+00:00
[2021-12-13 07:35:10,613] {scheduler_job.py:190} INFO - Processing /home/airflow/.local/lib/python3.8/site-packages/airflow/example_dags/example_short_circuit_operator.py took 0.443 seconds
[2021-12-13 07:35:51,301] {scheduler_job.py:182} INFO - Started process (PID=35845) to work on /home/airflow/.local/lib/python3.8/site-packages/airflow/example_dags/example_short_circuit_operator.py
[2021-12-13 07:35:51,305] {scheduler_job.py:633} INFO - Processing file /home/airflow/.local/lib/python3.8/site-packages/airflow/example_dags/example_short_circuit_operator.py for tasks to queue
[2021-12-13 07:35:51,306] {logging_mixin.py:104} INFO - [2021-12-13 07:35:51,305] {dagbag.py:487} INFO - Filling up the DagBag from /home/airflow/.local/lib/python3.8/site-packages/airflow/example_dags/example_short_circuit_operator.py
[2021-12-13 07:35:51,325] {scheduler_job.py:643} INFO - DAG(s) dict_keys(['example_short_circuit_operator']) retrieved from /home/airflow/.local/lib/python3.8/site-packages/airflow/example_dags/example_short_circuit_operator.py
[2021-12-13 07:35:51,338] {logging_mixin.py:104} INFO - [2021-12-13 07:35:51,338] {dag.py:1832} INFO - Sync 1 DAGs
[2021-12-13 07:35:51,349] {logging_mixin.py:104} INFO - [2021-12-13 07:35:51,349] {dag.py:2305} INFO - Setting next_dagrun for example_short_circuit_operator to 2021-12-11 00:00:00+00:00
[2021-12-13 07:35:51,367] {scheduler_job.py:190} INFO - Processing /home/airflow/.local/lib/python3.8/site-packages/airflow/example_dags/example_short_circuit_operator.py took 0.070 seconds
[2021-12-13 07:36:28,579] {scheduler_job.py:182} INFO - Started process (PID=36019) to work on /home/airflow/.local/lib/python3.8/site-packages/airflow/example_dags/example_short_circuit_operator.py
[2021-12-13 07:36:28,582] {scheduler_job.py:633} INFO - Processing file /home/airflow/.local/lib/python3.8/site-packages/airflow/example_dags/example_short_circuit_operator.py for tasks to queue
[2021-12-13 07:36:28,586] {logging_mixin.py:104} INFO - [2021-12-13 07:36:28,586] {dagbag.py:487} INFO - Filling up the DagBag from /home/airflow/.local/lib/python3.8/site-packages/airflow/example_dags/example_short_circuit_operator.py
[2021-12-13 07:36:28,604] {scheduler_job.py:643} INFO - DAG(s) dict_keys(['example_short_circuit_operator']) retrieved from /home/airflow/.local/lib/python3.8/site-packages/airflow/example_dags/example_short_circuit_operator.py
[2021-12-13 07:36:28,620] {logging_mixin.py:104} INFO - [2021-12-13 07:36:28,620] {dag.py:1832} INFO - Sync 1 DAGs
[2021-12-13 07:36:28,634] {logging_mixin.py:104} INFO - [2021-12-13 07:36:28,634] {dag.py:2305} INFO - Setting next_dagrun for example_short_circuit_operator to 2021-12-11 00:00:00+00:00
[2021-12-13 07:36:28,666] {scheduler_job.py:190} INFO - Processing /home/airflow/.local/lib/python3.8/site-packages/airflow/example_dags/example_short_circuit_operator.py took 0.090 seconds
[2021-12-13 07:37:01,124] {scheduler_job.py:182} INFO - Started process (PID=36174) to work on /home/airflow/.local/lib/python3.8/site-packages/airflow/example_dags/example_short_circuit_operator.py
[2021-12-13 07:37:01,130] {scheduler_job.py:633} INFO - Processing file /home/airflow/.local/lib/python3.8/site-packages/airflow/example_dags/example_short_circuit_operator.py for tasks to queue
[2021-12-13 07:37:01,131] {logging_mixin.py:104} INFO - [2021-12-13 07:37:01,131] {dagbag.py:487} INFO - Filling up the DagBag from /home/airflow/.local/lib/python3.8/site-packages/airflow/example_dags/example_short_circuit_operator.py
[2021-12-13 07:37:01,153] {scheduler_job.py:643} INFO - DAG(s) dict_keys(['example_short_circuit_operator']) retrieved from /home/airflow/.local/lib/python3.8/site-packages/airflow/example_dags/example_short_circuit_operator.py
[2021-12-13 07:37:01,167] {logging_mixin.py:104} INFO - [2021-12-13 07:37:01,167] {dag.py:1832} INFO - Sync 1 DAGs
[2021-12-13 07:37:01,180] {logging_mixin.py:104} INFO - [2021-12-13 07:37:01,180] {dag.py:2305} INFO - Setting next_dagrun for example_short_circuit_operator to 2021-12-11 00:00:00+00:00
[2021-12-13 07:37:01,211] {scheduler_job.py:190} INFO - Processing /home/airflow/.local/lib/python3.8/site-packages/airflow/example_dags/example_short_circuit_operator.py took 0.091 seconds
[2021-12-13 07:37:35,145] {scheduler_job.py:182} INFO - Started process (PID=36320) to work on /home/airflow/.local/lib/python3.8/site-packages/airflow/example_dags/example_short_circuit_operator.py
[2021-12-13 07:37:35,149] {scheduler_job.py:633} INFO - Processing file /home/airflow/.local/lib/python3.8/site-packages/airflow/example_dags/example_short_circuit_operator.py for tasks to queue
[2021-12-13 07:37:35,150] {logging_mixin.py:104} INFO - [2021-12-13 07:37:35,149] {dagbag.py:487} INFO - Filling up the DagBag from /home/airflow/.local/lib/python3.8/site-packages/airflow/example_dags/example_short_circuit_operator.py
[2021-12-13 07:37:35,168] {scheduler_job.py:643} INFO - DAG(s) dict_keys(['example_short_circuit_operator']) retrieved from /home/airflow/.local/lib/python3.8/site-packages/airflow/example_dags/example_short_circuit_operator.py
[2021-12-13 07:37:35,186] {logging_mixin.py:104} INFO - [2021-12-13 07:37:35,186] {dag.py:1832} INFO - Sync 1 DAGs
[2021-12-13 07:37:35,201] {logging_mixin.py:104} INFO - [2021-12-13 07:37:35,201] {dag.py:2305} INFO - Setting next_dagrun for example_short_circuit_operator to 2021-12-11 00:00:00+00:00
[2021-12-13 07:37:35,228] {scheduler_job.py:190} INFO - Processing /home/airflow/.local/lib/python3.8/site-packages/airflow/example_dags/example_short_circuit_operator.py took 0.085 seconds
[2021-12-13 07:38:09,223] {scheduler_job.py:182} INFO - Started process (PID=36447) to work on /home/airflow/.local/lib/python3.8/site-packages/airflow/example_dags/example_short_circuit_operator.py
[2021-12-13 07:38:09,227] {scheduler_job.py:633} INFO - Processing file /home/airflow/.local/lib/python3.8/site-packages/airflow/example_dags/example_short_circuit_operator.py for tasks to queue
[2021-12-13 07:38:09,228] {logging_mixin.py:104} INFO - [2021-12-13 07:38:09,228] {dagbag.py:487} INFO - Filling up the DagBag from /home/airflow/.local/lib/python3.8/site-packages/airflow/example_dags/example_short_circuit_operator.py
[2021-12-13 07:38:09,247] {scheduler_job.py:643} INFO - DAG(s) dict_keys(['example_short_circuit_operator']) retrieved from /home/airflow/.local/lib/python3.8/site-packages/airflow/example_dags/example_short_circuit_operator.py
[2021-12-13 07:38:09,263] {logging_mixin.py:104} INFO - [2021-12-13 07:38:09,263] {dag.py:1832} INFO - Sync 1 DAGs
[2021-12-13 07:38:09,278] {logging_mixin.py:104} INFO - [2021-12-13 07:38:09,278] {dag.py:2305} INFO - Setting next_dagrun for example_short_circuit_operator to 2021-12-11 00:00:00+00:00
[2021-12-13 07:38:09,306] {scheduler_job.py:190} INFO - Processing /home/airflow/.local/lib/python3.8/site-packages/airflow/example_dags/example_short_circuit_operator.py took 0.085 seconds
[2021-12-13 07:38:44,071] {scheduler_job.py:182} INFO - Started process (PID=36672) to work on /home/airflow/.local/lib/python3.8/site-packages/airflow/example_dags/example_short_circuit_operator.py
[2021-12-13 07:38:44,075] {scheduler_job.py:633} INFO - Processing file /home/airflow/.local/lib/python3.8/site-packages/airflow/example_dags/example_short_circuit_operator.py for tasks to queue
[2021-12-13 07:38:44,076] {logging_mixin.py:104} INFO - [2021-12-13 07:38:44,076] {dagbag.py:487} INFO - Filling up the DagBag from /home/airflow/.local/lib/python3.8/site-packages/airflow/example_dags/example_short_circuit_operator.py
[2021-12-13 07:38:44,093] {scheduler_job.py:643} INFO - DAG(s) dict_keys(['example_short_circuit_operator']) retrieved from /home/airflow/.local/lib/python3.8/site-packages/airflow/example_dags/example_short_circuit_operator.py
[2021-12-13 07:38:44,109] {logging_mixin.py:104} INFO - [2021-12-13 07:38:44,109] {dag.py:1832} INFO - Sync 1 DAGs
[2021-12-13 07:38:44,124] {logging_mixin.py:104} INFO - [2021-12-13 07:38:44,124] {dag.py:2305} INFO - Setting next_dagrun for example_short_circuit_operator to 2021-12-11 00:00:00+00:00
[2021-12-13 07:38:44,153] {scheduler_job.py:190} INFO - Processing /home/airflow/.local/lib/python3.8/site-packages/airflow/example_dags/example_short_circuit_operator.py took 0.084 seconds
[2021-12-13 07:39:17,481] {scheduler_job.py:182} INFO - Started process (PID=36865) to work on /home/airflow/.local/lib/python3.8/site-packages/airflow/example_dags/example_short_circuit_operator.py
[2021-12-13 07:39:17,485] {scheduler_job.py:633} INFO - Processing file /home/airflow/.local/lib/python3.8/site-packages/airflow/example_dags/example_short_circuit_operator.py for tasks to queue
[2021-12-13 07:39:17,485] {logging_mixin.py:104} INFO - [2021-12-13 07:39:17,485] {dagbag.py:487} INFO - Filling up the DagBag from /home/airflow/.local/lib/python3.8/site-packages/airflow/example_dags/example_short_circuit_operator.py
[2021-12-13 07:39:17,501] {scheduler_job.py:643} INFO - DAG(s) dict_keys(['example_short_circuit_operator']) retrieved from /home/airflow/.local/lib/python3.8/site-packages/airflow/example_dags/example_short_circuit_operator.py
[2021-12-13 07:39:17,518] {logging_mixin.py:104} INFO - [2021-12-13 07:39:17,518] {dag.py:1832} INFO - Sync 1 DAGs
[2021-12-13 07:39:17,534] {logging_mixin.py:104} INFO - [2021-12-13 07:39:17,534] {dag.py:2305} INFO - Setting next_dagrun for example_short_circuit_operator to 2021-12-11 00:00:00+00:00
[2021-12-13 07:39:17,561] {scheduler_job.py:190} INFO - Processing /home/airflow/.local/lib/python3.8/site-packages/airflow/example_dags/example_short_circuit_operator.py took 0.083 seconds
[2021-12-13 07:39:50,416] {scheduler_job.py:182} INFO - Started process (PID=37087) to work on /home/airflow/.local/lib/python3.8/site-packages/airflow/example_dags/example_short_circuit_operator.py
[2021-12-13 07:39:50,419] {scheduler_job.py:633} INFO - Processing file /home/airflow/.local/lib/python3.8/site-packages/airflow/example_dags/example_short_circuit_operator.py for tasks to queue
[2021-12-13 07:39:50,422] {logging_mixin.py:104} INFO - [2021-12-13 07:39:50,422] {dagbag.py:487} INFO - Filling up the DagBag from /home/airflow/.local/lib/python3.8/site-packages/airflow/example_dags/example_short_circuit_operator.py
[2021-12-13 07:39:50,434] {scheduler_job.py:643} INFO - DAG(s) dict_keys(['example_short_circuit_operator']) retrieved from /home/airflow/.local/lib/python3.8/site-packages/airflow/example_dags/example_short_circuit_operator.py
[2021-12-13 07:39:50,448] {logging_mixin.py:104} INFO - [2021-12-13 07:39:50,448] {dag.py:1832} INFO - Sync 1 DAGs
[2021-12-13 07:39:50,459] {logging_mixin.py:104} INFO - [2021-12-13 07:39:50,459] {dag.py:2305} INFO - Setting next_dagrun for example_short_circuit_operator to 2021-12-11 00:00:00+00:00
[2021-12-13 07:39:50,485] {scheduler_job.py:190} INFO - Processing /home/airflow/.local/lib/python3.8/site-packages/airflow/example_dags/example_short_circuit_operator.py took 0.070 seconds
[2021-12-13 07:40:29,029] {scheduler_job.py:182} INFO - Started process (PID=37308) to work on /home/airflow/.local/lib/python3.8/site-packages/airflow/example_dags/example_short_circuit_operator.py
[2021-12-13 07:40:29,033] {scheduler_job.py:633} INFO - Processing file /home/airflow/.local/lib/python3.8/site-packages/airflow/example_dags/example_short_circuit_operator.py for tasks to queue
[2021-12-13 07:40:29,033] {logging_mixin.py:104} INFO - [2021-12-13 07:40:29,033] {dagbag.py:487} INFO - Filling up the DagBag from /home/airflow/.local/lib/python3.8/site-packages/airflow/example_dags/example_short_circuit_operator.py
[2021-12-13 07:40:29,052] {scheduler_job.py:643} INFO - DAG(s) dict_keys(['example_short_circuit_operator']) retrieved from /home/airflow/.local/lib/python3.8/site-packages/airflow/example_dags/example_short_circuit_operator.py
[2021-12-13 07:40:29,067] {logging_mixin.py:104} INFO - [2021-12-13 07:40:29,067] {dag.py:1832} INFO - Sync 1 DAGs
[2021-12-13 07:40:29,079] {logging_mixin.py:104} INFO - [2021-12-13 07:40:29,079] {dag.py:2305} INFO - Setting next_dagrun for example_short_circuit_operator to 2021-12-11 00:00:00+00:00
[2021-12-13 07:40:29,104] {scheduler_job.py:190} INFO - Processing /home/airflow/.local/lib/python3.8/site-packages/airflow/example_dags/example_short_circuit_operator.py took 0.078 seconds
[2021-12-13 07:41:09,182] {scheduler_job.py:182} INFO - Started process (PID=37445) to work on /home/airflow/.local/lib/python3.8/site-packages/airflow/example_dags/example_short_circuit_operator.py
[2021-12-13 07:41:09,190] {scheduler_job.py:633} INFO - Processing file /home/airflow/.local/lib/python3.8/site-packages/airflow/example_dags/example_short_circuit_operator.py for tasks to queue
[2021-12-13 07:41:09,194] {logging_mixin.py:104} INFO - [2021-12-13 07:41:09,193] {dagbag.py:487} INFO - Filling up the DagBag from /home/airflow/.local/lib/python3.8/site-packages/airflow/example_dags/example_short_circuit_operator.py
[2021-12-13 07:41:09,225] {scheduler_job.py:643} INFO - DAG(s) dict_keys(['example_short_circuit_operator']) retrieved from /home/airflow/.local/lib/python3.8/site-packages/airflow/example_dags/example_short_circuit_operator.py
[2021-12-13 07:41:09,297] {logging_mixin.py:104} INFO - [2021-12-13 07:41:09,297] {dag.py:1832} INFO - Sync 1 DAGs
[2021-12-13 07:41:09,336] {logging_mixin.py:104} INFO - [2021-12-13 07:41:09,335] {dag.py:2305} INFO - Setting next_dagrun for example_short_circuit_operator to 2021-12-11 00:00:00+00:00
[2021-12-13 07:41:09,374] {scheduler_job.py:190} INFO - Processing /home/airflow/.local/lib/python3.8/site-packages/airflow/example_dags/example_short_circuit_operator.py took 0.204 seconds
[2021-12-13 07:41:48,084] {scheduler_job.py:182} INFO - Started process (PID=37585) to work on /home/airflow/.local/lib/python3.8/site-packages/airflow/example_dags/example_short_circuit_operator.py
[2021-12-13 07:41:48,090] {scheduler_job.py:633} INFO - Processing file /home/airflow/.local/lib/python3.8/site-packages/airflow/example_dags/example_short_circuit_operator.py for tasks to queue
[2021-12-13 07:41:48,101] {logging_mixin.py:104} INFO - [2021-12-13 07:41:48,101] {dagbag.py:487} INFO - Filling up the DagBag from /home/airflow/.local/lib/python3.8/site-packages/airflow/example_dags/example_short_circuit_operator.py
[2021-12-13 07:41:48,131] {scheduler_job.py:643} INFO - DAG(s) dict_keys(['example_short_circuit_operator']) retrieved from /home/airflow/.local/lib/python3.8/site-packages/airflow/example_dags/example_short_circuit_operator.py
[2021-12-13 07:41:48,173] {logging_mixin.py:104} INFO - [2021-12-13 07:41:48,173] {dag.py:1832} INFO - Sync 1 DAGs
[2021-12-13 07:41:48,210] {logging_mixin.py:104} INFO - [2021-12-13 07:41:48,210] {dag.py:2305} INFO - Setting next_dagrun for example_short_circuit_operator to 2021-12-11 00:00:00+00:00
[2021-12-13 07:41:48,244] {scheduler_job.py:190} INFO - Processing /home/airflow/.local/lib/python3.8/site-packages/airflow/example_dags/example_short_circuit_operator.py took 0.167 seconds
[2021-12-13 07:42:24,032] {scheduler_job.py:182} INFO - Started process (PID=37705) to work on /home/airflow/.local/lib/python3.8/site-packages/airflow/example_dags/example_short_circuit_operator.py
[2021-12-13 07:42:24,035] {scheduler_job.py:633} INFO - Processing file /home/airflow/.local/lib/python3.8/site-packages/airflow/example_dags/example_short_circuit_operator.py for tasks to queue
[2021-12-13 07:42:24,036] {logging_mixin.py:104} INFO - [2021-12-13 07:42:24,036] {dagbag.py:487} INFO - Filling up the DagBag from /home/airflow/.local/lib/python3.8/site-packages/airflow/example_dags/example_short_circuit_operator.py
[2021-12-13 07:42:24,054] {scheduler_job.py:643} INFO - DAG(s) dict_keys(['example_short_circuit_operator']) retrieved from /home/airflow/.local/lib/python3.8/site-packages/airflow/example_dags/example_short_circuit_operator.py
[2021-12-13 07:42:24,072] {logging_mixin.py:104} INFO - [2021-12-13 07:42:24,072] {dag.py:1832} INFO - Sync 1 DAGs
[2021-12-13 07:42:24,085] {logging_mixin.py:104} INFO - [2021-12-13 07:42:24,085] {dag.py:2305} INFO - Setting next_dagrun for example_short_circuit_operator to 2021-12-11 00:00:00+00:00
[2021-12-13 07:42:24,112] {scheduler_job.py:190} INFO - Processing /home/airflow/.local/lib/python3.8/site-packages/airflow/example_dags/example_short_circuit_operator.py took 0.083 seconds
[2021-12-13 07:43:00,882] {scheduler_job.py:182} INFO - Started process (PID=37831) to work on /home/airflow/.local/lib/python3.8/site-packages/airflow/example_dags/example_short_circuit_operator.py
[2021-12-13 07:43:00,885] {scheduler_job.py:633} INFO - Processing file /home/airflow/.local/lib/python3.8/site-packages/airflow/example_dags/example_short_circuit_operator.py for tasks to queue
[2021-12-13 07:43:00,889] {logging_mixin.py:104} INFO - [2021-12-13 07:43:00,889] {dagbag.py:487} INFO - Filling up the DagBag from /home/airflow/.local/lib/python3.8/site-packages/airflow/example_dags/example_short_circuit_operator.py
[2021-12-13 07:43:00,921] {scheduler_job.py:643} INFO - DAG(s) dict_keys(['example_short_circuit_operator']) retrieved from /home/airflow/.local/lib/python3.8/site-packages/airflow/example_dags/example_short_circuit_operator.py
[2021-12-13 07:43:00,964] {logging_mixin.py:104} INFO - [2021-12-13 07:43:00,964] {dag.py:1832} INFO - Sync 1 DAGs
[2021-12-13 07:43:00,991] {logging_mixin.py:104} INFO - [2021-12-13 07:43:00,991] {dag.py:2305} INFO - Setting next_dagrun for example_short_circuit_operator to 2021-12-11 00:00:00+00:00
[2021-12-13 07:43:01,029] {scheduler_job.py:190} INFO - Processing /home/airflow/.local/lib/python3.8/site-packages/airflow/example_dags/example_short_circuit_operator.py took 0.160 seconds
[2021-12-13 07:43:37,836] {scheduler_job.py:182} INFO - Started process (PID=37948) to work on /home/airflow/.local/lib/python3.8/site-packages/airflow/example_dags/example_short_circuit_operator.py
[2021-12-13 07:43:37,849] {scheduler_job.py:633} INFO - Processing file /home/airflow/.local/lib/python3.8/site-packages/airflow/example_dags/example_short_circuit_operator.py for tasks to queue
[2021-12-13 07:43:37,854] {logging_mixin.py:104} INFO - [2021-12-13 07:43:37,854] {dagbag.py:487} INFO - Filling up the DagBag from /home/airflow/.local/lib/python3.8/site-packages/airflow/example_dags/example_short_circuit_operator.py
[2021-12-13 07:43:37,908] {scheduler_job.py:643} INFO - DAG(s) dict_keys(['example_short_circuit_operator']) retrieved from /home/airflow/.local/lib/python3.8/site-packages/airflow/example_dags/example_short_circuit_operator.py
[2021-12-13 07:43:37,963] {logging_mixin.py:104} INFO - [2021-12-13 07:43:37,963] {dag.py:1832} INFO - Sync 1 DAGs
[2021-12-13 07:43:37,993] {logging_mixin.py:104} INFO - [2021-12-13 07:43:37,993] {dag.py:2305} INFO - Setting next_dagrun for example_short_circuit_operator to 2021-12-11 00:00:00+00:00
[2021-12-13 07:43:38,025] {scheduler_job.py:190} INFO - Processing /home/airflow/.local/lib/python3.8/site-packages/airflow/example_dags/example_short_circuit_operator.py took 0.191 seconds
[2021-12-13 07:44:16,687] {scheduler_job.py:182} INFO - Started process (PID=38072) to work on /home/airflow/.local/lib/python3.8/site-packages/airflow/example_dags/example_short_circuit_operator.py
[2021-12-13 07:44:16,698] {scheduler_job.py:633} INFO - Processing file /home/airflow/.local/lib/python3.8/site-packages/airflow/example_dags/example_short_circuit_operator.py for tasks to queue
[2021-12-13 07:44:16,707] {logging_mixin.py:104} INFO - [2021-12-13 07:44:16,707] {dagbag.py:487} INFO - Filling up the DagBag from /home/airflow/.local/lib/python3.8/site-packages/airflow/example_dags/example_short_circuit_operator.py
[2021-12-13 07:44:16,753] {scheduler_job.py:643} INFO - DAG(s) dict_keys(['example_short_circuit_operator']) retrieved from /home/airflow/.local/lib/python3.8/site-packages/airflow/example_dags/example_short_circuit_operator.py
[2021-12-13 07:44:16,817] {logging_mixin.py:104} INFO - [2021-12-13 07:44:16,817] {dag.py:1832} INFO - Sync 1 DAGs
[2021-12-13 07:44:16,843] {logging_mixin.py:104} INFO - [2021-12-13 07:44:16,843] {dag.py:2305} INFO - Setting next_dagrun for example_short_circuit_operator to 2021-12-11 00:00:00+00:00
[2021-12-13 07:44:16,869] {scheduler_job.py:190} INFO - Processing /home/airflow/.local/lib/python3.8/site-packages/airflow/example_dags/example_short_circuit_operator.py took 0.193 seconds
[2021-12-13 07:44:54,595] {scheduler_job.py:182} INFO - Started process (PID=38222) to work on /home/airflow/.local/lib/python3.8/site-packages/airflow/example_dags/example_short_circuit_operator.py
[2021-12-13 07:44:54,601] {scheduler_job.py:633} INFO - Processing file /home/airflow/.local/lib/python3.8/site-packages/airflow/example_dags/example_short_circuit_operator.py for tasks to queue
[2021-12-13 07:44:54,604] {logging_mixin.py:104} INFO - [2021-12-13 07:44:54,604] {dagbag.py:487} INFO - Filling up the DagBag from /home/airflow/.local/lib/python3.8/site-packages/airflow/example_dags/example_short_circuit_operator.py
[2021-12-13 07:44:54,625] {scheduler_job.py:643} INFO - DAG(s) dict_keys(['example_short_circuit_operator']) retrieved from /home/airflow/.local/lib/python3.8/site-packages/airflow/example_dags/example_short_circuit_operator.py
[2021-12-13 07:44:54,699] {logging_mixin.py:104} INFO - [2021-12-13 07:44:54,699] {dag.py:1832} INFO - Sync 1 DAGs
[2021-12-13 07:44:54,744] {logging_mixin.py:104} INFO - [2021-12-13 07:44:54,744] {dag.py:2305} INFO - Setting next_dagrun for example_short_circuit_operator to 2021-12-11 00:00:00+00:00
[2021-12-13 07:44:54,796] {scheduler_job.py:190} INFO - Processing /home/airflow/.local/lib/python3.8/site-packages/airflow/example_dags/example_short_circuit_operator.py took 0.208 seconds
[2021-12-13 07:45:12,853] {scheduler_job.py:182} INFO - Started process (PID=38347) to work on /home/airflow/.local/lib/python3.8/site-packages/airflow/example_dags/example_short_circuit_operator.py
[2021-12-13 07:45:12,857] {scheduler_job.py:633} INFO - Processing file /home/airflow/.local/lib/python3.8/site-packages/airflow/example_dags/example_short_circuit_operator.py for tasks to queue
[2021-12-13 07:45:12,857] {logging_mixin.py:104} INFO - [2021-12-13 07:45:12,857] {dagbag.py:487} INFO - Filling up the DagBag from /home/airflow/.local/lib/python3.8/site-packages/airflow/example_dags/example_short_circuit_operator.py
[2021-12-13 07:45:12,874] {scheduler_job.py:643} INFO - DAG(s) dict_keys(['example_short_circuit_operator']) retrieved from /home/airflow/.local/lib/python3.8/site-packages/airflow/example_dags/example_short_circuit_operator.py
[2021-12-13 07:45:12,891] {logging_mixin.py:104} INFO - [2021-12-13 07:45:12,891] {dag.py:1832} INFO - Sync 1 DAGs
[2021-12-13 07:45:12,907] {logging_mixin.py:104} INFO - [2021-12-13 07:45:12,907] {dag.py:2305} INFO - Setting next_dagrun for example_short_circuit_operator to 2021-12-11 00:00:00+00:00
[2021-12-13 07:45:12,937] {scheduler_job.py:190} INFO - Processing /home/airflow/.local/lib/python3.8/site-packages/airflow/example_dags/example_short_circuit_operator.py took 0.087 seconds
[2021-12-13 07:45:50,241] {scheduler_job.py:182} INFO - Started process (PID=38469) to work on /home/airflow/.local/lib/python3.8/site-packages/airflow/example_dags/example_short_circuit_operator.py
[2021-12-13 07:45:50,246] {scheduler_job.py:633} INFO - Processing file /home/airflow/.local/lib/python3.8/site-packages/airflow/example_dags/example_short_circuit_operator.py for tasks to queue
[2021-12-13 07:45:50,250] {logging_mixin.py:104} INFO - [2021-12-13 07:45:50,250] {dagbag.py:487} INFO - Filling up the DagBag from /home/airflow/.local/lib/python3.8/site-packages/airflow/example_dags/example_short_circuit_operator.py
[2021-12-13 07:45:50,265] {scheduler_job.py:643} INFO - DAG(s) dict_keys(['example_short_circuit_operator']) retrieved from /home/airflow/.local/lib/python3.8/site-packages/airflow/example_dags/example_short_circuit_operator.py
[2021-12-13 07:45:50,282] {logging_mixin.py:104} INFO - [2021-12-13 07:45:50,282] {dag.py:1832} INFO - Sync 1 DAGs
[2021-12-13 07:45:50,297] {logging_mixin.py:104} INFO - [2021-12-13 07:45:50,297] {dag.py:2305} INFO - Setting next_dagrun for example_short_circuit_operator to 2021-12-11 00:00:00+00:00
[2021-12-13 07:45:50,317] {scheduler_job.py:190} INFO - Processing /home/airflow/.local/lib/python3.8/site-packages/airflow/example_dags/example_short_circuit_operator.py took 0.078 seconds
[2021-12-13 07:46:29,009] {scheduler_job.py:182} INFO - Started process (PID=38597) to work on /home/airflow/.local/lib/python3.8/site-packages/airflow/example_dags/example_short_circuit_operator.py
[2021-12-13 07:46:29,017] {scheduler_job.py:633} INFO - Processing file /home/airflow/.local/lib/python3.8/site-packages/airflow/example_dags/example_short_circuit_operator.py for tasks to queue
[2021-12-13 07:46:29,022] {logging_mixin.py:104} INFO - [2021-12-13 07:46:29,022] {dagbag.py:487} INFO - Filling up the DagBag from /home/airflow/.local/lib/python3.8/site-packages/airflow/example_dags/example_short_circuit_operator.py
[2021-12-13 07:46:29,058] {scheduler_job.py:643} INFO - DAG(s) dict_keys(['example_short_circuit_operator']) retrieved from /home/airflow/.local/lib/python3.8/site-packages/airflow/example_dags/example_short_circuit_operator.py
[2021-12-13 07:46:29,100] {logging_mixin.py:104} INFO - [2021-12-13 07:46:29,099] {dag.py:1832} INFO - Sync 1 DAGs
[2021-12-13 07:46:29,123] {logging_mixin.py:104} INFO - [2021-12-13 07:46:29,123] {dag.py:2305} INFO - Setting next_dagrun for example_short_circuit_operator to 2021-12-11 00:00:00+00:00
[2021-12-13 07:46:29,153] {scheduler_job.py:190} INFO - Processing /home/airflow/.local/lib/python3.8/site-packages/airflow/example_dags/example_short_circuit_operator.py took 0.146 seconds
[2021-12-13 07:47:05,011] {scheduler_job.py:182} INFO - Started process (PID=38719) to work on /home/airflow/.local/lib/python3.8/site-packages/airflow/example_dags/example_short_circuit_operator.py
[2021-12-13 07:47:05,015] {scheduler_job.py:633} INFO - Processing file /home/airflow/.local/lib/python3.8/site-packages/airflow/example_dags/example_short_circuit_operator.py for tasks to queue
[2021-12-13 07:47:05,016] {logging_mixin.py:104} INFO - [2021-12-13 07:47:05,016] {dagbag.py:487} INFO - Filling up the DagBag from /home/airflow/.local/lib/python3.8/site-packages/airflow/example_dags/example_short_circuit_operator.py
[2021-12-13 07:47:05,057] {scheduler_job.py:643} INFO - DAG(s) dict_keys(['example_short_circuit_operator']) retrieved from /home/airflow/.local/lib/python3.8/site-packages/airflow/example_dags/example_short_circuit_operator.py
[2021-12-13 07:47:05,077] {logging_mixin.py:104} INFO - [2021-12-13 07:47:05,077] {dag.py:1832} INFO - Sync 1 DAGs
[2021-12-13 07:47:05,088] {logging_mixin.py:104} INFO - [2021-12-13 07:47:05,088] {dag.py:2305} INFO - Setting next_dagrun for example_short_circuit_operator to 2021-12-11 00:00:00+00:00
[2021-12-13 07:47:05,104] {scheduler_job.py:190} INFO - Processing /home/airflow/.local/lib/python3.8/site-packages/airflow/example_dags/example_short_circuit_operator.py took 0.103 seconds
[2021-12-13 07:47:40,132] {scheduler_job.py:182} INFO - Started process (PID=38836) to work on /home/airflow/.local/lib/python3.8/site-packages/airflow/example_dags/example_short_circuit_operator.py
[2021-12-13 07:47:40,139] {scheduler_job.py:633} INFO - Processing file /home/airflow/.local/lib/python3.8/site-packages/airflow/example_dags/example_short_circuit_operator.py for tasks to queue
[2021-12-13 07:47:40,142] {logging_mixin.py:104} INFO - [2021-12-13 07:47:40,142] {dagbag.py:487} INFO - Filling up the DagBag from /home/airflow/.local/lib/python3.8/site-packages/airflow/example_dags/example_short_circuit_operator.py
[2021-12-13 07:47:40,183] {scheduler_job.py:643} INFO - DAG(s) dict_keys(['example_short_circuit_operator']) retrieved from /home/airflow/.local/lib/python3.8/site-packages/airflow/example_dags/example_short_circuit_operator.py
[2021-12-13 07:47:40,212] {logging_mixin.py:104} INFO - [2021-12-13 07:47:40,212] {dag.py:1832} INFO - Sync 1 DAGs
[2021-12-13 07:47:40,260] {logging_mixin.py:104} INFO - [2021-12-13 07:47:40,260] {dag.py:2305} INFO - Setting next_dagrun for example_short_circuit_operator to 2021-12-11 00:00:00+00:00
[2021-12-13 07:47:40,316] {scheduler_job.py:190} INFO - Processing /home/airflow/.local/lib/python3.8/site-packages/airflow/example_dags/example_short_circuit_operator.py took 0.204 seconds
[2021-12-13 07:48:17,271] {scheduler_job.py:182} INFO - Started process (PID=38964) to work on /home/airflow/.local/lib/python3.8/site-packages/airflow/example_dags/example_short_circuit_operator.py
[2021-12-13 07:48:17,285] {scheduler_job.py:633} INFO - Processing file /home/airflow/.local/lib/python3.8/site-packages/airflow/example_dags/example_short_circuit_operator.py for tasks to queue
[2021-12-13 07:48:17,294] {logging_mixin.py:104} INFO - [2021-12-13 07:48:17,294] {dagbag.py:487} INFO - Filling up the DagBag from /home/airflow/.local/lib/python3.8/site-packages/airflow/example_dags/example_short_circuit_operator.py
[2021-12-13 07:48:17,332] {scheduler_job.py:643} INFO - DAG(s) dict_keys(['example_short_circuit_operator']) retrieved from /home/airflow/.local/lib/python3.8/site-packages/airflow/example_dags/example_short_circuit_operator.py
[2021-12-13 07:48:17,350] {logging_mixin.py:104} INFO - [2021-12-13 07:48:17,349] {dag.py:1832} INFO - Sync 1 DAGs
[2021-12-13 07:48:17,362] {logging_mixin.py:104} INFO - [2021-12-13 07:48:17,362] {dag.py:2305} INFO - Setting next_dagrun for example_short_circuit_operator to 2021-12-11 00:00:00+00:00
[2021-12-13 07:48:17,388] {scheduler_job.py:190} INFO - Processing /home/airflow/.local/lib/python3.8/site-packages/airflow/example_dags/example_short_circuit_operator.py took 0.125 seconds
[2021-12-13 07:48:53,183] {scheduler_job.py:182} INFO - Started process (PID=39078) to work on /home/airflow/.local/lib/python3.8/site-packages/airflow/example_dags/example_short_circuit_operator.py
[2021-12-13 07:48:53,195] {scheduler_job.py:633} INFO - Processing file /home/airflow/.local/lib/python3.8/site-packages/airflow/example_dags/example_short_circuit_operator.py for tasks to queue
[2021-12-13 07:48:53,200] {logging_mixin.py:104} INFO - [2021-12-13 07:48:53,200] {dagbag.py:487} INFO - Filling up the DagBag from /home/airflow/.local/lib/python3.8/site-packages/airflow/example_dags/example_short_circuit_operator.py
[2021-12-13 07:48:53,290] {scheduler_job.py:643} INFO - DAG(s) dict_keys(['example_short_circuit_operator']) retrieved from /home/airflow/.local/lib/python3.8/site-packages/airflow/example_dags/example_short_circuit_operator.py
[2021-12-13 07:48:53,369] {logging_mixin.py:104} INFO - [2021-12-13 07:48:53,369] {dag.py:1832} INFO - Sync 1 DAGs
[2021-12-13 07:48:53,429] {logging_mixin.py:104} INFO - [2021-12-13 07:48:53,429] {dag.py:2305} INFO - Setting next_dagrun for example_short_circuit_operator to 2021-12-11 00:00:00+00:00
[2021-12-13 07:48:53,527] {scheduler_job.py:190} INFO - Processing /home/airflow/.local/lib/python3.8/site-packages/airflow/example_dags/example_short_circuit_operator.py took 0.371 seconds
[2021-12-13 07:49:32,644] {scheduler_job.py:182} INFO - Started process (PID=39279) to work on /home/airflow/.local/lib/python3.8/site-packages/airflow/example_dags/example_short_circuit_operator.py
[2021-12-13 07:49:32,659] {scheduler_job.py:633} INFO - Processing file /home/airflow/.local/lib/python3.8/site-packages/airflow/example_dags/example_short_circuit_operator.py for tasks to queue
[2021-12-13 07:49:32,663] {logging_mixin.py:104} INFO - [2021-12-13 07:49:32,662] {dagbag.py:487} INFO - Filling up the DagBag from /home/airflow/.local/lib/python3.8/site-packages/airflow/example_dags/example_short_circuit_operator.py
[2021-12-13 07:49:32,697] {scheduler_job.py:643} INFO - DAG(s) dict_keys(['example_short_circuit_operator']) retrieved from /home/airflow/.local/lib/python3.8/site-packages/airflow/example_dags/example_short_circuit_operator.py
[2021-12-13 07:49:32,736] {logging_mixin.py:104} INFO - [2021-12-13 07:49:32,736] {dag.py:1832} INFO - Sync 1 DAGs
[2021-12-13 07:49:32,760] {logging_mixin.py:104} INFO - [2021-12-13 07:49:32,760] {dag.py:2305} INFO - Setting next_dagrun for example_short_circuit_operator to 2021-12-11 00:00:00+00:00
[2021-12-13 07:49:32,804] {scheduler_job.py:190} INFO - Processing /home/airflow/.local/lib/python3.8/site-packages/airflow/example_dags/example_short_circuit_operator.py took 0.167 seconds
