[2021-12-13 07:35:37,885] {scheduler_job.py:182} INFO - Started process (PID=35798) to work on /home/airflow/.local/lib/python3.8/site-packages/airflow/example_dags/example_bash_operator.py
[2021-12-13 07:35:37,889] {scheduler_job.py:633} INFO - Processing file /home/airflow/.local/lib/python3.8/site-packages/airflow/example_dags/example_bash_operator.py for tasks to queue
[2021-12-13 07:35:37,889] {logging_mixin.py:104} INFO - [2021-12-13 07:35:37,889] {dagbag.py:487} INFO - Filling up the DagBag from /home/airflow/.local/lib/python3.8/site-packages/airflow/example_dags/example_bash_operator.py
[2021-12-13 07:35:37,909] {scheduler_job.py:643} INFO - DAG(s) dict_keys(['example_bash_operator']) retrieved from /home/airflow/.local/lib/python3.8/site-packages/airflow/example_dags/example_bash_operator.py
[2021-12-13 07:35:38,221] {logging_mixin.py:104} INFO - [2021-12-13 07:35:38,221] {dag.py:1832} INFO - Sync 1 DAGs
[2021-12-13 07:35:38,237] {logging_mixin.py:104} INFO - [2021-12-13 07:35:38,237] {dag.py:2305} INFO - Setting next_dagrun for example_bash_operator to 2021-12-11 00:00:00+00:00
[2021-12-13 07:35:38,273] {scheduler_job.py:190} INFO - Processing /home/airflow/.local/lib/python3.8/site-packages/airflow/example_dags/example_bash_operator.py took 0.389 seconds
[2021-12-13 07:36:24,144] {scheduler_job.py:182} INFO - Started process (PID=36003) to work on /home/airflow/.local/lib/python3.8/site-packages/airflow/example_dags/example_bash_operator.py
[2021-12-13 07:36:24,148] {scheduler_job.py:633} INFO - Processing file /home/airflow/.local/lib/python3.8/site-packages/airflow/example_dags/example_bash_operator.py for tasks to queue
[2021-12-13 07:36:24,149] {logging_mixin.py:104} INFO - [2021-12-13 07:36:24,148] {dagbag.py:487} INFO - Filling up the DagBag from /home/airflow/.local/lib/python3.8/site-packages/airflow/example_dags/example_bash_operator.py
[2021-12-13 07:36:24,164] {scheduler_job.py:643} INFO - DAG(s) dict_keys(['example_bash_operator']) retrieved from /home/airflow/.local/lib/python3.8/site-packages/airflow/example_dags/example_bash_operator.py
[2021-12-13 07:36:24,176] {logging_mixin.py:104} INFO - [2021-12-13 07:36:24,176] {dag.py:1832} INFO - Sync 1 DAGs
[2021-12-13 07:36:24,190] {logging_mixin.py:104} INFO - [2021-12-13 07:36:24,189] {dag.py:2305} INFO - Setting next_dagrun for example_bash_operator to 2021-12-11 00:00:00+00:00
[2021-12-13 07:36:24,209] {scheduler_job.py:190} INFO - Processing /home/airflow/.local/lib/python3.8/site-packages/airflow/example_dags/example_bash_operator.py took 0.068 seconds
[2021-12-13 07:36:57,396] {scheduler_job.py:182} INFO - Started process (PID=36159) to work on /home/airflow/.local/lib/python3.8/site-packages/airflow/example_dags/example_bash_operator.py
[2021-12-13 07:36:57,401] {scheduler_job.py:633} INFO - Processing file /home/airflow/.local/lib/python3.8/site-packages/airflow/example_dags/example_bash_operator.py for tasks to queue
[2021-12-13 07:36:57,403] {logging_mixin.py:104} INFO - [2021-12-13 07:36:57,403] {dagbag.py:487} INFO - Filling up the DagBag from /home/airflow/.local/lib/python3.8/site-packages/airflow/example_dags/example_bash_operator.py
[2021-12-13 07:36:57,419] {scheduler_job.py:643} INFO - DAG(s) dict_keys(['example_bash_operator']) retrieved from /home/airflow/.local/lib/python3.8/site-packages/airflow/example_dags/example_bash_operator.py
[2021-12-13 07:36:57,433] {logging_mixin.py:104} INFO - [2021-12-13 07:36:57,433] {dag.py:1832} INFO - Sync 1 DAGs
[2021-12-13 07:36:57,446] {logging_mixin.py:104} INFO - [2021-12-13 07:36:57,446] {dag.py:2305} INFO - Setting next_dagrun for example_bash_operator to 2021-12-11 00:00:00+00:00
[2021-12-13 07:36:57,477] {scheduler_job.py:190} INFO - Processing /home/airflow/.local/lib/python3.8/site-packages/airflow/example_dags/example_bash_operator.py took 0.085 seconds
[2021-12-13 07:37:37,410] {scheduler_job.py:182} INFO - Started process (PID=36328) to work on /home/airflow/.local/lib/python3.8/site-packages/airflow/example_dags/example_bash_operator.py
[2021-12-13 07:37:37,414] {scheduler_job.py:633} INFO - Processing file /home/airflow/.local/lib/python3.8/site-packages/airflow/example_dags/example_bash_operator.py for tasks to queue
[2021-12-13 07:37:37,416] {logging_mixin.py:104} INFO - [2021-12-13 07:37:37,416] {dagbag.py:487} INFO - Filling up the DagBag from /home/airflow/.local/lib/python3.8/site-packages/airflow/example_dags/example_bash_operator.py
[2021-12-13 07:37:37,434] {scheduler_job.py:643} INFO - DAG(s) dict_keys(['example_bash_operator']) retrieved from /home/airflow/.local/lib/python3.8/site-packages/airflow/example_dags/example_bash_operator.py
[2021-12-13 07:37:37,451] {logging_mixin.py:104} INFO - [2021-12-13 07:37:37,451] {dag.py:1832} INFO - Sync 1 DAGs
[2021-12-13 07:37:37,470] {logging_mixin.py:104} INFO - [2021-12-13 07:37:37,470] {dag.py:2305} INFO - Setting next_dagrun for example_bash_operator to 2021-12-11 00:00:00+00:00
[2021-12-13 07:37:37,501] {scheduler_job.py:190} INFO - Processing /home/airflow/.local/lib/python3.8/site-packages/airflow/example_dags/example_bash_operator.py took 0.094 seconds
[2021-12-13 07:38:11,414] {scheduler_job.py:182} INFO - Started process (PID=36456) to work on /home/airflow/.local/lib/python3.8/site-packages/airflow/example_dags/example_bash_operator.py
[2021-12-13 07:38:11,418] {scheduler_job.py:633} INFO - Processing file /home/airflow/.local/lib/python3.8/site-packages/airflow/example_dags/example_bash_operator.py for tasks to queue
[2021-12-13 07:38:11,422] {logging_mixin.py:104} INFO - [2021-12-13 07:38:11,422] {dagbag.py:487} INFO - Filling up the DagBag from /home/airflow/.local/lib/python3.8/site-packages/airflow/example_dags/example_bash_operator.py
[2021-12-13 07:38:11,437] {scheduler_job.py:643} INFO - DAG(s) dict_keys(['example_bash_operator']) retrieved from /home/airflow/.local/lib/python3.8/site-packages/airflow/example_dags/example_bash_operator.py
[2021-12-13 07:38:11,451] {logging_mixin.py:104} INFO - [2021-12-13 07:38:11,451] {dag.py:1832} INFO - Sync 1 DAGs
[2021-12-13 07:38:11,464] {logging_mixin.py:104} INFO - [2021-12-13 07:38:11,464] {dag.py:2305} INFO - Setting next_dagrun for example_bash_operator to 2021-12-11 00:00:00+00:00
[2021-12-13 07:38:11,489] {scheduler_job.py:190} INFO - Processing /home/airflow/.local/lib/python3.8/site-packages/airflow/example_dags/example_bash_operator.py took 0.078 seconds
[2021-12-13 07:38:49,588] {scheduler_job.py:182} INFO - Started process (PID=36712) to work on /home/airflow/.local/lib/python3.8/site-packages/airflow/example_dags/example_bash_operator.py
[2021-12-13 07:38:49,590] {scheduler_job.py:633} INFO - Processing file /home/airflow/.local/lib/python3.8/site-packages/airflow/example_dags/example_bash_operator.py for tasks to queue
[2021-12-13 07:38:49,593] {logging_mixin.py:104} INFO - [2021-12-13 07:38:49,593] {dagbag.py:487} INFO - Filling up the DagBag from /home/airflow/.local/lib/python3.8/site-packages/airflow/example_dags/example_bash_operator.py
[2021-12-13 07:38:49,631] {scheduler_job.py:643} INFO - DAG(s) dict_keys(['example_bash_operator']) retrieved from /home/airflow/.local/lib/python3.8/site-packages/airflow/example_dags/example_bash_operator.py
[2021-12-13 07:38:49,649] {logging_mixin.py:104} INFO - [2021-12-13 07:38:49,649] {dag.py:1832} INFO - Sync 1 DAGs
[2021-12-13 07:38:49,671] {logging_mixin.py:104} INFO - [2021-12-13 07:38:49,671] {dag.py:2305} INFO - Setting next_dagrun for example_bash_operator to 2021-12-11 00:00:00+00:00
[2021-12-13 07:38:49,701] {scheduler_job.py:190} INFO - Processing /home/airflow/.local/lib/python3.8/site-packages/airflow/example_dags/example_bash_operator.py took 0.115 seconds
[2021-12-13 07:39:25,213] {scheduler_job.py:182} INFO - Started process (PID=36919) to work on /home/airflow/.local/lib/python3.8/site-packages/airflow/example_dags/example_bash_operator.py
[2021-12-13 07:39:25,216] {scheduler_job.py:633} INFO - Processing file /home/airflow/.local/lib/python3.8/site-packages/airflow/example_dags/example_bash_operator.py for tasks to queue
[2021-12-13 07:39:25,219] {logging_mixin.py:104} INFO - [2021-12-13 07:39:25,219] {dagbag.py:487} INFO - Filling up the DagBag from /home/airflow/.local/lib/python3.8/site-packages/airflow/example_dags/example_bash_operator.py
[2021-12-13 07:39:25,232] {scheduler_job.py:643} INFO - DAG(s) dict_keys(['example_bash_operator']) retrieved from /home/airflow/.local/lib/python3.8/site-packages/airflow/example_dags/example_bash_operator.py
[2021-12-13 07:39:25,252] {logging_mixin.py:104} INFO - [2021-12-13 07:39:25,252] {dag.py:1832} INFO - Sync 1 DAGs
[2021-12-13 07:39:25,276] {logging_mixin.py:104} INFO - [2021-12-13 07:39:25,276] {dag.py:2305} INFO - Setting next_dagrun for example_bash_operator to 2021-12-11 00:00:00+00:00
[2021-12-13 07:39:25,292] {scheduler_job.py:190} INFO - Processing /home/airflow/.local/lib/python3.8/site-packages/airflow/example_dags/example_bash_operator.py took 0.084 seconds
[2021-12-13 07:40:05,078] {scheduler_job.py:182} INFO - Started process (PID=37203) to work on /home/airflow/.local/lib/python3.8/site-packages/airflow/example_dags/example_bash_operator.py
[2021-12-13 07:40:05,082] {scheduler_job.py:633} INFO - Processing file /home/airflow/.local/lib/python3.8/site-packages/airflow/example_dags/example_bash_operator.py for tasks to queue
[2021-12-13 07:40:05,086] {logging_mixin.py:104} INFO - [2021-12-13 07:40:05,086] {dagbag.py:487} INFO - Filling up the DagBag from /home/airflow/.local/lib/python3.8/site-packages/airflow/example_dags/example_bash_operator.py
[2021-12-13 07:40:05,122] {scheduler_job.py:643} INFO - DAG(s) dict_keys(['example_bash_operator']) retrieved from /home/airflow/.local/lib/python3.8/site-packages/airflow/example_dags/example_bash_operator.py
[2021-12-13 07:40:05,161] {logging_mixin.py:104} INFO - [2021-12-13 07:40:05,160] {dag.py:1832} INFO - Sync 1 DAGs
[2021-12-13 07:40:05,207] {logging_mixin.py:104} INFO - [2021-12-13 07:40:05,207] {dag.py:2305} INFO - Setting next_dagrun for example_bash_operator to 2021-12-11 00:00:00+00:00
[2021-12-13 07:40:05,249] {scheduler_job.py:190} INFO - Processing /home/airflow/.local/lib/python3.8/site-packages/airflow/example_dags/example_bash_operator.py took 0.185 seconds
[2021-12-13 07:40:49,781] {scheduler_job.py:182} INFO - Started process (PID=37379) to work on /home/airflow/.local/lib/python3.8/site-packages/airflow/example_dags/example_bash_operator.py
[2021-12-13 07:40:49,803] {scheduler_job.py:633} INFO - Processing file /home/airflow/.local/lib/python3.8/site-packages/airflow/example_dags/example_bash_operator.py for tasks to queue
[2021-12-13 07:40:49,807] {logging_mixin.py:104} INFO - [2021-12-13 07:40:49,807] {dagbag.py:487} INFO - Filling up the DagBag from /home/airflow/.local/lib/python3.8/site-packages/airflow/example_dags/example_bash_operator.py
[2021-12-13 07:40:49,853] {scheduler_job.py:643} INFO - DAG(s) dict_keys(['example_bash_operator']) retrieved from /home/airflow/.local/lib/python3.8/site-packages/airflow/example_dags/example_bash_operator.py
[2021-12-13 07:40:49,916] {logging_mixin.py:104} INFO - [2021-12-13 07:40:49,915] {dag.py:1832} INFO - Sync 1 DAGs
[2021-12-13 07:40:49,960] {logging_mixin.py:104} INFO - [2021-12-13 07:40:49,960] {dag.py:2305} INFO - Setting next_dagrun for example_bash_operator to 2021-12-11 00:00:00+00:00
[2021-12-13 07:40:49,993] {scheduler_job.py:190} INFO - Processing /home/airflow/.local/lib/python3.8/site-packages/airflow/example_dags/example_bash_operator.py took 0.216 seconds
[2021-12-13 07:41:43,261] {scheduler_job.py:182} INFO - Started process (PID=37564) to work on /home/airflow/.local/lib/python3.8/site-packages/airflow/example_dags/example_bash_operator.py
[2021-12-13 07:41:43,265] {scheduler_job.py:633} INFO - Processing file /home/airflow/.local/lib/python3.8/site-packages/airflow/example_dags/example_bash_operator.py for tasks to queue
[2021-12-13 07:41:43,269] {logging_mixin.py:104} INFO - [2021-12-13 07:41:43,269] {dagbag.py:487} INFO - Filling up the DagBag from /home/airflow/.local/lib/python3.8/site-packages/airflow/example_dags/example_bash_operator.py
[2021-12-13 07:41:43,285] {scheduler_job.py:643} INFO - DAG(s) dict_keys(['example_bash_operator']) retrieved from /home/airflow/.local/lib/python3.8/site-packages/airflow/example_dags/example_bash_operator.py
[2021-12-13 07:41:43,304] {logging_mixin.py:104} INFO - [2021-12-13 07:41:43,304] {dag.py:1832} INFO - Sync 1 DAGs
[2021-12-13 07:41:43,345] {logging_mixin.py:104} INFO - [2021-12-13 07:41:43,344] {dag.py:2305} INFO - Setting next_dagrun for example_bash_operator to 2021-12-11 00:00:00+00:00
[2021-12-13 07:41:43,381] {scheduler_job.py:190} INFO - Processing /home/airflow/.local/lib/python3.8/site-packages/airflow/example_dags/example_bash_operator.py took 0.122 seconds
[2021-12-13 07:42:28,103] {scheduler_job.py:182} INFO - Started process (PID=37722) to work on /home/airflow/.local/lib/python3.8/site-packages/airflow/example_dags/example_bash_operator.py
[2021-12-13 07:42:28,107] {scheduler_job.py:633} INFO - Processing file /home/airflow/.local/lib/python3.8/site-packages/airflow/example_dags/example_bash_operator.py for tasks to queue
[2021-12-13 07:42:28,108] {logging_mixin.py:104} INFO - [2021-12-13 07:42:28,108] {dagbag.py:487} INFO - Filling up the DagBag from /home/airflow/.local/lib/python3.8/site-packages/airflow/example_dags/example_bash_operator.py
[2021-12-13 07:42:28,129] {scheduler_job.py:643} INFO - DAG(s) dict_keys(['example_bash_operator']) retrieved from /home/airflow/.local/lib/python3.8/site-packages/airflow/example_dags/example_bash_operator.py
[2021-12-13 07:42:28,147] {logging_mixin.py:104} INFO - [2021-12-13 07:42:28,147] {dag.py:1832} INFO - Sync 1 DAGs
[2021-12-13 07:42:28,161] {logging_mixin.py:104} INFO - [2021-12-13 07:42:28,161] {dag.py:2305} INFO - Setting next_dagrun for example_bash_operator to 2021-12-11 00:00:00+00:00
[2021-12-13 07:42:28,187] {scheduler_job.py:190} INFO - Processing /home/airflow/.local/lib/python3.8/site-packages/airflow/example_dags/example_bash_operator.py took 0.087 seconds
[2021-12-13 07:43:19,984] {scheduler_job.py:182} INFO - Started process (PID=37887) to work on /home/airflow/.local/lib/python3.8/site-packages/airflow/example_dags/example_bash_operator.py
[2021-12-13 07:43:19,988] {scheduler_job.py:633} INFO - Processing file /home/airflow/.local/lib/python3.8/site-packages/airflow/example_dags/example_bash_operator.py for tasks to queue
[2021-12-13 07:43:19,989] {logging_mixin.py:104} INFO - [2021-12-13 07:43:19,989] {dagbag.py:487} INFO - Filling up the DagBag from /home/airflow/.local/lib/python3.8/site-packages/airflow/example_dags/example_bash_operator.py
[2021-12-13 07:43:20,028] {scheduler_job.py:643} INFO - DAG(s) dict_keys(['example_bash_operator']) retrieved from /home/airflow/.local/lib/python3.8/site-packages/airflow/example_dags/example_bash_operator.py
[2021-12-13 07:43:20,052] {logging_mixin.py:104} INFO - [2021-12-13 07:43:20,051] {dag.py:1832} INFO - Sync 1 DAGs
[2021-12-13 07:43:20,069] {logging_mixin.py:104} INFO - [2021-12-13 07:43:20,069] {dag.py:2305} INFO - Setting next_dagrun for example_bash_operator to 2021-12-11 00:00:00+00:00
[2021-12-13 07:43:20,097] {scheduler_job.py:190} INFO - Processing /home/airflow/.local/lib/python3.8/site-packages/airflow/example_dags/example_bash_operator.py took 0.124 seconds
[2021-12-13 07:44:00,910] {scheduler_job.py:182} INFO - Started process (PID=38023) to work on /home/airflow/.local/lib/python3.8/site-packages/airflow/example_dags/example_bash_operator.py
[2021-12-13 07:44:00,915] {scheduler_job.py:633} INFO - Processing file /home/airflow/.local/lib/python3.8/site-packages/airflow/example_dags/example_bash_operator.py for tasks to queue
[2021-12-13 07:44:00,926] {logging_mixin.py:104} INFO - [2021-12-13 07:44:00,926] {dagbag.py:487} INFO - Filling up the DagBag from /home/airflow/.local/lib/python3.8/site-packages/airflow/example_dags/example_bash_operator.py
[2021-12-13 07:44:00,979] {scheduler_job.py:643} INFO - DAG(s) dict_keys(['example_bash_operator']) retrieved from /home/airflow/.local/lib/python3.8/site-packages/airflow/example_dags/example_bash_operator.py
[2021-12-13 07:44:01,026] {logging_mixin.py:104} INFO - [2021-12-13 07:44:01,026] {dag.py:1832} INFO - Sync 1 DAGs
[2021-12-13 07:44:01,073] {logging_mixin.py:104} INFO - [2021-12-13 07:44:01,072] {dag.py:2305} INFO - Setting next_dagrun for example_bash_operator to 2021-12-11 00:00:00+00:00
[2021-12-13 07:44:01,121] {scheduler_job.py:190} INFO - Processing /home/airflow/.local/lib/python3.8/site-packages/airflow/example_dags/example_bash_operator.py took 0.230 seconds
[2021-12-13 07:44:41,229] {scheduler_job.py:182} INFO - Started process (PID=38154) to work on /home/airflow/.local/lib/python3.8/site-packages/airflow/example_dags/example_bash_operator.py
[2021-12-13 07:44:41,234] {scheduler_job.py:633} INFO - Processing file /home/airflow/.local/lib/python3.8/site-packages/airflow/example_dags/example_bash_operator.py for tasks to queue
[2021-12-13 07:44:41,234] {logging_mixin.py:104} INFO - [2021-12-13 07:44:41,234] {dagbag.py:487} INFO - Filling up the DagBag from /home/airflow/.local/lib/python3.8/site-packages/airflow/example_dags/example_bash_operator.py
[2021-12-13 07:44:41,255] {scheduler_job.py:643} INFO - DAG(s) dict_keys(['example_bash_operator']) retrieved from /home/airflow/.local/lib/python3.8/site-packages/airflow/example_dags/example_bash_operator.py
[2021-12-13 07:44:41,269] {logging_mixin.py:104} INFO - [2021-12-13 07:44:41,269] {dag.py:1832} INFO - Sync 1 DAGs
[2021-12-13 07:44:41,285] {logging_mixin.py:104} INFO - [2021-12-13 07:44:41,285] {dag.py:2305} INFO - Setting next_dagrun for example_bash_operator to 2021-12-11 00:00:00+00:00
[2021-12-13 07:44:41,313] {scheduler_job.py:190} INFO - Processing /home/airflow/.local/lib/python3.8/site-packages/airflow/example_dags/example_bash_operator.py took 0.089 seconds
[2021-12-13 07:45:36,291] {scheduler_job.py:182} INFO - Started process (PID=38422) to work on /home/airflow/.local/lib/python3.8/site-packages/airflow/example_dags/example_bash_operator.py
[2021-12-13 07:45:36,297] {scheduler_job.py:633} INFO - Processing file /home/airflow/.local/lib/python3.8/site-packages/airflow/example_dags/example_bash_operator.py for tasks to queue
[2021-12-13 07:45:36,309] {logging_mixin.py:104} INFO - [2021-12-13 07:45:36,309] {dagbag.py:487} INFO - Filling up the DagBag from /home/airflow/.local/lib/python3.8/site-packages/airflow/example_dags/example_bash_operator.py
[2021-12-13 07:45:36,341] {scheduler_job.py:643} INFO - DAG(s) dict_keys(['example_bash_operator']) retrieved from /home/airflow/.local/lib/python3.8/site-packages/airflow/example_dags/example_bash_operator.py
[2021-12-13 07:45:36,387] {logging_mixin.py:104} INFO - [2021-12-13 07:45:36,387] {dag.py:1832} INFO - Sync 1 DAGs
[2021-12-13 07:45:36,421] {logging_mixin.py:104} INFO - [2021-12-13 07:45:36,421] {dag.py:2305} INFO - Setting next_dagrun for example_bash_operator to 2021-12-11 00:00:00+00:00
[2021-12-13 07:45:36,469] {scheduler_job.py:190} INFO - Processing /home/airflow/.local/lib/python3.8/site-packages/airflow/example_dags/example_bash_operator.py took 0.184 seconds
[2021-12-13 07:46:17,542] {scheduler_job.py:182} INFO - Started process (PID=38559) to work on /home/airflow/.local/lib/python3.8/site-packages/airflow/example_dags/example_bash_operator.py
[2021-12-13 07:46:17,555] {scheduler_job.py:633} INFO - Processing file /home/airflow/.local/lib/python3.8/site-packages/airflow/example_dags/example_bash_operator.py for tasks to queue
[2021-12-13 07:46:17,556] {logging_mixin.py:104} INFO - [2021-12-13 07:46:17,556] {dagbag.py:487} INFO - Filling up the DagBag from /home/airflow/.local/lib/python3.8/site-packages/airflow/example_dags/example_bash_operator.py
[2021-12-13 07:46:17,576] {scheduler_job.py:643} INFO - DAG(s) dict_keys(['example_bash_operator']) retrieved from /home/airflow/.local/lib/python3.8/site-packages/airflow/example_dags/example_bash_operator.py
[2021-12-13 07:46:17,590] {logging_mixin.py:104} INFO - [2021-12-13 07:46:17,590] {dag.py:1832} INFO - Sync 1 DAGs
[2021-12-13 07:46:17,605] {logging_mixin.py:104} INFO - [2021-12-13 07:46:17,605] {dag.py:2305} INFO - Setting next_dagrun for example_bash_operator to 2021-12-11 00:00:00+00:00
[2021-12-13 07:46:17,625] {scheduler_job.py:190} INFO - Processing /home/airflow/.local/lib/python3.8/site-packages/airflow/example_dags/example_bash_operator.py took 0.089 seconds
[2021-12-13 07:46:59,448] {scheduler_job.py:182} INFO - Started process (PID=38696) to work on /home/airflow/.local/lib/python3.8/site-packages/airflow/example_dags/example_bash_operator.py
[2021-12-13 07:46:59,459] {scheduler_job.py:633} INFO - Processing file /home/airflow/.local/lib/python3.8/site-packages/airflow/example_dags/example_bash_operator.py for tasks to queue
[2021-12-13 07:46:59,461] {logging_mixin.py:104} INFO - [2021-12-13 07:46:59,461] {dagbag.py:487} INFO - Filling up the DagBag from /home/airflow/.local/lib/python3.8/site-packages/airflow/example_dags/example_bash_operator.py
[2021-12-13 07:46:59,495] {scheduler_job.py:643} INFO - DAG(s) dict_keys(['example_bash_operator']) retrieved from /home/airflow/.local/lib/python3.8/site-packages/airflow/example_dags/example_bash_operator.py
[2021-12-13 07:46:59,526] {logging_mixin.py:104} INFO - [2021-12-13 07:46:59,525] {dag.py:1832} INFO - Sync 1 DAGs
[2021-12-13 07:46:59,587] {logging_mixin.py:104} INFO - [2021-12-13 07:46:59,587] {dag.py:2305} INFO - Setting next_dagrun for example_bash_operator to 2021-12-11 00:00:00+00:00
[2021-12-13 07:46:59,624] {scheduler_job.py:190} INFO - Processing /home/airflow/.local/lib/python3.8/site-packages/airflow/example_dags/example_bash_operator.py took 0.183 seconds
[2021-12-13 07:47:35,537] {scheduler_job.py:182} INFO - Started process (PID=38821) to work on /home/airflow/.local/lib/python3.8/site-packages/airflow/example_dags/example_bash_operator.py
[2021-12-13 07:47:35,546] {scheduler_job.py:633} INFO - Processing file /home/airflow/.local/lib/python3.8/site-packages/airflow/example_dags/example_bash_operator.py for tasks to queue
[2021-12-13 07:47:35,549] {logging_mixin.py:104} INFO - [2021-12-13 07:47:35,549] {dagbag.py:487} INFO - Filling up the DagBag from /home/airflow/.local/lib/python3.8/site-packages/airflow/example_dags/example_bash_operator.py
[2021-12-13 07:47:35,576] {scheduler_job.py:643} INFO - DAG(s) dict_keys(['example_bash_operator']) retrieved from /home/airflow/.local/lib/python3.8/site-packages/airflow/example_dags/example_bash_operator.py
[2021-12-13 07:47:35,605] {logging_mixin.py:104} INFO - [2021-12-13 07:47:35,604] {dag.py:1832} INFO - Sync 1 DAGs
[2021-12-13 07:47:35,654] {logging_mixin.py:104} INFO - [2021-12-13 07:47:35,654] {dag.py:2305} INFO - Setting next_dagrun for example_bash_operator to 2021-12-11 00:00:00+00:00
[2021-12-13 07:47:35,689] {scheduler_job.py:190} INFO - Processing /home/airflow/.local/lib/python3.8/site-packages/airflow/example_dags/example_bash_operator.py took 0.154 seconds
[2021-12-13 07:48:19,829] {scheduler_job.py:182} INFO - Started process (PID=38973) to work on /home/airflow/.local/lib/python3.8/site-packages/airflow/example_dags/example_bash_operator.py
[2021-12-13 07:48:19,833] {scheduler_job.py:633} INFO - Processing file /home/airflow/.local/lib/python3.8/site-packages/airflow/example_dags/example_bash_operator.py for tasks to queue
[2021-12-13 07:48:19,836] {logging_mixin.py:104} INFO - [2021-12-13 07:48:19,836] {dagbag.py:487} INFO - Filling up the DagBag from /home/airflow/.local/lib/python3.8/site-packages/airflow/example_dags/example_bash_operator.py
[2021-12-13 07:48:19,850] {scheduler_job.py:643} INFO - DAG(s) dict_keys(['example_bash_operator']) retrieved from /home/airflow/.local/lib/python3.8/site-packages/airflow/example_dags/example_bash_operator.py
[2021-12-13 07:48:19,864] {logging_mixin.py:104} INFO - [2021-12-13 07:48:19,864] {dag.py:1832} INFO - Sync 1 DAGs
[2021-12-13 07:48:19,885] {logging_mixin.py:104} INFO - [2021-12-13 07:48:19,885] {dag.py:2305} INFO - Setting next_dagrun for example_bash_operator to 2021-12-11 00:00:00+00:00
[2021-12-13 07:48:19,914] {scheduler_job.py:190} INFO - Processing /home/airflow/.local/lib/python3.8/site-packages/airflow/example_dags/example_bash_operator.py took 0.087 seconds
[2021-12-13 07:49:00,886] {scheduler_job.py:182} INFO - Started process (PID=39128) to work on /home/airflow/.local/lib/python3.8/site-packages/airflow/example_dags/example_bash_operator.py
[2021-12-13 07:49:00,889] {scheduler_job.py:633} INFO - Processing file /home/airflow/.local/lib/python3.8/site-packages/airflow/example_dags/example_bash_operator.py for tasks to queue
[2021-12-13 07:49:00,892] {logging_mixin.py:104} INFO - [2021-12-13 07:49:00,892] {dagbag.py:487} INFO - Filling up the DagBag from /home/airflow/.local/lib/python3.8/site-packages/airflow/example_dags/example_bash_operator.py
[2021-12-13 07:49:00,906] {scheduler_job.py:643} INFO - DAG(s) dict_keys(['example_bash_operator']) retrieved from /home/airflow/.local/lib/python3.8/site-packages/airflow/example_dags/example_bash_operator.py
[2021-12-13 07:49:00,921] {logging_mixin.py:104} INFO - [2021-12-13 07:49:00,921] {dag.py:1832} INFO - Sync 1 DAGs
[2021-12-13 07:49:00,934] {logging_mixin.py:104} INFO - [2021-12-13 07:49:00,933] {dag.py:2305} INFO - Setting next_dagrun for example_bash_operator to 2021-12-11 00:00:00+00:00
[2021-12-13 07:49:00,962] {scheduler_job.py:190} INFO - Processing /home/airflow/.local/lib/python3.8/site-packages/airflow/example_dags/example_bash_operator.py took 0.079 seconds
[2021-12-13 07:49:48,845] {scheduler_job.py:182} INFO - Started process (PID=39336) to work on /home/airflow/.local/lib/python3.8/site-packages/airflow/example_dags/example_bash_operator.py
[2021-12-13 07:49:48,847] {scheduler_job.py:633} INFO - Processing file /home/airflow/.local/lib/python3.8/site-packages/airflow/example_dags/example_bash_operator.py for tasks to queue
[2021-12-13 07:49:48,851] {logging_mixin.py:104} INFO - [2021-12-13 07:49:48,851] {dagbag.py:487} INFO - Filling up the DagBag from /home/airflow/.local/lib/python3.8/site-packages/airflow/example_dags/example_bash_operator.py
[2021-12-13 07:49:48,863] {scheduler_job.py:643} INFO - DAG(s) dict_keys(['example_bash_operator']) retrieved from /home/airflow/.local/lib/python3.8/site-packages/airflow/example_dags/example_bash_operator.py
[2021-12-13 07:49:48,877] {logging_mixin.py:104} INFO - [2021-12-13 07:49:48,877] {dag.py:1832} INFO - Sync 1 DAGs
[2021-12-13 07:49:48,890] {logging_mixin.py:104} INFO - [2021-12-13 07:49:48,890] {dag.py:2305} INFO - Setting next_dagrun for example_bash_operator to 2021-12-11 00:00:00+00:00
[2021-12-13 07:49:48,915] {scheduler_job.py:190} INFO - Processing /home/airflow/.local/lib/python3.8/site-packages/airflow/example_dags/example_bash_operator.py took 0.072 seconds
