[2021-12-13 07:34:46,513] {scheduler_job.py:182} INFO - Started process (PID=35488) to work on /home/airflow/.local/lib/python3.8/site-packages/airflow/example_dags/example_xcomargs.py
[2021-12-13 07:34:46,515] {scheduler_job.py:633} INFO - Processing file /home/airflow/.local/lib/python3.8/site-packages/airflow/example_dags/example_xcomargs.py for tasks to queue
[2021-12-13 07:34:46,517] {logging_mixin.py:104} INFO - [2021-12-13 07:34:46,517] {dagbag.py:487} INFO - Filling up the DagBag from /home/airflow/.local/lib/python3.8/site-packages/airflow/example_dags/example_xcomargs.py
[2021-12-13 07:34:46,540] {scheduler_job.py:643} INFO - DAG(s) dict_keys(['example_xcom_args', 'example_xcom_args_with_operators']) retrieved from /home/airflow/.local/lib/python3.8/site-packages/airflow/example_dags/example_xcomargs.py
[2021-12-13 07:34:46,845] {logging_mixin.py:104} INFO - [2021-12-13 07:34:46,845] {dag.py:1832} INFO - Sync 2 DAGs
[2021-12-13 07:34:46,853] {logging_mixin.py:104} INFO - [2021-12-13 07:34:46,853] {dag.py:2305} INFO - Setting next_dagrun for example_xcom_args to None
[2021-12-13 07:34:46,854] {logging_mixin.py:104} INFO - [2021-12-13 07:34:46,854] {dag.py:2305} INFO - Setting next_dagrun for example_xcom_args_with_operators to None
[2021-12-13 07:34:46,892] {scheduler_job.py:190} INFO - Processing /home/airflow/.local/lib/python3.8/site-packages/airflow/example_dags/example_xcomargs.py took 0.382 seconds
[2021-12-13 07:35:01,799] {scheduler_job.py:182} INFO - Started process (PID=35615) to work on /home/airflow/.local/lib/python3.8/site-packages/airflow/example_dags/example_xcomargs.py
[2021-12-13 07:35:01,802] {scheduler_job.py:633} INFO - Processing file /home/airflow/.local/lib/python3.8/site-packages/airflow/example_dags/example_xcomargs.py for tasks to queue
[2021-12-13 07:35:01,805] {logging_mixin.py:104} INFO - [2021-12-13 07:35:01,805] {dagbag.py:487} INFO - Filling up the DagBag from /home/airflow/.local/lib/python3.8/site-packages/airflow/example_dags/example_xcomargs.py
[2021-12-13 07:35:01,822] {scheduler_job.py:643} INFO - DAG(s) dict_keys(['example_xcom_args', 'example_xcom_args_with_operators']) retrieved from /home/airflow/.local/lib/python3.8/site-packages/airflow/example_dags/example_xcomargs.py
[2021-12-13 07:35:01,833] {logging_mixin.py:104} INFO - [2021-12-13 07:35:01,833] {dag.py:1832} INFO - Sync 2 DAGs
[2021-12-13 07:35:01,846] {logging_mixin.py:104} INFO - [2021-12-13 07:35:01,846] {dag.py:2305} INFO - Setting next_dagrun for example_xcom_args to None
[2021-12-13 07:35:01,849] {logging_mixin.py:104} INFO - [2021-12-13 07:35:01,849] {dag.py:2305} INFO - Setting next_dagrun for example_xcom_args_with_operators to None
[2021-12-13 07:35:01,880] {scheduler_job.py:190} INFO - Processing /home/airflow/.local/lib/python3.8/site-packages/airflow/example_dags/example_xcomargs.py took 0.084 seconds
[2021-12-13 07:35:40,572] {scheduler_job.py:182} INFO - Started process (PID=35806) to work on /home/airflow/.local/lib/python3.8/site-packages/airflow/example_dags/example_xcomargs.py
[2021-12-13 07:35:40,575] {scheduler_job.py:633} INFO - Processing file /home/airflow/.local/lib/python3.8/site-packages/airflow/example_dags/example_xcomargs.py for tasks to queue
[2021-12-13 07:35:40,579] {logging_mixin.py:104} INFO - [2021-12-13 07:35:40,579] {dagbag.py:487} INFO - Filling up the DagBag from /home/airflow/.local/lib/python3.8/site-packages/airflow/example_dags/example_xcomargs.py
[2021-12-13 07:35:40,600] {scheduler_job.py:643} INFO - DAG(s) dict_keys(['example_xcom_args', 'example_xcom_args_with_operators']) retrieved from /home/airflow/.local/lib/python3.8/site-packages/airflow/example_dags/example_xcomargs.py
[2021-12-13 07:35:40,913] {logging_mixin.py:104} INFO - [2021-12-13 07:35:40,913] {dag.py:1832} INFO - Sync 2 DAGs
[2021-12-13 07:35:40,926] {logging_mixin.py:104} INFO - [2021-12-13 07:35:40,926] {dag.py:2305} INFO - Setting next_dagrun for example_xcom_args to None
[2021-12-13 07:35:40,929] {logging_mixin.py:104} INFO - [2021-12-13 07:35:40,929] {dag.py:2305} INFO - Setting next_dagrun for example_xcom_args_with_operators to None
[2021-12-13 07:35:40,964] {scheduler_job.py:190} INFO - Processing /home/airflow/.local/lib/python3.8/site-packages/airflow/example_dags/example_xcomargs.py took 0.393 seconds
[2021-12-13 07:36:17,557] {scheduler_job.py:182} INFO - Started process (PID=35980) to work on /home/airflow/.local/lib/python3.8/site-packages/airflow/example_dags/example_xcomargs.py
[2021-12-13 07:36:17,561] {scheduler_job.py:633} INFO - Processing file /home/airflow/.local/lib/python3.8/site-packages/airflow/example_dags/example_xcomargs.py for tasks to queue
[2021-12-13 07:36:17,564] {logging_mixin.py:104} INFO - [2021-12-13 07:36:17,564] {dagbag.py:487} INFO - Filling up the DagBag from /home/airflow/.local/lib/python3.8/site-packages/airflow/example_dags/example_xcomargs.py
[2021-12-13 07:36:17,588] {scheduler_job.py:643} INFO - DAG(s) dict_keys(['example_xcom_args', 'example_xcom_args_with_operators']) retrieved from /home/airflow/.local/lib/python3.8/site-packages/airflow/example_dags/example_xcomargs.py
[2021-12-13 07:36:17,905] {logging_mixin.py:104} INFO - [2021-12-13 07:36:17,905] {dag.py:1832} INFO - Sync 2 DAGs
[2021-12-13 07:36:17,915] {logging_mixin.py:104} INFO - [2021-12-13 07:36:17,915] {dag.py:2305} INFO - Setting next_dagrun for example_xcom_args to None
[2021-12-13 07:36:17,918] {logging_mixin.py:104} INFO - [2021-12-13 07:36:17,918] {dag.py:2305} INFO - Setting next_dagrun for example_xcom_args_with_operators to None
[2021-12-13 07:36:17,948] {scheduler_job.py:190} INFO - Processing /home/airflow/.local/lib/python3.8/site-packages/airflow/example_dags/example_xcomargs.py took 0.393 seconds
[2021-12-13 07:36:50,215] {scheduler_job.py:182} INFO - Started process (PID=36128) to work on /home/airflow/.local/lib/python3.8/site-packages/airflow/example_dags/example_xcomargs.py
[2021-12-13 07:36:50,218] {scheduler_job.py:633} INFO - Processing file /home/airflow/.local/lib/python3.8/site-packages/airflow/example_dags/example_xcomargs.py for tasks to queue
[2021-12-13 07:36:50,222] {logging_mixin.py:104} INFO - [2021-12-13 07:36:50,222] {dagbag.py:487} INFO - Filling up the DagBag from /home/airflow/.local/lib/python3.8/site-packages/airflow/example_dags/example_xcomargs.py
[2021-12-13 07:36:50,242] {scheduler_job.py:643} INFO - DAG(s) dict_keys(['example_xcom_args', 'example_xcom_args_with_operators']) retrieved from /home/airflow/.local/lib/python3.8/site-packages/airflow/example_dags/example_xcomargs.py
[2021-12-13 07:36:50,541] {logging_mixin.py:104} INFO - [2021-12-13 07:36:50,541] {dag.py:1832} INFO - Sync 2 DAGs
[2021-12-13 07:36:50,555] {logging_mixin.py:104} INFO - [2021-12-13 07:36:50,555] {dag.py:2305} INFO - Setting next_dagrun for example_xcom_args to None
[2021-12-13 07:36:50,559] {logging_mixin.py:104} INFO - [2021-12-13 07:36:50,559] {dag.py:2305} INFO - Setting next_dagrun for example_xcom_args_with_operators to None
[2021-12-13 07:36:50,588] {scheduler_job.py:190} INFO - Processing /home/airflow/.local/lib/python3.8/site-packages/airflow/example_dags/example_xcomargs.py took 0.376 seconds
[2021-12-13 07:37:23,297] {scheduler_job.py:182} INFO - Started process (PID=36275) to work on /home/airflow/.local/lib/python3.8/site-packages/airflow/example_dags/example_xcomargs.py
[2021-12-13 07:37:23,301] {scheduler_job.py:633} INFO - Processing file /home/airflow/.local/lib/python3.8/site-packages/airflow/example_dags/example_xcomargs.py for tasks to queue
[2021-12-13 07:37:23,301] {logging_mixin.py:104} INFO - [2021-12-13 07:37:23,301] {dagbag.py:487} INFO - Filling up the DagBag from /home/airflow/.local/lib/python3.8/site-packages/airflow/example_dags/example_xcomargs.py
[2021-12-13 07:37:23,325] {scheduler_job.py:643} INFO - DAG(s) dict_keys(['example_xcom_args', 'example_xcom_args_with_operators']) retrieved from /home/airflow/.local/lib/python3.8/site-packages/airflow/example_dags/example_xcomargs.py
[2021-12-13 07:37:23,630] {logging_mixin.py:104} INFO - [2021-12-13 07:37:23,630] {dag.py:1832} INFO - Sync 2 DAGs
[2021-12-13 07:37:23,642] {logging_mixin.py:104} INFO - [2021-12-13 07:37:23,642] {dag.py:2305} INFO - Setting next_dagrun for example_xcom_args to None
[2021-12-13 07:37:23,645] {logging_mixin.py:104} INFO - [2021-12-13 07:37:23,645] {dag.py:2305} INFO - Setting next_dagrun for example_xcom_args_with_operators to None
[2021-12-13 07:37:23,686] {scheduler_job.py:190} INFO - Processing /home/airflow/.local/lib/python3.8/site-packages/airflow/example_dags/example_xcomargs.py took 0.392 seconds
[2021-12-13 07:37:55,850] {scheduler_job.py:182} INFO - Started process (PID=36400) to work on /home/airflow/.local/lib/python3.8/site-packages/airflow/example_dags/example_xcomargs.py
[2021-12-13 07:37:55,854] {scheduler_job.py:633} INFO - Processing file /home/airflow/.local/lib/python3.8/site-packages/airflow/example_dags/example_xcomargs.py for tasks to queue
[2021-12-13 07:37:55,856] {logging_mixin.py:104} INFO - [2021-12-13 07:37:55,856] {dagbag.py:487} INFO - Filling up the DagBag from /home/airflow/.local/lib/python3.8/site-packages/airflow/example_dags/example_xcomargs.py
[2021-12-13 07:37:55,879] {scheduler_job.py:643} INFO - DAG(s) dict_keys(['example_xcom_args', 'example_xcom_args_with_operators']) retrieved from /home/airflow/.local/lib/python3.8/site-packages/airflow/example_dags/example_xcomargs.py
[2021-12-13 07:37:56,176] {logging_mixin.py:104} INFO - [2021-12-13 07:37:56,176] {dag.py:1832} INFO - Sync 2 DAGs
[2021-12-13 07:37:56,187] {logging_mixin.py:104} INFO - [2021-12-13 07:37:56,187] {dag.py:2305} INFO - Setting next_dagrun for example_xcom_args to None
[2021-12-13 07:37:56,189] {logging_mixin.py:104} INFO - [2021-12-13 07:37:56,189] {dag.py:2305} INFO - Setting next_dagrun for example_xcom_args_with_operators to None
[2021-12-13 07:37:56,217] {scheduler_job.py:190} INFO - Processing /home/airflow/.local/lib/python3.8/site-packages/airflow/example_dags/example_xcomargs.py took 0.370 seconds
[2021-12-13 07:38:30,758] {scheduler_job.py:182} INFO - Started process (PID=36583) to work on /home/airflow/.local/lib/python3.8/site-packages/airflow/example_dags/example_xcomargs.py
[2021-12-13 07:38:30,762] {scheduler_job.py:633} INFO - Processing file /home/airflow/.local/lib/python3.8/site-packages/airflow/example_dags/example_xcomargs.py for tasks to queue
[2021-12-13 07:38:30,766] {logging_mixin.py:104} INFO - [2021-12-13 07:38:30,766] {dagbag.py:487} INFO - Filling up the DagBag from /home/airflow/.local/lib/python3.8/site-packages/airflow/example_dags/example_xcomargs.py
[2021-12-13 07:38:30,785] {scheduler_job.py:643} INFO - DAG(s) dict_keys(['example_xcom_args', 'example_xcom_args_with_operators']) retrieved from /home/airflow/.local/lib/python3.8/site-packages/airflow/example_dags/example_xcomargs.py
[2021-12-13 07:38:31,095] {logging_mixin.py:104} INFO - [2021-12-13 07:38:31,094] {dag.py:1832} INFO - Sync 2 DAGs
[2021-12-13 07:38:31,108] {logging_mixin.py:104} INFO - [2021-12-13 07:38:31,108] {dag.py:2305} INFO - Setting next_dagrun for example_xcom_args to None
[2021-12-13 07:38:31,111] {logging_mixin.py:104} INFO - [2021-12-13 07:38:31,111] {dag.py:2305} INFO - Setting next_dagrun for example_xcom_args_with_operators to None
[2021-12-13 07:38:31,135] {scheduler_job.py:190} INFO - Processing /home/airflow/.local/lib/python3.8/site-packages/airflow/example_dags/example_xcomargs.py took 0.379 seconds
[2021-12-13 07:39:01,917] {scheduler_job.py:182} INFO - Started process (PID=36782) to work on /home/airflow/.local/lib/python3.8/site-packages/airflow/example_dags/example_xcomargs.py
[2021-12-13 07:39:01,922] {scheduler_job.py:633} INFO - Processing file /home/airflow/.local/lib/python3.8/site-packages/airflow/example_dags/example_xcomargs.py for tasks to queue
[2021-12-13 07:39:01,926] {logging_mixin.py:104} INFO - [2021-12-13 07:39:01,925] {dagbag.py:487} INFO - Filling up the DagBag from /home/airflow/.local/lib/python3.8/site-packages/airflow/example_dags/example_xcomargs.py
[2021-12-13 07:39:01,944] {scheduler_job.py:643} INFO - DAG(s) dict_keys(['example_xcom_args', 'example_xcom_args_with_operators']) retrieved from /home/airflow/.local/lib/python3.8/site-packages/airflow/example_dags/example_xcomargs.py
[2021-12-13 07:39:02,250] {logging_mixin.py:104} INFO - [2021-12-13 07:39:02,250] {dag.py:1832} INFO - Sync 2 DAGs
[2021-12-13 07:39:02,263] {logging_mixin.py:104} INFO - [2021-12-13 07:39:02,263] {dag.py:2305} INFO - Setting next_dagrun for example_xcom_args to None
[2021-12-13 07:39:02,267] {logging_mixin.py:104} INFO - [2021-12-13 07:39:02,267] {dag.py:2305} INFO - Setting next_dagrun for example_xcom_args_with_operators to None
[2021-12-13 07:39:02,293] {scheduler_job.py:190} INFO - Processing /home/airflow/.local/lib/python3.8/site-packages/airflow/example_dags/example_xcomargs.py took 0.378 seconds
[2021-12-13 07:39:32,853] {scheduler_job.py:182} INFO - Started process (PID=36963) to work on /home/airflow/.local/lib/python3.8/site-packages/airflow/example_dags/example_xcomargs.py
[2021-12-13 07:39:32,856] {scheduler_job.py:633} INFO - Processing file /home/airflow/.local/lib/python3.8/site-packages/airflow/example_dags/example_xcomargs.py for tasks to queue
[2021-12-13 07:39:32,857] {logging_mixin.py:104} INFO - [2021-12-13 07:39:32,857] {dagbag.py:487} INFO - Filling up the DagBag from /home/airflow/.local/lib/python3.8/site-packages/airflow/example_dags/example_xcomargs.py
[2021-12-13 07:39:32,875] {scheduler_job.py:643} INFO - DAG(s) dict_keys(['example_xcom_args', 'example_xcom_args_with_operators']) retrieved from /home/airflow/.local/lib/python3.8/site-packages/airflow/example_dags/example_xcomargs.py
[2021-12-13 07:39:33,176] {logging_mixin.py:104} INFO - [2021-12-13 07:39:33,176] {dag.py:1832} INFO - Sync 2 DAGs
[2021-12-13 07:39:33,189] {logging_mixin.py:104} INFO - [2021-12-13 07:39:33,189] {dag.py:2305} INFO - Setting next_dagrun for example_xcom_args to None
[2021-12-13 07:39:33,193] {logging_mixin.py:104} INFO - [2021-12-13 07:39:33,193] {dag.py:2305} INFO - Setting next_dagrun for example_xcom_args_with_operators to None
[2021-12-13 07:39:33,221] {scheduler_job.py:190} INFO - Processing /home/airflow/.local/lib/python3.8/site-packages/airflow/example_dags/example_xcomargs.py took 0.369 seconds
[2021-12-13 07:40:07,530] {scheduler_job.py:182} INFO - Started process (PID=37224) to work on /home/airflow/.local/lib/python3.8/site-packages/airflow/example_dags/example_xcomargs.py
[2021-12-13 07:40:07,533] {scheduler_job.py:633} INFO - Processing file /home/airflow/.local/lib/python3.8/site-packages/airflow/example_dags/example_xcomargs.py for tasks to queue
[2021-12-13 07:40:07,536] {logging_mixin.py:104} INFO - [2021-12-13 07:40:07,536] {dagbag.py:487} INFO - Filling up the DagBag from /home/airflow/.local/lib/python3.8/site-packages/airflow/example_dags/example_xcomargs.py
[2021-12-13 07:40:07,552] {scheduler_job.py:643} INFO - DAG(s) dict_keys(['example_xcom_args', 'example_xcom_args_with_operators']) retrieved from /home/airflow/.local/lib/python3.8/site-packages/airflow/example_dags/example_xcomargs.py
[2021-12-13 07:40:07,854] {logging_mixin.py:104} INFO - [2021-12-13 07:40:07,854] {dag.py:1832} INFO - Sync 2 DAGs
[2021-12-13 07:40:07,866] {logging_mixin.py:104} INFO - [2021-12-13 07:40:07,865] {dag.py:2305} INFO - Setting next_dagrun for example_xcom_args to None
[2021-12-13 07:40:07,870] {logging_mixin.py:104} INFO - [2021-12-13 07:40:07,870] {dag.py:2305} INFO - Setting next_dagrun for example_xcom_args_with_operators to None
[2021-12-13 07:40:07,901] {scheduler_job.py:190} INFO - Processing /home/airflow/.local/lib/python3.8/site-packages/airflow/example_dags/example_xcomargs.py took 0.374 seconds
[2021-12-13 07:40:40,278] {scheduler_job.py:182} INFO - Started process (PID=37348) to work on /home/airflow/.local/lib/python3.8/site-packages/airflow/example_dags/example_xcomargs.py
[2021-12-13 07:40:40,284] {scheduler_job.py:633} INFO - Processing file /home/airflow/.local/lib/python3.8/site-packages/airflow/example_dags/example_xcomargs.py for tasks to queue
[2021-12-13 07:40:40,288] {logging_mixin.py:104} INFO - [2021-12-13 07:40:40,288] {dagbag.py:487} INFO - Filling up the DagBag from /home/airflow/.local/lib/python3.8/site-packages/airflow/example_dags/example_xcomargs.py
[2021-12-13 07:40:40,324] {scheduler_job.py:643} INFO - DAG(s) dict_keys(['example_xcom_args', 'example_xcom_args_with_operators']) retrieved from /home/airflow/.local/lib/python3.8/site-packages/airflow/example_dags/example_xcomargs.py
[2021-12-13 07:40:40,906] {logging_mixin.py:104} INFO - [2021-12-13 07:40:40,905] {dag.py:1832} INFO - Sync 2 DAGs
[2021-12-13 07:40:40,917] {logging_mixin.py:104} INFO - [2021-12-13 07:40:40,917] {dag.py:2305} INFO - Setting next_dagrun for example_xcom_args to None
[2021-12-13 07:40:40,920] {logging_mixin.py:104} INFO - [2021-12-13 07:40:40,920] {dag.py:2305} INFO - Setting next_dagrun for example_xcom_args_with_operators to None
[2021-12-13 07:40:40,950] {scheduler_job.py:190} INFO - Processing /home/airflow/.local/lib/python3.8/site-packages/airflow/example_dags/example_xcomargs.py took 0.679 seconds
[2021-12-13 07:41:20,911] {scheduler_job.py:182} INFO - Started process (PID=37485) to work on /home/airflow/.local/lib/python3.8/site-packages/airflow/example_dags/example_xcomargs.py
[2021-12-13 07:41:20,915] {scheduler_job.py:633} INFO - Processing file /home/airflow/.local/lib/python3.8/site-packages/airflow/example_dags/example_xcomargs.py for tasks to queue
[2021-12-13 07:41:20,920] {logging_mixin.py:104} INFO - [2021-12-13 07:41:20,920] {dagbag.py:487} INFO - Filling up the DagBag from /home/airflow/.local/lib/python3.8/site-packages/airflow/example_dags/example_xcomargs.py
[2021-12-13 07:41:20,994] {scheduler_job.py:643} INFO - DAG(s) dict_keys(['example_xcom_args', 'example_xcom_args_with_operators']) retrieved from /home/airflow/.local/lib/python3.8/site-packages/airflow/example_dags/example_xcomargs.py
[2021-12-13 07:41:21,353] {logging_mixin.py:104} INFO - [2021-12-13 07:41:21,353] {dag.py:1832} INFO - Sync 2 DAGs
[2021-12-13 07:41:21,361] {logging_mixin.py:104} INFO - [2021-12-13 07:41:21,361] {dag.py:2305} INFO - Setting next_dagrun for example_xcom_args to None
[2021-12-13 07:41:21,364] {logging_mixin.py:104} INFO - [2021-12-13 07:41:21,364] {dag.py:2305} INFO - Setting next_dagrun for example_xcom_args_with_operators to None
[2021-12-13 07:41:21,388] {scheduler_job.py:190} INFO - Processing /home/airflow/.local/lib/python3.8/site-packages/airflow/example_dags/example_xcomargs.py took 0.488 seconds
[2021-12-13 07:41:57,132] {scheduler_job.py:182} INFO - Started process (PID=37618) to work on /home/airflow/.local/lib/python3.8/site-packages/airflow/example_dags/example_xcomargs.py
[2021-12-13 07:41:57,139] {scheduler_job.py:633} INFO - Processing file /home/airflow/.local/lib/python3.8/site-packages/airflow/example_dags/example_xcomargs.py for tasks to queue
[2021-12-13 07:41:57,154] {logging_mixin.py:104} INFO - [2021-12-13 07:41:57,154] {dagbag.py:487} INFO - Filling up the DagBag from /home/airflow/.local/lib/python3.8/site-packages/airflow/example_dags/example_xcomargs.py
[2021-12-13 07:41:57,199] {scheduler_job.py:643} INFO - DAG(s) dict_keys(['example_xcom_args', 'example_xcom_args_with_operators']) retrieved from /home/airflow/.local/lib/python3.8/site-packages/airflow/example_dags/example_xcomargs.py
[2021-12-13 07:41:57,926] {logging_mixin.py:104} INFO - [2021-12-13 07:41:57,926] {dag.py:1832} INFO - Sync 2 DAGs
[2021-12-13 07:41:57,944] {logging_mixin.py:104} INFO - [2021-12-13 07:41:57,944] {dag.py:2305} INFO - Setting next_dagrun for example_xcom_args to None
[2021-12-13 07:41:57,947] {logging_mixin.py:104} INFO - [2021-12-13 07:41:57,947] {dag.py:2305} INFO - Setting next_dagrun for example_xcom_args_with_operators to None
[2021-12-13 07:41:57,977] {scheduler_job.py:190} INFO - Processing /home/airflow/.local/lib/python3.8/site-packages/airflow/example_dags/example_xcomargs.py took 0.852 seconds
[2021-12-13 07:42:31,656] {scheduler_job.py:182} INFO - Started process (PID=37734) to work on /home/airflow/.local/lib/python3.8/site-packages/airflow/example_dags/example_xcomargs.py
[2021-12-13 07:42:31,668] {scheduler_job.py:633} INFO - Processing file /home/airflow/.local/lib/python3.8/site-packages/airflow/example_dags/example_xcomargs.py for tasks to queue
[2021-12-13 07:42:31,673] {logging_mixin.py:104} INFO - [2021-12-13 07:42:31,673] {dagbag.py:487} INFO - Filling up the DagBag from /home/airflow/.local/lib/python3.8/site-packages/airflow/example_dags/example_xcomargs.py
[2021-12-13 07:42:31,741] {scheduler_job.py:643} INFO - DAG(s) dict_keys(['example_xcom_args', 'example_xcom_args_with_operators']) retrieved from /home/airflow/.local/lib/python3.8/site-packages/airflow/example_dags/example_xcomargs.py
[2021-12-13 07:42:32,217] {logging_mixin.py:104} INFO - [2021-12-13 07:42:32,217] {dag.py:1832} INFO - Sync 2 DAGs
[2021-12-13 07:42:32,226] {logging_mixin.py:104} INFO - [2021-12-13 07:42:32,225] {dag.py:2305} INFO - Setting next_dagrun for example_xcom_args to None
[2021-12-13 07:42:32,228] {logging_mixin.py:104} INFO - [2021-12-13 07:42:32,228] {dag.py:2305} INFO - Setting next_dagrun for example_xcom_args_with_operators to None
[2021-12-13 07:42:32,256] {scheduler_job.py:190} INFO - Processing /home/airflow/.local/lib/python3.8/site-packages/airflow/example_dags/example_xcomargs.py took 0.607 seconds
[2021-12-13 07:43:10,269] {scheduler_job.py:182} INFO - Started process (PID=37860) to work on /home/airflow/.local/lib/python3.8/site-packages/airflow/example_dags/example_xcomargs.py
[2021-12-13 07:43:10,284] {scheduler_job.py:633} INFO - Processing file /home/airflow/.local/lib/python3.8/site-packages/airflow/example_dags/example_xcomargs.py for tasks to queue
[2021-12-13 07:43:10,292] {logging_mixin.py:104} INFO - [2021-12-13 07:43:10,292] {dagbag.py:487} INFO - Filling up the DagBag from /home/airflow/.local/lib/python3.8/site-packages/airflow/example_dags/example_xcomargs.py
[2021-12-13 07:43:10,349] {scheduler_job.py:643} INFO - DAG(s) dict_keys(['example_xcom_args', 'example_xcom_args_with_operators']) retrieved from /home/airflow/.local/lib/python3.8/site-packages/airflow/example_dags/example_xcomargs.py
[2021-12-13 07:43:11,166] {logging_mixin.py:104} INFO - [2021-12-13 07:43:11,166] {dag.py:1832} INFO - Sync 2 DAGs
[2021-12-13 07:43:11,187] {logging_mixin.py:104} INFO - [2021-12-13 07:43:11,187] {dag.py:2305} INFO - Setting next_dagrun for example_xcom_args to None
[2021-12-13 07:43:11,191] {logging_mixin.py:104} INFO - [2021-12-13 07:43:11,191] {dag.py:2305} INFO - Setting next_dagrun for example_xcom_args_with_operators to None
[2021-12-13 07:43:11,228] {scheduler_job.py:190} INFO - Processing /home/airflow/.local/lib/python3.8/site-packages/airflow/example_dags/example_xcomargs.py took 0.961 seconds
[2021-12-13 07:43:44,595] {scheduler_job.py:182} INFO - Started process (PID=37968) to work on /home/airflow/.local/lib/python3.8/site-packages/airflow/example_dags/example_xcomargs.py
[2021-12-13 07:43:44,599] {scheduler_job.py:633} INFO - Processing file /home/airflow/.local/lib/python3.8/site-packages/airflow/example_dags/example_xcomargs.py for tasks to queue
[2021-12-13 07:43:44,605] {logging_mixin.py:104} INFO - [2021-12-13 07:43:44,605] {dagbag.py:487} INFO - Filling up the DagBag from /home/airflow/.local/lib/python3.8/site-packages/airflow/example_dags/example_xcomargs.py
[2021-12-13 07:43:44,657] {scheduler_job.py:643} INFO - DAG(s) dict_keys(['example_xcom_args', 'example_xcom_args_with_operators']) retrieved from /home/airflow/.local/lib/python3.8/site-packages/airflow/example_dags/example_xcomargs.py
[2021-12-13 07:43:45,302] {logging_mixin.py:104} INFO - [2021-12-13 07:43:45,302] {dag.py:1832} INFO - Sync 2 DAGs
[2021-12-13 07:43:45,314] {logging_mixin.py:104} INFO - [2021-12-13 07:43:45,314] {dag.py:2305} INFO - Setting next_dagrun for example_xcom_args to None
[2021-12-13 07:43:45,318] {logging_mixin.py:104} INFO - [2021-12-13 07:43:45,318] {dag.py:2305} INFO - Setting next_dagrun for example_xcom_args_with_operators to None
[2021-12-13 07:43:45,337] {scheduler_job.py:190} INFO - Processing /home/airflow/.local/lib/python3.8/site-packages/airflow/example_dags/example_xcomargs.py took 0.752 seconds
[2021-12-13 07:44:23,094] {scheduler_job.py:182} INFO - Started process (PID=38096) to work on /home/airflow/.local/lib/python3.8/site-packages/airflow/example_dags/example_xcomargs.py
[2021-12-13 07:44:23,106] {scheduler_job.py:633} INFO - Processing file /home/airflow/.local/lib/python3.8/site-packages/airflow/example_dags/example_xcomargs.py for tasks to queue
[2021-12-13 07:44:23,108] {logging_mixin.py:104} INFO - [2021-12-13 07:44:23,108] {dagbag.py:487} INFO - Filling up the DagBag from /home/airflow/.local/lib/python3.8/site-packages/airflow/example_dags/example_xcomargs.py
[2021-12-13 07:44:23,136] {scheduler_job.py:643} INFO - DAG(s) dict_keys(['example_xcom_args', 'example_xcom_args_with_operators']) retrieved from /home/airflow/.local/lib/python3.8/site-packages/airflow/example_dags/example_xcomargs.py
[2021-12-13 07:44:23,832] {logging_mixin.py:104} INFO - [2021-12-13 07:44:23,831] {dag.py:1832} INFO - Sync 2 DAGs
[2021-12-13 07:44:23,853] {logging_mixin.py:104} INFO - [2021-12-13 07:44:23,853] {dag.py:2305} INFO - Setting next_dagrun for example_xcom_args to None
[2021-12-13 07:44:23,858] {logging_mixin.py:104} INFO - [2021-12-13 07:44:23,858] {dag.py:2305} INFO - Setting next_dagrun for example_xcom_args_with_operators to None
[2021-12-13 07:44:23,909] {scheduler_job.py:190} INFO - Processing /home/airflow/.local/lib/python3.8/site-packages/airflow/example_dags/example_xcomargs.py took 0.824 seconds
[2021-12-13 07:45:02,261] {scheduler_job.py:182} INFO - Started process (PID=38292) to work on /home/airflow/.local/lib/python3.8/site-packages/airflow/example_dags/example_xcomargs.py
[2021-12-13 07:45:02,279] {scheduler_job.py:633} INFO - Processing file /home/airflow/.local/lib/python3.8/site-packages/airflow/example_dags/example_xcomargs.py for tasks to queue
[2021-12-13 07:45:02,282] {logging_mixin.py:104} INFO - [2021-12-13 07:45:02,282] {dagbag.py:487} INFO - Filling up the DagBag from /home/airflow/.local/lib/python3.8/site-packages/airflow/example_dags/example_xcomargs.py
[2021-12-13 07:45:02,390] {scheduler_job.py:643} INFO - DAG(s) dict_keys(['example_xcom_args', 'example_xcom_args_with_operators']) retrieved from /home/airflow/.local/lib/python3.8/site-packages/airflow/example_dags/example_xcomargs.py
[2021-12-13 07:45:02,789] {logging_mixin.py:104} INFO - [2021-12-13 07:45:02,789] {dag.py:1832} INFO - Sync 2 DAGs
[2021-12-13 07:45:02,799] {logging_mixin.py:104} INFO - [2021-12-13 07:45:02,799] {dag.py:2305} INFO - Setting next_dagrun for example_xcom_args to None
[2021-12-13 07:45:02,802] {logging_mixin.py:104} INFO - [2021-12-13 07:45:02,802] {dag.py:2305} INFO - Setting next_dagrun for example_xcom_args_with_operators to None
[2021-12-13 07:45:02,834] {scheduler_job.py:190} INFO - Processing /home/airflow/.local/lib/python3.8/site-packages/airflow/example_dags/example_xcomargs.py took 0.575 seconds
[2021-12-13 07:45:39,016] {scheduler_job.py:182} INFO - Started process (PID=38437) to work on /home/airflow/.local/lib/python3.8/site-packages/airflow/example_dags/example_xcomargs.py
[2021-12-13 07:45:39,021] {scheduler_job.py:633} INFO - Processing file /home/airflow/.local/lib/python3.8/site-packages/airflow/example_dags/example_xcomargs.py for tasks to queue
[2021-12-13 07:45:39,024] {logging_mixin.py:104} INFO - [2021-12-13 07:45:39,024] {dagbag.py:487} INFO - Filling up the DagBag from /home/airflow/.local/lib/python3.8/site-packages/airflow/example_dags/example_xcomargs.py
[2021-12-13 07:45:39,047] {scheduler_job.py:643} INFO - DAG(s) dict_keys(['example_xcom_args', 'example_xcom_args_with_operators']) retrieved from /home/airflow/.local/lib/python3.8/site-packages/airflow/example_dags/example_xcomargs.py
[2021-12-13 07:45:39,496] {logging_mixin.py:104} INFO - [2021-12-13 07:45:39,496] {dag.py:1832} INFO - Sync 2 DAGs
[2021-12-13 07:45:39,525] {logging_mixin.py:104} INFO - [2021-12-13 07:45:39,524] {dag.py:2305} INFO - Setting next_dagrun for example_xcom_args to None
[2021-12-13 07:45:39,529] {logging_mixin.py:104} INFO - [2021-12-13 07:45:39,529] {dag.py:2305} INFO - Setting next_dagrun for example_xcom_args_with_operators to None
[2021-12-13 07:45:39,564] {scheduler_job.py:190} INFO - Processing /home/airflow/.local/lib/python3.8/site-packages/airflow/example_dags/example_xcomargs.py took 0.551 seconds
[2021-12-13 07:46:12,358] {scheduler_job.py:182} INFO - Started process (PID=38543) to work on /home/airflow/.local/lib/python3.8/site-packages/airflow/example_dags/example_xcomargs.py
[2021-12-13 07:46:12,364] {scheduler_job.py:633} INFO - Processing file /home/airflow/.local/lib/python3.8/site-packages/airflow/example_dags/example_xcomargs.py for tasks to queue
[2021-12-13 07:46:12,365] {logging_mixin.py:104} INFO - [2021-12-13 07:46:12,365] {dagbag.py:487} INFO - Filling up the DagBag from /home/airflow/.local/lib/python3.8/site-packages/airflow/example_dags/example_xcomargs.py
[2021-12-13 07:46:12,416] {scheduler_job.py:643} INFO - DAG(s) dict_keys(['example_xcom_args', 'example_xcom_args_with_operators']) retrieved from /home/airflow/.local/lib/python3.8/site-packages/airflow/example_dags/example_xcomargs.py
[2021-12-13 07:46:13,109] {logging_mixin.py:104} INFO - [2021-12-13 07:46:13,108] {dag.py:1832} INFO - Sync 2 DAGs
[2021-12-13 07:46:13,121] {logging_mixin.py:104} INFO - [2021-12-13 07:46:13,121] {dag.py:2305} INFO - Setting next_dagrun for example_xcom_args to None
[2021-12-13 07:46:13,125] {logging_mixin.py:104} INFO - [2021-12-13 07:46:13,125] {dag.py:2305} INFO - Setting next_dagrun for example_xcom_args_with_operators to None
[2021-12-13 07:46:13,153] {scheduler_job.py:190} INFO - Processing /home/airflow/.local/lib/python3.8/site-packages/airflow/example_dags/example_xcomargs.py took 0.798 seconds
[2021-12-13 07:46:47,157] {scheduler_job.py:182} INFO - Started process (PID=38656) to work on /home/airflow/.local/lib/python3.8/site-packages/airflow/example_dags/example_xcomargs.py
[2021-12-13 07:46:47,171] {scheduler_job.py:633} INFO - Processing file /home/airflow/.local/lib/python3.8/site-packages/airflow/example_dags/example_xcomargs.py for tasks to queue
[2021-12-13 07:46:47,173] {logging_mixin.py:104} INFO - [2021-12-13 07:46:47,173] {dagbag.py:487} INFO - Filling up the DagBag from /home/airflow/.local/lib/python3.8/site-packages/airflow/example_dags/example_xcomargs.py
[2021-12-13 07:46:47,206] {scheduler_job.py:643} INFO - DAG(s) dict_keys(['example_xcom_args', 'example_xcom_args_with_operators']) retrieved from /home/airflow/.local/lib/python3.8/site-packages/airflow/example_dags/example_xcomargs.py
[2021-12-13 07:46:47,705] {logging_mixin.py:104} INFO - [2021-12-13 07:46:47,705] {dag.py:1832} INFO - Sync 2 DAGs
[2021-12-13 07:46:47,714] {logging_mixin.py:104} INFO - [2021-12-13 07:46:47,714] {dag.py:2305} INFO - Setting next_dagrun for example_xcom_args to None
[2021-12-13 07:46:47,717] {logging_mixin.py:104} INFO - [2021-12-13 07:46:47,717] {dag.py:2305} INFO - Setting next_dagrun for example_xcom_args_with_operators to None
[2021-12-13 07:46:47,743] {scheduler_job.py:190} INFO - Processing /home/airflow/.local/lib/python3.8/site-packages/airflow/example_dags/example_xcomargs.py took 0.589 seconds
[2021-12-13 07:47:22,164] {scheduler_job.py:182} INFO - Started process (PID=38773) to work on /home/airflow/.local/lib/python3.8/site-packages/airflow/example_dags/example_xcomargs.py
[2021-12-13 07:47:22,167] {scheduler_job.py:633} INFO - Processing file /home/airflow/.local/lib/python3.8/site-packages/airflow/example_dags/example_xcomargs.py for tasks to queue
[2021-12-13 07:47:22,168] {logging_mixin.py:104} INFO - [2021-12-13 07:47:22,168] {dagbag.py:487} INFO - Filling up the DagBag from /home/airflow/.local/lib/python3.8/site-packages/airflow/example_dags/example_xcomargs.py
[2021-12-13 07:47:22,193] {scheduler_job.py:643} INFO - DAG(s) dict_keys(['example_xcom_args', 'example_xcom_args_with_operators']) retrieved from /home/airflow/.local/lib/python3.8/site-packages/airflow/example_dags/example_xcomargs.py
[2021-12-13 07:47:22,557] {logging_mixin.py:104} INFO - [2021-12-13 07:47:22,557] {dag.py:1832} INFO - Sync 2 DAGs
[2021-12-13 07:47:22,568] {logging_mixin.py:104} INFO - [2021-12-13 07:47:22,568] {dag.py:2305} INFO - Setting next_dagrun for example_xcom_args to None
[2021-12-13 07:47:22,571] {logging_mixin.py:104} INFO - [2021-12-13 07:47:22,571] {dag.py:2305} INFO - Setting next_dagrun for example_xcom_args_with_operators to None
[2021-12-13 07:47:22,592] {scheduler_job.py:190} INFO - Processing /home/airflow/.local/lib/python3.8/site-packages/airflow/example_dags/example_xcomargs.py took 0.430 seconds
[2021-12-13 07:47:58,348] {scheduler_job.py:182} INFO - Started process (PID=38898) to work on /home/airflow/.local/lib/python3.8/site-packages/airflow/example_dags/example_xcomargs.py
[2021-12-13 07:47:58,357] {scheduler_job.py:633} INFO - Processing file /home/airflow/.local/lib/python3.8/site-packages/airflow/example_dags/example_xcomargs.py for tasks to queue
[2021-12-13 07:47:58,360] {logging_mixin.py:104} INFO - [2021-12-13 07:47:58,360] {dagbag.py:487} INFO - Filling up the DagBag from /home/airflow/.local/lib/python3.8/site-packages/airflow/example_dags/example_xcomargs.py
[2021-12-13 07:47:58,386] {scheduler_job.py:643} INFO - DAG(s) dict_keys(['example_xcom_args', 'example_xcom_args_with_operators']) retrieved from /home/airflow/.local/lib/python3.8/site-packages/airflow/example_dags/example_xcomargs.py
[2021-12-13 07:47:58,793] {logging_mixin.py:104} INFO - [2021-12-13 07:47:58,793] {dag.py:1832} INFO - Sync 2 DAGs
[2021-12-13 07:47:58,821] {logging_mixin.py:104} INFO - [2021-12-13 07:47:58,821] {dag.py:2305} INFO - Setting next_dagrun for example_xcom_args to None
[2021-12-13 07:47:58,834] {logging_mixin.py:104} INFO - [2021-12-13 07:47:58,834] {dag.py:2305} INFO - Setting next_dagrun for example_xcom_args_with_operators to None
[2021-12-13 07:47:58,912] {scheduler_job.py:190} INFO - Processing /home/airflow/.local/lib/python3.8/site-packages/airflow/example_dags/example_xcomargs.py took 0.570 seconds
[2021-12-13 07:48:32,547] {scheduler_job.py:182} INFO - Started process (PID=39013) to work on /home/airflow/.local/lib/python3.8/site-packages/airflow/example_dags/example_xcomargs.py
[2021-12-13 07:48:32,551] {scheduler_job.py:633} INFO - Processing file /home/airflow/.local/lib/python3.8/site-packages/airflow/example_dags/example_xcomargs.py for tasks to queue
[2021-12-13 07:48:32,552] {logging_mixin.py:104} INFO - [2021-12-13 07:48:32,552] {dagbag.py:487} INFO - Filling up the DagBag from /home/airflow/.local/lib/python3.8/site-packages/airflow/example_dags/example_xcomargs.py
[2021-12-13 07:48:32,571] {scheduler_job.py:643} INFO - DAG(s) dict_keys(['example_xcom_args', 'example_xcom_args_with_operators']) retrieved from /home/airflow/.local/lib/python3.8/site-packages/airflow/example_dags/example_xcomargs.py
[2021-12-13 07:48:32,896] {logging_mixin.py:104} INFO - [2021-12-13 07:48:32,896] {dag.py:1832} INFO - Sync 2 DAGs
[2021-12-13 07:48:32,909] {logging_mixin.py:104} INFO - [2021-12-13 07:48:32,909] {dag.py:2305} INFO - Setting next_dagrun for example_xcom_args to None
[2021-12-13 07:48:32,913] {logging_mixin.py:104} INFO - [2021-12-13 07:48:32,913] {dag.py:2305} INFO - Setting next_dagrun for example_xcom_args_with_operators to None
[2021-12-13 07:48:32,935] {scheduler_job.py:190} INFO - Processing /home/airflow/.local/lib/python3.8/site-packages/airflow/example_dags/example_xcomargs.py took 0.392 seconds
[2021-12-13 07:49:09,717] {scheduler_job.py:182} INFO - Started process (PID=39161) to work on /home/airflow/.local/lib/python3.8/site-packages/airflow/example_dags/example_xcomargs.py
[2021-12-13 07:49:09,725] {scheduler_job.py:633} INFO - Processing file /home/airflow/.local/lib/python3.8/site-packages/airflow/example_dags/example_xcomargs.py for tasks to queue
[2021-12-13 07:49:09,730] {logging_mixin.py:104} INFO - [2021-12-13 07:49:09,730] {dagbag.py:487} INFO - Filling up the DagBag from /home/airflow/.local/lib/python3.8/site-packages/airflow/example_dags/example_xcomargs.py
[2021-12-13 07:49:09,772] {scheduler_job.py:643} INFO - DAG(s) dict_keys(['example_xcom_args', 'example_xcom_args_with_operators']) retrieved from /home/airflow/.local/lib/python3.8/site-packages/airflow/example_dags/example_xcomargs.py
[2021-12-13 07:49:09,813] {logging_mixin.py:104} INFO - [2021-12-13 07:49:09,813] {dag.py:1832} INFO - Sync 2 DAGs
[2021-12-13 07:49:09,839] {logging_mixin.py:104} INFO - [2021-12-13 07:49:09,839] {dag.py:2305} INFO - Setting next_dagrun for example_xcom_args to None
[2021-12-13 07:49:09,842] {logging_mixin.py:104} INFO - [2021-12-13 07:49:09,842] {dag.py:2305} INFO - Setting next_dagrun for example_xcom_args_with_operators to None
[2021-12-13 07:49:09,882] {scheduler_job.py:190} INFO - Processing /home/airflow/.local/lib/python3.8/site-packages/airflow/example_dags/example_xcomargs.py took 0.168 seconds
[2021-12-13 07:49:49,432] {scheduler_job.py:182} INFO - Started process (PID=39337) to work on /home/airflow/.local/lib/python3.8/site-packages/airflow/example_dags/example_xcomargs.py
[2021-12-13 07:49:49,440] {scheduler_job.py:633} INFO - Processing file /home/airflow/.local/lib/python3.8/site-packages/airflow/example_dags/example_xcomargs.py for tasks to queue
[2021-12-13 07:49:49,445] {logging_mixin.py:104} INFO - [2021-12-13 07:49:49,445] {dagbag.py:487} INFO - Filling up the DagBag from /home/airflow/.local/lib/python3.8/site-packages/airflow/example_dags/example_xcomargs.py
[2021-12-13 07:49:49,481] {scheduler_job.py:643} INFO - DAG(s) dict_keys(['example_xcom_args', 'example_xcom_args_with_operators']) retrieved from /home/airflow/.local/lib/python3.8/site-packages/airflow/example_dags/example_xcomargs.py
[2021-12-13 07:49:50,224] {logging_mixin.py:104} INFO - [2021-12-13 07:49:50,223] {dag.py:1832} INFO - Sync 2 DAGs
[2021-12-13 07:49:50,303] {logging_mixin.py:104} INFO - [2021-12-13 07:49:50,303] {dag.py:2305} INFO - Setting next_dagrun for example_xcom_args to None
[2021-12-13 07:49:50,312] {logging_mixin.py:104} INFO - [2021-12-13 07:49:50,312] {dag.py:2305} INFO - Setting next_dagrun for example_xcom_args_with_operators to None
[2021-12-13 07:49:50,374] {scheduler_job.py:190} INFO - Processing /home/airflow/.local/lib/python3.8/site-packages/airflow/example_dags/example_xcomargs.py took 0.948 seconds
