[2021-12-13 07:35:31,811] {scheduler_job.py:182} INFO - Started process (PID=35775) to work on /home/airflow/.local/lib/python3.8/site-packages/airflow/example_dags/example_xcom.py
[2021-12-13 07:35:31,817] {scheduler_job.py:633} INFO - Processing file /home/airflow/.local/lib/python3.8/site-packages/airflow/example_dags/example_xcom.py for tasks to queue
[2021-12-13 07:35:31,821] {logging_mixin.py:104} INFO - [2021-12-13 07:35:31,821] {dagbag.py:487} INFO - Filling up the DagBag from /home/airflow/.local/lib/python3.8/site-packages/airflow/example_dags/example_xcom.py
[2021-12-13 07:35:31,836] {scheduler_job.py:643} INFO - DAG(s) dict_keys(['example_xcom']) retrieved from /home/airflow/.local/lib/python3.8/site-packages/airflow/example_dags/example_xcom.py
[2021-12-13 07:35:32,148] {logging_mixin.py:104} INFO - [2021-12-13 07:35:32,147] {dag.py:1832} INFO - Sync 1 DAGs
[2021-12-13 07:35:32,156] {logging_mixin.py:104} INFO - [2021-12-13 07:35:32,156] {dag.py:2305} INFO - Setting next_dagrun for example_xcom to 2021-12-11 00:00:00+00:00
[2021-12-13 07:35:32,186] {scheduler_job.py:190} INFO - Processing /home/airflow/.local/lib/python3.8/site-packages/airflow/example_dags/example_xcom.py took 0.378 seconds
[2021-12-13 07:36:11,032] {scheduler_job.py:182} INFO - Started process (PID=35956) to work on /home/airflow/.local/lib/python3.8/site-packages/airflow/example_dags/example_xcom.py
[2021-12-13 07:36:11,037] {scheduler_job.py:633} INFO - Processing file /home/airflow/.local/lib/python3.8/site-packages/airflow/example_dags/example_xcom.py for tasks to queue
[2021-12-13 07:36:11,041] {logging_mixin.py:104} INFO - [2021-12-13 07:36:11,041] {dagbag.py:487} INFO - Filling up the DagBag from /home/airflow/.local/lib/python3.8/site-packages/airflow/example_dags/example_xcom.py
[2021-12-13 07:36:11,053] {scheduler_job.py:643} INFO - DAG(s) dict_keys(['example_xcom']) retrieved from /home/airflow/.local/lib/python3.8/site-packages/airflow/example_dags/example_xcom.py
[2021-12-13 07:36:11,067] {logging_mixin.py:104} INFO - [2021-12-13 07:36:11,066] {dag.py:1832} INFO - Sync 1 DAGs
[2021-12-13 07:36:11,085] {logging_mixin.py:104} INFO - [2021-12-13 07:36:11,085] {dag.py:2305} INFO - Setting next_dagrun for example_xcom to 2021-12-11 00:00:00+00:00
[2021-12-13 07:36:11,113] {scheduler_job.py:190} INFO - Processing /home/airflow/.local/lib/python3.8/site-packages/airflow/example_dags/example_xcom.py took 0.084 seconds
[2021-12-13 07:36:45,270] {scheduler_job.py:182} INFO - Started process (PID=36099) to work on /home/airflow/.local/lib/python3.8/site-packages/airflow/example_dags/example_xcom.py
[2021-12-13 07:36:45,274] {scheduler_job.py:633} INFO - Processing file /home/airflow/.local/lib/python3.8/site-packages/airflow/example_dags/example_xcom.py for tasks to queue
[2021-12-13 07:36:45,278] {logging_mixin.py:104} INFO - [2021-12-13 07:36:45,278] {dagbag.py:487} INFO - Filling up the DagBag from /home/airflow/.local/lib/python3.8/site-packages/airflow/example_dags/example_xcom.py
[2021-12-13 07:36:45,290] {scheduler_job.py:643} INFO - DAG(s) dict_keys(['example_xcom']) retrieved from /home/airflow/.local/lib/python3.8/site-packages/airflow/example_dags/example_xcom.py
[2021-12-13 07:36:45,303] {logging_mixin.py:104} INFO - [2021-12-13 07:36:45,303] {dag.py:1832} INFO - Sync 1 DAGs
[2021-12-13 07:36:45,314] {logging_mixin.py:104} INFO - [2021-12-13 07:36:45,314] {dag.py:2305} INFO - Setting next_dagrun for example_xcom to 2021-12-11 00:00:00+00:00
[2021-12-13 07:36:45,339] {scheduler_job.py:190} INFO - Processing /home/airflow/.local/lib/python3.8/site-packages/airflow/example_dags/example_xcom.py took 0.071 seconds
[2021-12-13 07:37:18,150] {scheduler_job.py:182} INFO - Started process (PID=36257) to work on /home/airflow/.local/lib/python3.8/site-packages/airflow/example_dags/example_xcom.py
[2021-12-13 07:37:18,154] {scheduler_job.py:633} INFO - Processing file /home/airflow/.local/lib/python3.8/site-packages/airflow/example_dags/example_xcom.py for tasks to queue
[2021-12-13 07:37:18,157] {logging_mixin.py:104} INFO - [2021-12-13 07:37:18,157] {dagbag.py:487} INFO - Filling up the DagBag from /home/airflow/.local/lib/python3.8/site-packages/airflow/example_dags/example_xcom.py
[2021-12-13 07:37:18,171] {scheduler_job.py:643} INFO - DAG(s) dict_keys(['example_xcom']) retrieved from /home/airflow/.local/lib/python3.8/site-packages/airflow/example_dags/example_xcom.py
[2021-12-13 07:37:18,187] {logging_mixin.py:104} INFO - [2021-12-13 07:37:18,187] {dag.py:1832} INFO - Sync 1 DAGs
[2021-12-13 07:37:18,200] {logging_mixin.py:104} INFO - [2021-12-13 07:37:18,200] {dag.py:2305} INFO - Setting next_dagrun for example_xcom to 2021-12-11 00:00:00+00:00
[2021-12-13 07:37:18,229] {scheduler_job.py:190} INFO - Processing /home/airflow/.local/lib/python3.8/site-packages/airflow/example_dags/example_xcom.py took 0.082 seconds
[2021-12-13 07:37:53,264] {scheduler_job.py:182} INFO - Started process (PID=36388) to work on /home/airflow/.local/lib/python3.8/site-packages/airflow/example_dags/example_xcom.py
[2021-12-13 07:37:53,270] {scheduler_job.py:633} INFO - Processing file /home/airflow/.local/lib/python3.8/site-packages/airflow/example_dags/example_xcom.py for tasks to queue
[2021-12-13 07:37:53,273] {logging_mixin.py:104} INFO - [2021-12-13 07:37:53,273] {dagbag.py:487} INFO - Filling up the DagBag from /home/airflow/.local/lib/python3.8/site-packages/airflow/example_dags/example_xcom.py
[2021-12-13 07:37:53,293] {scheduler_job.py:643} INFO - DAG(s) dict_keys(['example_xcom']) retrieved from /home/airflow/.local/lib/python3.8/site-packages/airflow/example_dags/example_xcom.py
[2021-12-13 07:37:53,317] {logging_mixin.py:104} INFO - [2021-12-13 07:37:53,317] {dag.py:1832} INFO - Sync 1 DAGs
[2021-12-13 07:37:53,331] {logging_mixin.py:104} INFO - [2021-12-13 07:37:53,331] {dag.py:2305} INFO - Setting next_dagrun for example_xcom to 2021-12-11 00:00:00+00:00
[2021-12-13 07:37:53,361] {scheduler_job.py:190} INFO - Processing /home/airflow/.local/lib/python3.8/site-packages/airflow/example_dags/example_xcom.py took 0.105 seconds
[2021-12-13 07:38:28,387] {scheduler_job.py:182} INFO - Started process (PID=36548) to work on /home/airflow/.local/lib/python3.8/site-packages/airflow/example_dags/example_xcom.py
[2021-12-13 07:38:28,397] {scheduler_job.py:633} INFO - Processing file /home/airflow/.local/lib/python3.8/site-packages/airflow/example_dags/example_xcom.py for tasks to queue
[2021-12-13 07:38:28,400] {logging_mixin.py:104} INFO - [2021-12-13 07:38:28,400] {dagbag.py:487} INFO - Filling up the DagBag from /home/airflow/.local/lib/python3.8/site-packages/airflow/example_dags/example_xcom.py
[2021-12-13 07:38:28,430] {scheduler_job.py:643} INFO - DAG(s) dict_keys(['example_xcom']) retrieved from /home/airflow/.local/lib/python3.8/site-packages/airflow/example_dags/example_xcom.py
[2021-12-13 07:38:28,458] {logging_mixin.py:104} INFO - [2021-12-13 07:38:28,458] {dag.py:1832} INFO - Sync 1 DAGs
[2021-12-13 07:38:28,504] {logging_mixin.py:104} INFO - [2021-12-13 07:38:28,504] {dag.py:2305} INFO - Setting next_dagrun for example_xcom to 2021-12-11 00:00:00+00:00
[2021-12-13 07:38:28,545] {scheduler_job.py:190} INFO - Processing /home/airflow/.local/lib/python3.8/site-packages/airflow/example_dags/example_xcom.py took 0.160 seconds
[2021-12-13 07:39:04,616] {scheduler_job.py:182} INFO - Started process (PID=36793) to work on /home/airflow/.local/lib/python3.8/site-packages/airflow/example_dags/example_xcom.py
[2021-12-13 07:39:04,620] {scheduler_job.py:633} INFO - Processing file /home/airflow/.local/lib/python3.8/site-packages/airflow/example_dags/example_xcom.py for tasks to queue
[2021-12-13 07:39:04,622] {logging_mixin.py:104} INFO - [2021-12-13 07:39:04,622] {dagbag.py:487} INFO - Filling up the DagBag from /home/airflow/.local/lib/python3.8/site-packages/airflow/example_dags/example_xcom.py
[2021-12-13 07:39:04,634] {scheduler_job.py:643} INFO - DAG(s) dict_keys(['example_xcom']) retrieved from /home/airflow/.local/lib/python3.8/site-packages/airflow/example_dags/example_xcom.py
[2021-12-13 07:39:04,646] {logging_mixin.py:104} INFO - [2021-12-13 07:39:04,646] {dag.py:1832} INFO - Sync 1 DAGs
[2021-12-13 07:39:04,658] {logging_mixin.py:104} INFO - [2021-12-13 07:39:04,658] {dag.py:2305} INFO - Setting next_dagrun for example_xcom to 2021-12-11 00:00:00+00:00
[2021-12-13 07:39:04,685] {scheduler_job.py:190} INFO - Processing /home/airflow/.local/lib/python3.8/site-packages/airflow/example_dags/example_xcom.py took 0.071 seconds
[2021-12-13 07:39:37,660] {scheduler_job.py:182} INFO - Started process (PID=36995) to work on /home/airflow/.local/lib/python3.8/site-packages/airflow/example_dags/example_xcom.py
[2021-12-13 07:39:37,664] {scheduler_job.py:633} INFO - Processing file /home/airflow/.local/lib/python3.8/site-packages/airflow/example_dags/example_xcom.py for tasks to queue
[2021-12-13 07:39:37,664] {logging_mixin.py:104} INFO - [2021-12-13 07:39:37,664] {dagbag.py:487} INFO - Filling up the DagBag from /home/airflow/.local/lib/python3.8/site-packages/airflow/example_dags/example_xcom.py
[2021-12-13 07:39:37,676] {scheduler_job.py:643} INFO - DAG(s) dict_keys(['example_xcom']) retrieved from /home/airflow/.local/lib/python3.8/site-packages/airflow/example_dags/example_xcom.py
[2021-12-13 07:39:37,689] {logging_mixin.py:104} INFO - [2021-12-13 07:39:37,689] {dag.py:1832} INFO - Sync 1 DAGs
[2021-12-13 07:39:37,701] {logging_mixin.py:104} INFO - [2021-12-13 07:39:37,701] {dag.py:2305} INFO - Setting next_dagrun for example_xcom to 2021-12-11 00:00:00+00:00
[2021-12-13 07:39:37,724] {scheduler_job.py:190} INFO - Processing /home/airflow/.local/lib/python3.8/site-packages/airflow/example_dags/example_xcom.py took 0.066 seconds
[2021-12-13 07:40:23,760] {scheduler_job.py:182} INFO - Started process (PID=37286) to work on /home/airflow/.local/lib/python3.8/site-packages/airflow/example_dags/example_xcom.py
[2021-12-13 07:40:23,769] {scheduler_job.py:633} INFO - Processing file /home/airflow/.local/lib/python3.8/site-packages/airflow/example_dags/example_xcom.py for tasks to queue
[2021-12-13 07:40:23,777] {logging_mixin.py:104} INFO - [2021-12-13 07:40:23,777] {dagbag.py:487} INFO - Filling up the DagBag from /home/airflow/.local/lib/python3.8/site-packages/airflow/example_dags/example_xcom.py
[2021-12-13 07:40:23,800] {scheduler_job.py:643} INFO - DAG(s) dict_keys(['example_xcom']) retrieved from /home/airflow/.local/lib/python3.8/site-packages/airflow/example_dags/example_xcom.py
[2021-12-13 07:40:23,834] {logging_mixin.py:104} INFO - [2021-12-13 07:40:23,834] {dag.py:1832} INFO - Sync 1 DAGs
[2021-12-13 07:40:23,854] {logging_mixin.py:104} INFO - [2021-12-13 07:40:23,853] {dag.py:2305} INFO - Setting next_dagrun for example_xcom to 2021-12-11 00:00:00+00:00
[2021-12-13 07:40:23,885] {scheduler_job.py:190} INFO - Processing /home/airflow/.local/lib/python3.8/site-packages/airflow/example_dags/example_xcom.py took 0.132 seconds
[2021-12-13 07:41:17,039] {scheduler_job.py:182} INFO - Started process (PID=37475) to work on /home/airflow/.local/lib/python3.8/site-packages/airflow/example_dags/example_xcom.py
[2021-12-13 07:41:17,051] {scheduler_job.py:633} INFO - Processing file /home/airflow/.local/lib/python3.8/site-packages/airflow/example_dags/example_xcom.py for tasks to queue
[2021-12-13 07:41:17,054] {logging_mixin.py:104} INFO - [2021-12-13 07:41:17,054] {dagbag.py:487} INFO - Filling up the DagBag from /home/airflow/.local/lib/python3.8/site-packages/airflow/example_dags/example_xcom.py
[2021-12-13 07:41:17,087] {scheduler_job.py:643} INFO - DAG(s) dict_keys(['example_xcom']) retrieved from /home/airflow/.local/lib/python3.8/site-packages/airflow/example_dags/example_xcom.py
[2021-12-13 07:41:17,127] {logging_mixin.py:104} INFO - [2021-12-13 07:41:17,127] {dag.py:1832} INFO - Sync 1 DAGs
[2021-12-13 07:41:17,159] {logging_mixin.py:104} INFO - [2021-12-13 07:41:17,158] {dag.py:2305} INFO - Setting next_dagrun for example_xcom to 2021-12-11 00:00:00+00:00
[2021-12-13 07:41:17,191] {scheduler_job.py:190} INFO - Processing /home/airflow/.local/lib/python3.8/site-packages/airflow/example_dags/example_xcom.py took 0.162 seconds
[2021-12-13 07:42:05,717] {scheduler_job.py:182} INFO - Started process (PID=37643) to work on /home/airflow/.local/lib/python3.8/site-packages/airflow/example_dags/example_xcom.py
[2021-12-13 07:42:05,720] {scheduler_job.py:633} INFO - Processing file /home/airflow/.local/lib/python3.8/site-packages/airflow/example_dags/example_xcom.py for tasks to queue
[2021-12-13 07:42:05,723] {logging_mixin.py:104} INFO - [2021-12-13 07:42:05,723] {dagbag.py:487} INFO - Filling up the DagBag from /home/airflow/.local/lib/python3.8/site-packages/airflow/example_dags/example_xcom.py
[2021-12-13 07:42:05,734] {scheduler_job.py:643} INFO - DAG(s) dict_keys(['example_xcom']) retrieved from /home/airflow/.local/lib/python3.8/site-packages/airflow/example_dags/example_xcom.py
[2021-12-13 07:42:05,748] {logging_mixin.py:104} INFO - [2021-12-13 07:42:05,748] {dag.py:1832} INFO - Sync 1 DAGs
[2021-12-13 07:42:05,758] {logging_mixin.py:104} INFO - [2021-12-13 07:42:05,758] {dag.py:2305} INFO - Setting next_dagrun for example_xcom to 2021-12-11 00:00:00+00:00
[2021-12-13 07:42:05,785] {scheduler_job.py:190} INFO - Processing /home/airflow/.local/lib/python3.8/site-packages/airflow/example_dags/example_xcom.py took 0.070 seconds
[2021-12-13 07:42:44,798] {scheduler_job.py:182} INFO - Started process (PID=37777) to work on /home/airflow/.local/lib/python3.8/site-packages/airflow/example_dags/example_xcom.py
[2021-12-13 07:42:44,801] {scheduler_job.py:633} INFO - Processing file /home/airflow/.local/lib/python3.8/site-packages/airflow/example_dags/example_xcom.py for tasks to queue
[2021-12-13 07:42:44,804] {logging_mixin.py:104} INFO - [2021-12-13 07:42:44,803] {dagbag.py:487} INFO - Filling up the DagBag from /home/airflow/.local/lib/python3.8/site-packages/airflow/example_dags/example_xcom.py
[2021-12-13 07:42:44,828] {scheduler_job.py:643} INFO - DAG(s) dict_keys(['example_xcom']) retrieved from /home/airflow/.local/lib/python3.8/site-packages/airflow/example_dags/example_xcom.py
[2021-12-13 07:42:44,888] {logging_mixin.py:104} INFO - [2021-12-13 07:42:44,887] {dag.py:1832} INFO - Sync 1 DAGs
[2021-12-13 07:42:44,928] {logging_mixin.py:104} INFO - [2021-12-13 07:42:44,927] {dag.py:2305} INFO - Setting next_dagrun for example_xcom to 2021-12-11 00:00:00+00:00
[2021-12-13 07:42:44,973] {scheduler_job.py:190} INFO - Processing /home/airflow/.local/lib/python3.8/site-packages/airflow/example_dags/example_xcom.py took 0.190 seconds
[2021-12-13 07:43:30,816] {scheduler_job.py:182} INFO - Started process (PID=37926) to work on /home/airflow/.local/lib/python3.8/site-packages/airflow/example_dags/example_xcom.py
[2021-12-13 07:43:30,823] {scheduler_job.py:633} INFO - Processing file /home/airflow/.local/lib/python3.8/site-packages/airflow/example_dags/example_xcom.py for tasks to queue
[2021-12-13 07:43:30,826] {logging_mixin.py:104} INFO - [2021-12-13 07:43:30,826] {dagbag.py:487} INFO - Filling up the DagBag from /home/airflow/.local/lib/python3.8/site-packages/airflow/example_dags/example_xcom.py
[2021-12-13 07:43:30,851] {scheduler_job.py:643} INFO - DAG(s) dict_keys(['example_xcom']) retrieved from /home/airflow/.local/lib/python3.8/site-packages/airflow/example_dags/example_xcom.py
[2021-12-13 07:43:30,884] {logging_mixin.py:104} INFO - [2021-12-13 07:43:30,884] {dag.py:1832} INFO - Sync 1 DAGs
[2021-12-13 07:43:30,920] {logging_mixin.py:104} INFO - [2021-12-13 07:43:30,920] {dag.py:2305} INFO - Setting next_dagrun for example_xcom to 2021-12-11 00:00:00+00:00
[2021-12-13 07:43:30,973] {scheduler_job.py:190} INFO - Processing /home/airflow/.local/lib/python3.8/site-packages/airflow/example_dags/example_xcom.py took 0.164 seconds
[2021-12-13 07:44:10,079] {scheduler_job.py:182} INFO - Started process (PID=38054) to work on /home/airflow/.local/lib/python3.8/site-packages/airflow/example_dags/example_xcom.py
[2021-12-13 07:44:10,083] {scheduler_job.py:633} INFO - Processing file /home/airflow/.local/lib/python3.8/site-packages/airflow/example_dags/example_xcom.py for tasks to queue
[2021-12-13 07:44:10,084] {logging_mixin.py:104} INFO - [2021-12-13 07:44:10,084] {dagbag.py:487} INFO - Filling up the DagBag from /home/airflow/.local/lib/python3.8/site-packages/airflow/example_dags/example_xcom.py
[2021-12-13 07:44:10,100] {scheduler_job.py:643} INFO - DAG(s) dict_keys(['example_xcom']) retrieved from /home/airflow/.local/lib/python3.8/site-packages/airflow/example_dags/example_xcom.py
[2021-12-13 07:44:10,116] {logging_mixin.py:104} INFO - [2021-12-13 07:44:10,116] {dag.py:1832} INFO - Sync 1 DAGs
[2021-12-13 07:44:10,130] {logging_mixin.py:104} INFO - [2021-12-13 07:44:10,130] {dag.py:2305} INFO - Setting next_dagrun for example_xcom to 2021-12-11 00:00:00+00:00
[2021-12-13 07:44:10,153] {scheduler_job.py:190} INFO - Processing /home/airflow/.local/lib/python3.8/site-packages/airflow/example_dags/example_xcom.py took 0.076 seconds
[2021-12-13 07:44:44,226] {scheduler_job.py:182} INFO - Started process (PID=38165) to work on /home/airflow/.local/lib/python3.8/site-packages/airflow/example_dags/example_xcom.py
[2021-12-13 07:44:44,234] {scheduler_job.py:633} INFO - Processing file /home/airflow/.local/lib/python3.8/site-packages/airflow/example_dags/example_xcom.py for tasks to queue
[2021-12-13 07:44:44,234] {logging_mixin.py:104} INFO - [2021-12-13 07:44:44,234] {dagbag.py:487} INFO - Filling up the DagBag from /home/airflow/.local/lib/python3.8/site-packages/airflow/example_dags/example_xcom.py
[2021-12-13 07:44:44,256] {scheduler_job.py:643} INFO - DAG(s) dict_keys(['example_xcom']) retrieved from /home/airflow/.local/lib/python3.8/site-packages/airflow/example_dags/example_xcom.py
[2021-12-13 07:44:44,271] {logging_mixin.py:104} INFO - [2021-12-13 07:44:44,271] {dag.py:1832} INFO - Sync 1 DAGs
[2021-12-13 07:44:44,285] {logging_mixin.py:104} INFO - [2021-12-13 07:44:44,285] {dag.py:2305} INFO - Setting next_dagrun for example_xcom to 2021-12-11 00:00:00+00:00
[2021-12-13 07:44:44,312] {scheduler_job.py:190} INFO - Processing /home/airflow/.local/lib/python3.8/site-packages/airflow/example_dags/example_xcom.py took 0.091 seconds
[2021-12-13 07:45:29,905] {scheduler_job.py:182} INFO - Started process (PID=38405) to work on /home/airflow/.local/lib/python3.8/site-packages/airflow/example_dags/example_xcom.py
[2021-12-13 07:45:29,908] {scheduler_job.py:633} INFO - Processing file /home/airflow/.local/lib/python3.8/site-packages/airflow/example_dags/example_xcom.py for tasks to queue
[2021-12-13 07:45:29,911] {logging_mixin.py:104} INFO - [2021-12-13 07:45:29,911] {dagbag.py:487} INFO - Filling up the DagBag from /home/airflow/.local/lib/python3.8/site-packages/airflow/example_dags/example_xcom.py
[2021-12-13 07:45:29,922] {scheduler_job.py:643} INFO - DAG(s) dict_keys(['example_xcom']) retrieved from /home/airflow/.local/lib/python3.8/site-packages/airflow/example_dags/example_xcom.py
[2021-12-13 07:45:29,936] {logging_mixin.py:104} INFO - [2021-12-13 07:45:29,936] {dag.py:1832} INFO - Sync 1 DAGs
[2021-12-13 07:45:29,945] {logging_mixin.py:104} INFO - [2021-12-13 07:45:29,945] {dag.py:2305} INFO - Setting next_dagrun for example_xcom to 2021-12-11 00:00:00+00:00
[2021-12-13 07:45:29,961] {scheduler_job.py:190} INFO - Processing /home/airflow/.local/lib/python3.8/site-packages/airflow/example_dags/example_xcom.py took 0.058 seconds
[2021-12-13 07:46:08,448] {scheduler_job.py:182} INFO - Started process (PID=38527) to work on /home/airflow/.local/lib/python3.8/site-packages/airflow/example_dags/example_xcom.py
[2021-12-13 07:46:08,453] {scheduler_job.py:633} INFO - Processing file /home/airflow/.local/lib/python3.8/site-packages/airflow/example_dags/example_xcom.py for tasks to queue
[2021-12-13 07:46:08,453] {logging_mixin.py:104} INFO - [2021-12-13 07:46:08,453] {dagbag.py:487} INFO - Filling up the DagBag from /home/airflow/.local/lib/python3.8/site-packages/airflow/example_dags/example_xcom.py
[2021-12-13 07:46:08,484] {scheduler_job.py:643} INFO - DAG(s) dict_keys(['example_xcom']) retrieved from /home/airflow/.local/lib/python3.8/site-packages/airflow/example_dags/example_xcom.py
[2021-12-13 07:46:08,519] {logging_mixin.py:104} INFO - [2021-12-13 07:46:08,519] {dag.py:1832} INFO - Sync 1 DAGs
[2021-12-13 07:46:08,537] {logging_mixin.py:104} INFO - [2021-12-13 07:46:08,537] {dag.py:2305} INFO - Setting next_dagrun for example_xcom to 2021-12-11 00:00:00+00:00
[2021-12-13 07:46:08,568] {scheduler_job.py:190} INFO - Processing /home/airflow/.local/lib/python3.8/site-packages/airflow/example_dags/example_xcom.py took 0.122 seconds
[2021-12-13 07:46:49,388] {scheduler_job.py:182} INFO - Started process (PID=38664) to work on /home/airflow/.local/lib/python3.8/site-packages/airflow/example_dags/example_xcom.py
[2021-12-13 07:46:49,392] {scheduler_job.py:633} INFO - Processing file /home/airflow/.local/lib/python3.8/site-packages/airflow/example_dags/example_xcom.py for tasks to queue
[2021-12-13 07:46:49,392] {logging_mixin.py:104} INFO - [2021-12-13 07:46:49,392] {dagbag.py:487} INFO - Filling up the DagBag from /home/airflow/.local/lib/python3.8/site-packages/airflow/example_dags/example_xcom.py
[2021-12-13 07:46:49,410] {scheduler_job.py:643} INFO - DAG(s) dict_keys(['example_xcom']) retrieved from /home/airflow/.local/lib/python3.8/site-packages/airflow/example_dags/example_xcom.py
[2021-12-13 07:46:49,427] {logging_mixin.py:104} INFO - [2021-12-13 07:46:49,427] {dag.py:1832} INFO - Sync 1 DAGs
[2021-12-13 07:46:49,442] {logging_mixin.py:104} INFO - [2021-12-13 07:46:49,442] {dag.py:2305} INFO - Setting next_dagrun for example_xcom to 2021-12-11 00:00:00+00:00
[2021-12-13 07:46:49,472] {scheduler_job.py:190} INFO - Processing /home/airflow/.local/lib/python3.8/site-packages/airflow/example_dags/example_xcom.py took 0.086 seconds
[2021-12-13 07:47:24,844] {scheduler_job.py:182} INFO - Started process (PID=38787) to work on /home/airflow/.local/lib/python3.8/site-packages/airflow/example_dags/example_xcom.py
[2021-12-13 07:47:24,851] {scheduler_job.py:633} INFO - Processing file /home/airflow/.local/lib/python3.8/site-packages/airflow/example_dags/example_xcom.py for tasks to queue
[2021-12-13 07:47:24,851] {logging_mixin.py:104} INFO - [2021-12-13 07:47:24,851] {dagbag.py:487} INFO - Filling up the DagBag from /home/airflow/.local/lib/python3.8/site-packages/airflow/example_dags/example_xcom.py
[2021-12-13 07:47:24,881] {scheduler_job.py:643} INFO - DAG(s) dict_keys(['example_xcom']) retrieved from /home/airflow/.local/lib/python3.8/site-packages/airflow/example_dags/example_xcom.py
[2021-12-13 07:47:24,900] {logging_mixin.py:104} INFO - [2021-12-13 07:47:24,899] {dag.py:1832} INFO - Sync 1 DAGs
[2021-12-13 07:47:24,910] {logging_mixin.py:104} INFO - [2021-12-13 07:47:24,910] {dag.py:2305} INFO - Setting next_dagrun for example_xcom to 2021-12-11 00:00:00+00:00
[2021-12-13 07:47:24,935] {scheduler_job.py:190} INFO - Processing /home/airflow/.local/lib/python3.8/site-packages/airflow/example_dags/example_xcom.py took 0.098 seconds
[2021-12-13 07:48:03,541] {scheduler_job.py:182} INFO - Started process (PID=38915) to work on /home/airflow/.local/lib/python3.8/site-packages/airflow/example_dags/example_xcom.py
[2021-12-13 07:48:03,551] {scheduler_job.py:633} INFO - Processing file /home/airflow/.local/lib/python3.8/site-packages/airflow/example_dags/example_xcom.py for tasks to queue
[2021-12-13 07:48:03,558] {logging_mixin.py:104} INFO - [2021-12-13 07:48:03,558] {dagbag.py:487} INFO - Filling up the DagBag from /home/airflow/.local/lib/python3.8/site-packages/airflow/example_dags/example_xcom.py
[2021-12-13 07:48:03,575] {scheduler_job.py:643} INFO - DAG(s) dict_keys(['example_xcom']) retrieved from /home/airflow/.local/lib/python3.8/site-packages/airflow/example_dags/example_xcom.py
[2021-12-13 07:48:03,608] {logging_mixin.py:104} INFO - [2021-12-13 07:48:03,608] {dag.py:1832} INFO - Sync 1 DAGs
[2021-12-13 07:48:03,619] {logging_mixin.py:104} INFO - [2021-12-13 07:48:03,619] {dag.py:2305} INFO - Setting next_dagrun for example_xcom to 2021-12-11 00:00:00+00:00
[2021-12-13 07:48:03,644] {scheduler_job.py:190} INFO - Processing /home/airflow/.local/lib/python3.8/site-packages/airflow/example_dags/example_xcom.py took 0.105 seconds
[2021-12-13 07:48:47,999] {scheduler_job.py:182} INFO - Started process (PID=39062) to work on /home/airflow/.local/lib/python3.8/site-packages/airflow/example_dags/example_xcom.py
[2021-12-13 07:48:48,012] {scheduler_job.py:633} INFO - Processing file /home/airflow/.local/lib/python3.8/site-packages/airflow/example_dags/example_xcom.py for tasks to queue
[2021-12-13 07:48:48,018] {logging_mixin.py:104} INFO - [2021-12-13 07:48:48,017] {dagbag.py:487} INFO - Filling up the DagBag from /home/airflow/.local/lib/python3.8/site-packages/airflow/example_dags/example_xcom.py
[2021-12-13 07:48:48,042] {scheduler_job.py:643} INFO - DAG(s) dict_keys(['example_xcom']) retrieved from /home/airflow/.local/lib/python3.8/site-packages/airflow/example_dags/example_xcom.py
[2021-12-13 07:48:48,068] {logging_mixin.py:104} INFO - [2021-12-13 07:48:48,068] {dag.py:1832} INFO - Sync 1 DAGs
[2021-12-13 07:48:48,092] {logging_mixin.py:104} INFO - [2021-12-13 07:48:48,092] {dag.py:2305} INFO - Setting next_dagrun for example_xcom to 2021-12-11 00:00:00+00:00
[2021-12-13 07:48:48,128] {scheduler_job.py:190} INFO - Processing /home/airflow/.local/lib/python3.8/site-packages/airflow/example_dags/example_xcom.py took 0.139 seconds
[2021-12-13 07:49:28,116] {scheduler_job.py:182} INFO - Started process (PID=39265) to work on /home/airflow/.local/lib/python3.8/site-packages/airflow/example_dags/example_xcom.py
[2021-12-13 07:49:28,119] {scheduler_job.py:633} INFO - Processing file /home/airflow/.local/lib/python3.8/site-packages/airflow/example_dags/example_xcom.py for tasks to queue
[2021-12-13 07:49:28,131] {logging_mixin.py:104} INFO - [2021-12-13 07:49:28,130] {dagbag.py:487} INFO - Filling up the DagBag from /home/airflow/.local/lib/python3.8/site-packages/airflow/example_dags/example_xcom.py
[2021-12-13 07:49:28,189] {scheduler_job.py:643} INFO - DAG(s) dict_keys(['example_xcom']) retrieved from /home/airflow/.local/lib/python3.8/site-packages/airflow/example_dags/example_xcom.py
[2021-12-13 07:49:28,293] {logging_mixin.py:104} INFO - [2021-12-13 07:49:28,293] {dag.py:1832} INFO - Sync 1 DAGs
[2021-12-13 07:49:28,383] {logging_mixin.py:104} INFO - [2021-12-13 07:49:28,383] {dag.py:2305} INFO - Setting next_dagrun for example_xcom to 2021-12-11 00:00:00+00:00
[2021-12-13 07:49:28,432] {scheduler_job.py:190} INFO - Processing /home/airflow/.local/lib/python3.8/site-packages/airflow/example_dags/example_xcom.py took 0.349 seconds
[2021-12-13 07:50:06,315] {scheduler_job.py:182} INFO - Started process (PID=39415) to work on /home/airflow/.local/lib/python3.8/site-packages/airflow/example_dags/example_xcom.py
[2021-12-13 07:50:06,323] {scheduler_job.py:633} INFO - Processing file /home/airflow/.local/lib/python3.8/site-packages/airflow/example_dags/example_xcom.py for tasks to queue
[2021-12-13 07:50:06,325] {logging_mixin.py:104} INFO - [2021-12-13 07:50:06,325] {dagbag.py:487} INFO - Filling up the DagBag from /home/airflow/.local/lib/python3.8/site-packages/airflow/example_dags/example_xcom.py
[2021-12-13 07:50:06,356] {scheduler_job.py:643} INFO - DAG(s) dict_keys(['example_xcom']) retrieved from /home/airflow/.local/lib/python3.8/site-packages/airflow/example_dags/example_xcom.py
[2021-12-13 07:50:06,398] {logging_mixin.py:104} INFO - [2021-12-13 07:50:06,398] {dag.py:1832} INFO - Sync 1 DAGs
[2021-12-13 07:50:06,420] {logging_mixin.py:104} INFO - [2021-12-13 07:50:06,420] {dag.py:2305} INFO - Setting next_dagrun for example_xcom to 2021-12-11 00:00:00+00:00
[2021-12-13 07:50:06,453] {scheduler_job.py:190} INFO - Processing /home/airflow/.local/lib/python3.8/site-packages/airflow/example_dags/example_xcom.py took 0.140 seconds
