[2021-12-13 07:35:30,261] {scheduler_job.py:182} INFO - Started process (PID=35768) to work on /home/airflow/.local/lib/python3.8/site-packages/airflow/example_dags/example_nested_branch_dag.py
[2021-12-13 07:35:30,264] {scheduler_job.py:633} INFO - Processing file /home/airflow/.local/lib/python3.8/site-packages/airflow/example_dags/example_nested_branch_dag.py for tasks to queue
[2021-12-13 07:35:30,265] {logging_mixin.py:104} INFO - [2021-12-13 07:35:30,265] {dagbag.py:487} INFO - Filling up the DagBag from /home/airflow/.local/lib/python3.8/site-packages/airflow/example_dags/example_nested_branch_dag.py
[2021-12-13 07:35:30,283] {scheduler_job.py:643} INFO - DAG(s) dict_keys(['example_nested_branch_dag']) retrieved from /home/airflow/.local/lib/python3.8/site-packages/airflow/example_dags/example_nested_branch_dag.py
[2021-12-13 07:35:30,601] {logging_mixin.py:104} INFO - [2021-12-13 07:35:30,601] {dag.py:1832} INFO - Sync 1 DAGs
[2021-12-13 07:35:30,617] {logging_mixin.py:104} INFO - [2021-12-13 07:35:30,617] {dag.py:2305} INFO - Setting next_dagrun for example_nested_branch_dag to 2021-12-11 00:00:00+00:00
[2021-12-13 07:35:30,653] {scheduler_job.py:190} INFO - Processing /home/airflow/.local/lib/python3.8/site-packages/airflow/example_dags/example_nested_branch_dag.py took 0.395 seconds
[2021-12-13 07:36:09,655] {scheduler_job.py:182} INFO - Started process (PID=35949) to work on /home/airflow/.local/lib/python3.8/site-packages/airflow/example_dags/example_nested_branch_dag.py
[2021-12-13 07:36:09,660] {scheduler_job.py:633} INFO - Processing file /home/airflow/.local/lib/python3.8/site-packages/airflow/example_dags/example_nested_branch_dag.py for tasks to queue
[2021-12-13 07:36:09,664] {logging_mixin.py:104} INFO - [2021-12-13 07:36:09,664] {dagbag.py:487} INFO - Filling up the DagBag from /home/airflow/.local/lib/python3.8/site-packages/airflow/example_dags/example_nested_branch_dag.py
[2021-12-13 07:36:09,715] {scheduler_job.py:643} INFO - DAG(s) dict_keys(['example_nested_branch_dag']) retrieved from /home/airflow/.local/lib/python3.8/site-packages/airflow/example_dags/example_nested_branch_dag.py
[2021-12-13 07:36:09,773] {logging_mixin.py:104} INFO - [2021-12-13 07:36:09,773] {dag.py:1832} INFO - Sync 1 DAGs
[2021-12-13 07:36:09,836] {logging_mixin.py:104} INFO - [2021-12-13 07:36:09,836] {dag.py:2305} INFO - Setting next_dagrun for example_nested_branch_dag to 2021-12-11 00:00:00+00:00
[2021-12-13 07:36:09,888] {scheduler_job.py:190} INFO - Processing /home/airflow/.local/lib/python3.8/site-packages/airflow/example_dags/example_nested_branch_dag.py took 0.243 seconds
[2021-12-13 07:36:44,130] {scheduler_job.py:182} INFO - Started process (PID=36092) to work on /home/airflow/.local/lib/python3.8/site-packages/airflow/example_dags/example_nested_branch_dag.py
[2021-12-13 07:36:44,134] {scheduler_job.py:633} INFO - Processing file /home/airflow/.local/lib/python3.8/site-packages/airflow/example_dags/example_nested_branch_dag.py for tasks to queue
[2021-12-13 07:36:44,138] {logging_mixin.py:104} INFO - [2021-12-13 07:36:44,138] {dagbag.py:487} INFO - Filling up the DagBag from /home/airflow/.local/lib/python3.8/site-packages/airflow/example_dags/example_nested_branch_dag.py
[2021-12-13 07:36:44,154] {scheduler_job.py:643} INFO - DAG(s) dict_keys(['example_nested_branch_dag']) retrieved from /home/airflow/.local/lib/python3.8/site-packages/airflow/example_dags/example_nested_branch_dag.py
[2021-12-13 07:36:44,171] {logging_mixin.py:104} INFO - [2021-12-13 07:36:44,170] {dag.py:1832} INFO - Sync 1 DAGs
[2021-12-13 07:36:44,188] {logging_mixin.py:104} INFO - [2021-12-13 07:36:44,188] {dag.py:2305} INFO - Setting next_dagrun for example_nested_branch_dag to 2021-12-11 00:00:00+00:00
[2021-12-13 07:36:44,219] {scheduler_job.py:190} INFO - Processing /home/airflow/.local/lib/python3.8/site-packages/airflow/example_dags/example_nested_branch_dag.py took 0.092 seconds
[2021-12-13 07:37:17,013] {scheduler_job.py:182} INFO - Started process (PID=36250) to work on /home/airflow/.local/lib/python3.8/site-packages/airflow/example_dags/example_nested_branch_dag.py
[2021-12-13 07:37:17,018] {scheduler_job.py:633} INFO - Processing file /home/airflow/.local/lib/python3.8/site-packages/airflow/example_dags/example_nested_branch_dag.py for tasks to queue
[2021-12-13 07:37:17,020] {logging_mixin.py:104} INFO - [2021-12-13 07:37:17,020] {dagbag.py:487} INFO - Filling up the DagBag from /home/airflow/.local/lib/python3.8/site-packages/airflow/example_dags/example_nested_branch_dag.py
[2021-12-13 07:37:17,035] {scheduler_job.py:643} INFO - DAG(s) dict_keys(['example_nested_branch_dag']) retrieved from /home/airflow/.local/lib/python3.8/site-packages/airflow/example_dags/example_nested_branch_dag.py
[2021-12-13 07:37:17,048] {logging_mixin.py:104} INFO - [2021-12-13 07:37:17,048] {dag.py:1832} INFO - Sync 1 DAGs
[2021-12-13 07:37:17,061] {logging_mixin.py:104} INFO - [2021-12-13 07:37:17,061] {dag.py:2305} INFO - Setting next_dagrun for example_nested_branch_dag to 2021-12-11 00:00:00+00:00
[2021-12-13 07:37:17,087] {scheduler_job.py:190} INFO - Processing /home/airflow/.local/lib/python3.8/site-packages/airflow/example_dags/example_nested_branch_dag.py took 0.077 seconds
[2021-12-13 07:37:52,126] {scheduler_job.py:182} INFO - Started process (PID=36384) to work on /home/airflow/.local/lib/python3.8/site-packages/airflow/example_dags/example_nested_branch_dag.py
[2021-12-13 07:37:52,131] {scheduler_job.py:633} INFO - Processing file /home/airflow/.local/lib/python3.8/site-packages/airflow/example_dags/example_nested_branch_dag.py for tasks to queue
[2021-12-13 07:37:52,131] {logging_mixin.py:104} INFO - [2021-12-13 07:37:52,131] {dagbag.py:487} INFO - Filling up the DagBag from /home/airflow/.local/lib/python3.8/site-packages/airflow/example_dags/example_nested_branch_dag.py
[2021-12-13 07:37:52,146] {scheduler_job.py:643} INFO - DAG(s) dict_keys(['example_nested_branch_dag']) retrieved from /home/airflow/.local/lib/python3.8/site-packages/airflow/example_dags/example_nested_branch_dag.py
[2021-12-13 07:37:52,160] {logging_mixin.py:104} INFO - [2021-12-13 07:37:52,160] {dag.py:1832} INFO - Sync 1 DAGs
[2021-12-13 07:37:52,175] {logging_mixin.py:104} INFO - [2021-12-13 07:37:52,175] {dag.py:2305} INFO - Setting next_dagrun for example_nested_branch_dag to 2021-12-11 00:00:00+00:00
[2021-12-13 07:37:52,204] {scheduler_job.py:190} INFO - Processing /home/airflow/.local/lib/python3.8/site-packages/airflow/example_dags/example_nested_branch_dag.py took 0.080 seconds
[2021-12-13 07:38:27,162] {scheduler_job.py:182} INFO - Started process (PID=36547) to work on /home/airflow/.local/lib/python3.8/site-packages/airflow/example_dags/example_nested_branch_dag.py
[2021-12-13 07:38:27,165] {scheduler_job.py:633} INFO - Processing file /home/airflow/.local/lib/python3.8/site-packages/airflow/example_dags/example_nested_branch_dag.py for tasks to queue
[2021-12-13 07:38:27,169] {logging_mixin.py:104} INFO - [2021-12-13 07:38:27,169] {dagbag.py:487} INFO - Filling up the DagBag from /home/airflow/.local/lib/python3.8/site-packages/airflow/example_dags/example_nested_branch_dag.py
[2021-12-13 07:38:27,186] {scheduler_job.py:643} INFO - DAG(s) dict_keys(['example_nested_branch_dag']) retrieved from /home/airflow/.local/lib/python3.8/site-packages/airflow/example_dags/example_nested_branch_dag.py
[2021-12-13 07:38:27,202] {logging_mixin.py:104} INFO - [2021-12-13 07:38:27,202] {dag.py:1832} INFO - Sync 1 DAGs
[2021-12-13 07:38:27,221] {logging_mixin.py:104} INFO - [2021-12-13 07:38:27,221] {dag.py:2305} INFO - Setting next_dagrun for example_nested_branch_dag to 2021-12-11 00:00:00+00:00
[2021-12-13 07:38:27,255] {scheduler_job.py:190} INFO - Processing /home/airflow/.local/lib/python3.8/site-packages/airflow/example_dags/example_nested_branch_dag.py took 0.096 seconds
[2021-12-13 07:39:03,382] {scheduler_job.py:182} INFO - Started process (PID=36786) to work on /home/airflow/.local/lib/python3.8/site-packages/airflow/example_dags/example_nested_branch_dag.py
[2021-12-13 07:39:03,388] {scheduler_job.py:633} INFO - Processing file /home/airflow/.local/lib/python3.8/site-packages/airflow/example_dags/example_nested_branch_dag.py for tasks to queue
[2021-12-13 07:39:03,390] {logging_mixin.py:104} INFO - [2021-12-13 07:39:03,389] {dagbag.py:487} INFO - Filling up the DagBag from /home/airflow/.local/lib/python3.8/site-packages/airflow/example_dags/example_nested_branch_dag.py
[2021-12-13 07:39:03,415] {scheduler_job.py:643} INFO - DAG(s) dict_keys(['example_nested_branch_dag']) retrieved from /home/airflow/.local/lib/python3.8/site-packages/airflow/example_dags/example_nested_branch_dag.py
[2021-12-13 07:39:03,432] {logging_mixin.py:104} INFO - [2021-12-13 07:39:03,432] {dag.py:1832} INFO - Sync 1 DAGs
[2021-12-13 07:39:03,451] {logging_mixin.py:104} INFO - [2021-12-13 07:39:03,451] {dag.py:2305} INFO - Setting next_dagrun for example_nested_branch_dag to 2021-12-11 00:00:00+00:00
[2021-12-13 07:39:03,477] {scheduler_job.py:190} INFO - Processing /home/airflow/.local/lib/python3.8/site-packages/airflow/example_dags/example_nested_branch_dag.py took 0.101 seconds
[2021-12-13 07:39:36,532] {scheduler_job.py:182} INFO - Started process (PID=36987) to work on /home/airflow/.local/lib/python3.8/site-packages/airflow/example_dags/example_nested_branch_dag.py
[2021-12-13 07:39:36,535] {scheduler_job.py:633} INFO - Processing file /home/airflow/.local/lib/python3.8/site-packages/airflow/example_dags/example_nested_branch_dag.py for tasks to queue
[2021-12-13 07:39:36,536] {logging_mixin.py:104} INFO - [2021-12-13 07:39:36,536] {dagbag.py:487} INFO - Filling up the DagBag from /home/airflow/.local/lib/python3.8/site-packages/airflow/example_dags/example_nested_branch_dag.py
[2021-12-13 07:39:36,554] {scheduler_job.py:643} INFO - DAG(s) dict_keys(['example_nested_branch_dag']) retrieved from /home/airflow/.local/lib/python3.8/site-packages/airflow/example_dags/example_nested_branch_dag.py
[2021-12-13 07:39:36,571] {logging_mixin.py:104} INFO - [2021-12-13 07:39:36,571] {dag.py:1832} INFO - Sync 1 DAGs
[2021-12-13 07:39:36,591] {logging_mixin.py:104} INFO - [2021-12-13 07:39:36,591] {dag.py:2305} INFO - Setting next_dagrun for example_nested_branch_dag to 2021-12-11 00:00:00+00:00
[2021-12-13 07:39:36,618] {scheduler_job.py:190} INFO - Processing /home/airflow/.local/lib/python3.8/site-packages/airflow/example_dags/example_nested_branch_dag.py took 0.089 seconds
[2021-12-13 07:40:22,320] {scheduler_job.py:182} INFO - Started process (PID=37282) to work on /home/airflow/.local/lib/python3.8/site-packages/airflow/example_dags/example_nested_branch_dag.py
[2021-12-13 07:40:22,331] {scheduler_job.py:633} INFO - Processing file /home/airflow/.local/lib/python3.8/site-packages/airflow/example_dags/example_nested_branch_dag.py for tasks to queue
[2021-12-13 07:40:22,339] {logging_mixin.py:104} INFO - [2021-12-13 07:40:22,339] {dagbag.py:487} INFO - Filling up the DagBag from /home/airflow/.local/lib/python3.8/site-packages/airflow/example_dags/example_nested_branch_dag.py
[2021-12-13 07:40:22,418] {scheduler_job.py:643} INFO - DAG(s) dict_keys(['example_nested_branch_dag']) retrieved from /home/airflow/.local/lib/python3.8/site-packages/airflow/example_dags/example_nested_branch_dag.py
[2021-12-13 07:40:22,481] {logging_mixin.py:104} INFO - [2021-12-13 07:40:22,481] {dag.py:1832} INFO - Sync 1 DAGs
[2021-12-13 07:40:22,544] {logging_mixin.py:104} INFO - [2021-12-13 07:40:22,544] {dag.py:2305} INFO - Setting next_dagrun for example_nested_branch_dag to 2021-12-11 00:00:00+00:00
[2021-12-13 07:40:22,589] {scheduler_job.py:190} INFO - Processing /home/airflow/.local/lib/python3.8/site-packages/airflow/example_dags/example_nested_branch_dag.py took 0.270 seconds
[2021-12-13 07:41:15,755] {scheduler_job.py:182} INFO - Started process (PID=37468) to work on /home/airflow/.local/lib/python3.8/site-packages/airflow/example_dags/example_nested_branch_dag.py
[2021-12-13 07:41:15,761] {scheduler_job.py:633} INFO - Processing file /home/airflow/.local/lib/python3.8/site-packages/airflow/example_dags/example_nested_branch_dag.py for tasks to queue
[2021-12-13 07:41:15,765] {logging_mixin.py:104} INFO - [2021-12-13 07:41:15,765] {dagbag.py:487} INFO - Filling up the DagBag from /home/airflow/.local/lib/python3.8/site-packages/airflow/example_dags/example_nested_branch_dag.py
[2021-12-13 07:41:15,791] {scheduler_job.py:643} INFO - DAG(s) dict_keys(['example_nested_branch_dag']) retrieved from /home/airflow/.local/lib/python3.8/site-packages/airflow/example_dags/example_nested_branch_dag.py
[2021-12-13 07:41:15,832] {logging_mixin.py:104} INFO - [2021-12-13 07:41:15,832] {dag.py:1832} INFO - Sync 1 DAGs
[2021-12-13 07:41:15,861] {logging_mixin.py:104} INFO - [2021-12-13 07:41:15,861] {dag.py:2305} INFO - Setting next_dagrun for example_nested_branch_dag to 2021-12-11 00:00:00+00:00
[2021-12-13 07:41:15,897] {scheduler_job.py:190} INFO - Processing /home/airflow/.local/lib/python3.8/site-packages/airflow/example_dags/example_nested_branch_dag.py took 0.148 seconds
[2021-12-13 07:42:04,286] {scheduler_job.py:182} INFO - Started process (PID=37642) to work on /home/airflow/.local/lib/python3.8/site-packages/airflow/example_dags/example_nested_branch_dag.py
[2021-12-13 07:42:04,313] {scheduler_job.py:633} INFO - Processing file /home/airflow/.local/lib/python3.8/site-packages/airflow/example_dags/example_nested_branch_dag.py for tasks to queue
[2021-12-13 07:42:04,313] {logging_mixin.py:104} INFO - [2021-12-13 07:42:04,313] {dagbag.py:487} INFO - Filling up the DagBag from /home/airflow/.local/lib/python3.8/site-packages/airflow/example_dags/example_nested_branch_dag.py
[2021-12-13 07:42:04,412] {scheduler_job.py:643} INFO - DAG(s) dict_keys(['example_nested_branch_dag']) retrieved from /home/airflow/.local/lib/python3.8/site-packages/airflow/example_dags/example_nested_branch_dag.py
[2021-12-13 07:42:04,504] {logging_mixin.py:104} INFO - [2021-12-13 07:42:04,504] {dag.py:1832} INFO - Sync 1 DAGs
[2021-12-13 07:42:04,581] {logging_mixin.py:104} INFO - [2021-12-13 07:42:04,581] {dag.py:2305} INFO - Setting next_dagrun for example_nested_branch_dag to 2021-12-11 00:00:00+00:00
[2021-12-13 07:42:04,662] {scheduler_job.py:190} INFO - Processing /home/airflow/.local/lib/python3.8/site-packages/airflow/example_dags/example_nested_branch_dag.py took 0.379 seconds
[2021-12-13 07:42:43,405] {scheduler_job.py:182} INFO - Started process (PID=37770) to work on /home/airflow/.local/lib/python3.8/site-packages/airflow/example_dags/example_nested_branch_dag.py
[2021-12-13 07:42:43,409] {scheduler_job.py:633} INFO - Processing file /home/airflow/.local/lib/python3.8/site-packages/airflow/example_dags/example_nested_branch_dag.py for tasks to queue
[2021-12-13 07:42:43,413] {logging_mixin.py:104} INFO - [2021-12-13 07:42:43,413] {dagbag.py:487} INFO - Filling up the DagBag from /home/airflow/.local/lib/python3.8/site-packages/airflow/example_dags/example_nested_branch_dag.py
[2021-12-13 07:42:43,440] {scheduler_job.py:643} INFO - DAG(s) dict_keys(['example_nested_branch_dag']) retrieved from /home/airflow/.local/lib/python3.8/site-packages/airflow/example_dags/example_nested_branch_dag.py
[2021-12-13 07:42:43,486] {logging_mixin.py:104} INFO - [2021-12-13 07:42:43,486] {dag.py:1832} INFO - Sync 1 DAGs
[2021-12-13 07:42:43,573] {logging_mixin.py:104} INFO - [2021-12-13 07:42:43,573] {dag.py:2305} INFO - Setting next_dagrun for example_nested_branch_dag to 2021-12-11 00:00:00+00:00
[2021-12-13 07:42:43,637] {scheduler_job.py:190} INFO - Processing /home/airflow/.local/lib/python3.8/site-packages/airflow/example_dags/example_nested_branch_dag.py took 0.235 seconds
[2021-12-13 07:43:29,687] {scheduler_job.py:182} INFO - Started process (PID=37919) to work on /home/airflow/.local/lib/python3.8/site-packages/airflow/example_dags/example_nested_branch_dag.py
[2021-12-13 07:43:29,693] {scheduler_job.py:633} INFO - Processing file /home/airflow/.local/lib/python3.8/site-packages/airflow/example_dags/example_nested_branch_dag.py for tasks to queue
[2021-12-13 07:43:29,697] {logging_mixin.py:104} INFO - [2021-12-13 07:43:29,697] {dagbag.py:487} INFO - Filling up the DagBag from /home/airflow/.local/lib/python3.8/site-packages/airflow/example_dags/example_nested_branch_dag.py
[2021-12-13 07:43:29,712] {scheduler_job.py:643} INFO - DAG(s) dict_keys(['example_nested_branch_dag']) retrieved from /home/airflow/.local/lib/python3.8/site-packages/airflow/example_dags/example_nested_branch_dag.py
[2021-12-13 07:43:29,725] {logging_mixin.py:104} INFO - [2021-12-13 07:43:29,725] {dag.py:1832} INFO - Sync 1 DAGs
[2021-12-13 07:43:29,739] {logging_mixin.py:104} INFO - [2021-12-13 07:43:29,739] {dag.py:2305} INFO - Setting next_dagrun for example_nested_branch_dag to 2021-12-11 00:00:00+00:00
[2021-12-13 07:43:29,766] {scheduler_job.py:190} INFO - Processing /home/airflow/.local/lib/python3.8/site-packages/airflow/example_dags/example_nested_branch_dag.py took 0.086 seconds
[2021-12-13 07:44:08,821] {scheduler_job.py:182} INFO - Started process (PID=38047) to work on /home/airflow/.local/lib/python3.8/site-packages/airflow/example_dags/example_nested_branch_dag.py
[2021-12-13 07:44:08,833] {scheduler_job.py:633} INFO - Processing file /home/airflow/.local/lib/python3.8/site-packages/airflow/example_dags/example_nested_branch_dag.py for tasks to queue
[2021-12-13 07:44:08,836] {logging_mixin.py:104} INFO - [2021-12-13 07:44:08,836] {dagbag.py:487} INFO - Filling up the DagBag from /home/airflow/.local/lib/python3.8/site-packages/airflow/example_dags/example_nested_branch_dag.py
[2021-12-13 07:44:08,880] {scheduler_job.py:643} INFO - DAG(s) dict_keys(['example_nested_branch_dag']) retrieved from /home/airflow/.local/lib/python3.8/site-packages/airflow/example_dags/example_nested_branch_dag.py
[2021-12-13 07:44:08,909] {logging_mixin.py:104} INFO - [2021-12-13 07:44:08,909] {dag.py:1832} INFO - Sync 1 DAGs
[2021-12-13 07:44:08,949] {logging_mixin.py:104} INFO - [2021-12-13 07:44:08,949] {dag.py:2305} INFO - Setting next_dagrun for example_nested_branch_dag to 2021-12-11 00:00:00+00:00
[2021-12-13 07:44:08,992] {scheduler_job.py:190} INFO - Processing /home/airflow/.local/lib/python3.8/site-packages/airflow/example_dags/example_nested_branch_dag.py took 0.174 seconds
[2021-12-13 07:44:43,086] {scheduler_job.py:182} INFO - Started process (PID=38163) to work on /home/airflow/.local/lib/python3.8/site-packages/airflow/example_dags/example_nested_branch_dag.py
[2021-12-13 07:44:43,090] {scheduler_job.py:633} INFO - Processing file /home/airflow/.local/lib/python3.8/site-packages/airflow/example_dags/example_nested_branch_dag.py for tasks to queue
[2021-12-13 07:44:43,094] {logging_mixin.py:104} INFO - [2021-12-13 07:44:43,094] {dagbag.py:487} INFO - Filling up the DagBag from /home/airflow/.local/lib/python3.8/site-packages/airflow/example_dags/example_nested_branch_dag.py
[2021-12-13 07:44:43,115] {scheduler_job.py:643} INFO - DAG(s) dict_keys(['example_nested_branch_dag']) retrieved from /home/airflow/.local/lib/python3.8/site-packages/airflow/example_dags/example_nested_branch_dag.py
[2021-12-13 07:44:43,127] {logging_mixin.py:104} INFO - [2021-12-13 07:44:43,127] {dag.py:1832} INFO - Sync 1 DAGs
[2021-12-13 07:44:43,142] {logging_mixin.py:104} INFO - [2021-12-13 07:44:43,142] {dag.py:2305} INFO - Setting next_dagrun for example_nested_branch_dag to 2021-12-11 00:00:00+00:00
[2021-12-13 07:44:43,167] {scheduler_job.py:190} INFO - Processing /home/airflow/.local/lib/python3.8/site-packages/airflow/example_dags/example_nested_branch_dag.py took 0.084 seconds
[2021-12-13 07:45:28,749] {scheduler_job.py:182} INFO - Started process (PID=38398) to work on /home/airflow/.local/lib/python3.8/site-packages/airflow/example_dags/example_nested_branch_dag.py
[2021-12-13 07:45:28,753] {scheduler_job.py:633} INFO - Processing file /home/airflow/.local/lib/python3.8/site-packages/airflow/example_dags/example_nested_branch_dag.py for tasks to queue
[2021-12-13 07:45:28,757] {logging_mixin.py:104} INFO - [2021-12-13 07:45:28,757] {dagbag.py:487} INFO - Filling up the DagBag from /home/airflow/.local/lib/python3.8/site-packages/airflow/example_dags/example_nested_branch_dag.py
[2021-12-13 07:45:28,777] {scheduler_job.py:643} INFO - DAG(s) dict_keys(['example_nested_branch_dag']) retrieved from /home/airflow/.local/lib/python3.8/site-packages/airflow/example_dags/example_nested_branch_dag.py
[2021-12-13 07:45:28,795] {logging_mixin.py:104} INFO - [2021-12-13 07:45:28,794] {dag.py:1832} INFO - Sync 1 DAGs
[2021-12-13 07:45:28,812] {logging_mixin.py:104} INFO - [2021-12-13 07:45:28,811] {dag.py:2305} INFO - Setting next_dagrun for example_nested_branch_dag to 2021-12-11 00:00:00+00:00
[2021-12-13 07:45:28,840] {scheduler_job.py:190} INFO - Processing /home/airflow/.local/lib/python3.8/site-packages/airflow/example_dags/example_nested_branch_dag.py took 0.094 seconds
[2021-12-13 07:46:07,205] {scheduler_job.py:182} INFO - Started process (PID=38526) to work on /home/airflow/.local/lib/python3.8/site-packages/airflow/example_dags/example_nested_branch_dag.py
[2021-12-13 07:46:07,211] {scheduler_job.py:633} INFO - Processing file /home/airflow/.local/lib/python3.8/site-packages/airflow/example_dags/example_nested_branch_dag.py for tasks to queue
[2021-12-13 07:46:07,217] {logging_mixin.py:104} INFO - [2021-12-13 07:46:07,217] {dagbag.py:487} INFO - Filling up the DagBag from /home/airflow/.local/lib/python3.8/site-packages/airflow/example_dags/example_nested_branch_dag.py
[2021-12-13 07:46:07,243] {scheduler_job.py:643} INFO - DAG(s) dict_keys(['example_nested_branch_dag']) retrieved from /home/airflow/.local/lib/python3.8/site-packages/airflow/example_dags/example_nested_branch_dag.py
[2021-12-13 07:46:07,274] {logging_mixin.py:104} INFO - [2021-12-13 07:46:07,274] {dag.py:1832} INFO - Sync 1 DAGs
[2021-12-13 07:46:07,302] {logging_mixin.py:104} INFO - [2021-12-13 07:46:07,302] {dag.py:2305} INFO - Setting next_dagrun for example_nested_branch_dag to 2021-12-11 00:00:00+00:00
[2021-12-13 07:46:07,342] {scheduler_job.py:190} INFO - Processing /home/airflow/.local/lib/python3.8/site-packages/airflow/example_dags/example_nested_branch_dag.py took 0.140 seconds
[2021-12-13 07:46:48,795] {scheduler_job.py:182} INFO - Started process (PID=38663) to work on /home/airflow/.local/lib/python3.8/site-packages/airflow/example_dags/example_nested_branch_dag.py
[2021-12-13 07:46:48,810] {scheduler_job.py:633} INFO - Processing file /home/airflow/.local/lib/python3.8/site-packages/airflow/example_dags/example_nested_branch_dag.py for tasks to queue
[2021-12-13 07:46:48,814] {logging_mixin.py:104} INFO - [2021-12-13 07:46:48,814] {dagbag.py:487} INFO - Filling up the DagBag from /home/airflow/.local/lib/python3.8/site-packages/airflow/example_dags/example_nested_branch_dag.py
[2021-12-13 07:46:48,854] {scheduler_job.py:643} INFO - DAG(s) dict_keys(['example_nested_branch_dag']) retrieved from /home/airflow/.local/lib/python3.8/site-packages/airflow/example_dags/example_nested_branch_dag.py
[2021-12-13 07:46:48,884] {logging_mixin.py:104} INFO - [2021-12-13 07:46:48,884] {dag.py:1832} INFO - Sync 1 DAGs
[2021-12-13 07:46:48,928] {logging_mixin.py:104} INFO - [2021-12-13 07:46:48,928] {dag.py:2305} INFO - Setting next_dagrun for example_nested_branch_dag to 2021-12-11 00:00:00+00:00
[2021-12-13 07:46:48,973] {scheduler_job.py:190} INFO - Processing /home/airflow/.local/lib/python3.8/site-packages/airflow/example_dags/example_nested_branch_dag.py took 0.188 seconds
[2021-12-13 07:47:23,703] {scheduler_job.py:182} INFO - Started process (PID=38780) to work on /home/airflow/.local/lib/python3.8/site-packages/airflow/example_dags/example_nested_branch_dag.py
[2021-12-13 07:47:23,707] {scheduler_job.py:633} INFO - Processing file /home/airflow/.local/lib/python3.8/site-packages/airflow/example_dags/example_nested_branch_dag.py for tasks to queue
[2021-12-13 07:47:23,710] {logging_mixin.py:104} INFO - [2021-12-13 07:47:23,710] {dagbag.py:487} INFO - Filling up the DagBag from /home/airflow/.local/lib/python3.8/site-packages/airflow/example_dags/example_nested_branch_dag.py
[2021-12-13 07:47:23,727] {scheduler_job.py:643} INFO - DAG(s) dict_keys(['example_nested_branch_dag']) retrieved from /home/airflow/.local/lib/python3.8/site-packages/airflow/example_dags/example_nested_branch_dag.py
[2021-12-13 07:47:23,746] {logging_mixin.py:104} INFO - [2021-12-13 07:47:23,746] {dag.py:1832} INFO - Sync 1 DAGs
[2021-12-13 07:47:23,763] {logging_mixin.py:104} INFO - [2021-12-13 07:47:23,763] {dag.py:2305} INFO - Setting next_dagrun for example_nested_branch_dag to 2021-12-11 00:00:00+00:00
[2021-12-13 07:47:23,790] {scheduler_job.py:190} INFO - Processing /home/airflow/.local/lib/python3.8/site-packages/airflow/example_dags/example_nested_branch_dag.py took 0.089 seconds
[2021-12-13 07:48:02,398] {scheduler_job.py:182} INFO - Started process (PID=38914) to work on /home/airflow/.local/lib/python3.8/site-packages/airflow/example_dags/example_nested_branch_dag.py
[2021-12-13 07:48:02,404] {scheduler_job.py:633} INFO - Processing file /home/airflow/.local/lib/python3.8/site-packages/airflow/example_dags/example_nested_branch_dag.py for tasks to queue
[2021-12-13 07:48:02,404] {logging_mixin.py:104} INFO - [2021-12-13 07:48:02,404] {dagbag.py:487} INFO - Filling up the DagBag from /home/airflow/.local/lib/python3.8/site-packages/airflow/example_dags/example_nested_branch_dag.py
[2021-12-13 07:48:02,426] {scheduler_job.py:643} INFO - DAG(s) dict_keys(['example_nested_branch_dag']) retrieved from /home/airflow/.local/lib/python3.8/site-packages/airflow/example_dags/example_nested_branch_dag.py
[2021-12-13 07:48:02,443] {logging_mixin.py:104} INFO - [2021-12-13 07:48:02,443] {dag.py:1832} INFO - Sync 1 DAGs
[2021-12-13 07:48:02,460] {logging_mixin.py:104} INFO - [2021-12-13 07:48:02,460] {dag.py:2305} INFO - Setting next_dagrun for example_nested_branch_dag to 2021-12-11 00:00:00+00:00
[2021-12-13 07:48:02,488] {scheduler_job.py:190} INFO - Processing /home/airflow/.local/lib/python3.8/site-packages/airflow/example_dags/example_nested_branch_dag.py took 0.093 seconds
[2021-12-13 07:48:47,118] {scheduler_job.py:182} INFO - Started process (PID=39061) to work on /home/airflow/.local/lib/python3.8/site-packages/airflow/example_dags/example_nested_branch_dag.py
[2021-12-13 07:48:47,122] {scheduler_job.py:633} INFO - Processing file /home/airflow/.local/lib/python3.8/site-packages/airflow/example_dags/example_nested_branch_dag.py for tasks to queue
[2021-12-13 07:48:47,125] {logging_mixin.py:104} INFO - [2021-12-13 07:48:47,124] {dagbag.py:487} INFO - Filling up the DagBag from /home/airflow/.local/lib/python3.8/site-packages/airflow/example_dags/example_nested_branch_dag.py
[2021-12-13 07:48:47,142] {scheduler_job.py:643} INFO - DAG(s) dict_keys(['example_nested_branch_dag']) retrieved from /home/airflow/.local/lib/python3.8/site-packages/airflow/example_dags/example_nested_branch_dag.py
[2021-12-13 07:48:47,159] {logging_mixin.py:104} INFO - [2021-12-13 07:48:47,159] {dag.py:1832} INFO - Sync 1 DAGs
[2021-12-13 07:48:47,177] {logging_mixin.py:104} INFO - [2021-12-13 07:48:47,177] {dag.py:2305} INFO - Setting next_dagrun for example_nested_branch_dag to 2021-12-11 00:00:00+00:00
[2021-12-13 07:48:47,204] {scheduler_job.py:190} INFO - Processing /home/airflow/.local/lib/python3.8/site-packages/airflow/example_dags/example_nested_branch_dag.py took 0.089 seconds
[2021-12-13 07:49:26,885] {scheduler_job.py:182} INFO - Started process (PID=39263) to work on /home/airflow/.local/lib/python3.8/site-packages/airflow/example_dags/example_nested_branch_dag.py
[2021-12-13 07:49:26,888] {scheduler_job.py:633} INFO - Processing file /home/airflow/.local/lib/python3.8/site-packages/airflow/example_dags/example_nested_branch_dag.py for tasks to queue
[2021-12-13 07:49:26,891] {logging_mixin.py:104} INFO - [2021-12-13 07:49:26,890] {dagbag.py:487} INFO - Filling up the DagBag from /home/airflow/.local/lib/python3.8/site-packages/airflow/example_dags/example_nested_branch_dag.py
[2021-12-13 07:49:26,904] {scheduler_job.py:643} INFO - DAG(s) dict_keys(['example_nested_branch_dag']) retrieved from /home/airflow/.local/lib/python3.8/site-packages/airflow/example_dags/example_nested_branch_dag.py
[2021-12-13 07:49:26,919] {logging_mixin.py:104} INFO - [2021-12-13 07:49:26,919] {dag.py:1832} INFO - Sync 1 DAGs
[2021-12-13 07:49:26,931] {logging_mixin.py:104} INFO - [2021-12-13 07:49:26,931] {dag.py:2305} INFO - Setting next_dagrun for example_nested_branch_dag to 2021-12-11 00:00:00+00:00
[2021-12-13 07:49:26,956] {scheduler_job.py:190} INFO - Processing /home/airflow/.local/lib/python3.8/site-packages/airflow/example_dags/example_nested_branch_dag.py took 0.075 seconds
[2021-12-13 07:50:05,969] {scheduler_job.py:182} INFO - Started process (PID=39414) to work on /home/airflow/.local/lib/python3.8/site-packages/airflow/example_dags/example_nested_branch_dag.py
[2021-12-13 07:50:05,972] {scheduler_job.py:633} INFO - Processing file /home/airflow/.local/lib/python3.8/site-packages/airflow/example_dags/example_nested_branch_dag.py for tasks to queue
[2021-12-13 07:50:05,975] {logging_mixin.py:104} INFO - [2021-12-13 07:50:05,975] {dagbag.py:487} INFO - Filling up the DagBag from /home/airflow/.local/lib/python3.8/site-packages/airflow/example_dags/example_nested_branch_dag.py
[2021-12-13 07:50:05,987] {scheduler_job.py:643} INFO - DAG(s) dict_keys(['example_nested_branch_dag']) retrieved from /home/airflow/.local/lib/python3.8/site-packages/airflow/example_dags/example_nested_branch_dag.py
[2021-12-13 07:50:06,001] {logging_mixin.py:104} INFO - [2021-12-13 07:50:06,001] {dag.py:1832} INFO - Sync 1 DAGs
[2021-12-13 07:50:06,013] {logging_mixin.py:104} INFO - [2021-12-13 07:50:06,013] {dag.py:2305} INFO - Setting next_dagrun for example_nested_branch_dag to 2021-12-11 00:00:00+00:00
[2021-12-13 07:50:06,039] {scheduler_job.py:190} INFO - Processing /home/airflow/.local/lib/python3.8/site-packages/airflow/example_dags/example_nested_branch_dag.py took 0.078 seconds
