[2021-12-13 07:35:26,191] {scheduler_job.py:182} INFO - Started process (PID=35753) to work on /home/airflow/.local/lib/python3.8/site-packages/airflow/example_dags/example_subdag_operator.py
[2021-12-13 07:35:26,194] {scheduler_job.py:633} INFO - Processing file /home/airflow/.local/lib/python3.8/site-packages/airflow/example_dags/example_subdag_operator.py for tasks to queue
[2021-12-13 07:35:26,198] {logging_mixin.py:104} INFO - [2021-12-13 07:35:26,198] {dagbag.py:487} INFO - Filling up the DagBag from /home/airflow/.local/lib/python3.8/site-packages/airflow/example_dags/example_subdag_operator.py
[2021-12-13 07:35:26,227] {scheduler_job.py:643} INFO - DAG(s) dict_keys(['example_subdag_operator.section-1', 'example_subdag_operator.section-2', 'example_subdag_operator']) retrieved from /home/airflow/.local/lib/python3.8/site-packages/airflow/example_dags/example_subdag_operator.py
[2021-12-13 07:35:26,536] {logging_mixin.py:104} INFO - [2021-12-13 07:35:26,536] {dag.py:1832} INFO - Sync 3 DAGs
[2021-12-13 07:35:26,546] {logging_mixin.py:104} INFO - [2021-12-13 07:35:26,545] {dag.py:2305} INFO - Setting next_dagrun for example_subdag_operator to 2021-12-11 00:00:00+00:00
[2021-12-13 07:35:26,548] {logging_mixin.py:104} INFO - [2021-12-13 07:35:26,548] {dag.py:2305} INFO - Setting next_dagrun for example_subdag_operator.section-1 to None
[2021-12-13 07:35:26,550] {logging_mixin.py:104} INFO - [2021-12-13 07:35:26,550] {dag.py:2305} INFO - Setting next_dagrun for example_subdag_operator.section-2 to None
[2021-12-13 07:35:26,579] {logging_mixin.py:104} INFO - [2021-12-13 07:35:26,579] {dag.py:1832} INFO - Sync 2 DAGs
[2021-12-13 07:35:26,588] {logging_mixin.py:104} INFO - [2021-12-13 07:35:26,588] {dag.py:2305} INFO - Setting next_dagrun for example_subdag_operator.section-1 to None
[2021-12-13 07:35:26,590] {logging_mixin.py:104} INFO - [2021-12-13 07:35:26,590] {dag.py:2305} INFO - Setting next_dagrun for example_subdag_operator.section-2 to None
[2021-12-13 07:35:26,602] {scheduler_job.py:190} INFO - Processing /home/airflow/.local/lib/python3.8/site-packages/airflow/example_dags/example_subdag_operator.py took 0.414 seconds
[2021-12-13 07:36:03,819] {scheduler_job.py:182} INFO - Started process (PID=35909) to work on /home/airflow/.local/lib/python3.8/site-packages/airflow/example_dags/example_subdag_operator.py
[2021-12-13 07:36:03,839] {scheduler_job.py:633} INFO - Processing file /home/airflow/.local/lib/python3.8/site-packages/airflow/example_dags/example_subdag_operator.py for tasks to queue
[2021-12-13 07:36:03,846] {logging_mixin.py:104} INFO - [2021-12-13 07:36:03,846] {dagbag.py:487} INFO - Filling up the DagBag from /home/airflow/.local/lib/python3.8/site-packages/airflow/example_dags/example_subdag_operator.py
[2021-12-13 07:36:04,001] {scheduler_job.py:643} INFO - DAG(s) dict_keys(['example_subdag_operator.section-1', 'example_subdag_operator.section-2', 'example_subdag_operator']) retrieved from /home/airflow/.local/lib/python3.8/site-packages/airflow/example_dags/example_subdag_operator.py
[2021-12-13 07:36:04,144] {logging_mixin.py:104} INFO - [2021-12-13 07:36:04,144] {dag.py:1832} INFO - Sync 3 DAGs
[2021-12-13 07:36:04,213] {logging_mixin.py:104} INFO - [2021-12-13 07:36:04,213] {dag.py:2305} INFO - Setting next_dagrun for example_subdag_operator to 2021-12-11 00:00:00+00:00
[2021-12-13 07:36:04,225] {logging_mixin.py:104} INFO - [2021-12-13 07:36:04,225] {dag.py:2305} INFO - Setting next_dagrun for example_subdag_operator.section-1 to None
[2021-12-13 07:36:04,238] {logging_mixin.py:104} INFO - [2021-12-13 07:36:04,238] {dag.py:2305} INFO - Setting next_dagrun for example_subdag_operator.section-2 to None
[2021-12-13 07:36:04,276] {logging_mixin.py:104} INFO - [2021-12-13 07:36:04,276] {dag.py:1832} INFO - Sync 2 DAGs
[2021-12-13 07:36:04,351] {logging_mixin.py:104} INFO - [2021-12-13 07:36:04,351] {dag.py:2305} INFO - Setting next_dagrun for example_subdag_operator.section-1 to None
[2021-12-13 07:36:04,354] {logging_mixin.py:104} INFO - [2021-12-13 07:36:04,354] {dag.py:2305} INFO - Setting next_dagrun for example_subdag_operator.section-2 to None
[2021-12-13 07:36:04,388] {scheduler_job.py:190} INFO - Processing /home/airflow/.local/lib/python3.8/site-packages/airflow/example_dags/example_subdag_operator.py took 0.587 seconds
[2021-12-13 07:36:41,048] {scheduler_job.py:182} INFO - Started process (PID=36070) to work on /home/airflow/.local/lib/python3.8/site-packages/airflow/example_dags/example_subdag_operator.py
[2021-12-13 07:36:41,055] {scheduler_job.py:633} INFO - Processing file /home/airflow/.local/lib/python3.8/site-packages/airflow/example_dags/example_subdag_operator.py for tasks to queue
[2021-12-13 07:36:41,055] {logging_mixin.py:104} INFO - [2021-12-13 07:36:41,055] {dagbag.py:487} INFO - Filling up the DagBag from /home/airflow/.local/lib/python3.8/site-packages/airflow/example_dags/example_subdag_operator.py
[2021-12-13 07:36:41,086] {scheduler_job.py:643} INFO - DAG(s) dict_keys(['example_subdag_operator.section-1', 'example_subdag_operator.section-2', 'example_subdag_operator']) retrieved from /home/airflow/.local/lib/python3.8/site-packages/airflow/example_dags/example_subdag_operator.py
[2021-12-13 07:36:41,101] {logging_mixin.py:104} INFO - [2021-12-13 07:36:41,100] {dag.py:1832} INFO - Sync 3 DAGs
[2021-12-13 07:36:41,114] {logging_mixin.py:104} INFO - [2021-12-13 07:36:41,114] {dag.py:2305} INFO - Setting next_dagrun for example_subdag_operator to 2021-12-11 00:00:00+00:00
[2021-12-13 07:36:41,118] {logging_mixin.py:104} INFO - [2021-12-13 07:36:41,118] {dag.py:2305} INFO - Setting next_dagrun for example_subdag_operator.section-1 to None
[2021-12-13 07:36:41,121] {logging_mixin.py:104} INFO - [2021-12-13 07:36:41,121] {dag.py:2305} INFO - Setting next_dagrun for example_subdag_operator.section-2 to None
[2021-12-13 07:36:41,145] {logging_mixin.py:104} INFO - [2021-12-13 07:36:41,145] {dag.py:1832} INFO - Sync 2 DAGs
[2021-12-13 07:36:41,156] {logging_mixin.py:104} INFO - [2021-12-13 07:36:41,156] {dag.py:2305} INFO - Setting next_dagrun for example_subdag_operator.section-1 to None
[2021-12-13 07:36:41,167] {logging_mixin.py:104} INFO - [2021-12-13 07:36:41,167] {dag.py:2305} INFO - Setting next_dagrun for example_subdag_operator.section-2 to None
[2021-12-13 07:36:41,180] {scheduler_job.py:190} INFO - Processing /home/airflow/.local/lib/python3.8/site-packages/airflow/example_dags/example_subdag_operator.py took 0.147 seconds
[2021-12-13 07:37:12,963] {scheduler_job.py:182} INFO - Started process (PID=36235) to work on /home/airflow/.local/lib/python3.8/site-packages/airflow/example_dags/example_subdag_operator.py
[2021-12-13 07:37:12,966] {scheduler_job.py:633} INFO - Processing file /home/airflow/.local/lib/python3.8/site-packages/airflow/example_dags/example_subdag_operator.py for tasks to queue
[2021-12-13 07:37:12,969] {logging_mixin.py:104} INFO - [2021-12-13 07:37:12,969] {dagbag.py:487} INFO - Filling up the DagBag from /home/airflow/.local/lib/python3.8/site-packages/airflow/example_dags/example_subdag_operator.py
[2021-12-13 07:37:12,989] {scheduler_job.py:643} INFO - DAG(s) dict_keys(['example_subdag_operator.section-1', 'example_subdag_operator.section-2', 'example_subdag_operator']) retrieved from /home/airflow/.local/lib/python3.8/site-packages/airflow/example_dags/example_subdag_operator.py
[2021-12-13 07:37:13,000] {logging_mixin.py:104} INFO - [2021-12-13 07:37:13,000] {dag.py:1832} INFO - Sync 3 DAGs
[2021-12-13 07:37:13,010] {logging_mixin.py:104} INFO - [2021-12-13 07:37:13,010] {dag.py:2305} INFO - Setting next_dagrun for example_subdag_operator to 2021-12-11 00:00:00+00:00
[2021-12-13 07:37:13,014] {logging_mixin.py:104} INFO - [2021-12-13 07:37:13,014] {dag.py:2305} INFO - Setting next_dagrun for example_subdag_operator.section-1 to None
[2021-12-13 07:37:13,017] {logging_mixin.py:104} INFO - [2021-12-13 07:37:13,017] {dag.py:2305} INFO - Setting next_dagrun for example_subdag_operator.section-2 to None
[2021-12-13 07:37:13,038] {logging_mixin.py:104} INFO - [2021-12-13 07:37:13,038] {dag.py:1832} INFO - Sync 2 DAGs
[2021-12-13 07:37:13,047] {logging_mixin.py:104} INFO - [2021-12-13 07:37:13,047] {dag.py:2305} INFO - Setting next_dagrun for example_subdag_operator.section-1 to None
[2021-12-13 07:37:13,049] {logging_mixin.py:104} INFO - [2021-12-13 07:37:13,049] {dag.py:2305} INFO - Setting next_dagrun for example_subdag_operator.section-2 to None
[2021-12-13 07:37:13,063] {scheduler_job.py:190} INFO - Processing /home/airflow/.local/lib/python3.8/site-packages/airflow/example_dags/example_subdag_operator.py took 0.102 seconds
[2021-12-13 07:37:48,838] {scheduler_job.py:182} INFO - Started process (PID=36369) to work on /home/airflow/.local/lib/python3.8/site-packages/airflow/example_dags/example_subdag_operator.py
[2021-12-13 07:37:48,841] {scheduler_job.py:633} INFO - Processing file /home/airflow/.local/lib/python3.8/site-packages/airflow/example_dags/example_subdag_operator.py for tasks to queue
[2021-12-13 07:37:48,843] {logging_mixin.py:104} INFO - [2021-12-13 07:37:48,843] {dagbag.py:487} INFO - Filling up the DagBag from /home/airflow/.local/lib/python3.8/site-packages/airflow/example_dags/example_subdag_operator.py
[2021-12-13 07:37:48,864] {scheduler_job.py:643} INFO - DAG(s) dict_keys(['example_subdag_operator.section-1', 'example_subdag_operator.section-2', 'example_subdag_operator']) retrieved from /home/airflow/.local/lib/python3.8/site-packages/airflow/example_dags/example_subdag_operator.py
[2021-12-13 07:37:48,875] {logging_mixin.py:104} INFO - [2021-12-13 07:37:48,875] {dag.py:1832} INFO - Sync 3 DAGs
[2021-12-13 07:37:48,886] {logging_mixin.py:104} INFO - [2021-12-13 07:37:48,886] {dag.py:2305} INFO - Setting next_dagrun for example_subdag_operator to 2021-12-11 00:00:00+00:00
[2021-12-13 07:37:48,888] {logging_mixin.py:104} INFO - [2021-12-13 07:37:48,888] {dag.py:2305} INFO - Setting next_dagrun for example_subdag_operator.section-1 to None
[2021-12-13 07:37:48,892] {logging_mixin.py:104} INFO - [2021-12-13 07:37:48,891] {dag.py:2305} INFO - Setting next_dagrun for example_subdag_operator.section-2 to None
[2021-12-13 07:37:48,916] {logging_mixin.py:104} INFO - [2021-12-13 07:37:48,916] {dag.py:1832} INFO - Sync 2 DAGs
[2021-12-13 07:37:48,923] {logging_mixin.py:104} INFO - [2021-12-13 07:37:48,923] {dag.py:2305} INFO - Setting next_dagrun for example_subdag_operator.section-1 to None
[2021-12-13 07:37:48,926] {logging_mixin.py:104} INFO - [2021-12-13 07:37:48,925] {dag.py:2305} INFO - Setting next_dagrun for example_subdag_operator.section-2 to None
[2021-12-13 07:37:48,942] {scheduler_job.py:190} INFO - Processing /home/airflow/.local/lib/python3.8/site-packages/airflow/example_dags/example_subdag_operator.py took 0.106 seconds
[2021-12-13 07:38:22,745] {scheduler_job.py:182} INFO - Started process (PID=36528) to work on /home/airflow/.local/lib/python3.8/site-packages/airflow/example_dags/example_subdag_operator.py
[2021-12-13 07:38:22,752] {scheduler_job.py:633} INFO - Processing file /home/airflow/.local/lib/python3.8/site-packages/airflow/example_dags/example_subdag_operator.py for tasks to queue
[2021-12-13 07:38:22,753] {logging_mixin.py:104} INFO - [2021-12-13 07:38:22,753] {dagbag.py:487} INFO - Filling up the DagBag from /home/airflow/.local/lib/python3.8/site-packages/airflow/example_dags/example_subdag_operator.py
[2021-12-13 07:38:22,778] {scheduler_job.py:643} INFO - DAG(s) dict_keys(['example_subdag_operator.section-1', 'example_subdag_operator.section-2', 'example_subdag_operator']) retrieved from /home/airflow/.local/lib/python3.8/site-packages/airflow/example_dags/example_subdag_operator.py
[2021-12-13 07:38:22,791] {logging_mixin.py:104} INFO - [2021-12-13 07:38:22,791] {dag.py:1832} INFO - Sync 3 DAGs
[2021-12-13 07:38:22,808] {logging_mixin.py:104} INFO - [2021-12-13 07:38:22,808] {dag.py:2305} INFO - Setting next_dagrun for example_subdag_operator to 2021-12-11 00:00:00+00:00
[2021-12-13 07:38:22,813] {logging_mixin.py:104} INFO - [2021-12-13 07:38:22,812] {dag.py:2305} INFO - Setting next_dagrun for example_subdag_operator.section-1 to None
[2021-12-13 07:38:22,813] {logging_mixin.py:104} INFO - [2021-12-13 07:38:22,813] {dag.py:2305} INFO - Setting next_dagrun for example_subdag_operator.section-2 to None
[2021-12-13 07:38:22,837] {logging_mixin.py:104} INFO - [2021-12-13 07:38:22,837] {dag.py:1832} INFO - Sync 2 DAGs
[2021-12-13 07:38:22,847] {logging_mixin.py:104} INFO - [2021-12-13 07:38:22,847] {dag.py:2305} INFO - Setting next_dagrun for example_subdag_operator.section-1 to None
[2021-12-13 07:38:22,850] {logging_mixin.py:104} INFO - [2021-12-13 07:38:22,850] {dag.py:2305} INFO - Setting next_dagrun for example_subdag_operator.section-2 to None
[2021-12-13 07:38:22,863] {scheduler_job.py:190} INFO - Processing /home/airflow/.local/lib/python3.8/site-packages/airflow/example_dags/example_subdag_operator.py took 0.125 seconds
[2021-12-13 07:38:57,977] {scheduler_job.py:182} INFO - Started process (PID=36758) to work on /home/airflow/.local/lib/python3.8/site-packages/airflow/example_dags/example_subdag_operator.py
[2021-12-13 07:38:57,980] {scheduler_job.py:633} INFO - Processing file /home/airflow/.local/lib/python3.8/site-packages/airflow/example_dags/example_subdag_operator.py for tasks to queue
[2021-12-13 07:38:57,981] {logging_mixin.py:104} INFO - [2021-12-13 07:38:57,981] {dagbag.py:487} INFO - Filling up the DagBag from /home/airflow/.local/lib/python3.8/site-packages/airflow/example_dags/example_subdag_operator.py
[2021-12-13 07:38:58,003] {scheduler_job.py:643} INFO - DAG(s) dict_keys(['example_subdag_operator.section-1', 'example_subdag_operator.section-2', 'example_subdag_operator']) retrieved from /home/airflow/.local/lib/python3.8/site-packages/airflow/example_dags/example_subdag_operator.py
[2021-12-13 07:38:58,015] {logging_mixin.py:104} INFO - [2021-12-13 07:38:58,015] {dag.py:1832} INFO - Sync 3 DAGs
[2021-12-13 07:38:58,026] {logging_mixin.py:104} INFO - [2021-12-13 07:38:58,026] {dag.py:2305} INFO - Setting next_dagrun for example_subdag_operator to 2021-12-11 00:00:00+00:00
[2021-12-13 07:38:58,031] {logging_mixin.py:104} INFO - [2021-12-13 07:38:58,031] {dag.py:2305} INFO - Setting next_dagrun for example_subdag_operator.section-1 to None
[2021-12-13 07:38:58,031] {logging_mixin.py:104} INFO - [2021-12-13 07:38:58,031] {dag.py:2305} INFO - Setting next_dagrun for example_subdag_operator.section-2 to None
[2021-12-13 07:38:58,053] {logging_mixin.py:104} INFO - [2021-12-13 07:38:58,053] {dag.py:1832} INFO - Sync 2 DAGs
[2021-12-13 07:38:58,065] {logging_mixin.py:104} INFO - [2021-12-13 07:38:58,065] {dag.py:2305} INFO - Setting next_dagrun for example_subdag_operator.section-1 to None
[2021-12-13 07:38:58,068] {logging_mixin.py:104} INFO - [2021-12-13 07:38:58,068] {dag.py:2305} INFO - Setting next_dagrun for example_subdag_operator.section-2 to None
[2021-12-13 07:38:58,080] {scheduler_job.py:190} INFO - Processing /home/airflow/.local/lib/python3.8/site-packages/airflow/example_dags/example_subdag_operator.py took 0.105 seconds
[2021-12-13 07:39:31,625] {scheduler_job.py:182} INFO - Started process (PID=36947) to work on /home/airflow/.local/lib/python3.8/site-packages/airflow/example_dags/example_subdag_operator.py
[2021-12-13 07:39:31,633] {scheduler_job.py:633} INFO - Processing file /home/airflow/.local/lib/python3.8/site-packages/airflow/example_dags/example_subdag_operator.py for tasks to queue
[2021-12-13 07:39:31,634] {logging_mixin.py:104} INFO - [2021-12-13 07:39:31,634] {dagbag.py:487} INFO - Filling up the DagBag from /home/airflow/.local/lib/python3.8/site-packages/airflow/example_dags/example_subdag_operator.py
[2021-12-13 07:39:31,664] {scheduler_job.py:643} INFO - DAG(s) dict_keys(['example_subdag_operator.section-1', 'example_subdag_operator.section-2', 'example_subdag_operator']) retrieved from /home/airflow/.local/lib/python3.8/site-packages/airflow/example_dags/example_subdag_operator.py
[2021-12-13 07:39:31,679] {logging_mixin.py:104} INFO - [2021-12-13 07:39:31,679] {dag.py:1832} INFO - Sync 3 DAGs
[2021-12-13 07:39:31,694] {logging_mixin.py:104} INFO - [2021-12-13 07:39:31,694] {dag.py:2305} INFO - Setting next_dagrun for example_subdag_operator to 2021-12-11 00:00:00+00:00
[2021-12-13 07:39:31,699] {logging_mixin.py:104} INFO - [2021-12-13 07:39:31,699] {dag.py:2305} INFO - Setting next_dagrun for example_subdag_operator.section-1 to None
[2021-12-13 07:39:31,699] {logging_mixin.py:104} INFO - [2021-12-13 07:39:31,699] {dag.py:2305} INFO - Setting next_dagrun for example_subdag_operator.section-2 to None
[2021-12-13 07:39:31,723] {logging_mixin.py:104} INFO - [2021-12-13 07:39:31,722] {dag.py:1832} INFO - Sync 2 DAGs
[2021-12-13 07:39:31,735] {logging_mixin.py:104} INFO - [2021-12-13 07:39:31,734] {dag.py:2305} INFO - Setting next_dagrun for example_subdag_operator.section-1 to None
[2021-12-13 07:39:31,738] {logging_mixin.py:104} INFO - [2021-12-13 07:39:31,738] {dag.py:2305} INFO - Setting next_dagrun for example_subdag_operator.section-2 to None
[2021-12-13 07:39:31,751] {scheduler_job.py:190} INFO - Processing /home/airflow/.local/lib/python3.8/site-packages/airflow/example_dags/example_subdag_operator.py took 0.133 seconds
[2021-12-13 07:40:10,302] {scheduler_job.py:182} INFO - Started process (PID=37241) to work on /home/airflow/.local/lib/python3.8/site-packages/airflow/example_dags/example_subdag_operator.py
[2021-12-13 07:40:10,307] {scheduler_job.py:633} INFO - Processing file /home/airflow/.local/lib/python3.8/site-packages/airflow/example_dags/example_subdag_operator.py for tasks to queue
[2021-12-13 07:40:10,309] {logging_mixin.py:104} INFO - [2021-12-13 07:40:10,309] {dagbag.py:487} INFO - Filling up the DagBag from /home/airflow/.local/lib/python3.8/site-packages/airflow/example_dags/example_subdag_operator.py
[2021-12-13 07:40:10,367] {scheduler_job.py:643} INFO - DAG(s) dict_keys(['example_subdag_operator.section-1', 'example_subdag_operator.section-2', 'example_subdag_operator']) retrieved from /home/airflow/.local/lib/python3.8/site-packages/airflow/example_dags/example_subdag_operator.py
[2021-12-13 07:40:10,394] {logging_mixin.py:104} INFO - [2021-12-13 07:40:10,394] {dag.py:1832} INFO - Sync 3 DAGs
[2021-12-13 07:40:10,466] {logging_mixin.py:104} INFO - [2021-12-13 07:40:10,466] {dag.py:2305} INFO - Setting next_dagrun for example_subdag_operator to 2021-12-11 00:00:00+00:00
[2021-12-13 07:40:10,479] {logging_mixin.py:104} INFO - [2021-12-13 07:40:10,479] {dag.py:2305} INFO - Setting next_dagrun for example_subdag_operator.section-1 to None
[2021-12-13 07:40:10,479] {logging_mixin.py:104} INFO - [2021-12-13 07:40:10,479] {dag.py:2305} INFO - Setting next_dagrun for example_subdag_operator.section-2 to None
[2021-12-13 07:40:10,527] {logging_mixin.py:104} INFO - [2021-12-13 07:40:10,527] {dag.py:1832} INFO - Sync 2 DAGs
[2021-12-13 07:40:10,544] {logging_mixin.py:104} INFO - [2021-12-13 07:40:10,544] {dag.py:2305} INFO - Setting next_dagrun for example_subdag_operator.section-1 to None
[2021-12-13 07:40:10,547] {logging_mixin.py:104} INFO - [2021-12-13 07:40:10,547] {dag.py:2305} INFO - Setting next_dagrun for example_subdag_operator.section-2 to None
[2021-12-13 07:40:10,568] {scheduler_job.py:190} INFO - Processing /home/airflow/.local/lib/python3.8/site-packages/airflow/example_dags/example_subdag_operator.py took 0.270 seconds
[2021-12-13 07:41:00,375] {scheduler_job.py:182} INFO - Started process (PID=37416) to work on /home/airflow/.local/lib/python3.8/site-packages/airflow/example_dags/example_subdag_operator.py
[2021-12-13 07:41:00,383] {scheduler_job.py:633} INFO - Processing file /home/airflow/.local/lib/python3.8/site-packages/airflow/example_dags/example_subdag_operator.py for tasks to queue
[2021-12-13 07:41:00,391] {logging_mixin.py:104} INFO - [2021-12-13 07:41:00,390] {dagbag.py:487} INFO - Filling up the DagBag from /home/airflow/.local/lib/python3.8/site-packages/airflow/example_dags/example_subdag_operator.py
[2021-12-13 07:41:00,470] {scheduler_job.py:643} INFO - DAG(s) dict_keys(['example_subdag_operator.section-1', 'example_subdag_operator.section-2', 'example_subdag_operator']) retrieved from /home/airflow/.local/lib/python3.8/site-packages/airflow/example_dags/example_subdag_operator.py
[2021-12-13 07:41:00,493] {logging_mixin.py:104} INFO - [2021-12-13 07:41:00,493] {dag.py:1832} INFO - Sync 3 DAGs
[2021-12-13 07:41:00,526] {logging_mixin.py:104} INFO - [2021-12-13 07:41:00,526] {dag.py:2305} INFO - Setting next_dagrun for example_subdag_operator to 2021-12-11 00:00:00+00:00
[2021-12-13 07:41:00,530] {logging_mixin.py:104} INFO - [2021-12-13 07:41:00,530] {dag.py:2305} INFO - Setting next_dagrun for example_subdag_operator.section-1 to None
[2021-12-13 07:41:00,532] {logging_mixin.py:104} INFO - [2021-12-13 07:41:00,532] {dag.py:2305} INFO - Setting next_dagrun for example_subdag_operator.section-2 to None
[2021-12-13 07:41:00,557] {logging_mixin.py:104} INFO - [2021-12-13 07:41:00,557] {dag.py:1832} INFO - Sync 2 DAGs
[2021-12-13 07:41:00,573] {logging_mixin.py:104} INFO - [2021-12-13 07:41:00,573] {dag.py:2305} INFO - Setting next_dagrun for example_subdag_operator.section-1 to None
[2021-12-13 07:41:00,581] {logging_mixin.py:104} INFO - [2021-12-13 07:41:00,581] {dag.py:2305} INFO - Setting next_dagrun for example_subdag_operator.section-2 to None
[2021-12-13 07:41:00,597] {scheduler_job.py:190} INFO - Processing /home/airflow/.local/lib/python3.8/site-packages/airflow/example_dags/example_subdag_operator.py took 0.224 seconds
[2021-12-13 07:41:40,726] {scheduler_job.py:182} INFO - Started process (PID=37556) to work on /home/airflow/.local/lib/python3.8/site-packages/airflow/example_dags/example_subdag_operator.py
[2021-12-13 07:41:40,730] {scheduler_job.py:633} INFO - Processing file /home/airflow/.local/lib/python3.8/site-packages/airflow/example_dags/example_subdag_operator.py for tasks to queue
[2021-12-13 07:41:40,734] {logging_mixin.py:104} INFO - [2021-12-13 07:41:40,734] {dagbag.py:487} INFO - Filling up the DagBag from /home/airflow/.local/lib/python3.8/site-packages/airflow/example_dags/example_subdag_operator.py
[2021-12-13 07:41:40,757] {scheduler_job.py:643} INFO - DAG(s) dict_keys(['example_subdag_operator.section-1', 'example_subdag_operator.section-2', 'example_subdag_operator']) retrieved from /home/airflow/.local/lib/python3.8/site-packages/airflow/example_dags/example_subdag_operator.py
[2021-12-13 07:41:40,773] {logging_mixin.py:104} INFO - [2021-12-13 07:41:40,773] {dag.py:1832} INFO - Sync 3 DAGs
[2021-12-13 07:41:40,789] {logging_mixin.py:104} INFO - [2021-12-13 07:41:40,789] {dag.py:2305} INFO - Setting next_dagrun for example_subdag_operator to 2021-12-11 00:00:00+00:00
[2021-12-13 07:41:40,793] {logging_mixin.py:104} INFO - [2021-12-13 07:41:40,793] {dag.py:2305} INFO - Setting next_dagrun for example_subdag_operator.section-1 to None
[2021-12-13 07:41:40,793] {logging_mixin.py:104} INFO - [2021-12-13 07:41:40,793] {dag.py:2305} INFO - Setting next_dagrun for example_subdag_operator.section-2 to None
[2021-12-13 07:41:40,817] {logging_mixin.py:104} INFO - [2021-12-13 07:41:40,817] {dag.py:1832} INFO - Sync 2 DAGs
[2021-12-13 07:41:40,829] {logging_mixin.py:104} INFO - [2021-12-13 07:41:40,829] {dag.py:2305} INFO - Setting next_dagrun for example_subdag_operator.section-1 to None
[2021-12-13 07:41:40,832] {logging_mixin.py:104} INFO - [2021-12-13 07:41:40,832] {dag.py:2305} INFO - Setting next_dagrun for example_subdag_operator.section-2 to None
[2021-12-13 07:41:40,842] {scheduler_job.py:190} INFO - Processing /home/airflow/.local/lib/python3.8/site-packages/airflow/example_dags/example_subdag_operator.py took 0.117 seconds
[2021-12-13 07:42:25,635] {scheduler_job.py:182} INFO - Started process (PID=37714) to work on /home/airflow/.local/lib/python3.8/site-packages/airflow/example_dags/example_subdag_operator.py
[2021-12-13 07:42:25,639] {scheduler_job.py:633} INFO - Processing file /home/airflow/.local/lib/python3.8/site-packages/airflow/example_dags/example_subdag_operator.py for tasks to queue
[2021-12-13 07:42:25,640] {logging_mixin.py:104} INFO - [2021-12-13 07:42:25,639] {dagbag.py:487} INFO - Filling up the DagBag from /home/airflow/.local/lib/python3.8/site-packages/airflow/example_dags/example_subdag_operator.py
[2021-12-13 07:42:25,665] {scheduler_job.py:643} INFO - DAG(s) dict_keys(['example_subdag_operator.section-1', 'example_subdag_operator.section-2', 'example_subdag_operator']) retrieved from /home/airflow/.local/lib/python3.8/site-packages/airflow/example_dags/example_subdag_operator.py
[2021-12-13 07:42:25,676] {logging_mixin.py:104} INFO - [2021-12-13 07:42:25,676] {dag.py:1832} INFO - Sync 3 DAGs
[2021-12-13 07:42:25,688] {logging_mixin.py:104} INFO - [2021-12-13 07:42:25,688] {dag.py:2305} INFO - Setting next_dagrun for example_subdag_operator to 2021-12-11 00:00:00+00:00
[2021-12-13 07:42:25,691] {logging_mixin.py:104} INFO - [2021-12-13 07:42:25,691] {dag.py:2305} INFO - Setting next_dagrun for example_subdag_operator.section-1 to None
[2021-12-13 07:42:25,693] {logging_mixin.py:104} INFO - [2021-12-13 07:42:25,693] {dag.py:2305} INFO - Setting next_dagrun for example_subdag_operator.section-2 to None
[2021-12-13 07:42:25,716] {logging_mixin.py:104} INFO - [2021-12-13 07:42:25,716] {dag.py:1832} INFO - Sync 2 DAGs
[2021-12-13 07:42:25,724] {logging_mixin.py:104} INFO - [2021-12-13 07:42:25,724] {dag.py:2305} INFO - Setting next_dagrun for example_subdag_operator.section-1 to None
[2021-12-13 07:42:25,727] {logging_mixin.py:104} INFO - [2021-12-13 07:42:25,727] {dag.py:2305} INFO - Setting next_dagrun for example_subdag_operator.section-2 to None
[2021-12-13 07:42:25,740] {scheduler_job.py:190} INFO - Processing /home/airflow/.local/lib/python3.8/site-packages/airflow/example_dags/example_subdag_operator.py took 0.108 seconds
[2021-12-13 07:43:04,719] {scheduler_job.py:182} INFO - Started process (PID=37840) to work on /home/airflow/.local/lib/python3.8/site-packages/airflow/example_dags/example_subdag_operator.py
[2021-12-13 07:43:04,723] {scheduler_job.py:633} INFO - Processing file /home/airflow/.local/lib/python3.8/site-packages/airflow/example_dags/example_subdag_operator.py for tasks to queue
[2021-12-13 07:43:04,724] {logging_mixin.py:104} INFO - [2021-12-13 07:43:04,724] {dagbag.py:487} INFO - Filling up the DagBag from /home/airflow/.local/lib/python3.8/site-packages/airflow/example_dags/example_subdag_operator.py
[2021-12-13 07:43:04,758] {scheduler_job.py:643} INFO - DAG(s) dict_keys(['example_subdag_operator.section-1', 'example_subdag_operator.section-2', 'example_subdag_operator']) retrieved from /home/airflow/.local/lib/python3.8/site-packages/airflow/example_dags/example_subdag_operator.py
[2021-12-13 07:43:04,781] {logging_mixin.py:104} INFO - [2021-12-13 07:43:04,781] {dag.py:1832} INFO - Sync 3 DAGs
[2021-12-13 07:43:04,796] {logging_mixin.py:104} INFO - [2021-12-13 07:43:04,796] {dag.py:2305} INFO - Setting next_dagrun for example_subdag_operator to 2021-12-11 00:00:00+00:00
[2021-12-13 07:43:04,800] {logging_mixin.py:104} INFO - [2021-12-13 07:43:04,800] {dag.py:2305} INFO - Setting next_dagrun for example_subdag_operator.section-1 to None
[2021-12-13 07:43:04,800] {logging_mixin.py:104} INFO - [2021-12-13 07:43:04,800] {dag.py:2305} INFO - Setting next_dagrun for example_subdag_operator.section-2 to None
[2021-12-13 07:43:04,822] {logging_mixin.py:104} INFO - [2021-12-13 07:43:04,822] {dag.py:1832} INFO - Sync 2 DAGs
[2021-12-13 07:43:04,830] {logging_mixin.py:104} INFO - [2021-12-13 07:43:04,830] {dag.py:2305} INFO - Setting next_dagrun for example_subdag_operator.section-1 to None
[2021-12-13 07:43:04,833] {logging_mixin.py:104} INFO - [2021-12-13 07:43:04,833] {dag.py:2305} INFO - Setting next_dagrun for example_subdag_operator.section-2 to None
[2021-12-13 07:43:04,866] {scheduler_job.py:190} INFO - Processing /home/airflow/.local/lib/python3.8/site-packages/airflow/example_dags/example_subdag_operator.py took 0.168 seconds
[2021-12-13 07:43:49,869] {scheduler_job.py:182} INFO - Started process (PID=37984) to work on /home/airflow/.local/lib/python3.8/site-packages/airflow/example_dags/example_subdag_operator.py
[2021-12-13 07:43:49,872] {scheduler_job.py:633} INFO - Processing file /home/airflow/.local/lib/python3.8/site-packages/airflow/example_dags/example_subdag_operator.py for tasks to queue
[2021-12-13 07:43:49,874] {logging_mixin.py:104} INFO - [2021-12-13 07:43:49,874] {dagbag.py:487} INFO - Filling up the DagBag from /home/airflow/.local/lib/python3.8/site-packages/airflow/example_dags/example_subdag_operator.py
[2021-12-13 07:43:49,903] {scheduler_job.py:643} INFO - DAG(s) dict_keys(['example_subdag_operator.section-1', 'example_subdag_operator.section-2', 'example_subdag_operator']) retrieved from /home/airflow/.local/lib/python3.8/site-packages/airflow/example_dags/example_subdag_operator.py
[2021-12-13 07:43:49,918] {logging_mixin.py:104} INFO - [2021-12-13 07:43:49,918] {dag.py:1832} INFO - Sync 3 DAGs
[2021-12-13 07:43:49,932] {logging_mixin.py:104} INFO - [2021-12-13 07:43:49,932] {dag.py:2305} INFO - Setting next_dagrun for example_subdag_operator to 2021-12-11 00:00:00+00:00
[2021-12-13 07:43:49,936] {logging_mixin.py:104} INFO - [2021-12-13 07:43:49,935] {dag.py:2305} INFO - Setting next_dagrun for example_subdag_operator.section-1 to None
[2021-12-13 07:43:49,939] {logging_mixin.py:104} INFO - [2021-12-13 07:43:49,939] {dag.py:2305} INFO - Setting next_dagrun for example_subdag_operator.section-2 to None
[2021-12-13 07:43:49,952] {logging_mixin.py:104} INFO - [2021-12-13 07:43:49,952] {dag.py:1832} INFO - Sync 2 DAGs
[2021-12-13 07:43:49,963] {logging_mixin.py:104} INFO - [2021-12-13 07:43:49,962] {dag.py:2305} INFO - Setting next_dagrun for example_subdag_operator.section-1 to None
[2021-12-13 07:43:49,966] {logging_mixin.py:104} INFO - [2021-12-13 07:43:49,966] {dag.py:2305} INFO - Setting next_dagrun for example_subdag_operator.section-2 to None
[2021-12-13 07:43:49,979] {scheduler_job.py:190} INFO - Processing /home/airflow/.local/lib/python3.8/site-packages/airflow/example_dags/example_subdag_operator.py took 0.111 seconds
[2021-12-13 07:44:27,733] {scheduler_job.py:182} INFO - Started process (PID=38112) to work on /home/airflow/.local/lib/python3.8/site-packages/airflow/example_dags/example_subdag_operator.py
[2021-12-13 07:44:27,743] {scheduler_job.py:633} INFO - Processing file /home/airflow/.local/lib/python3.8/site-packages/airflow/example_dags/example_subdag_operator.py for tasks to queue
[2021-12-13 07:44:27,748] {logging_mixin.py:104} INFO - [2021-12-13 07:44:27,748] {dagbag.py:487} INFO - Filling up the DagBag from /home/airflow/.local/lib/python3.8/site-packages/airflow/example_dags/example_subdag_operator.py
[2021-12-13 07:44:27,809] {scheduler_job.py:643} INFO - DAG(s) dict_keys(['example_subdag_operator.section-1', 'example_subdag_operator.section-2', 'example_subdag_operator']) retrieved from /home/airflow/.local/lib/python3.8/site-packages/airflow/example_dags/example_subdag_operator.py
[2021-12-13 07:44:27,842] {logging_mixin.py:104} INFO - [2021-12-13 07:44:27,842] {dag.py:1832} INFO - Sync 3 DAGs
[2021-12-13 07:44:27,867] {logging_mixin.py:104} INFO - [2021-12-13 07:44:27,867] {dag.py:2305} INFO - Setting next_dagrun for example_subdag_operator to 2021-12-11 00:00:00+00:00
[2021-12-13 07:44:27,870] {logging_mixin.py:104} INFO - [2021-12-13 07:44:27,870] {dag.py:2305} INFO - Setting next_dagrun for example_subdag_operator.section-1 to None
[2021-12-13 07:44:27,873] {logging_mixin.py:104} INFO - [2021-12-13 07:44:27,873] {dag.py:2305} INFO - Setting next_dagrun for example_subdag_operator.section-2 to None
[2021-12-13 07:44:27,894] {logging_mixin.py:104} INFO - [2021-12-13 07:44:27,894] {dag.py:1832} INFO - Sync 2 DAGs
[2021-12-13 07:44:27,910] {logging_mixin.py:104} INFO - [2021-12-13 07:44:27,910] {dag.py:2305} INFO - Setting next_dagrun for example_subdag_operator.section-1 to None
[2021-12-13 07:44:27,912] {logging_mixin.py:104} INFO - [2021-12-13 07:44:27,912] {dag.py:2305} INFO - Setting next_dagrun for example_subdag_operator.section-2 to None
[2021-12-13 07:44:27,925] {scheduler_job.py:190} INFO - Processing /home/airflow/.local/lib/python3.8/site-packages/airflow/example_dags/example_subdag_operator.py took 0.200 seconds
[2021-12-13 07:45:24,848] {scheduler_job.py:182} INFO - Started process (PID=38389) to work on /home/airflow/.local/lib/python3.8/site-packages/airflow/example_dags/example_subdag_operator.py
[2021-12-13 07:45:24,860] {scheduler_job.py:633} INFO - Processing file /home/airflow/.local/lib/python3.8/site-packages/airflow/example_dags/example_subdag_operator.py for tasks to queue
[2021-12-13 07:45:24,867] {logging_mixin.py:104} INFO - [2021-12-13 07:45:24,866] {dagbag.py:487} INFO - Filling up the DagBag from /home/airflow/.local/lib/python3.8/site-packages/airflow/example_dags/example_subdag_operator.py
[2021-12-13 07:45:24,891] {scheduler_job.py:643} INFO - DAG(s) dict_keys(['example_subdag_operator.section-1', 'example_subdag_operator.section-2', 'example_subdag_operator']) retrieved from /home/airflow/.local/lib/python3.8/site-packages/airflow/example_dags/example_subdag_operator.py
[2021-12-13 07:45:24,907] {logging_mixin.py:104} INFO - [2021-12-13 07:45:24,907] {dag.py:1832} INFO - Sync 3 DAGs
[2021-12-13 07:45:24,921] {logging_mixin.py:104} INFO - [2021-12-13 07:45:24,921] {dag.py:2305} INFO - Setting next_dagrun for example_subdag_operator to 2021-12-11 00:00:00+00:00
[2021-12-13 07:45:24,925] {logging_mixin.py:104} INFO - [2021-12-13 07:45:24,925] {dag.py:2305} INFO - Setting next_dagrun for example_subdag_operator.section-1 to None
[2021-12-13 07:45:24,925] {logging_mixin.py:104} INFO - [2021-12-13 07:45:24,925] {dag.py:2305} INFO - Setting next_dagrun for example_subdag_operator.section-2 to None
[2021-12-13 07:45:24,950] {logging_mixin.py:104} INFO - [2021-12-13 07:45:24,950] {dag.py:1832} INFO - Sync 2 DAGs
[2021-12-13 07:45:24,964] {logging_mixin.py:104} INFO - [2021-12-13 07:45:24,964] {dag.py:2305} INFO - Setting next_dagrun for example_subdag_operator.section-1 to None
[2021-12-13 07:45:24,967] {logging_mixin.py:104} INFO - [2021-12-13 07:45:24,967] {dag.py:2305} INFO - Setting next_dagrun for example_subdag_operator.section-2 to None
[2021-12-13 07:45:24,978] {scheduler_job.py:190} INFO - Processing /home/airflow/.local/lib/python3.8/site-packages/airflow/example_dags/example_subdag_operator.py took 0.137 seconds
[2021-12-13 07:46:02,945] {scheduler_job.py:182} INFO - Started process (PID=38511) to work on /home/airflow/.local/lib/python3.8/site-packages/airflow/example_dags/example_subdag_operator.py
[2021-12-13 07:46:02,951] {scheduler_job.py:633} INFO - Processing file /home/airflow/.local/lib/python3.8/site-packages/airflow/example_dags/example_subdag_operator.py for tasks to queue
[2021-12-13 07:46:02,951] {logging_mixin.py:104} INFO - [2021-12-13 07:46:02,951] {dagbag.py:487} INFO - Filling up the DagBag from /home/airflow/.local/lib/python3.8/site-packages/airflow/example_dags/example_subdag_operator.py
[2021-12-13 07:46:03,027] {scheduler_job.py:643} INFO - DAG(s) dict_keys(['example_subdag_operator.section-1', 'example_subdag_operator.section-2', 'example_subdag_operator']) retrieved from /home/airflow/.local/lib/python3.8/site-packages/airflow/example_dags/example_subdag_operator.py
[2021-12-13 07:46:03,060] {logging_mixin.py:104} INFO - [2021-12-13 07:46:03,060] {dag.py:1832} INFO - Sync 3 DAGs
[2021-12-13 07:46:03,090] {logging_mixin.py:104} INFO - [2021-12-13 07:46:03,090] {dag.py:2305} INFO - Setting next_dagrun for example_subdag_operator to 2021-12-11 00:00:00+00:00
[2021-12-13 07:46:03,094] {logging_mixin.py:104} INFO - [2021-12-13 07:46:03,094] {dag.py:2305} INFO - Setting next_dagrun for example_subdag_operator.section-1 to None
[2021-12-13 07:46:03,097] {logging_mixin.py:104} INFO - [2021-12-13 07:46:03,097] {dag.py:2305} INFO - Setting next_dagrun for example_subdag_operator.section-2 to None
[2021-12-13 07:46:03,121] {logging_mixin.py:104} INFO - [2021-12-13 07:46:03,121] {dag.py:1832} INFO - Sync 2 DAGs
[2021-12-13 07:46:03,132] {logging_mixin.py:104} INFO - [2021-12-13 07:46:03,132] {dag.py:2305} INFO - Setting next_dagrun for example_subdag_operator.section-1 to None
[2021-12-13 07:46:03,138] {logging_mixin.py:104} INFO - [2021-12-13 07:46:03,138] {dag.py:2305} INFO - Setting next_dagrun for example_subdag_operator.section-2 to None
[2021-12-13 07:46:03,152] {scheduler_job.py:190} INFO - Processing /home/airflow/.local/lib/python3.8/site-packages/airflow/example_dags/example_subdag_operator.py took 0.209 seconds
[2021-12-13 07:46:41,861] {scheduler_job.py:182} INFO - Started process (PID=38639) to work on /home/airflow/.local/lib/python3.8/site-packages/airflow/example_dags/example_subdag_operator.py
[2021-12-13 07:46:41,875] {scheduler_job.py:633} INFO - Processing file /home/airflow/.local/lib/python3.8/site-packages/airflow/example_dags/example_subdag_operator.py for tasks to queue
[2021-12-13 07:46:41,877] {logging_mixin.py:104} INFO - [2021-12-13 07:46:41,877] {dagbag.py:487} INFO - Filling up the DagBag from /home/airflow/.local/lib/python3.8/site-packages/airflow/example_dags/example_subdag_operator.py
[2021-12-13 07:46:41,923] {scheduler_job.py:643} INFO - DAG(s) dict_keys(['example_subdag_operator.section-1', 'example_subdag_operator.section-2', 'example_subdag_operator']) retrieved from /home/airflow/.local/lib/python3.8/site-packages/airflow/example_dags/example_subdag_operator.py
[2021-12-13 07:46:41,952] {logging_mixin.py:104} INFO - [2021-12-13 07:46:41,952] {dag.py:1832} INFO - Sync 3 DAGs
[2021-12-13 07:46:41,967] {logging_mixin.py:104} INFO - [2021-12-13 07:46:41,967] {dag.py:2305} INFO - Setting next_dagrun for example_subdag_operator to 2021-12-11 00:00:00+00:00
[2021-12-13 07:46:41,971] {logging_mixin.py:104} INFO - [2021-12-13 07:46:41,971] {dag.py:2305} INFO - Setting next_dagrun for example_subdag_operator.section-1 to None
[2021-12-13 07:46:41,971] {logging_mixin.py:104} INFO - [2021-12-13 07:46:41,971] {dag.py:2305} INFO - Setting next_dagrun for example_subdag_operator.section-2 to None
[2021-12-13 07:46:41,999] {logging_mixin.py:104} INFO - [2021-12-13 07:46:41,998] {dag.py:1832} INFO - Sync 2 DAGs
[2021-12-13 07:46:42,010] {logging_mixin.py:104} INFO - [2021-12-13 07:46:42,010] {dag.py:2305} INFO - Setting next_dagrun for example_subdag_operator.section-1 to None
[2021-12-13 07:46:42,014] {logging_mixin.py:104} INFO - [2021-12-13 07:46:42,014] {dag.py:2305} INFO - Setting next_dagrun for example_subdag_operator.section-2 to None
[2021-12-13 07:46:42,027] {scheduler_job.py:190} INFO - Processing /home/airflow/.local/lib/python3.8/site-packages/airflow/example_dags/example_subdag_operator.py took 0.167 seconds
[2021-12-13 07:47:17,575] {scheduler_job.py:182} INFO - Started process (PID=38763) to work on /home/airflow/.local/lib/python3.8/site-packages/airflow/example_dags/example_subdag_operator.py
[2021-12-13 07:47:17,580] {scheduler_job.py:633} INFO - Processing file /home/airflow/.local/lib/python3.8/site-packages/airflow/example_dags/example_subdag_operator.py for tasks to queue
[2021-12-13 07:47:17,586] {logging_mixin.py:104} INFO - [2021-12-13 07:47:17,586] {dagbag.py:487} INFO - Filling up the DagBag from /home/airflow/.local/lib/python3.8/site-packages/airflow/example_dags/example_subdag_operator.py
[2021-12-13 07:47:17,652] {scheduler_job.py:643} INFO - DAG(s) dict_keys(['example_subdag_operator.section-1', 'example_subdag_operator.section-2', 'example_subdag_operator']) retrieved from /home/airflow/.local/lib/python3.8/site-packages/airflow/example_dags/example_subdag_operator.py
[2021-12-13 07:47:17,668] {logging_mixin.py:104} INFO - [2021-12-13 07:47:17,668] {dag.py:1832} INFO - Sync 3 DAGs
[2021-12-13 07:47:17,680] {logging_mixin.py:104} INFO - [2021-12-13 07:47:17,680] {dag.py:2305} INFO - Setting next_dagrun for example_subdag_operator to 2021-12-11 00:00:00+00:00
[2021-12-13 07:47:17,684] {logging_mixin.py:104} INFO - [2021-12-13 07:47:17,684] {dag.py:2305} INFO - Setting next_dagrun for example_subdag_operator.section-1 to None
[2021-12-13 07:47:17,684] {logging_mixin.py:104} INFO - [2021-12-13 07:47:17,684] {dag.py:2305} INFO - Setting next_dagrun for example_subdag_operator.section-2 to None
[2021-12-13 07:47:17,700] {logging_mixin.py:104} INFO - [2021-12-13 07:47:17,700] {dag.py:1832} INFO - Sync 2 DAGs
[2021-12-13 07:47:17,712] {logging_mixin.py:104} INFO - [2021-12-13 07:47:17,712] {dag.py:2305} INFO - Setting next_dagrun for example_subdag_operator.section-1 to None
[2021-12-13 07:47:17,715] {logging_mixin.py:104} INFO - [2021-12-13 07:47:17,715] {dag.py:2305} INFO - Setting next_dagrun for example_subdag_operator.section-2 to None
[2021-12-13 07:47:17,727] {scheduler_job.py:190} INFO - Processing /home/airflow/.local/lib/python3.8/site-packages/airflow/example_dags/example_subdag_operator.py took 0.159 seconds
[2021-12-13 07:47:55,570] {scheduler_job.py:182} INFO - Started process (PID=38888) to work on /home/airflow/.local/lib/python3.8/site-packages/airflow/example_dags/example_subdag_operator.py
[2021-12-13 07:47:55,574] {scheduler_job.py:633} INFO - Processing file /home/airflow/.local/lib/python3.8/site-packages/airflow/example_dags/example_subdag_operator.py for tasks to queue
[2021-12-13 07:47:55,578] {logging_mixin.py:104} INFO - [2021-12-13 07:47:55,578] {dagbag.py:487} INFO - Filling up the DagBag from /home/airflow/.local/lib/python3.8/site-packages/airflow/example_dags/example_subdag_operator.py
[2021-12-13 07:47:55,602] {scheduler_job.py:643} INFO - DAG(s) dict_keys(['example_subdag_operator.section-1', 'example_subdag_operator.section-2', 'example_subdag_operator']) retrieved from /home/airflow/.local/lib/python3.8/site-packages/airflow/example_dags/example_subdag_operator.py
[2021-12-13 07:47:55,616] {logging_mixin.py:104} INFO - [2021-12-13 07:47:55,616] {dag.py:1832} INFO - Sync 3 DAGs
[2021-12-13 07:47:55,631] {logging_mixin.py:104} INFO - [2021-12-13 07:47:55,630] {dag.py:2305} INFO - Setting next_dagrun for example_subdag_operator to 2021-12-11 00:00:00+00:00
[2021-12-13 07:47:55,634] {logging_mixin.py:104} INFO - [2021-12-13 07:47:55,634] {dag.py:2305} INFO - Setting next_dagrun for example_subdag_operator.section-1 to None
[2021-12-13 07:47:55,639] {logging_mixin.py:104} INFO - [2021-12-13 07:47:55,638] {dag.py:2305} INFO - Setting next_dagrun for example_subdag_operator.section-2 to None
[2021-12-13 07:47:55,660] {logging_mixin.py:104} INFO - [2021-12-13 07:47:55,660] {dag.py:1832} INFO - Sync 2 DAGs
[2021-12-13 07:47:55,672] {logging_mixin.py:104} INFO - [2021-12-13 07:47:55,672] {dag.py:2305} INFO - Setting next_dagrun for example_subdag_operator.section-1 to None
[2021-12-13 07:47:55,675] {logging_mixin.py:104} INFO - [2021-12-13 07:47:55,675] {dag.py:2305} INFO - Setting next_dagrun for example_subdag_operator.section-2 to None
[2021-12-13 07:47:55,687] {scheduler_job.py:190} INFO - Processing /home/airflow/.local/lib/python3.8/site-packages/airflow/example_dags/example_subdag_operator.py took 0.120 seconds
[2021-12-13 07:48:38,857] {scheduler_job.py:182} INFO - Started process (PID=39030) to work on /home/airflow/.local/lib/python3.8/site-packages/airflow/example_dags/example_subdag_operator.py
[2021-12-13 07:48:38,860] {scheduler_job.py:633} INFO - Processing file /home/airflow/.local/lib/python3.8/site-packages/airflow/example_dags/example_subdag_operator.py for tasks to queue
[2021-12-13 07:48:38,863] {logging_mixin.py:104} INFO - [2021-12-13 07:48:38,863] {dagbag.py:487} INFO - Filling up the DagBag from /home/airflow/.local/lib/python3.8/site-packages/airflow/example_dags/example_subdag_operator.py
[2021-12-13 07:48:38,885] {scheduler_job.py:643} INFO - DAG(s) dict_keys(['example_subdag_operator.section-1', 'example_subdag_operator.section-2', 'example_subdag_operator']) retrieved from /home/airflow/.local/lib/python3.8/site-packages/airflow/example_dags/example_subdag_operator.py
[2021-12-13 07:48:38,907] {logging_mixin.py:104} INFO - [2021-12-13 07:48:38,907] {dag.py:1832} INFO - Sync 3 DAGs
[2021-12-13 07:48:38,929] {logging_mixin.py:104} INFO - [2021-12-13 07:48:38,929] {dag.py:2305} INFO - Setting next_dagrun for example_subdag_operator to 2021-12-11 00:00:00+00:00
[2021-12-13 07:48:38,936] {logging_mixin.py:104} INFO - [2021-12-13 07:48:38,936] {dag.py:2305} INFO - Setting next_dagrun for example_subdag_operator.section-1 to None
[2021-12-13 07:48:38,941] {logging_mixin.py:104} INFO - [2021-12-13 07:48:38,941] {dag.py:2305} INFO - Setting next_dagrun for example_subdag_operator.section-2 to None
[2021-12-13 07:48:38,976] {logging_mixin.py:104} INFO - [2021-12-13 07:48:38,976] {dag.py:1832} INFO - Sync 2 DAGs
[2021-12-13 07:48:38,989] {logging_mixin.py:104} INFO - [2021-12-13 07:48:38,989] {dag.py:2305} INFO - Setting next_dagrun for example_subdag_operator.section-1 to None
[2021-12-13 07:48:38,997] {logging_mixin.py:104} INFO - [2021-12-13 07:48:38,997] {dag.py:2305} INFO - Setting next_dagrun for example_subdag_operator.section-2 to None
[2021-12-13 07:48:39,013] {scheduler_job.py:190} INFO - Processing /home/airflow/.local/lib/python3.8/site-packages/airflow/example_dags/example_subdag_operator.py took 0.157 seconds
[2021-12-13 07:49:17,672] {scheduler_job.py:182} INFO - Started process (PID=39211) to work on /home/airflow/.local/lib/python3.8/site-packages/airflow/example_dags/example_subdag_operator.py
[2021-12-13 07:49:17,683] {scheduler_job.py:633} INFO - Processing file /home/airflow/.local/lib/python3.8/site-packages/airflow/example_dags/example_subdag_operator.py for tasks to queue
[2021-12-13 07:49:17,686] {logging_mixin.py:104} INFO - [2021-12-13 07:49:17,686] {dagbag.py:487} INFO - Filling up the DagBag from /home/airflow/.local/lib/python3.8/site-packages/airflow/example_dags/example_subdag_operator.py
[2021-12-13 07:49:17,735] {scheduler_job.py:643} INFO - DAG(s) dict_keys(['example_subdag_operator.section-1', 'example_subdag_operator.section-2', 'example_subdag_operator']) retrieved from /home/airflow/.local/lib/python3.8/site-packages/airflow/example_dags/example_subdag_operator.py
[2021-12-13 07:49:17,760] {logging_mixin.py:104} INFO - [2021-12-13 07:49:17,760] {dag.py:1832} INFO - Sync 3 DAGs
[2021-12-13 07:49:17,788] {logging_mixin.py:104} INFO - [2021-12-13 07:49:17,788] {dag.py:2305} INFO - Setting next_dagrun for example_subdag_operator to 2021-12-11 00:00:00+00:00
[2021-12-13 07:49:17,791] {logging_mixin.py:104} INFO - [2021-12-13 07:49:17,791] {dag.py:2305} INFO - Setting next_dagrun for example_subdag_operator.section-1 to None
[2021-12-13 07:49:17,792] {logging_mixin.py:104} INFO - [2021-12-13 07:49:17,792] {dag.py:2305} INFO - Setting next_dagrun for example_subdag_operator.section-2 to None
[2021-12-13 07:49:17,817] {logging_mixin.py:104} INFO - [2021-12-13 07:49:17,817] {dag.py:1832} INFO - Sync 2 DAGs
[2021-12-13 07:49:17,833] {logging_mixin.py:104} INFO - [2021-12-13 07:49:17,833] {dag.py:2305} INFO - Setting next_dagrun for example_subdag_operator.section-1 to None
[2021-12-13 07:49:17,838] {logging_mixin.py:104} INFO - [2021-12-13 07:49:17,838] {dag.py:2305} INFO - Setting next_dagrun for example_subdag_operator.section-2 to None
[2021-12-13 07:49:17,872] {scheduler_job.py:190} INFO - Processing /home/airflow/.local/lib/python3.8/site-packages/airflow/example_dags/example_subdag_operator.py took 0.202 seconds
[2021-12-13 07:49:58,256] {scheduler_job.py:182} INFO - Started process (PID=39364) to work on /home/airflow/.local/lib/python3.8/site-packages/airflow/example_dags/example_subdag_operator.py
[2021-12-13 07:49:58,264] {scheduler_job.py:633} INFO - Processing file /home/airflow/.local/lib/python3.8/site-packages/airflow/example_dags/example_subdag_operator.py for tasks to queue
[2021-12-13 07:49:58,270] {logging_mixin.py:104} INFO - [2021-12-13 07:49:58,270] {dagbag.py:487} INFO - Filling up the DagBag from /home/airflow/.local/lib/python3.8/site-packages/airflow/example_dags/example_subdag_operator.py
[2021-12-13 07:49:58,354] {scheduler_job.py:643} INFO - DAG(s) dict_keys(['example_subdag_operator.section-1', 'example_subdag_operator.section-2', 'example_subdag_operator']) retrieved from /home/airflow/.local/lib/python3.8/site-packages/airflow/example_dags/example_subdag_operator.py
[2021-12-13 07:49:58,391] {logging_mixin.py:104} INFO - [2021-12-13 07:49:58,391] {dag.py:1832} INFO - Sync 3 DAGs
[2021-12-13 07:49:58,409] {logging_mixin.py:104} INFO - [2021-12-13 07:49:58,409] {dag.py:2305} INFO - Setting next_dagrun for example_subdag_operator to 2021-12-11 00:00:00+00:00
[2021-12-13 07:49:58,412] {logging_mixin.py:104} INFO - [2021-12-13 07:49:58,412] {dag.py:2305} INFO - Setting next_dagrun for example_subdag_operator.section-1 to None
[2021-12-13 07:49:58,416] {logging_mixin.py:104} INFO - [2021-12-13 07:49:58,415] {dag.py:2305} INFO - Setting next_dagrun for example_subdag_operator.section-2 to None
[2021-12-13 07:49:58,440] {logging_mixin.py:104} INFO - [2021-12-13 07:49:58,440] {dag.py:1832} INFO - Sync 2 DAGs
[2021-12-13 07:49:58,460] {logging_mixin.py:104} INFO - [2021-12-13 07:49:58,460] {dag.py:2305} INFO - Setting next_dagrun for example_subdag_operator.section-1 to None
[2021-12-13 07:49:58,469] {logging_mixin.py:104} INFO - [2021-12-13 07:49:58,469] {dag.py:2305} INFO - Setting next_dagrun for example_subdag_operator.section-2 to None
[2021-12-13 07:49:58,481] {scheduler_job.py:190} INFO - Processing /home/airflow/.local/lib/python3.8/site-packages/airflow/example_dags/example_subdag_operator.py took 0.236 seconds
