[2021-12-22 00:00:08,088] {taskinstance.py:876} INFO - Dependencies all met for <TaskInstance: user_processing.is_api_available 2021-12-21T00:00:00+00:00 [queued]>
[2021-12-22 00:00:08,093] {taskinstance.py:876} INFO - Dependencies all met for <TaskInstance: user_processing.is_api_available 2021-12-21T00:00:00+00:00 [queued]>
[2021-12-22 00:00:08,093] {taskinstance.py:1067} INFO - 
--------------------------------------------------------------------------------
[2021-12-22 00:00:08,093] {taskinstance.py:1068} INFO - Starting attempt 1 of 1
[2021-12-22 00:00:08,093] {taskinstance.py:1069} INFO - 
--------------------------------------------------------------------------------
[2021-12-22 00:00:08,100] {taskinstance.py:1087} INFO - Executing <Task(HttpSensor): is_api_available> on 2021-12-21T00:00:00+00:00
[2021-12-22 00:00:08,102] {standard_task_runner.py:52} INFO - Started process 169555 to run task
[2021-12-22 00:00:08,107] {standard_task_runner.py:76} INFO - Running: ['airflow', 'tasks', 'run', 'user_processing', 'is_api_available', '2021-12-21T00:00:00+00:00', '--job-id', '1551', '--pool', 'default_pool', '--raw', '--subdir', 'DAGS_FOLDER/user_processing.py', '--cfg-path', '/tmp/tmp1v6n1j5i', '--error-file', '/tmp/tmpwy1hig7u']
[2021-12-22 00:00:08,107] {standard_task_runner.py:77} INFO - Job 1551: Subtask is_api_available
[2021-12-22 00:00:08,143] {logging_mixin.py:104} INFO - Running <TaskInstance: user_processing.is_api_available 2021-12-21T00:00:00+00:00 [running]> on host airflowvm
[2021-12-22 00:00:08,183] {taskinstance.py:1280} INFO - Exporting the following env vars:
AIRFLOW_CTX_DAG_OWNER=airflow
AIRFLOW_CTX_DAG_ID=user_processing
AIRFLOW_CTX_TASK_ID=is_api_available
AIRFLOW_CTX_EXECUTION_DATE=2021-12-21T00:00:00+00:00
AIRFLOW_CTX_DAG_RUN_ID=scheduled__2021-12-21T00:00:00+00:00
[2021-12-22 00:00:08,183] {http.py:101} INFO - Poking: api/
[2021-12-22 00:00:08,187] {base.py:69} INFO - Using connection to: id: user_api. Host: https://randomuser.me, Port: None, Schema: , Login: , Password: ***, extra: {}
[2021-12-22 00:00:08,188] {http.py:140} INFO - Sending 'GET' to url: https://randomuser.me/api/
[2021-12-22 00:00:08,590] {base.py:243} INFO - Success criteria met. Exiting.
[2021-12-22 00:00:08,598] {taskinstance.py:1184} INFO - Marking task as SUCCESS. dag_id=user_processing, task_id=is_api_available, execution_date=20211221T000000, start_date=20211222T000008, end_date=20211222T000008
[2021-12-22 00:00:08,623] {taskinstance.py:1245} INFO - 1 downstream tasks scheduled from follow-on schedule check
[2021-12-22 00:00:08,641] {local_task_job.py:151} INFO - Task exited with return code 0
