[2021-12-22 05:50:02,974] {taskinstance.py:876} INFO - Dependencies all met for <TaskInstance: rank_update.pull_from_git 2021-12-22T05:40:00+00:00 [queued]>
[2021-12-22 05:50:02,980] {taskinstance.py:876} INFO - Dependencies all met for <TaskInstance: rank_update.pull_from_git 2021-12-22T05:40:00+00:00 [queued]>
[2021-12-22 05:50:02,981] {taskinstance.py:1067} INFO - 
--------------------------------------------------------------------------------
[2021-12-22 05:50:02,981] {taskinstance.py:1068} INFO - Starting attempt 1 of 1
[2021-12-22 05:50:02,981] {taskinstance.py:1069} INFO - 
--------------------------------------------------------------------------------
[2021-12-22 05:50:02,994] {taskinstance.py:1087} INFO - Executing <Task(BashOperator): pull_from_git> on 2021-12-22T05:40:00+00:00
[2021-12-22 05:50:02,995] {standard_task_runner.py:52} INFO - Started process 191045 to run task
[2021-12-22 05:50:03,000] {standard_task_runner.py:76} INFO - Running: ['airflow', 'tasks', 'run', 'rank_update', 'pull_from_git', '2021-12-22T05:40:00+00:00', '--job-id', '1729', '--pool', 'default_pool', '--raw', '--subdir', 'DAGS_FOLDER/rank_update.py', '--cfg-path', '/tmp/tmpg16zq4_j', '--error-file', '/tmp/tmpfvc6z1z1']
[2021-12-22 05:50:03,001] {standard_task_runner.py:77} INFO - Job 1729: Subtask pull_from_git
[2021-12-22 05:50:03,045] {logging_mixin.py:104} INFO - Running <TaskInstance: rank_update.pull_from_git 2021-12-22T05:40:00+00:00 [running]> on host airflowvm
[2021-12-22 05:50:03,243] {taskinstance.py:1280} INFO - Exporting the following env vars:
AIRFLOW_CTX_DAG_OWNER=airflow
AIRFLOW_CTX_DAG_ID=rank_update
AIRFLOW_CTX_TASK_ID=pull_from_git
AIRFLOW_CTX_EXECUTION_DATE=2021-12-22T05:40:00+00:00
AIRFLOW_CTX_DAG_RUN_ID=scheduled__2021-12-22T05:40:00+00:00
[2021-12-22 05:50:03,243] {subprocess.py:52} INFO - Tmp dir root location: 
 /tmp
[2021-12-22 05:50:03,243] {subprocess.py:63} INFO - Running command: ['bash', '-c', 'git -C /home/airflow/AlgorithmStudy_211124 pull']
[2021-12-22 05:50:03,251] {subprocess.py:75} INFO - Output:
[2021-12-22 05:50:03,670] {subprocess.py:79} INFO - Already up to date.
[2021-12-22 05:50:03,674] {subprocess.py:83} INFO - Command exited with return code 0
[2021-12-22 05:50:03,708] {taskinstance.py:1184} INFO - Marking task as SUCCESS. dag_id=rank_update, task_id=pull_from_git, execution_date=20211222T054000, start_date=20211222T055002, end_date=20211222T055003
[2021-12-22 05:50:03,749] {taskinstance.py:1245} INFO - 1 downstream tasks scheduled from follow-on schedule check
[2021-12-22 05:50:03,778] {local_task_job.py:151} INFO - Task exited with return code 0
