[2021-12-23 17:32:23,814] {taskinstance.py:876} INFO - Dependencies all met for <TaskInstance: rank_update.pull_from_git 2021-12-22T05:40:00+00:00 [queued]>
[2021-12-23 17:32:23,833] {taskinstance.py:876} INFO - Dependencies all met for <TaskInstance: rank_update.pull_from_git 2021-12-22T05:40:00+00:00 [queued]>
[2021-12-23 17:32:23,834] {taskinstance.py:1067} INFO - 
--------------------------------------------------------------------------------
[2021-12-23 17:32:23,834] {taskinstance.py:1068} INFO - Starting attempt 2 of 2
[2021-12-23 17:32:23,835] {taskinstance.py:1069} INFO - 
--------------------------------------------------------------------------------
[2021-12-23 17:32:23,850] {taskinstance.py:1087} INFO - Executing <Task(BashOperator): pull_from_git> on 2021-12-22T05:40:00+00:00
[2021-12-23 17:32:23,852] {standard_task_runner.py:52} INFO - Started process 364216 to run task
[2021-12-23 17:32:23,858] {standard_task_runner.py:76} INFO - Running: ['airflow', 'tasks', 'run', 'rank_update', 'pull_from_git', '2021-12-22T05:40:00+00:00', '--job-id', '1809', '--pool', 'default_pool', '--raw', '--subdir', 'DAGS_FOLDER/rank_update.py', '--cfg-path', '/tmp/tmpuudcg8tr', '--error-file', '/tmp/tmplj67j3z0']
[2021-12-23 17:32:23,858] {standard_task_runner.py:77} INFO - Job 1809: Subtask pull_from_git
[2021-12-23 17:32:23,901] {logging_mixin.py:104} INFO - Running <TaskInstance: rank_update.pull_from_git 2021-12-22T05:40:00+00:00 [running]> on host airflowvm
[2021-12-23 17:32:24,012] {taskinstance.py:1280} INFO - Exporting the following env vars:
AIRFLOW_CTX_DAG_OWNER=airflow
AIRFLOW_CTX_DAG_ID=rank_update
AIRFLOW_CTX_TASK_ID=pull_from_git
AIRFLOW_CTX_EXECUTION_DATE=2021-12-22T05:40:00+00:00
AIRFLOW_CTX_DAG_RUN_ID=scheduled__2021-12-22T05:40:00+00:00
[2021-12-23 17:32:24,013] {subprocess.py:52} INFO - Tmp dir root location: 
 /tmp
[2021-12-23 17:32:24,013] {subprocess.py:63} INFO - Running command: ['bash', '-c', 'git -C /home/airflow/AlgorithmStudy_211124 pull']
[2021-12-23 17:32:24,017] {subprocess.py:75} INFO - Output:
[2021-12-23 17:32:24,631] {subprocess.py:79} INFO - From https://github.com/nicework-jin/AlgorithmStudy_211124
[2021-12-23 17:32:24,631] {subprocess.py:79} INFO -    ec08328..aad879d  main       -> origin/main
[2021-12-23 17:32:24,661] {subprocess.py:79} INFO - Updating ec08328..aad879d
[2021-12-23 17:32:24,661] {subprocess.py:79} INFO - Fast-forward
[2021-12-23 17:32:24,699] {subprocess.py:79} INFO -  .vscode/settings.json                              |  6 ++
[2021-12-23 17:32:24,699] {subprocess.py:79} INFO -  ...31\230_\353\260\225\354\210\230\355\230\204.py" | 87 ++++++++++++++++++++++
[2021-12-23 17:32:24,699] {subprocess.py:79} INFO -  ...26\274_\353\260\225\354\210\230\355\230\204.py" | 58 +++++++++++++++
[2021-12-23 17:32:24,699] {subprocess.py:79} INFO -  ...66\225_\353\260\225\354\210\230\355\230\204.py" | 65 ++++++++++++++++
[2021-12-23 17:32:24,699] {subprocess.py:79} INFO -  4 files changed, 216 insertions(+)
[2021-12-23 17:32:24,699] {subprocess.py:79} INFO -  create mode 100644 .vscode/settings.json
[2021-12-23 17:32:24,699] {subprocess.py:79} INFO -  create mode 100644 "211228/\352\264\204\355\230\270 \353\263\200\355\231\230_\353\260\225\354\210\230\355\230\204.py"
[2021-12-23 17:32:24,699] {subprocess.py:79} INFO -  create mode 100644 "211228/\353\251\224\353\211\264 \353\246\254\353\211\264\354\226\274_\353\260\225\354\210\230\355\230\204.py"
[2021-12-23 17:32:24,699] {subprocess.py:79} INFO -  create mode 100644 "211228/\353\254\270\354\236\220\354\227\264 \354\225\225\354\266\225_\353\260\225\354\210\230\355\230\204.py"
[2021-12-23 17:32:24,700] {subprocess.py:83} INFO - Command exited with return code 0
[2021-12-23 17:32:24,746] {taskinstance.py:1184} INFO - Marking task as SUCCESS. dag_id=rank_update, task_id=pull_from_git, execution_date=20211222T054000, start_date=20211223T173223, end_date=20211223T173224
[2021-12-23 17:32:24,804] {taskinstance.py:1245} INFO - 1 downstream tasks scheduled from follow-on schedule check
[2021-12-23 17:32:24,839] {local_task_job.py:151} INFO - Task exited with return code 0
