[2021-12-20 15:50:10,953] {taskinstance.py:876} INFO - Dependencies all met for <TaskInstance: rank_update.git_push 2021-12-20T15:40:00+00:00 [queued]>
[2021-12-20 15:50:10,958] {taskinstance.py:876} INFO - Dependencies all met for <TaskInstance: rank_update.git_push 2021-12-20T15:40:00+00:00 [queued]>
[2021-12-20 15:50:10,958] {taskinstance.py:1067} INFO - 
--------------------------------------------------------------------------------
[2021-12-20 15:50:10,958] {taskinstance.py:1068} INFO - Starting attempt 1 of 1
[2021-12-20 15:50:10,958] {taskinstance.py:1069} INFO - 
--------------------------------------------------------------------------------
[2021-12-20 15:50:10,966] {taskinstance.py:1087} INFO - Executing <Task(BashOperator): git_push> on 2021-12-20T15:40:00+00:00
[2021-12-20 15:50:10,967] {standard_task_runner.py:52} INFO - Started process 48583 to run task
[2021-12-20 15:50:10,971] {standard_task_runner.py:76} INFO - Running: ['airflow', 'tasks', 'run', 'rank_update', 'git_push', '2021-12-20T15:40:00+00:00', '--job-id', '581', '--pool', 'default_pool', '--raw', '--subdir', 'DAGS_FOLDER/rank_update.py', '--cfg-path', '/tmp/tmpa5f9dd_u', '--error-file', '/tmp/tmpcoq80zza']
[2021-12-20 15:50:10,971] {standard_task_runner.py:77} INFO - Job 581: Subtask git_push
[2021-12-20 15:50:11,007] {logging_mixin.py:104} INFO - Running <TaskInstance: rank_update.git_push 2021-12-20T15:40:00+00:00 [running]> on host airflowvm
[2021-12-20 15:50:11,086] {taskinstance.py:1280} INFO - Exporting the following env vars:
AIRFLOW_CTX_DAG_OWNER=airflow
AIRFLOW_CTX_DAG_ID=rank_update
AIRFLOW_CTX_TASK_ID=git_push
AIRFLOW_CTX_EXECUTION_DATE=2021-12-20T15:40:00+00:00
AIRFLOW_CTX_DAG_RUN_ID=scheduled__2021-12-20T15:40:00+00:00
[2021-12-20 15:50:11,087] {subprocess.py:52} INFO - Tmp dir root location: 
 /tmp
[2021-12-20 15:50:11,087] {subprocess.py:63} INFO - Running command: ['bash', '-c', 'git --git-dir=/home/airflow/AlgorithmStudy_211124/.git/ --work-tree=/home/airflow/AlgorithmStudy_211124/.git/ push']
[2021-12-20 15:50:11,090] {subprocess.py:75} INFO - Output:
[2021-12-20 15:50:12,209] {subprocess.py:79} INFO - To https://github.com/nicework-jin/AlgorithmStudy_211124
[2021-12-20 15:50:12,209] {subprocess.py:79} INFO -    1157a0c..da812d3  main -> main
[2021-12-20 15:50:12,222] {subprocess.py:83} INFO - Command exited with return code 0
[2021-12-20 15:50:12,263] {taskinstance.py:1184} INFO - Marking task as SUCCESS. dag_id=rank_update, task_id=git_push, execution_date=20211220T154000, start_date=20211220T155010, end_date=20211220T155012
[2021-12-20 15:50:12,288] {taskinstance.py:1245} INFO - 0 downstream tasks scheduled from follow-on schedule check
[2021-12-20 15:50:12,316] {local_task_job.py:151} INFO - Task exited with return code 0
