[2021-12-18 11:19:10,278] {taskinstance.py:876} INFO - Dependencies all met for <TaskInstance: rank_update.make_indicator 2021-12-18T11:12:28.565672+00:00 [queued]>
[2021-12-18 11:19:10,295] {taskinstance.py:876} INFO - Dependencies all met for <TaskInstance: rank_update.make_indicator 2021-12-18T11:12:28.565672+00:00 [queued]>
[2021-12-18 11:19:10,296] {taskinstance.py:1067} INFO - 
--------------------------------------------------------------------------------
[2021-12-18 11:19:10,297] {taskinstance.py:1068} INFO - Starting attempt 3 of 3
[2021-12-18 11:19:10,297] {taskinstance.py:1069} INFO - 
--------------------------------------------------------------------------------
[2021-12-18 11:19:10,323] {taskinstance.py:1087} INFO - Executing <Task(BashOperator): make_indicator> on 2021-12-18T11:12:28.565672+00:00
[2021-12-18 11:19:10,328] {standard_task_runner.py:52} INFO - Started process 7082 to run task
[2021-12-18 11:19:10,343] {standard_task_runner.py:76} INFO - Running: ['airflow', 'tasks', 'run', 'rank_update', 'make_indicator', '2021-12-18T11:12:28.565672+00:00', '--job-id', '106', '--pool', 'default_pool', '--raw', '--subdir', 'DAGS_FOLDER/rank_update.py', '--cfg-path', '/tmp/tmpf0k4dwnn', '--error-file', '/tmp/tmpjeieh77l']
[2021-12-18 11:19:10,346] {standard_task_runner.py:77} INFO - Job 106: Subtask make_indicator
[2021-12-18 11:19:10,424] {logging_mixin.py:104} INFO - Running <TaskInstance: rank_update.make_indicator 2021-12-18T11:12:28.565672+00:00 [running]> on host airflowvm
[2021-12-18 11:19:10,638] {taskinstance.py:1280} INFO - Exporting the following env vars:
AIRFLOW_CTX_DAG_OWNER=airflow
AIRFLOW_CTX_DAG_ID=rank_update
AIRFLOW_CTX_TASK_ID=make_indicator
AIRFLOW_CTX_EXECUTION_DATE=2021-12-18T11:12:28.565672+00:00
AIRFLOW_CTX_DAG_RUN_ID=manual__2021-12-18T11:12:28.565672+00:00
[2021-12-18 11:19:10,644] {subprocess.py:52} INFO - Tmp dir root location: 
 /tmp
[2021-12-18 11:19:10,646] {subprocess.py:63} INFO - Running command: ['bash', '-c', 'python3 /home/airflow/parser4Study/multiple_parser.py "/home/airflow/AlgorithmStudy_211124/211221/"']
[2021-12-18 11:19:10,669] {subprocess.py:75} INFO - Output:
[2021-12-18 11:19:11,803] {subprocess.py:79} INFO - Launched /tmp/airflowtmpcntkli0a
[2021-12-18 11:19:11,886] {subprocess.py:83} INFO - Command exited with return code 0
[2021-12-18 11:19:11,919] {taskinstance.py:1184} INFO - Marking task as SUCCESS. dag_id=rank_update, task_id=make_indicator, execution_date=20211218T111228, start_date=20211218T111910, end_date=20211218T111911
[2021-12-18 11:19:11,937] {taskinstance.py:1245} INFO - 0 downstream tasks scheduled from follow-on schedule check
[2021-12-18 11:19:11,955] {local_task_job.py:151} INFO - Task exited with return code 0
