[2021-12-21 10:30:02,067] {taskinstance.py:876} INFO - Dependencies all met for <TaskInstance: rank_update.pull_from_git 2021-12-21T10:20:00+00:00 [queued]>
[2021-12-21 10:30:02,074] {taskinstance.py:876} INFO - Dependencies all met for <TaskInstance: rank_update.pull_from_git 2021-12-21T10:20:00+00:00 [queued]>
[2021-12-21 10:30:02,074] {taskinstance.py:1067} INFO - 
--------------------------------------------------------------------------------
[2021-12-21 10:30:02,074] {taskinstance.py:1068} INFO - Starting attempt 1 of 1
[2021-12-21 10:30:02,074] {taskinstance.py:1069} INFO - 
--------------------------------------------------------------------------------
[2021-12-21 10:30:02,081] {taskinstance.py:1087} INFO - Executing <Task(BashOperator): pull_from_git> on 2021-12-21T10:20:00+00:00
[2021-12-21 10:30:02,082] {standard_task_runner.py:52} INFO - Started process 119585 to run task
[2021-12-21 10:30:02,086] {standard_task_runner.py:76} INFO - Running: ['airflow', 'tasks', 'run', 'rank_update', 'pull_from_git', '2021-12-21T10:20:00+00:00', '--job-id', '1143', '--pool', 'default_pool', '--raw', '--subdir', 'DAGS_FOLDER/rank_update.py', '--cfg-path', '/tmp/tmpsfnfjetn', '--error-file', '/tmp/tmpjchmc3my']
[2021-12-21 10:30:02,086] {standard_task_runner.py:77} INFO - Job 1143: Subtask pull_from_git
[2021-12-21 10:30:02,123] {logging_mixin.py:104} INFO - Running <TaskInstance: rank_update.pull_from_git 2021-12-21T10:20:00+00:00 [running]> on host airflowvm
[2021-12-21 10:30:02,230] {taskinstance.py:1280} INFO - Exporting the following env vars:
AIRFLOW_CTX_DAG_OWNER=airflow
AIRFLOW_CTX_DAG_ID=rank_update
AIRFLOW_CTX_TASK_ID=pull_from_git
AIRFLOW_CTX_EXECUTION_DATE=2021-12-21T10:20:00+00:00
AIRFLOW_CTX_DAG_RUN_ID=scheduled__2021-12-21T10:20:00+00:00
[2021-12-21 10:30:02,230] {subprocess.py:52} INFO - Tmp dir root location: 
 /tmp
[2021-12-21 10:30:02,231] {subprocess.py:63} INFO - Running command: ['bash', '-c', 'git -C /home/airflow/AlgorithmStudy_211124 pull']
[2021-12-21 10:30:02,233] {subprocess.py:75} INFO - Output:
[2021-12-21 10:30:03,247] {subprocess.py:79} INFO - Already up to date.
[2021-12-21 10:30:03,248] {subprocess.py:83} INFO - Command exited with return code 0
[2021-12-21 10:30:03,269] {taskinstance.py:1184} INFO - Marking task as SUCCESS. dag_id=rank_update, task_id=pull_from_git, execution_date=20211221T102000, start_date=20211221T103002, end_date=20211221T103003
[2021-12-21 10:30:03,290] {taskinstance.py:1245} INFO - 1 downstream tasks scheduled from follow-on schedule check
[2021-12-21 10:30:03,310] {local_task_job.py:151} INFO - Task exited with return code 0
