[2021-12-21 15:20:04,603] {taskinstance.py:876} INFO - Dependencies all met for <TaskInstance: rank_update.make_indicator 2021-12-21T15:10:00+00:00 [queued]>
[2021-12-21 15:20:04,611] {taskinstance.py:876} INFO - Dependencies all met for <TaskInstance: rank_update.make_indicator 2021-12-21T15:10:00+00:00 [queued]>
[2021-12-21 15:20:04,611] {taskinstance.py:1067} INFO - 
--------------------------------------------------------------------------------
[2021-12-21 15:20:04,611] {taskinstance.py:1068} INFO - Starting attempt 1 of 1
[2021-12-21 15:20:04,611] {taskinstance.py:1069} INFO - 
--------------------------------------------------------------------------------
[2021-12-21 15:20:04,618] {taskinstance.py:1087} INFO - Executing <Task(BashOperator): make_indicator> on 2021-12-21T15:10:00+00:00
[2021-12-21 15:20:04,619] {standard_task_runner.py:52} INFO - Started process 138101 to run task
[2021-12-21 15:20:04,624] {standard_task_runner.py:76} INFO - Running: ['airflow', 'tasks', 'run', 'rank_update', 'make_indicator', '2021-12-21T15:10:00+00:00', '--job-id', '1289', '--pool', 'default_pool', '--raw', '--subdir', 'DAGS_FOLDER/rank_update.py', '--cfg-path', '/tmp/tmpcg8_sdg7', '--error-file', '/tmp/tmpmthlr_l6']
[2021-12-21 15:20:04,624] {standard_task_runner.py:77} INFO - Job 1289: Subtask make_indicator
[2021-12-21 15:20:04,661] {logging_mixin.py:104} INFO - Running <TaskInstance: rank_update.make_indicator 2021-12-21T15:10:00+00:00 [running]> on host airflowvm
[2021-12-21 15:20:04,741] {taskinstance.py:1280} INFO - Exporting the following env vars:
AIRFLOW_CTX_DAG_OWNER=airflow
AIRFLOW_CTX_DAG_ID=rank_update
AIRFLOW_CTX_TASK_ID=make_indicator
AIRFLOW_CTX_EXECUTION_DATE=2021-12-21T15:10:00+00:00
AIRFLOW_CTX_DAG_RUN_ID=scheduled__2021-12-21T15:10:00+00:00
[2021-12-21 15:20:04,741] {subprocess.py:52} INFO - Tmp dir root location: 
 /tmp
[2021-12-21 15:20:04,741] {subprocess.py:63} INFO - Running command: ['bash', '-c', 'python3 /home/airflow/parser4Study/multiple_parser.py /home/airflow/AlgorithmStudy_211124/211221/']
[2021-12-21 15:20:04,744] {subprocess.py:75} INFO - Output:
[2021-12-21 15:20:05,218] {subprocess.py:83} INFO - Command exited with return code 0
[2021-12-21 15:20:05,238] {taskinstance.py:1184} INFO - Marking task as SUCCESS. dag_id=rank_update, task_id=make_indicator, execution_date=20211221T151000, start_date=20211221T152004, end_date=20211221T152005
[2021-12-21 15:20:05,254] {taskinstance.py:1245} INFO - 1 downstream tasks scheduled from follow-on schedule check
[2021-12-21 15:20:05,279] {local_task_job.py:151} INFO - Task exited with return code 0
