[2021-12-21 04:20:08,240] {taskinstance.py:876} INFO - Dependencies all met for <TaskInstance: rank_update.git_add 2021-12-21T04:10:00+00:00 [queued]>
[2021-12-21 04:20:08,244] {taskinstance.py:876} INFO - Dependencies all met for <TaskInstance: rank_update.git_add 2021-12-21T04:10:00+00:00 [queued]>
[2021-12-21 04:20:08,245] {taskinstance.py:1067} INFO - 
--------------------------------------------------------------------------------
[2021-12-21 04:20:08,245] {taskinstance.py:1068} INFO - Starting attempt 1 of 1
[2021-12-21 04:20:08,245] {taskinstance.py:1069} INFO - 
--------------------------------------------------------------------------------
[2021-12-21 04:20:08,252] {taskinstance.py:1087} INFO - Executing <Task(BashOperator): git_add> on 2021-12-21T04:10:00+00:00
[2021-12-21 04:20:08,253] {standard_task_runner.py:52} INFO - Started process 96291 to run task
[2021-12-21 04:20:08,257] {standard_task_runner.py:76} INFO - Running: ['airflow', 'tasks', 'run', 'rank_update', 'git_add', '2021-12-21T04:10:00+00:00', '--job-id', '961', '--pool', 'default_pool', '--raw', '--subdir', 'DAGS_FOLDER/rank_update.py', '--cfg-path', '/tmp/tmp8llbxfke', '--error-file', '/tmp/tmpbztrfh3z']
[2021-12-21 04:20:08,258] {standard_task_runner.py:77} INFO - Job 961: Subtask git_add
[2021-12-21 04:20:08,295] {logging_mixin.py:104} INFO - Running <TaskInstance: rank_update.git_add 2021-12-21T04:10:00+00:00 [running]> on host airflowvm
[2021-12-21 04:20:08,370] {taskinstance.py:1280} INFO - Exporting the following env vars:
AIRFLOW_CTX_DAG_OWNER=airflow
AIRFLOW_CTX_DAG_ID=rank_update
AIRFLOW_CTX_TASK_ID=git_add
AIRFLOW_CTX_EXECUTION_DATE=2021-12-21T04:10:00+00:00
AIRFLOW_CTX_DAG_RUN_ID=scheduled__2021-12-21T04:10:00+00:00
[2021-12-21 04:20:08,370] {subprocess.py:52} INFO - Tmp dir root location: 
 /tmp
[2021-12-21 04:20:08,370] {subprocess.py:63} INFO - Running command: ['bash', '-c', 'git -C /home/airflow/AlgorithmStudy_211124/211221/ add rank.md']
[2021-12-21 04:20:08,373] {subprocess.py:75} INFO - Output:
[2021-12-21 04:20:08,376] {subprocess.py:83} INFO - Command exited with return code 0
[2021-12-21 04:20:08,388] {taskinstance.py:1184} INFO - Marking task as SUCCESS. dag_id=rank_update, task_id=git_add, execution_date=20211221T041000, start_date=20211221T042008, end_date=20211221T042008
[2021-12-21 04:20:08,411] {taskinstance.py:1245} INFO - 1 downstream tasks scheduled from follow-on schedule check
[2021-12-21 04:20:08,430] {local_task_job.py:151} INFO - Task exited with return code 0
