[2021-12-20 05:41:31,826] {taskinstance.py:876} INFO - Dependencies all met for <TaskInstance: user_processing.is_api_available 2021-12-18T00:00:00+00:00 [queued]>
[2021-12-20 05:41:31,843] {taskinstance.py:876} INFO - Dependencies all met for <TaskInstance: user_processing.is_api_available 2021-12-18T00:00:00+00:00 [queued]>
[2021-12-20 05:41:31,846] {taskinstance.py:1067} INFO - 
--------------------------------------------------------------------------------
[2021-12-20 05:41:31,846] {taskinstance.py:1068} INFO - Starting attempt 1 of 1
[2021-12-20 05:41:31,846] {taskinstance.py:1069} INFO - 
--------------------------------------------------------------------------------
[2021-12-20 05:41:31,865] {taskinstance.py:1087} INFO - Executing <Task(HttpSensor): is_api_available> on 2021-12-18T00:00:00+00:00
[2021-12-20 05:41:31,866] {standard_task_runner.py:52} INFO - Started process 35776 to run task
[2021-12-20 05:41:31,876] {standard_task_runner.py:76} INFO - Running: ['airflow', 'tasks', 'run', 'user_processing', 'is_api_available', '2021-12-18T00:00:00+00:00', '--job-id', '234', '--pool', 'default_pool', '--raw', '--subdir', 'DAGS_FOLDER/user_processing.py', '--cfg-path', '/tmp/tmpmdv_co77', '--error-file', '/tmp/tmpqst509w5']
[2021-12-20 05:41:31,879] {standard_task_runner.py:77} INFO - Job 234: Subtask is_api_available
[2021-12-20 05:41:31,943] {logging_mixin.py:104} INFO - Running <TaskInstance: user_processing.is_api_available 2021-12-18T00:00:00+00:00 [running]> on host airflowvm
[2021-12-20 05:41:32,025] {taskinstance.py:1280} INFO - Exporting the following env vars:
AIRFLOW_CTX_DAG_OWNER=airflow
AIRFLOW_CTX_DAG_ID=user_processing
AIRFLOW_CTX_TASK_ID=is_api_available
AIRFLOW_CTX_EXECUTION_DATE=2021-12-18T00:00:00+00:00
AIRFLOW_CTX_DAG_RUN_ID=scheduled__2021-12-18T00:00:00+00:00
[2021-12-20 05:41:32,026] {http.py:101} INFO - Poking: api/
[2021-12-20 05:41:32,033] {base.py:69} INFO - Using connection to: id: user_api. Host: https://randomuser.me, Port: None, Schema: , Login: , Password: ***, extra: {}
[2021-12-20 05:41:32,037] {http.py:140} INFO - Sending 'GET' to url: https://randomuser.me/api/
[2021-12-20 05:41:32,380] {base.py:243} INFO - Success criteria met. Exiting.
[2021-12-20 05:41:32,387] {taskinstance.py:1184} INFO - Marking task as SUCCESS. dag_id=user_processing, task_id=is_api_available, execution_date=20211218T000000, start_date=20211220T054131, end_date=20211220T054132
[2021-12-20 05:41:32,417] {taskinstance.py:1245} INFO - 1 downstream tasks scheduled from follow-on schedule check
[2021-12-20 05:41:32,448] {local_task_job.py:151} INFO - Task exited with return code 0
