[2021-12-20 05:41:16,570] {taskinstance.py:876} INFO - Dependencies all met for <TaskInstance: rank_update.pull_from_git 2021-12-20T05:30:00+00:00 [queued]>
[2021-12-20 05:41:16,581] {taskinstance.py:876} INFO - Dependencies all met for <TaskInstance: rank_update.pull_from_git 2021-12-20T05:30:00+00:00 [queued]>
[2021-12-20 05:41:16,582] {taskinstance.py:1067} INFO - 
--------------------------------------------------------------------------------
[2021-12-20 05:41:16,582] {taskinstance.py:1068} INFO - Starting attempt 1 of 1
[2021-12-20 05:41:16,583] {taskinstance.py:1069} INFO - 
--------------------------------------------------------------------------------
[2021-12-20 05:41:16,599] {taskinstance.py:1087} INFO - Executing <Task(BashOperator): pull_from_git> on 2021-12-20T05:30:00+00:00
[2021-12-20 05:41:16,600] {standard_task_runner.py:52} INFO - Started process 35675 to run task
[2021-12-20 05:41:16,608] {standard_task_runner.py:76} INFO - Running: ['airflow', 'tasks', 'run', 'rank_update', 'pull_from_git', '2021-12-20T05:30:00+00:00', '--job-id', '230', '--pool', 'default_pool', '--raw', '--subdir', 'DAGS_FOLDER/rank_update.py', '--cfg-path', '/tmp/tmp8b_gcty_', '--error-file', '/tmp/tmpp5q1ym44']
[2021-12-20 05:41:16,609] {standard_task_runner.py:77} INFO - Job 230: Subtask pull_from_git
[2021-12-20 05:41:16,666] {logging_mixin.py:104} INFO - Running <TaskInstance: rank_update.pull_from_git 2021-12-20T05:30:00+00:00 [running]> on host airflowvm
[2021-12-20 05:41:16,755] {taskinstance.py:1280} INFO - Exporting the following env vars:
AIRFLOW_CTX_DAG_OWNER=airflow
AIRFLOW_CTX_DAG_ID=rank_update
AIRFLOW_CTX_TASK_ID=pull_from_git
AIRFLOW_CTX_EXECUTION_DATE=2021-12-20T05:30:00+00:00
AIRFLOW_CTX_DAG_RUN_ID=scheduled__2021-12-20T05:30:00+00:00
[2021-12-20 05:41:16,756] {subprocess.py:52} INFO - Tmp dir root location: 
 /tmp
[2021-12-20 05:41:16,756] {subprocess.py:63} INFO - Running command: ['bash', '-c', 'git -C /home/airflow/AlgorithmStudy_211124 pull']
[2021-12-20 05:41:16,760] {subprocess.py:75} INFO - Output:
[2021-12-20 05:41:17,342] {subprocess.py:79} INFO - From https://github.com/nicework-jin/AlgorithmStudy_211124
[2021-12-20 05:41:17,343] {subprocess.py:79} INFO -    330793a..7026496  main       -> origin/main
[2021-12-20 05:41:17,363] {subprocess.py:79} INFO - Updating 330793a..7026496
[2021-12-20 05:41:17,363] {subprocess.py:79} INFO - Fast-forward
[2021-12-20 05:41:17,369] {subprocess.py:79} INFO -  ...02\244_\353\260\225\354\210\230\355\230\204.py" | 74 ++++++++++++++++++++++
[2021-12-20 05:41:17,370] {subprocess.py:79} INFO -  1 file changed, 74 insertions(+)
[2021-12-20 05:41:17,370] {subprocess.py:79} INFO -  create mode 100644 "211221/\355\233\204\353\263\264\355\202\244_\353\260\225\354\210\230\355\230\204.py"
[2021-12-20 05:41:17,370] {subprocess.py:83} INFO - Command exited with return code 0
[2021-12-20 05:41:17,409] {taskinstance.py:1184} INFO - Marking task as SUCCESS. dag_id=rank_update, task_id=pull_from_git, execution_date=20211220T053000, start_date=20211220T054116, end_date=20211220T054117
[2021-12-20 05:41:17,454] {taskinstance.py:1245} INFO - 1 downstream tasks scheduled from follow-on schedule check
[2021-12-20 05:41:17,472] {local_task_job.py:151} INFO - Task exited with return code 0
