[2021-12-18 08:46:35,941] {taskinstance.py:876} INFO - Dependencies all met for <TaskInstance: user_processing.creating_table 2021-12-17T00:00:00+00:00 [queued]>
[2021-12-18 08:46:35,960] {taskinstance.py:876} INFO - Dependencies all met for <TaskInstance: user_processing.creating_table 2021-12-17T00:00:00+00:00 [queued]>
[2021-12-18 08:46:35,963] {taskinstance.py:1067} INFO - 
--------------------------------------------------------------------------------
[2021-12-18 08:46:35,963] {taskinstance.py:1068} INFO - Starting attempt 1 of 1
[2021-12-18 08:46:35,964] {taskinstance.py:1069} INFO - 
--------------------------------------------------------------------------------
[2021-12-18 08:46:35,981] {taskinstance.py:1087} INFO - Executing <Task(SqliteOperator): creating_table> on 2021-12-17T00:00:00+00:00
[2021-12-18 08:46:35,983] {standard_task_runner.py:52} INFO - Started process 79473 to run task
[2021-12-18 08:46:35,998] {standard_task_runner.py:76} INFO - Running: ['airflow', 'tasks', 'run', 'user_processing', 'creating_table', '2021-12-17T00:00:00+00:00', '--job-id', '27', '--pool', 'default_pool', '--raw', '--subdir', 'DAGS_FOLDER/user_processing.py', '--cfg-path', '/tmp/tmpzullgi65', '--error-file', '/tmp/tmpjfv7xkmf']
[2021-12-18 08:46:35,999] {standard_task_runner.py:77} INFO - Job 27: Subtask creating_table
[2021-12-18 08:46:36,068] {logging_mixin.py:104} INFO - Running <TaskInstance: user_processing.creating_table 2021-12-17T00:00:00+00:00 [running]> on host airflowvm
[2021-12-18 08:46:36,150] {taskinstance.py:1280} INFO - Exporting the following env vars:
AIRFLOW_CTX_DAG_OWNER=airflow
AIRFLOW_CTX_DAG_ID=user_processing
AIRFLOW_CTX_TASK_ID=creating_table
AIRFLOW_CTX_EXECUTION_DATE=2021-12-17T00:00:00+00:00
AIRFLOW_CTX_DAG_RUN_ID=scheduled__2021-12-17T00:00:00+00:00
[2021-12-18 08:46:36,151] {sqlite.py:63} INFO - Executing: 
            CREATE TABLE IF NOT EXISTS users (
                firstname TEXT NOT NULL,
                lastname TEXT NOT NULL,
                country TEXT NOT NULL,
                username TEXT NOT NULL,
                password TEXT NOT NULL,
                email TEXT NOT NULL PRIMARY KEY
            );
        
[2021-12-18 08:46:36,161] {base.py:69} INFO - Using connection to: id: db_sqlite. Host: /home/airflow/airflow/airflow.db, Port: None, Schema: , Login: , Password: ***, extra: {}
[2021-12-18 08:46:36,169] {dbapi.py:204} INFO - Running statement: 
            CREATE TABLE IF NOT EXISTS users (
                firstname TEXT NOT NULL,
                lastname TEXT NOT NULL,
                country TEXT NOT NULL,
                username TEXT NOT NULL,
                password TEXT NOT NULL,
                email TEXT NOT NULL PRIMARY KEY
            );
        , parameters: []
[2021-12-18 08:46:36,181] {taskinstance.py:1184} INFO - Marking task as SUCCESS. dag_id=user_processing, task_id=creating_table, execution_date=20211217T000000, start_date=20211218T084635, end_date=20211218T084636
[2021-12-18 08:46:36,247] {taskinstance.py:1245} INFO - 1 downstream tasks scheduled from follow-on schedule check
[2021-12-18 08:46:36,288] {local_task_job.py:151} INFO - Task exited with return code 0
