[2021-12-16 07:38:22,961] {taskinstance.py:876} INFO - Dependencies all met for <TaskInstance: user_processing.is_api_available 2021-12-16T07:38:15.017356+00:00 [queued]>
[2021-12-16 07:38:22,979] {taskinstance.py:876} INFO - Dependencies all met for <TaskInstance: user_processing.is_api_available 2021-12-16T07:38:15.017356+00:00 [queued]>
[2021-12-16 07:38:22,983] {taskinstance.py:1067} INFO - 
--------------------------------------------------------------------------------
[2021-12-16 07:38:22,984] {taskinstance.py:1068} INFO - Starting attempt 1 of 1
[2021-12-16 07:38:22,984] {taskinstance.py:1069} INFO - 
--------------------------------------------------------------------------------
[2021-12-16 07:38:23,009] {taskinstance.py:1087} INFO - Executing <Task(HttpSensor): is_api_available> on 2021-12-16T07:38:15.017356+00:00
[2021-12-16 07:38:23,010] {standard_task_runner.py:52} INFO - Started process 38429 to run task
[2021-12-16 07:38:23,026] {standard_task_runner.py:76} INFO - Running: ['airflow', 'tasks', 'run', 'user_processing', 'is_api_available', '2021-12-16T07:38:15.017356+00:00', '--job-id', '16', '--pool', 'default_pool', '--raw', '--subdir', 'DAGS_FOLDER/user_processing.py', '--cfg-path', '/tmp/tmppco25iaj', '--error-file', '/tmp/tmpxmejicpv']
[2021-12-16 07:38:23,032] {standard_task_runner.py:77} INFO - Job 16: Subtask is_api_available
[2021-12-16 07:38:23,120] {logging_mixin.py:104} INFO - Running <TaskInstance: user_processing.is_api_available 2021-12-16T07:38:15.017356+00:00 [running]> on host airflowvm
[2021-12-16 07:38:23,195] {taskinstance.py:1280} INFO - Exporting the following env vars:
AIRFLOW_CTX_DAG_OWNER=airflow
AIRFLOW_CTX_DAG_ID=user_processing
AIRFLOW_CTX_TASK_ID=is_api_available
AIRFLOW_CTX_EXECUTION_DATE=2021-12-16T07:38:15.017356+00:00
AIRFLOW_CTX_DAG_RUN_ID=manual__2021-12-16T07:38:15.017356+00:00
[2021-12-16 07:38:23,196] {http.py:101} INFO - Poking: api/
[2021-12-16 07:38:23,206] {base.py:69} INFO - Using connection to: id: user_api. Host: https://randomuser.me, Port: None, Schema: , Login: , Password: ***, extra: {}
[2021-12-16 07:38:23,212] {http.py:140} INFO - Sending 'GET' to url: https://randomuser.me/api/
[2021-12-16 07:38:23,605] {base.py:243} INFO - Success criteria met. Exiting.
[2021-12-16 07:38:23,609] {taskinstance.py:1184} INFO - Marking task as SUCCESS. dag_id=user_processing, task_id=is_api_available, execution_date=20211216T073815, start_date=20211216T073822, end_date=20211216T073823
[2021-12-16 07:38:23,642] {taskinstance.py:1245} INFO - 0 downstream tasks scheduled from follow-on schedule check
[2021-12-16 07:38:23,680] {local_task_job.py:151} INFO - Task exited with return code 0
