[2021-12-18 16:51:10,548] {taskinstance.py:876} INFO - Dependencies all met for <TaskInstance: rank_update.make_indicator 2021-12-18T16:09:43.600276+00:00 [queued]>
[2021-12-18 16:51:10,554] {taskinstance.py:876} INFO - Dependencies all met for <TaskInstance: rank_update.make_indicator 2021-12-18T16:09:43.600276+00:00 [queued]>
[2021-12-18 16:51:10,554] {taskinstance.py:1067} INFO - 
--------------------------------------------------------------------------------
[2021-12-18 16:51:10,555] {taskinstance.py:1068} INFO - Starting attempt 4 of 4
[2021-12-18 16:51:10,555] {taskinstance.py:1069} INFO - 
--------------------------------------------------------------------------------
[2021-12-18 16:51:10,567] {taskinstance.py:1087} INFO - Executing <Task(BashOperator): make_indicator> on 2021-12-18T16:09:43.600276+00:00
[2021-12-18 16:51:10,568] {standard_task_runner.py:52} INFO - Started process 8155 to run task
[2021-12-18 16:51:10,574] {standard_task_runner.py:76} INFO - Running: ['airflow', 'tasks', 'run', 'rank_update', 'make_indicator', '2021-12-18T16:09:43.600276+00:00', '--job-id', '146', '--pool', 'default_pool', '--raw', '--subdir', 'DAGS_FOLDER/rank_update.py', '--cfg-path', '/tmp/tmpcvkfbqld', '--error-file', '/tmp/tmp4x9zpx1k']
[2021-12-18 16:51:10,575] {standard_task_runner.py:77} INFO - Job 146: Subtask make_indicator
[2021-12-18 16:51:10,611] {logging_mixin.py:104} INFO - Running <TaskInstance: rank_update.make_indicator 2021-12-18T16:09:43.600276+00:00 [running]> on host airflowvm
[2021-12-18 16:51:10,739] {taskinstance.py:1280} INFO - Exporting the following env vars:
AIRFLOW_CTX_DAG_OWNER=airflow
AIRFLOW_CTX_DAG_ID=rank_update
AIRFLOW_CTX_TASK_ID=make_indicator
AIRFLOW_CTX_EXECUTION_DATE=2021-12-18T16:09:43.600276+00:00
AIRFLOW_CTX_DAG_RUN_ID=manual__2021-12-18T16:09:43.600276+00:00
[2021-12-18 16:51:10,740] {subprocess.py:52} INFO - Tmp dir root location: 
 /tmp
[2021-12-18 16:51:10,741] {subprocess.py:63} INFO - Running command: ['bash', '-c', 'python3 /home/airflow/parser4Study/multiple_parser.py /home/airflow/AlgorithmStudy_211124/211221/']
[2021-12-18 16:51:10,751] {subprocess.py:75} INFO - Output:
[2021-12-18 16:51:12,111] {subprocess.py:79} INFO - Launched /tmp/airflowtmpom7edty0
[2021-12-18 16:51:12,219] {subprocess.py:83} INFO - Command exited with return code 0
[2021-12-18 16:51:12,252] {taskinstance.py:1184} INFO - Marking task as SUCCESS. dag_id=rank_update, task_id=make_indicator, execution_date=20211218T160943, start_date=20211218T165110, end_date=20211218T165112
[2021-12-18 16:51:12,305] {taskinstance.py:1245} INFO - 1 downstream tasks scheduled from follow-on schedule check
[2021-12-18 16:51:12,329] {local_task_job.py:151} INFO - Task exited with return code 0
