[2021-12-18 16:57:00,094] {taskinstance.py:876} INFO - Dependencies all met for <TaskInstance: rank_update.make_indicator 2021-12-18T16:09:43.600276+00:00 [queued]>
[2021-12-18 16:57:00,099] {taskinstance.py:876} INFO - Dependencies all met for <TaskInstance: rank_update.make_indicator 2021-12-18T16:09:43.600276+00:00 [queued]>
[2021-12-18 16:57:00,100] {taskinstance.py:1067} INFO - 
--------------------------------------------------------------------------------
[2021-12-18 16:57:00,100] {taskinstance.py:1068} INFO - Starting attempt 7 of 7
[2021-12-18 16:57:00,100] {taskinstance.py:1069} INFO - 
--------------------------------------------------------------------------------
[2021-12-18 16:57:00,114] {taskinstance.py:1087} INFO - Executing <Task(BashOperator): make_indicator> on 2021-12-18T16:09:43.600276+00:00
[2021-12-18 16:57:00,115] {standard_task_runner.py:52} INFO - Started process 9941 to run task
[2021-12-18 16:57:00,120] {standard_task_runner.py:76} INFO - Running: ['airflow', 'tasks', 'run', 'rank_update', 'make_indicator', '2021-12-18T16:09:43.600276+00:00', '--job-id', '160', '--pool', 'default_pool', '--raw', '--subdir', 'DAGS_FOLDER/rank_update.py', '--cfg-path', '/tmp/tmpmjtqzmh3', '--error-file', '/tmp/tmpniuyiwug']
[2021-12-18 16:57:00,121] {standard_task_runner.py:77} INFO - Job 160: Subtask make_indicator
[2021-12-18 16:57:00,159] {logging_mixin.py:104} INFO - Running <TaskInstance: rank_update.make_indicator 2021-12-18T16:09:43.600276+00:00 [running]> on host airflowvm
[2021-12-18 16:57:00,250] {taskinstance.py:1280} INFO - Exporting the following env vars:
AIRFLOW_CTX_DAG_OWNER=airflow
AIRFLOW_CTX_DAG_ID=rank_update
AIRFLOW_CTX_TASK_ID=make_indicator
AIRFLOW_CTX_EXECUTION_DATE=2021-12-18T16:09:43.600276+00:00
AIRFLOW_CTX_DAG_RUN_ID=manual__2021-12-18T16:09:43.600276+00:00
[2021-12-18 16:57:00,251] {subprocess.py:52} INFO - Tmp dir root location: 
 /tmp
[2021-12-18 16:57:00,252] {subprocess.py:63} INFO - Running command: ['bash', '-c', 'python3 /home/airflow/parser4Study/multiple_parser.py /home/airflow/AlgorithmStudy_211124/211221/']
[2021-12-18 16:57:00,256] {subprocess.py:75} INFO - Output:
[2021-12-18 16:57:01,479] {subprocess.py:79} INFO - Launched /tmp/airflowtmpshzk0_qt
[2021-12-18 16:57:01,692] {subprocess.py:83} INFO - Command exited with return code 0
[2021-12-18 16:57:01,725] {taskinstance.py:1184} INFO - Marking task as SUCCESS. dag_id=rank_update, task_id=make_indicator, execution_date=20211218T160943, start_date=20211218T165700, end_date=20211218T165701
[2021-12-18 16:57:01,752] {taskinstance.py:1245} INFO - 0 downstream tasks scheduled from follow-on schedule check
[2021-12-18 16:57:01,782] {local_task_job.py:151} INFO - Task exited with return code 0
