[2021-12-20 14:00:02,338] {taskinstance.py:876} INFO - Dependencies all met for <TaskInstance: rank_update.pull_from_git 2021-12-20T13:50:00+00:00 [queued]>
[2021-12-20 14:00:02,344] {taskinstance.py:876} INFO - Dependencies all met for <TaskInstance: rank_update.pull_from_git 2021-12-20T13:50:00+00:00 [queued]>
[2021-12-20 14:00:02,344] {taskinstance.py:1067} INFO - 
--------------------------------------------------------------------------------
[2021-12-20 14:00:02,344] {taskinstance.py:1068} INFO - Starting attempt 1 of 1
[2021-12-20 14:00:02,344] {taskinstance.py:1069} INFO - 
--------------------------------------------------------------------------------
[2021-12-20 14:00:02,351] {taskinstance.py:1087} INFO - Executing <Task(BashOperator): pull_from_git> on 2021-12-20T13:50:00+00:00
[2021-12-20 14:00:02,352] {standard_task_runner.py:52} INFO - Started process 40172 to run task
[2021-12-20 14:00:02,356] {standard_task_runner.py:76} INFO - Running: ['airflow', 'tasks', 'run', 'rank_update', 'pull_from_git', '2021-12-20T13:50:00+00:00', '--job-id', '520', '--pool', 'default_pool', '--raw', '--subdir', 'DAGS_FOLDER/rank_update.py', '--cfg-path', '/tmp/tmp63r32c38', '--error-file', '/tmp/tmpw4aqhkna']
[2021-12-20 14:00:02,356] {standard_task_runner.py:77} INFO - Job 520: Subtask pull_from_git
[2021-12-20 14:00:02,394] {logging_mixin.py:104} INFO - Running <TaskInstance: rank_update.pull_from_git 2021-12-20T13:50:00+00:00 [running]> on host airflowvm
[2021-12-20 14:00:02,473] {taskinstance.py:1280} INFO - Exporting the following env vars:
AIRFLOW_CTX_DAG_OWNER=airflow
AIRFLOW_CTX_DAG_ID=rank_update
AIRFLOW_CTX_TASK_ID=pull_from_git
AIRFLOW_CTX_EXECUTION_DATE=2021-12-20T13:50:00+00:00
AIRFLOW_CTX_DAG_RUN_ID=scheduled__2021-12-20T13:50:00+00:00
[2021-12-20 14:00:02,474] {subprocess.py:52} INFO - Tmp dir root location: 
 /tmp
[2021-12-20 14:00:02,474] {subprocess.py:63} INFO - Running command: ['bash', '-c', 'git -C /home/airflow/AlgorithmStudy_211124 pull']
[2021-12-20 14:00:02,477] {subprocess.py:75} INFO - Output:
[2021-12-20 14:00:05,232] {subprocess.py:79} INFO - From https://github.com/nicework-jin/AlgorithmStudy_211124
[2021-12-20 14:00:05,232] {subprocess.py:79} INFO -    eae63a9..4d2d362  main       -> origin/main
[2021-12-20 14:00:05,249] {subprocess.py:79} INFO - Updating eae63a9..4d2d362
[2021-12-20 14:00:05,249] {subprocess.py:79} INFO - Fast-forward
[2021-12-20 14:00:05,252] {subprocess.py:79} INFO -  ...63\241_\353\260\225\354\210\230\355\230\204.py" | 80 ++++++++++++++++++++++
[2021-12-20 14:00:05,252] {subprocess.py:79} INFO -  1 file changed, 80 insertions(+)
[2021-12-20 14:00:05,252] {subprocess.py:79} INFO -  create mode 100644 "211221/\353\260\251\352\270\210\352\267\270\352\263\241_\353\260\225\354\210\230\355\230\204.py"
[2021-12-20 14:00:05,253] {subprocess.py:83} INFO - Command exited with return code 0
[2021-12-20 14:00:05,282] {taskinstance.py:1184} INFO - Marking task as SUCCESS. dag_id=rank_update, task_id=pull_from_git, execution_date=20211220T135000, start_date=20211220T140002, end_date=20211220T140005
[2021-12-20 14:00:05,298] {taskinstance.py:1245} INFO - 1 downstream tasks scheduled from follow-on schedule check
[2021-12-20 14:00:05,323] {local_task_job.py:151} INFO - Task exited with return code 0
