[2021-12-20 05:41:47,840] {taskinstance.py:876} INFO - Dependencies all met for <TaskInstance: user_processing.extracting_user 2021-12-19T00:00:00+00:00 [queued]>
[2021-12-20 05:41:47,856] {taskinstance.py:876} INFO - Dependencies all met for <TaskInstance: user_processing.extracting_user 2021-12-19T00:00:00+00:00 [queued]>
[2021-12-20 05:41:47,862] {taskinstance.py:1067} INFO - 
--------------------------------------------------------------------------------
[2021-12-20 05:41:47,862] {taskinstance.py:1068} INFO - Starting attempt 1 of 1
[2021-12-20 05:41:47,862] {taskinstance.py:1069} INFO - 
--------------------------------------------------------------------------------
[2021-12-20 05:41:47,880] {taskinstance.py:1087} INFO - Executing <Task(SimpleHttpOperator): extracting_user> on 2021-12-19T00:00:00+00:00
[2021-12-20 05:41:47,883] {standard_task_runner.py:52} INFO - Started process 35865 to run task
[2021-12-20 05:41:47,893] {standard_task_runner.py:76} INFO - Running: ['airflow', 'tasks', 'run', 'user_processing', 'extracting_user', '2021-12-19T00:00:00+00:00', '--job-id', '238', '--pool', 'default_pool', '--raw', '--subdir', 'DAGS_FOLDER/user_processing.py', '--cfg-path', '/tmp/tmpv8xib5wc', '--error-file', '/tmp/tmpcrnf4d7h']
[2021-12-20 05:41:47,898] {standard_task_runner.py:77} INFO - Job 238: Subtask extracting_user
[2021-12-20 05:41:48,001] {logging_mixin.py:104} INFO - Running <TaskInstance: user_processing.extracting_user 2021-12-19T00:00:00+00:00 [running]> on host airflowvm
[2021-12-20 05:41:48,127] {taskinstance.py:1280} INFO - Exporting the following env vars:
AIRFLOW_CTX_DAG_OWNER=airflow
AIRFLOW_CTX_DAG_ID=user_processing
AIRFLOW_CTX_TASK_ID=extracting_user
AIRFLOW_CTX_EXECUTION_DATE=2021-12-19T00:00:00+00:00
AIRFLOW_CTX_DAG_RUN_ID=scheduled__2021-12-19T00:00:00+00:00
[2021-12-20 05:41:48,129] {http.py:111} INFO - Calling HTTP method
[2021-12-20 05:41:48,136] {base.py:69} INFO - Using connection to: id: user_api. Host: https://randomuser.me, Port: None, Schema: , Login: , Password: ***, extra: {}
[2021-12-20 05:41:48,144] {http.py:140} INFO - Sending 'GET' to url: https://randomuser.me/api/
[2021-12-20 05:41:48,500] {http.py:115} INFO - {"results":[{"gender":"female","name":{"title":"Ms","first":"Ylva","last":"Haugstad"},"location":{"street":{"number":2333,"name":"Svensenga"},"city":"Borkenes","state":"Oppland","country":"Norway","postcode":"5805","coordinates":{"latitude":"53.4868","longitude":"73.4395"},"timezone":{"offset":"+10:00","description":"Eastern Australia, Guam, Vladivostok"}},"email":"ylva.haugstad@example.com","login":{"uuid":"f4fe3d18-ebc5-46b8-a1dc-36a80f6865a8","username":"smallelephant473","password":"smile","salt":"SVuzRHkh","md5":"7ffa2cd47002ba52a762b422284d2426","sha1":"6ba362e586faea1f417e9e58eacec9830f7a69b4","sha256":"403a0bdbeff58f82e0571ccb97f38cefcfb399e6299eaef5b1b41c7def3a79f8"},"dob":{"date":"1980-11-16T23:39:30.880Z","age":41},"registered":{"date":"2011-02-06T11:12:11.015Z","age":10},"phone":"83543659","cell":"98348543","id":{"name":"FN","value":"16118025486"},"picture":{"large":"https://randomuser.me/api/portraits/women/5.jpg","medium":"https://randomuser.me/api/portraits/med/women/5.jpg","thumbnail":"https://randomuser.me/api/portraits/thumb/women/5.jpg"},"nat":"NO"}],"info":{"seed":"73dd1a3bb7aca5d1","results":1,"page":1,"version":"1.3"}}
[2021-12-20 05:41:48,524] {taskinstance.py:1184} INFO - Marking task as SUCCESS. dag_id=user_processing, task_id=extracting_user, execution_date=20211219T000000, start_date=20211220T054147, end_date=20211220T054148
[2021-12-20 05:41:48,576] {taskinstance.py:1245} INFO - 1 downstream tasks scheduled from follow-on schedule check
[2021-12-20 05:41:48,592] {local_task_job.py:151} INFO - Task exited with return code 0
