[2021-12-28 03:46:28,689] {taskinstance.py:876} INFO - Dependencies all met for <TaskInstance: rank_update.git_commit 2021-12-28T03:46:18.514335+00:00 [queued]>
[2021-12-28 03:46:28,695] {taskinstance.py:876} INFO - Dependencies all met for <TaskInstance: rank_update.git_commit 2021-12-28T03:46:18.514335+00:00 [queued]>
[2021-12-28 03:46:28,695] {taskinstance.py:1067} INFO - 
--------------------------------------------------------------------------------
[2021-12-28 03:46:28,695] {taskinstance.py:1068} INFO - Starting attempt 1 of 1
[2021-12-28 03:46:28,695] {taskinstance.py:1069} INFO - 
--------------------------------------------------------------------------------
[2021-12-28 03:46:28,702] {taskinstance.py:1087} INFO - Executing <Task(BashOperator): git_commit> on 2021-12-28T03:46:18.514335+00:00
[2021-12-28 03:46:28,703] {standard_task_runner.py:52} INFO - Started process 143205 to run task
[2021-12-28 03:46:28,708] {standard_task_runner.py:76} INFO - Running: ['airflow', 'tasks', 'run', 'rank_update', 'git_commit', '2021-12-28T03:46:18.514335+00:00', '--job-id', '1879', '--pool', 'default_pool', '--raw', '--subdir', 'DAGS_FOLDER/rank_update.py', '--cfg-path', '/tmp/tmpsq2t4r4v', '--error-file', '/tmp/tmpeb1f9fcy']
[2021-12-28 03:46:28,708] {standard_task_runner.py:77} INFO - Job 1879: Subtask git_commit
[2021-12-28 03:46:28,764] {logging_mixin.py:104} INFO - Running <TaskInstance: rank_update.git_commit 2021-12-28T03:46:18.514335+00:00 [running]> on host airflowvm
[2021-12-28 03:46:28,841] {taskinstance.py:1280} INFO - Exporting the following env vars:
AIRFLOW_CTX_DAG_OWNER=airflow
AIRFLOW_CTX_DAG_ID=rank_update
AIRFLOW_CTX_TASK_ID=git_commit
AIRFLOW_CTX_EXECUTION_DATE=2021-12-28T03:46:18.514335+00:00
AIRFLOW_CTX_DAG_RUN_ID=manual__2021-12-28T03:46:18.514335+00:00
[2021-12-28 03:46:28,842] {subprocess.py:52} INFO - Tmp dir root location: 
 /tmp
[2021-12-28 03:46:28,842] {subprocess.py:63} INFO - Running command: ['bash', '-c', 'git --git-dir=/home/airflow/AlgorithmStudy_211124/.git/ --work-tree=/home/airflow/AlgorithmStudy_211124/.git/ commit -m "Auto-update for rank"']
[2021-12-28 03:46:28,845] {subprocess.py:75} INFO - Output:
[2021-12-28 03:46:28,851] {subprocess.py:79} INFO - [main 44d303f] Auto-update for rank
[2021-12-28 03:46:28,851] {subprocess.py:79} INFO -  1 file changed, 7 insertions(+), 1 deletion(-)
[2021-12-28 03:46:28,851] {subprocess.py:83} INFO - Command exited with return code 0
[2021-12-28 03:46:28,863] {taskinstance.py:1184} INFO - Marking task as SUCCESS. dag_id=rank_update, task_id=git_commit, execution_date=20211228T034618, start_date=20211228T034628, end_date=20211228T034628
[2021-12-28 03:46:28,878] {taskinstance.py:1245} INFO - 1 downstream tasks scheduled from follow-on schedule check
[2021-12-28 03:46:28,883] {local_task_job.py:151} INFO - Task exited with return code 0
