[2021-12-18 09:12:59,479] {taskinstance.py:876} INFO - Dependencies all met for <TaskInstance: rank_update.make_indicator 2021-12-18T09:12:38.086111+00:00 [queued]>
[2021-12-18 09:12:59,495] {taskinstance.py:876} INFO - Dependencies all met for <TaskInstance: rank_update.make_indicator 2021-12-18T09:12:38.086111+00:00 [queued]>
[2021-12-18 09:12:59,499] {taskinstance.py:1067} INFO - 
--------------------------------------------------------------------------------
[2021-12-18 09:12:59,499] {taskinstance.py:1068} INFO - Starting attempt 1 of 1
[2021-12-18 09:12:59,500] {taskinstance.py:1069} INFO - 
--------------------------------------------------------------------------------
[2021-12-18 09:12:59,520] {taskinstance.py:1087} INFO - Executing <Task(BashOperator): make_indicator> on 2021-12-18T09:12:38.086111+00:00
[2021-12-18 09:12:59,521] {standard_task_runner.py:52} INFO - Started process 85744 to run task
[2021-12-18 09:12:59,536] {standard_task_runner.py:76} INFO - Running: ['airflow', 'tasks', 'run', 'rank_update', 'make_indicator', '2021-12-18T09:12:38.086111+00:00', '--job-id', '58', '--pool', 'default_pool', '--raw', '--subdir', 'DAGS_FOLDER/rank_update.py', '--cfg-path', '/tmp/tmpe1jnm605', '--error-file', '/tmp/tmpkxrvp_lc']
[2021-12-18 09:12:59,537] {standard_task_runner.py:77} INFO - Job 58: Subtask make_indicator
[2021-12-18 09:12:59,623] {logging_mixin.py:104} INFO - Running <TaskInstance: rank_update.make_indicator 2021-12-18T09:12:38.086111+00:00 [running]> on host airflowvm
[2021-12-18 09:12:59,831] {taskinstance.py:1280} INFO - Exporting the following env vars:
AIRFLOW_CTX_DAG_OWNER=airflow
AIRFLOW_CTX_DAG_ID=rank_update
AIRFLOW_CTX_TASK_ID=make_indicator
AIRFLOW_CTX_EXECUTION_DATE=2021-12-18T09:12:38.086111+00:00
AIRFLOW_CTX_DAG_RUN_ID=manual__2021-12-18T09:12:38.086111+00:00
[2021-12-18 09:12:59,835] {subprocess.py:52} INFO - Tmp dir root location: 
 /tmp
[2021-12-18 09:12:59,836] {subprocess.py:63} INFO - Running command: ['bash', '-c', 'python3 /home/airflow/parser4Study/multiple_parser.py /home/airflow/AlgorithmStudy_211124/211221/']
[2021-12-18 09:12:59,848] {subprocess.py:75} INFO - Output:
[2021-12-18 09:13:01,195] {subprocess.py:83} INFO - Command exited with return code 0
[2021-12-18 09:13:01,235] {taskinstance.py:1184} INFO - Marking task as SUCCESS. dag_id=rank_update, task_id=make_indicator, execution_date=20211218T091238, start_date=20211218T091259, end_date=20211218T091301
[2021-12-18 09:13:01,300] {taskinstance.py:1245} INFO - 1 downstream tasks scheduled from follow-on schedule check
[2021-12-18 09:13:01,317] {local_task_job.py:151} INFO - Task exited with return code 0
