[2021-12-20 09:50:02,781] {taskinstance.py:876} INFO - Dependencies all met for <TaskInstance: rank_update.pull_from_git 2021-12-20T09:40:00+00:00 [queued]>
[2021-12-20 09:50:02,799] {taskinstance.py:876} INFO - Dependencies all met for <TaskInstance: rank_update.pull_from_git 2021-12-20T09:40:00+00:00 [queued]>
[2021-12-20 09:50:02,799] {taskinstance.py:1067} INFO - 
--------------------------------------------------------------------------------
[2021-12-20 09:50:02,799] {taskinstance.py:1068} INFO - Starting attempt 1 of 1
[2021-12-20 09:50:02,799] {taskinstance.py:1069} INFO - 
--------------------------------------------------------------------------------
[2021-12-20 09:50:02,811] {taskinstance.py:1087} INFO - Executing <Task(BashOperator): pull_from_git> on 2021-12-20T09:40:00+00:00
[2021-12-20 09:50:02,813] {standard_task_runner.py:52} INFO - Started process 21403 to run task
[2021-12-20 09:50:02,821] {standard_task_runner.py:76} INFO - Running: ['airflow', 'tasks', 'run', 'rank_update', 'pull_from_git', '2021-12-20T09:40:00+00:00', '--job-id', '392', '--pool', 'default_pool', '--raw', '--subdir', 'DAGS_FOLDER/rank_update.py', '--cfg-path', '/tmp/tmpl4edzdb9', '--error-file', '/tmp/tmp7gkj_y9v']
[2021-12-20 09:50:02,822] {standard_task_runner.py:77} INFO - Job 392: Subtask pull_from_git
[2021-12-20 09:50:02,862] {logging_mixin.py:104} INFO - Running <TaskInstance: rank_update.pull_from_git 2021-12-20T09:40:00+00:00 [running]> on host airflowvm
[2021-12-20 09:50:02,936] {taskinstance.py:1280} INFO - Exporting the following env vars:
AIRFLOW_CTX_DAG_OWNER=airflow
AIRFLOW_CTX_DAG_ID=rank_update
AIRFLOW_CTX_TASK_ID=pull_from_git
AIRFLOW_CTX_EXECUTION_DATE=2021-12-20T09:40:00+00:00
AIRFLOW_CTX_DAG_RUN_ID=scheduled__2021-12-20T09:40:00+00:00
[2021-12-20 09:50:02,936] {subprocess.py:52} INFO - Tmp dir root location: 
 /tmp
[2021-12-20 09:50:02,937] {subprocess.py:63} INFO - Running command: ['bash', '-c', 'git -C /home/airflow/AlgorithmStudy_211124 pull']
[2021-12-20 09:50:02,939] {subprocess.py:75} INFO - Output:
[2021-12-20 09:50:03,388] {subprocess.py:79} INFO - Already up to date.
[2021-12-20 09:50:03,389] {subprocess.py:83} INFO - Command exited with return code 0
[2021-12-20 09:50:03,417] {taskinstance.py:1184} INFO - Marking task as SUCCESS. dag_id=rank_update, task_id=pull_from_git, execution_date=20211220T094000, start_date=20211220T095002, end_date=20211220T095003
[2021-12-20 09:50:03,435] {taskinstance.py:1245} INFO - 1 downstream tasks scheduled from follow-on schedule check
[2021-12-20 09:50:03,477] {local_task_job.py:151} INFO - Task exited with return code 0
