[2021-12-18 09:18:50,493] {taskinstance.py:876} INFO - Dependencies all met for <TaskInstance: rank_update.mv_indicator_to_repo 2021-12-18T09:17:23.738106+00:00 [queued]>
[2021-12-18 09:18:50,499] {taskinstance.py:876} INFO - Dependencies all met for <TaskInstance: rank_update.mv_indicator_to_repo 2021-12-18T09:17:23.738106+00:00 [queued]>
[2021-12-18 09:18:50,500] {taskinstance.py:1067} INFO - 
--------------------------------------------------------------------------------
[2021-12-18 09:18:50,500] {taskinstance.py:1068} INFO - Starting attempt 2 of 2
[2021-12-18 09:18:50,500] {taskinstance.py:1069} INFO - 
--------------------------------------------------------------------------------
[2021-12-18 09:18:50,513] {taskinstance.py:1087} INFO - Executing <Task(BashOperator): mv_indicator_to_repo> on 2021-12-18T09:17:23.738106+00:00
[2021-12-18 09:18:50,516] {standard_task_runner.py:52} INFO - Started process 87423 to run task
[2021-12-18 09:18:50,522] {standard_task_runner.py:76} INFO - Running: ['airflow', 'tasks', 'run', 'rank_update', 'mv_indicator_to_repo', '2021-12-18T09:17:23.738106+00:00', '--job-id', '72', '--pool', 'default_pool', '--raw', '--subdir', 'DAGS_FOLDER/rank_update.py', '--cfg-path', '/tmp/tmpx585taw0', '--error-file', '/tmp/tmpothrwtuf']
[2021-12-18 09:18:50,523] {standard_task_runner.py:77} INFO - Job 72: Subtask mv_indicator_to_repo
[2021-12-18 09:18:50,571] {logging_mixin.py:104} INFO - Running <TaskInstance: rank_update.mv_indicator_to_repo 2021-12-18T09:17:23.738106+00:00 [running]> on host airflowvm
[2021-12-18 09:18:50,701] {taskinstance.py:1280} INFO - Exporting the following env vars:
AIRFLOW_CTX_DAG_OWNER=airflow
AIRFLOW_CTX_DAG_ID=rank_update
AIRFLOW_CTX_TASK_ID=mv_indicator_to_repo
AIRFLOW_CTX_EXECUTION_DATE=2021-12-18T09:17:23.738106+00:00
AIRFLOW_CTX_DAG_RUN_ID=manual__2021-12-18T09:17:23.738106+00:00
[2021-12-18 09:18:50,702] {subprocess.py:52} INFO - Tmp dir root location: 
 /tmp
[2021-12-18 09:18:50,703] {subprocess.py:63} INFO - Running command: ['bash', '-c', 'mv /home/airflow/airflow/result/html/20211218.html /home/airflow/Test/rank.md']
[2021-12-18 09:18:50,716] {subprocess.py:75} INFO - Output:
[2021-12-18 09:18:50,721] {subprocess.py:79} INFO - mv: cannot stat '/home/airflow/airflow/result/html/20211218.html': No such file or directory
[2021-12-18 09:18:50,722] {subprocess.py:83} INFO - Command exited with return code 1
[2021-12-18 09:18:50,735] {taskinstance.py:1481} ERROR - Task failed with exception
Traceback (most recent call last):
  File "/home/airflow/sandbox/lib/python3.8/site-packages/airflow/models/taskinstance.py", line 1137, in _run_raw_task
    self._prepare_and_execute_task_with_callbacks(context, task)
  File "/home/airflow/sandbox/lib/python3.8/site-packages/airflow/models/taskinstance.py", line 1311, in _prepare_and_execute_task_with_callbacks
    result = self._execute_task(context, task_copy)
  File "/home/airflow/sandbox/lib/python3.8/site-packages/airflow/models/taskinstance.py", line 1341, in _execute_task
    result = task_copy.execute(context=context)
  File "/home/airflow/sandbox/lib/python3.8/site-packages/airflow/operators/bash.py", line 180, in execute
    raise AirflowException('Bash command failed. The command returned a non-zero exit code.')
airflow.exceptions.AirflowException: Bash command failed. The command returned a non-zero exit code.
[2021-12-18 09:18:50,740] {taskinstance.py:1524} INFO - Marking task as FAILED. dag_id=rank_update, task_id=mv_indicator_to_repo, execution_date=20211218T091723, start_date=20211218T091850, end_date=20211218T091850
[2021-12-18 09:18:50,816] {local_task_job.py:151} INFO - Task exited with return code 1
