[2021-12-13 07:45:00,685] {scheduler_job.py:182} INFO - Started process (PID=38271) to work on /home/airflow/airflow/dags/user_processing.py
[2021-12-13 07:45:00,691] {scheduler_job.py:633} INFO - Processing file /home/airflow/airflow/dags/user_processing.py for tasks to queue
[2021-12-13 07:45:00,694] {logging_mixin.py:104} INFO - [2021-12-13 07:45:00,694] {dagbag.py:487} INFO - Filling up the DagBag from /home/airflow/airflow/dags/user_processing.py
[2021-12-13 07:45:00,743] {logging_mixin.py:104} WARNING - /home/airflow/.local/lib/python3.8/site-packages/airflow/providers/sqlite/operators/sqlite.py:25 DeprecationWarning: This decorator is deprecated.

In previous versions, all subclasses of BaseOperator must use apply_default decorator for the`default_args` feature to work properly.

In current version, it is optional. The decorator is applied automatically using the metaclass.
[2021-12-13 07:45:00,745] {logging_mixin.py:104} INFO - [2021-12-13 07:45:00,744] {dagbag.py:320} ERROR - Failed to import: /home/airflow/airflow/dags/user_processing.py
Traceback (most recent call last):
  File "/home/airflow/.local/lib/python3.8/site-packages/airflow/models/dagbag.py", line 317, in _load_modules_from_file
    loader.exec_module(new_module)
  File "<frozen importlib._bootstrap_external>", line 848, in exec_module
  File "<frozen importlib._bootstrap>", line 219, in _call_with_frames_removed
  File "/home/airflow/airflow/dags/user_processing.py", line 14, in <module>
    creating_table = SqliteOperator(
  File "/home/airflow/.local/lib/python3.8/site-packages/airflow/models/baseoperator.py", line 179, in apply_defaults
    result = func(self, *args, **kwargs)
  File "/home/airflow/.local/lib/python3.8/site-packages/airflow/utils/decorators.py", line 50, in wrapper
    return func(*args, **kwargs)
  File "/home/airflow/.local/lib/python3.8/site-packages/airflow/providers/sqlite/operators/sqlite.py", line 57, in __init__
    super().__init__(**kwargs)
  File "/home/airflow/.local/lib/python3.8/site-packages/airflow/models/baseoperator.py", line 174, in apply_defaults
    raise AirflowException(msg)
airflow.exceptions.AirflowException: Argument ['task_id'] is required
[2021-12-13 07:45:00,746] {scheduler_job.py:645} WARNING - No viable dags retrieved from /home/airflow/airflow/dags/user_processing.py
[2021-12-13 07:45:00,774] {scheduler_job.py:190} INFO - Processing /home/airflow/airflow/dags/user_processing.py took 0.091 seconds
[2021-12-13 07:45:37,550] {scheduler_job.py:182} INFO - Started process (PID=38429) to work on /home/airflow/airflow/dags/user_processing.py
[2021-12-13 07:45:37,552] {scheduler_job.py:633} INFO - Processing file /home/airflow/airflow/dags/user_processing.py for tasks to queue
[2021-12-13 07:45:37,553] {logging_mixin.py:104} INFO - [2021-12-13 07:45:37,553] {dagbag.py:487} INFO - Filling up the DagBag from /home/airflow/airflow/dags/user_processing.py
[2021-12-13 07:45:37,584] {logging_mixin.py:104} WARNING - /home/airflow/.local/lib/python3.8/site-packages/airflow/providers/sqlite/operators/sqlite.py:25 DeprecationWarning: This decorator is deprecated.

In previous versions, all subclasses of BaseOperator must use apply_default decorator for the`default_args` feature to work properly.

In current version, it is optional. The decorator is applied automatically using the metaclass.
[2021-12-13 07:45:37,592] {logging_mixin.py:104} INFO - [2021-12-13 07:45:37,591] {dagbag.py:320} ERROR - Failed to import: /home/airflow/airflow/dags/user_processing.py
Traceback (most recent call last):
  File "/home/airflow/.local/lib/python3.8/site-packages/airflow/models/dagbag.py", line 317, in _load_modules_from_file
    loader.exec_module(new_module)
  File "<frozen importlib._bootstrap_external>", line 848, in exec_module
  File "<frozen importlib._bootstrap>", line 219, in _call_with_frames_removed
  File "/home/airflow/airflow/dags/user_processing.py", line 14, in <module>
    creating_table = SqliteOperator(
  File "/home/airflow/.local/lib/python3.8/site-packages/airflow/models/baseoperator.py", line 179, in apply_defaults
    result = func(self, *args, **kwargs)
  File "/home/airflow/.local/lib/python3.8/site-packages/airflow/utils/decorators.py", line 50, in wrapper
    return func(*args, **kwargs)
  File "/home/airflow/.local/lib/python3.8/site-packages/airflow/providers/sqlite/operators/sqlite.py", line 57, in __init__
    super().__init__(**kwargs)
  File "/home/airflow/.local/lib/python3.8/site-packages/airflow/models/baseoperator.py", line 174, in apply_defaults
    raise AirflowException(msg)
airflow.exceptions.AirflowException: Argument ['task_id'] is required
[2021-12-13 07:45:37,596] {scheduler_job.py:645} WARNING - No viable dags retrieved from /home/airflow/airflow/dags/user_processing.py
[2021-12-13 07:45:37,632] {scheduler_job.py:190} INFO - Processing /home/airflow/airflow/dags/user_processing.py took 0.093 seconds
[2021-12-13 07:46:10,840] {scheduler_job.py:182} INFO - Started process (PID=38535) to work on /home/airflow/airflow/dags/user_processing.py
[2021-12-13 07:46:10,841] {scheduler_job.py:633} INFO - Processing file /home/airflow/airflow/dags/user_processing.py for tasks to queue
[2021-12-13 07:46:10,842] {logging_mixin.py:104} INFO - [2021-12-13 07:46:10,842] {dagbag.py:487} INFO - Filling up the DagBag from /home/airflow/airflow/dags/user_processing.py
[2021-12-13 07:46:10,853] {logging_mixin.py:104} WARNING - /home/airflow/.local/lib/python3.8/site-packages/airflow/providers/sqlite/operators/sqlite.py:25 DeprecationWarning: This decorator is deprecated.

In previous versions, all subclasses of BaseOperator must use apply_default decorator for the`default_args` feature to work properly.

In current version, it is optional. The decorator is applied automatically using the metaclass.
[2021-12-13 07:46:10,856] {logging_mixin.py:104} INFO - [2021-12-13 07:46:10,855] {dagbag.py:320} ERROR - Failed to import: /home/airflow/airflow/dags/user_processing.py
Traceback (most recent call last):
  File "/home/airflow/.local/lib/python3.8/site-packages/airflow/models/dagbag.py", line 317, in _load_modules_from_file
    loader.exec_module(new_module)
  File "<frozen importlib._bootstrap_external>", line 848, in exec_module
  File "<frozen importlib._bootstrap>", line 219, in _call_with_frames_removed
  File "/home/airflow/airflow/dags/user_processing.py", line 14, in <module>
    creating_table = SqliteOperator(
  File "/home/airflow/.local/lib/python3.8/site-packages/airflow/models/baseoperator.py", line 179, in apply_defaults
    result = func(self, *args, **kwargs)
  File "/home/airflow/.local/lib/python3.8/site-packages/airflow/utils/decorators.py", line 50, in wrapper
    return func(*args, **kwargs)
  File "/home/airflow/.local/lib/python3.8/site-packages/airflow/providers/sqlite/operators/sqlite.py", line 57, in __init__
    super().__init__(**kwargs)
  File "/home/airflow/.local/lib/python3.8/site-packages/airflow/models/baseoperator.py", line 174, in apply_defaults
    raise AirflowException(msg)
airflow.exceptions.AirflowException: Argument ['task_id'] is required
[2021-12-13 07:46:10,856] {scheduler_job.py:645} WARNING - No viable dags retrieved from /home/airflow/airflow/dags/user_processing.py
[2021-12-13 07:46:10,871] {scheduler_job.py:190} INFO - Processing /home/airflow/airflow/dags/user_processing.py took 0.034 seconds
[2021-12-13 07:46:45,389] {scheduler_job.py:182} INFO - Started process (PID=38654) to work on /home/airflow/airflow/dags/user_processing.py
[2021-12-13 07:46:45,391] {scheduler_job.py:633} INFO - Processing file /home/airflow/airflow/dags/user_processing.py for tasks to queue
[2021-12-13 07:46:45,393] {logging_mixin.py:104} INFO - [2021-12-13 07:46:45,393] {dagbag.py:487} INFO - Filling up the DagBag from /home/airflow/airflow/dags/user_processing.py
[2021-12-13 07:46:45,405] {logging_mixin.py:104} WARNING - /home/airflow/.local/lib/python3.8/site-packages/airflow/providers/sqlite/operators/sqlite.py:25 DeprecationWarning: This decorator is deprecated.

In previous versions, all subclasses of BaseOperator must use apply_default decorator for the`default_args` feature to work properly.

In current version, it is optional. The decorator is applied automatically using the metaclass.
[2021-12-13 07:46:45,408] {logging_mixin.py:104} INFO - [2021-12-13 07:46:45,407] {dagbag.py:320} ERROR - Failed to import: /home/airflow/airflow/dags/user_processing.py
Traceback (most recent call last):
  File "/home/airflow/.local/lib/python3.8/site-packages/airflow/models/dagbag.py", line 317, in _load_modules_from_file
    loader.exec_module(new_module)
  File "<frozen importlib._bootstrap_external>", line 848, in exec_module
  File "<frozen importlib._bootstrap>", line 219, in _call_with_frames_removed
  File "/home/airflow/airflow/dags/user_processing.py", line 14, in <module>
    creating_table = SqliteOperator(
  File "/home/airflow/.local/lib/python3.8/site-packages/airflow/models/baseoperator.py", line 179, in apply_defaults
    result = func(self, *args, **kwargs)
  File "/home/airflow/.local/lib/python3.8/site-packages/airflow/utils/decorators.py", line 50, in wrapper
    return func(*args, **kwargs)
  File "/home/airflow/.local/lib/python3.8/site-packages/airflow/providers/sqlite/operators/sqlite.py", line 57, in __init__
    super().__init__(**kwargs)
  File "/home/airflow/.local/lib/python3.8/site-packages/airflow/models/baseoperator.py", line 174, in apply_defaults
    raise AirflowException(msg)
airflow.exceptions.AirflowException: Argument ['task_id'] is required
[2021-12-13 07:46:45,409] {scheduler_job.py:645} WARNING - No viable dags retrieved from /home/airflow/airflow/dags/user_processing.py
[2021-12-13 07:46:45,433] {scheduler_job.py:190} INFO - Processing /home/airflow/airflow/dags/user_processing.py took 0.047 seconds
[2021-12-13 07:47:15,689] {scheduler_job.py:182} INFO - Started process (PID=38755) to work on /home/airflow/airflow/dags/user_processing.py
[2021-12-13 07:47:15,691] {scheduler_job.py:633} INFO - Processing file /home/airflow/airflow/dags/user_processing.py for tasks to queue
[2021-12-13 07:47:15,692] {logging_mixin.py:104} INFO - [2021-12-13 07:47:15,692] {dagbag.py:487} INFO - Filling up the DagBag from /home/airflow/airflow/dags/user_processing.py
[2021-12-13 07:47:15,706] {logging_mixin.py:104} WARNING - /home/airflow/.local/lib/python3.8/site-packages/airflow/providers/sqlite/operators/sqlite.py:25 DeprecationWarning: This decorator is deprecated.

In previous versions, all subclasses of BaseOperator must use apply_default decorator for the`default_args` feature to work properly.

In current version, it is optional. The decorator is applied automatically using the metaclass.
[2021-12-13 07:47:15,709] {logging_mixin.py:104} INFO - [2021-12-13 07:47:15,708] {dagbag.py:320} ERROR - Failed to import: /home/airflow/airflow/dags/user_processing.py
Traceback (most recent call last):
  File "/home/airflow/.local/lib/python3.8/site-packages/airflow/models/dagbag.py", line 317, in _load_modules_from_file
    loader.exec_module(new_module)
  File "<frozen importlib._bootstrap_external>", line 848, in exec_module
  File "<frozen importlib._bootstrap>", line 219, in _call_with_frames_removed
  File "/home/airflow/airflow/dags/user_processing.py", line 14, in <module>
    creating_table = SqliteOperator(
  File "/home/airflow/.local/lib/python3.8/site-packages/airflow/models/baseoperator.py", line 179, in apply_defaults
    result = func(self, *args, **kwargs)
  File "/home/airflow/.local/lib/python3.8/site-packages/airflow/utils/decorators.py", line 50, in wrapper
    return func(*args, **kwargs)
  File "/home/airflow/.local/lib/python3.8/site-packages/airflow/providers/sqlite/operators/sqlite.py", line 57, in __init__
    super().__init__(**kwargs)
  File "/home/airflow/.local/lib/python3.8/site-packages/airflow/models/baseoperator.py", line 174, in apply_defaults
    raise AirflowException(msg)
airflow.exceptions.AirflowException: Argument ['task_id'] is required
[2021-12-13 07:47:15,710] {scheduler_job.py:645} WARNING - No viable dags retrieved from /home/airflow/airflow/dags/user_processing.py
[2021-12-13 07:47:15,736] {scheduler_job.py:190} INFO - Processing /home/airflow/airflow/dags/user_processing.py took 0.049 seconds
[2021-12-13 07:47:49,286] {scheduler_job.py:182} INFO - Started process (PID=38864) to work on /home/airflow/airflow/dags/user_processing.py
[2021-12-13 07:47:49,288] {scheduler_job.py:633} INFO - Processing file /home/airflow/airflow/dags/user_processing.py for tasks to queue
[2021-12-13 07:47:49,290] {logging_mixin.py:104} INFO - [2021-12-13 07:47:49,290] {dagbag.py:487} INFO - Filling up the DagBag from /home/airflow/airflow/dags/user_processing.py
[2021-12-13 07:47:49,337] {logging_mixin.py:104} WARNING - /home/airflow/.local/lib/python3.8/site-packages/airflow/providers/sqlite/operators/sqlite.py:25 DeprecationWarning: This decorator is deprecated.

In previous versions, all subclasses of BaseOperator must use apply_default decorator for the`default_args` feature to work properly.

In current version, it is optional. The decorator is applied automatically using the metaclass.
[2021-12-13 07:47:49,340] {logging_mixin.py:104} INFO - [2021-12-13 07:47:49,339] {dagbag.py:320} ERROR - Failed to import: /home/airflow/airflow/dags/user_processing.py
Traceback (most recent call last):
  File "/home/airflow/.local/lib/python3.8/site-packages/airflow/models/dagbag.py", line 317, in _load_modules_from_file
    loader.exec_module(new_module)
  File "<frozen importlib._bootstrap_external>", line 848, in exec_module
  File "<frozen importlib._bootstrap>", line 219, in _call_with_frames_removed
  File "/home/airflow/airflow/dags/user_processing.py", line 14, in <module>
    creating_table = SqliteOperator(
  File "/home/airflow/.local/lib/python3.8/site-packages/airflow/models/baseoperator.py", line 179, in apply_defaults
    result = func(self, *args, **kwargs)
  File "/home/airflow/.local/lib/python3.8/site-packages/airflow/utils/decorators.py", line 50, in wrapper
    return func(*args, **kwargs)
  File "/home/airflow/.local/lib/python3.8/site-packages/airflow/providers/sqlite/operators/sqlite.py", line 57, in __init__
    super().__init__(**kwargs)
  File "/home/airflow/.local/lib/python3.8/site-packages/airflow/models/baseoperator.py", line 174, in apply_defaults
    raise AirflowException(msg)
airflow.exceptions.AirflowException: Argument ['task_id'] is required
[2021-12-13 07:47:49,343] {scheduler_job.py:645} WARNING - No viable dags retrieved from /home/airflow/airflow/dags/user_processing.py
[2021-12-13 07:47:49,389] {scheduler_job.py:190} INFO - Processing /home/airflow/airflow/dags/user_processing.py took 0.118 seconds
[2021-12-13 07:48:20,992] {scheduler_job.py:182} INFO - Started process (PID=38975) to work on /home/airflow/airflow/dags/user_processing.py
[2021-12-13 07:48:20,994] {scheduler_job.py:633} INFO - Processing file /home/airflow/airflow/dags/user_processing.py for tasks to queue
[2021-12-13 07:48:20,995] {logging_mixin.py:104} INFO - [2021-12-13 07:48:20,995] {dagbag.py:487} INFO - Filling up the DagBag from /home/airflow/airflow/dags/user_processing.py
[2021-12-13 07:48:21,042] {logging_mixin.py:104} WARNING - /home/airflow/.local/lib/python3.8/site-packages/airflow/providers/sqlite/operators/sqlite.py:25 DeprecationWarning: This decorator is deprecated.

In previous versions, all subclasses of BaseOperator must use apply_default decorator for the`default_args` feature to work properly.

In current version, it is optional. The decorator is applied automatically using the metaclass.
[2021-12-13 07:48:21,056] {scheduler_job.py:643} INFO - DAG(s) dict_keys(['user_processing']) retrieved from /home/airflow/airflow/dags/user_processing.py
[2021-12-13 07:48:23,427] {logging_mixin.py:104} INFO - [2021-12-13 07:48:23,427] {dag.py:1832} INFO - Sync 1 DAGs
[2021-12-13 07:48:23,437] {logging_mixin.py:104} INFO - [2021-12-13 07:48:23,436] {dag.py:1851} INFO - Creating ORM DAG for user_processing
[2021-12-13 07:48:23,447] {logging_mixin.py:104} INFO - [2021-12-13 07:48:23,446] {dag.py:2305} INFO - Setting next_dagrun for user_processing to 2021-12-13T00:00:00+00:00
[2021-12-13 07:48:23,477] {scheduler_job.py:190} INFO - Processing /home/airflow/airflow/dags/user_processing.py took 2.491 seconds
[2021-12-13 07:49:02,016] {scheduler_job.py:182} INFO - Started process (PID=39135) to work on /home/airflow/airflow/dags/user_processing.py
[2021-12-13 07:49:02,018] {scheduler_job.py:633} INFO - Processing file /home/airflow/airflow/dags/user_processing.py for tasks to queue
[2021-12-13 07:49:02,020] {logging_mixin.py:104} INFO - [2021-12-13 07:49:02,020] {dagbag.py:487} INFO - Filling up the DagBag from /home/airflow/airflow/dags/user_processing.py
[2021-12-13 07:49:02,045] {logging_mixin.py:104} WARNING - /home/airflow/.local/lib/python3.8/site-packages/airflow/providers/sqlite/operators/sqlite.py:25 DeprecationWarning: This decorator is deprecated.

In previous versions, all subclasses of BaseOperator must use apply_default decorator for the`default_args` feature to work properly.

In current version, it is optional. The decorator is applied automatically using the metaclass.
[2021-12-13 07:49:02,053] {scheduler_job.py:643} INFO - DAG(s) dict_keys(['user_processing']) retrieved from /home/airflow/airflow/dags/user_processing.py
[2021-12-13 07:49:02,068] {logging_mixin.py:104} INFO - [2021-12-13 07:49:02,068] {dag.py:1832} INFO - Sync 1 DAGs
[2021-12-13 07:49:02,085] {logging_mixin.py:104} INFO - [2021-12-13 07:49:02,084] {dag.py:2305} INFO - Setting next_dagrun for user_processing to 2021-12-13T00:00:00+00:00
[2021-12-13 07:49:02,111] {scheduler_job.py:190} INFO - Processing /home/airflow/airflow/dags/user_processing.py took 0.097 seconds
[2021-12-13 07:49:38,869] {scheduler_job.py:182} INFO - Started process (PID=39303) to work on /home/airflow/airflow/dags/user_processing.py
[2021-12-13 07:49:38,880] {scheduler_job.py:633} INFO - Processing file /home/airflow/airflow/dags/user_processing.py for tasks to queue
[2021-12-13 07:49:38,881] {logging_mixin.py:104} INFO - [2021-12-13 07:49:38,881] {dagbag.py:487} INFO - Filling up the DagBag from /home/airflow/airflow/dags/user_processing.py
[2021-12-13 07:49:38,920] {logging_mixin.py:104} WARNING - /home/airflow/.local/lib/python3.8/site-packages/airflow/providers/sqlite/operators/sqlite.py:25 DeprecationWarning: This decorator is deprecated.

In previous versions, all subclasses of BaseOperator must use apply_default decorator for the`default_args` feature to work properly.

In current version, it is optional. The decorator is applied automatically using the metaclass.
[2021-12-13 07:49:38,941] {scheduler_job.py:643} INFO - DAG(s) dict_keys(['user_processing']) retrieved from /home/airflow/airflow/dags/user_processing.py
[2021-12-13 07:49:38,962] {logging_mixin.py:104} INFO - [2021-12-13 07:49:38,961] {dag.py:1832} INFO - Sync 1 DAGs
[2021-12-13 07:49:38,990] {logging_mixin.py:104} INFO - [2021-12-13 07:49:38,990] {dag.py:2305} INFO - Setting next_dagrun for user_processing to 2021-12-13T00:00:00+00:00
[2021-12-13 07:49:39,017] {scheduler_job.py:190} INFO - Processing /home/airflow/airflow/dags/user_processing.py took 0.150 seconds
