[2021-12-21 11:00:02,588] {taskinstance.py:876} INFO - Dependencies all met for <TaskInstance: rank_update.pull_from_git 2021-12-21T10:50:00+00:00 [queued]>
[2021-12-21 11:00:02,594] {taskinstance.py:876} INFO - Dependencies all met for <TaskInstance: rank_update.pull_from_git 2021-12-21T10:50:00+00:00 [queued]>
[2021-12-21 11:00:02,594] {taskinstance.py:1067} INFO - 
--------------------------------------------------------------------------------
[2021-12-21 11:00:02,594] {taskinstance.py:1068} INFO - Starting attempt 1 of 1
[2021-12-21 11:00:02,594] {taskinstance.py:1069} INFO - 
--------------------------------------------------------------------------------
[2021-12-21 11:00:02,600] {taskinstance.py:1087} INFO - Executing <Task(BashOperator): pull_from_git> on 2021-12-21T10:50:00+00:00
[2021-12-21 11:00:02,601] {standard_task_runner.py:52} INFO - Started process 121990 to run task
[2021-12-21 11:00:02,605] {standard_task_runner.py:76} INFO - Running: ['airflow', 'tasks', 'run', 'rank_update', 'pull_from_git', '2021-12-21T10:50:00+00:00', '--job-id', '1158', '--pool', 'default_pool', '--raw', '--subdir', 'DAGS_FOLDER/rank_update.py', '--cfg-path', '/tmp/tmpd4b9fvot', '--error-file', '/tmp/tmpzf5_s2ga']
[2021-12-21 11:00:02,606] {standard_task_runner.py:77} INFO - Job 1158: Subtask pull_from_git
[2021-12-21 11:00:02,641] {logging_mixin.py:104} INFO - Running <TaskInstance: rank_update.pull_from_git 2021-12-21T10:50:00+00:00 [running]> on host airflowvm
[2021-12-21 11:00:02,723] {taskinstance.py:1280} INFO - Exporting the following env vars:
AIRFLOW_CTX_DAG_OWNER=airflow
AIRFLOW_CTX_DAG_ID=rank_update
AIRFLOW_CTX_TASK_ID=pull_from_git
AIRFLOW_CTX_EXECUTION_DATE=2021-12-21T10:50:00+00:00
AIRFLOW_CTX_DAG_RUN_ID=scheduled__2021-12-21T10:50:00+00:00
[2021-12-21 11:00:02,723] {subprocess.py:52} INFO - Tmp dir root location: 
 /tmp
[2021-12-21 11:00:02,723] {subprocess.py:63} INFO - Running command: ['bash', '-c', 'git -C /home/airflow/AlgorithmStudy_211124 pull']
[2021-12-21 11:00:02,726] {subprocess.py:75} INFO - Output:
[2021-12-21 11:00:04,209] {subprocess.py:79} INFO - Already up to date.
[2021-12-21 11:00:04,214] {subprocess.py:83} INFO - Command exited with return code 0
[2021-12-21 11:00:04,235] {taskinstance.py:1184} INFO - Marking task as SUCCESS. dag_id=rank_update, task_id=pull_from_git, execution_date=20211221T105000, start_date=20211221T110002, end_date=20211221T110004
[2021-12-21 11:00:04,252] {taskinstance.py:1245} INFO - 1 downstream tasks scheduled from follow-on schedule check
[2021-12-21 11:00:04,278] {local_task_job.py:151} INFO - Task exited with return code 0
