[2021-12-18 17:04:38,964] {taskinstance.py:876} INFO - Dependencies all met for <TaskInstance: rank_update.mv_indicator_to_repo 2021-12-18T17:03:00+00:00 [queued]>
[2021-12-18 17:04:38,975] {taskinstance.py:876} INFO - Dependencies all met for <TaskInstance: rank_update.mv_indicator_to_repo 2021-12-18T17:03:00+00:00 [queued]>
[2021-12-18 17:04:38,975] {taskinstance.py:1067} INFO - 
--------------------------------------------------------------------------------
[2021-12-18 17:04:38,981] {taskinstance.py:1068} INFO - Starting attempt 1 of 1
[2021-12-18 17:04:38,982] {taskinstance.py:1069} INFO - 
--------------------------------------------------------------------------------
[2021-12-18 17:04:39,007] {taskinstance.py:1087} INFO - Executing <Task(BashOperator): mv_indicator_to_repo> on 2021-12-18T17:03:00+00:00
[2021-12-18 17:04:39,008] {standard_task_runner.py:52} INFO - Started process 11915 to run task
[2021-12-18 17:04:39,020] {standard_task_runner.py:76} INFO - Running: ['airflow', 'tasks', 'run', 'rank_update', 'mv_indicator_to_repo', '2021-12-18T17:03:00+00:00', '--job-id', '171', '--pool', 'default_pool', '--raw', '--subdir', 'DAGS_FOLDER/rank_update.py', '--cfg-path', '/tmp/tmpfnf31cfb', '--error-file', '/tmp/tmpdeyrwdmw']
[2021-12-18 17:04:39,026] {standard_task_runner.py:77} INFO - Job 171: Subtask mv_indicator_to_repo
[2021-12-18 17:04:39,134] {logging_mixin.py:104} INFO - Running <TaskInstance: rank_update.mv_indicator_to_repo 2021-12-18T17:03:00+00:00 [running]> on host airflowvm
[2021-12-18 17:04:39,444] {taskinstance.py:1280} INFO - Exporting the following env vars:
AIRFLOW_CTX_DAG_OWNER=airflow
AIRFLOW_CTX_DAG_ID=rank_update
AIRFLOW_CTX_TASK_ID=mv_indicator_to_repo
AIRFLOW_CTX_EXECUTION_DATE=2021-12-18T17:03:00+00:00
AIRFLOW_CTX_DAG_RUN_ID=scheduled__2021-12-18T17:03:00+00:00
[2021-12-18 17:04:39,446] {subprocess.py:52} INFO - Tmp dir root location: 
 /tmp
[2021-12-18 17:04:39,450] {subprocess.py:63} INFO - Running command: ['bash', '-c', 'mv /home/airflow/result/html/rank.html /home/airflow/Test/rank.md']
[2021-12-18 17:04:39,459] {subprocess.py:75} INFO - Output:
[2021-12-18 17:04:39,473] {subprocess.py:79} INFO - mv: cannot stat '/home/airflow/result/html/rank.html': No such file or directory
[2021-12-18 17:04:39,474] {subprocess.py:83} INFO - Command exited with return code 1
[2021-12-18 17:04:39,481] {taskinstance.py:1481} ERROR - Task failed with exception
Traceback (most recent call last):
  File "/home/airflow/sandbox/lib/python3.8/site-packages/airflow/models/taskinstance.py", line 1137, in _run_raw_task
    self._prepare_and_execute_task_with_callbacks(context, task)
  File "/home/airflow/sandbox/lib/python3.8/site-packages/airflow/models/taskinstance.py", line 1311, in _prepare_and_execute_task_with_callbacks
    result = self._execute_task(context, task_copy)
  File "/home/airflow/sandbox/lib/python3.8/site-packages/airflow/models/taskinstance.py", line 1341, in _execute_task
    result = task_copy.execute(context=context)
  File "/home/airflow/sandbox/lib/python3.8/site-packages/airflow/operators/bash.py", line 180, in execute
    raise AirflowException('Bash command failed. The command returned a non-zero exit code.')
airflow.exceptions.AirflowException: Bash command failed. The command returned a non-zero exit code.
[2021-12-18 17:04:39,490] {taskinstance.py:1524} INFO - Marking task as FAILED. dag_id=rank_update, task_id=mv_indicator_to_repo, execution_date=20211218T170300, start_date=20211218T170438, end_date=20211218T170439
[2021-12-18 17:04:39,551] {local_task_job.py:151} INFO - Task exited with return code 1
