[2021-12-22 00:00:15,170] {taskinstance.py:876} INFO - Dependencies all met for <TaskInstance: user_processing.processing_user 2021-12-21T00:00:00+00:00 [queued]>
[2021-12-22 00:00:15,175] {taskinstance.py:876} INFO - Dependencies all met for <TaskInstance: user_processing.processing_user 2021-12-21T00:00:00+00:00 [queued]>
[2021-12-22 00:00:15,175] {taskinstance.py:1067} INFO - 
--------------------------------------------------------------------------------
[2021-12-22 00:00:15,175] {taskinstance.py:1068} INFO - Starting attempt 1 of 1
[2021-12-22 00:00:15,175] {taskinstance.py:1069} INFO - 
--------------------------------------------------------------------------------
[2021-12-22 00:00:15,184] {taskinstance.py:1087} INFO - Executing <Task(PythonOperator): processing_user> on 2021-12-21T00:00:00+00:00
[2021-12-22 00:00:15,185] {standard_task_runner.py:52} INFO - Started process 169571 to run task
[2021-12-22 00:00:15,190] {standard_task_runner.py:76} INFO - Running: ['airflow', 'tasks', 'run', 'user_processing', 'processing_user', '2021-12-21T00:00:00+00:00', '--job-id', '1555', '--pool', 'default_pool', '--raw', '--subdir', 'DAGS_FOLDER/user_processing.py', '--cfg-path', '/tmp/tmpb224ryab', '--error-file', '/tmp/tmptz83356m']
[2021-12-22 00:00:15,190] {standard_task_runner.py:77} INFO - Job 1555: Subtask processing_user
[2021-12-22 00:00:15,228] {logging_mixin.py:104} INFO - Running <TaskInstance: user_processing.processing_user 2021-12-21T00:00:00+00:00 [running]> on host airflowvm
[2021-12-22 00:00:15,277] {taskinstance.py:1280} INFO - Exporting the following env vars:
AIRFLOW_CTX_DAG_OWNER=airflow
AIRFLOW_CTX_DAG_ID=user_processing
AIRFLOW_CTX_TASK_ID=processing_user
AIRFLOW_CTX_EXECUTION_DATE=2021-12-21T00:00:00+00:00
AIRFLOW_CTX_DAG_RUN_ID=scheduled__2021-12-21T00:00:00+00:00
[2021-12-22 00:00:15,285] {python.py:151} INFO - Done. Returned value was: None
[2021-12-22 00:00:15,288] {taskinstance.py:1184} INFO - Marking task as SUCCESS. dag_id=user_processing, task_id=processing_user, execution_date=20211221T000000, start_date=20211222T000015, end_date=20211222T000015
[2021-12-22 00:00:15,303] {taskinstance.py:1245} INFO - 1 downstream tasks scheduled from follow-on schedule check
[2021-12-22 00:00:15,322] {local_task_job.py:151} INFO - Task exited with return code 0
