[2021-12-27 15:23:54,383] {taskinstance.py:876} INFO - Dependencies all met for <TaskInstance: rank_update.pull_from_git 2021-12-26T15:23:52.146192+00:00 [queued]>
[2021-12-27 15:23:54,390] {taskinstance.py:876} INFO - Dependencies all met for <TaskInstance: rank_update.pull_from_git 2021-12-26T15:23:52.146192+00:00 [queued]>
[2021-12-27 15:23:54,390] {taskinstance.py:1067} INFO - 
--------------------------------------------------------------------------------
[2021-12-27 15:23:54,390] {taskinstance.py:1068} INFO - Starting attempt 1 of 1
[2021-12-27 15:23:54,390] {taskinstance.py:1069} INFO - 
--------------------------------------------------------------------------------
[2021-12-27 15:23:54,397] {taskinstance.py:1087} INFO - Executing <Task(BashOperator): pull_from_git> on 2021-12-26T15:23:52.146192+00:00
[2021-12-27 15:23:54,398] {standard_task_runner.py:52} INFO - Started process 401661 to run task
[2021-12-27 15:23:54,403] {standard_task_runner.py:76} INFO - Running: ['airflow', 'tasks', 'run', 'rank_update', 'pull_from_git', '2021-12-26T15:23:52.146192+00:00', '--job-id', '1866', '--pool', 'default_pool', '--raw', '--subdir', 'DAGS_FOLDER/rank_update.py', '--cfg-path', '/tmp/tmp485_5at9', '--error-file', '/tmp/tmpjrnjvp22']
[2021-12-27 15:23:54,404] {standard_task_runner.py:77} INFO - Job 1866: Subtask pull_from_git
[2021-12-27 15:23:54,441] {logging_mixin.py:104} INFO - Running <TaskInstance: rank_update.pull_from_git 2021-12-26T15:23:52.146192+00:00 [running]> on host airflowvm
[2021-12-27 15:23:54,522] {taskinstance.py:1280} INFO - Exporting the following env vars:
AIRFLOW_CTX_DAG_OWNER=airflow
AIRFLOW_CTX_DAG_ID=rank_update
AIRFLOW_CTX_TASK_ID=pull_from_git
AIRFLOW_CTX_EXECUTION_DATE=2021-12-26T15:23:52.146192+00:00
AIRFLOW_CTX_DAG_RUN_ID=scheduled__2021-12-26T15:23:52.146192+00:00
[2021-12-27 15:23:54,522] {subprocess.py:52} INFO - Tmp dir root location: 
 /tmp
[2021-12-27 15:23:54,523] {subprocess.py:63} INFO - Running command: ['bash', '-c', 'git -C /home/airflow/AlgorithmStudy_211124 pull']
[2021-12-27 15:23:54,526] {subprocess.py:75} INFO - Output:
[2021-12-27 15:23:55,133] {subprocess.py:79} INFO - From https://github.com/nicework-jin/AlgorithmStudy_211124
[2021-12-27 15:23:55,133] {subprocess.py:79} INFO -    3e019d6..cde66e0  main       -> origin/main
[2021-12-27 15:23:55,142] {subprocess.py:79} INFO - Updating 3e019d6..cde66e0
[2021-12-27 15:23:55,143] {subprocess.py:79} INFO - Fast-forward
[2021-12-27 15:23:55,145] {subprocess.py:79} INFO -  ...36\205_\353\260\225\354\210\230\355\230\204.py" | 101 +++++++++++++++++++
[2021-12-27 15:23:55,145] {subprocess.py:79} INFO -  ...36\205_\354\235\264\354\204\261\354\247\204.py" | 109 +++++++++++++++++++++
[2021-12-27 15:23:55,145] {subprocess.py:79} INFO -  ...26\274_\354\235\264\354\204\261\354\247\204.py" |  69 +++++++++++++
[2021-12-27 15:23:55,145] {subprocess.py:79} INFO -  ...66\225_\354\235\264\354\204\261\354\247\204.py" |  70 +++++++++++++
[2021-12-27 15:23:55,145] {subprocess.py:79} INFO -  ...03\211_\353\260\225\354\210\230\355\230\204.py" |  97 ++++++++++++++++++
[2021-12-27 15:23:55,145] {subprocess.py:79} INFO -  ...66\225_\354\235\264\354\204\261\354\247\204.py" |  56 +++++++++++
[2021-12-27 15:23:55,145] {subprocess.py:79} INFO -  ...70\210_\353\260\225\354\210\230\355\230\204.py" | 103 +++++++++++++++++++
[2021-12-27 15:23:55,145] {subprocess.py:79} INFO -  7 files changed, 605 insertions(+)
[2021-12-27 15:23:55,145] {subprocess.py:79} INFO -  create mode 100644 "211228/\352\264\221\352\263\240 \354\202\275\354\236\205_\353\260\225\354\210\230\355\230\204.py"
[2021-12-27 15:23:55,145] {subprocess.py:79} INFO -  create mode 100644 "211228/\352\264\221\352\263\240 \354\202\275\354\236\205_\354\235\264\354\204\261\354\247\204.py"
[2021-12-27 15:23:55,145] {subprocess.py:79} INFO -  create mode 100644 "211228/\353\251\224\353\211\264 \353\246\254\353\211\264\354\226\274_\354\235\264\354\204\261\354\247\204.py"
[2021-12-27 15:23:55,145] {subprocess.py:79} INFO -  create mode 100644 "211228/\353\254\270\354\236\220\354\227\264\354\225\225\354\266\225_\354\235\264\354\204\261\354\247\204.py"
[2021-12-27 15:23:55,145] {subprocess.py:79} INFO -  create mode 100644 "211228/\354\210\234\354\234\204\352\262\200\354\203\211_\353\260\225\354\210\230\355\230\204.py"
[2021-12-27 15:23:55,145] {subprocess.py:79} INFO -  create mode 100644 "211228/\354\225\225\354\266\225_\354\235\264\354\204\261\354\247\204.py"
[2021-12-27 15:23:55,145] {subprocess.py:79} INFO -  create mode 100644 "211228/\355\225\251\354\212\271 \355\203\235\354\213\234 \354\232\224\352\270\210_\353\260\225\354\210\230\355\230\204.py"
[2021-12-27 15:23:55,146] {subprocess.py:83} INFO - Command exited with return code 0
[2021-12-27 15:23:55,161] {taskinstance.py:1184} INFO - Marking task as SUCCESS. dag_id=rank_update, task_id=pull_from_git, execution_date=20211226T152352, start_date=20211227T152354, end_date=20211227T152355
[2021-12-27 15:23:55,177] {taskinstance.py:1245} INFO - 1 downstream tasks scheduled from follow-on schedule check
[2021-12-27 15:23:55,217] {local_task_job.py:151} INFO - Task exited with return code 0
