[2021-12-23 17:32:38,292] {taskinstance.py:876} INFO - Dependencies all met for <TaskInstance: rank_update.git_commit 2021-12-22T05:40:00+00:00 [queued]>
[2021-12-23 17:32:38,307] {taskinstance.py:876} INFO - Dependencies all met for <TaskInstance: rank_update.git_commit 2021-12-22T05:40:00+00:00 [queued]>
[2021-12-23 17:32:38,309] {taskinstance.py:1067} INFO - 
--------------------------------------------------------------------------------
[2021-12-23 17:32:38,309] {taskinstance.py:1068} INFO - Starting attempt 2 of 2
[2021-12-23 17:32:38,310] {taskinstance.py:1069} INFO - 
--------------------------------------------------------------------------------
[2021-12-23 17:32:38,330] {taskinstance.py:1087} INFO - Executing <Task(BashOperator): git_commit> on 2021-12-22T05:40:00+00:00
[2021-12-23 17:32:38,331] {standard_task_runner.py:52} INFO - Started process 364412 to run task
[2021-12-23 17:32:38,351] {standard_task_runner.py:76} INFO - Running: ['airflow', 'tasks', 'run', 'rank_update', 'git_commit', '2021-12-22T05:40:00+00:00', '--job-id', '1813', '--pool', 'default_pool', '--raw', '--subdir', 'DAGS_FOLDER/rank_update.py', '--cfg-path', '/tmp/tmp0uq564wx', '--error-file', '/tmp/tmp51qsmw13']
[2021-12-23 17:32:38,352] {standard_task_runner.py:77} INFO - Job 1813: Subtask git_commit
[2021-12-23 17:32:38,420] {logging_mixin.py:104} INFO - Running <TaskInstance: rank_update.git_commit 2021-12-22T05:40:00+00:00 [running]> on host airflowvm
[2021-12-23 17:32:38,561] {taskinstance.py:1280} INFO - Exporting the following env vars:
AIRFLOW_CTX_DAG_OWNER=airflow
AIRFLOW_CTX_DAG_ID=rank_update
AIRFLOW_CTX_TASK_ID=git_commit
AIRFLOW_CTX_EXECUTION_DATE=2021-12-22T05:40:00+00:00
AIRFLOW_CTX_DAG_RUN_ID=scheduled__2021-12-22T05:40:00+00:00
[2021-12-23 17:32:38,568] {subprocess.py:52} INFO - Tmp dir root location: 
 /tmp
[2021-12-23 17:32:38,568] {subprocess.py:63} INFO - Running command: ['bash', '-c', 'git --git-dir=/home/airflow/AlgorithmStudy_211124/.git/ --work-tree=/home/airflow/AlgorithmStudy_211124/.git/ commit -m "Auto-update for rank"']
[2021-12-23 17:32:38,579] {subprocess.py:75} INFO - Output:
[2021-12-23 17:32:38,587] {subprocess.py:79} INFO - [main 3e019d6] Auto-update for rank
[2021-12-23 17:32:38,587] {subprocess.py:79} INFO -  1 file changed, 57 insertions(+)
[2021-12-23 17:32:38,588] {subprocess.py:83} INFO - Command exited with return code 0
[2021-12-23 17:32:38,616] {taskinstance.py:1184} INFO - Marking task as SUCCESS. dag_id=rank_update, task_id=git_commit, execution_date=20211222T054000, start_date=20211223T173238, end_date=20211223T173238
[2021-12-23 17:32:38,657] {taskinstance.py:1245} INFO - 1 downstream tasks scheduled from follow-on schedule check
[2021-12-23 17:32:38,675] {local_task_job.py:151} INFO - Task exited with return code 0
