[2021-12-28 05:23:44,055] {taskinstance.py:876} INFO - Dependencies all met for <TaskInstance: rank_update.git_commit 2021-12-28T05:23:34.720709+00:00 [queued]>
[2021-12-28 05:23:44,061] {taskinstance.py:876} INFO - Dependencies all met for <TaskInstance: rank_update.git_commit 2021-12-28T05:23:34.720709+00:00 [queued]>
[2021-12-28 05:23:44,061] {taskinstance.py:1067} INFO - 
--------------------------------------------------------------------------------
[2021-12-28 05:23:44,061] {taskinstance.py:1068} INFO - Starting attempt 1 of 1
[2021-12-28 05:23:44,061] {taskinstance.py:1069} INFO - 
--------------------------------------------------------------------------------
[2021-12-28 05:23:44,067] {taskinstance.py:1087} INFO - Executing <Task(BashOperator): git_commit> on 2021-12-28T05:23:34.720709+00:00
[2021-12-28 05:23:44,068] {standard_task_runner.py:52} INFO - Started process 160016 to run task
[2021-12-28 05:23:44,072] {standard_task_runner.py:76} INFO - Running: ['airflow', 'tasks', 'run', 'rank_update', 'git_commit', '2021-12-28T05:23:34.720709+00:00', '--job-id', '1885', '--pool', 'default_pool', '--raw', '--subdir', 'DAGS_FOLDER/rank_update.py', '--cfg-path', '/tmp/tmpeifc0k31', '--error-file', '/tmp/tmp__z606de']
[2021-12-28 05:23:44,073] {standard_task_runner.py:77} INFO - Job 1885: Subtask git_commit
[2021-12-28 05:23:44,108] {logging_mixin.py:104} INFO - Running <TaskInstance: rank_update.git_commit 2021-12-28T05:23:34.720709+00:00 [running]> on host airflowvm
[2021-12-28 05:23:44,186] {taskinstance.py:1280} INFO - Exporting the following env vars:
AIRFLOW_CTX_DAG_OWNER=airflow
AIRFLOW_CTX_DAG_ID=rank_update
AIRFLOW_CTX_TASK_ID=git_commit
AIRFLOW_CTX_EXECUTION_DATE=2021-12-28T05:23:34.720709+00:00
AIRFLOW_CTX_DAG_RUN_ID=manual__2021-12-28T05:23:34.720709+00:00
[2021-12-28 05:23:44,187] {subprocess.py:52} INFO - Tmp dir root location: 
 /tmp
[2021-12-28 05:23:44,187] {subprocess.py:63} INFO - Running command: ['bash', '-c', 'git --git-dir=/home/airflow/AlgorithmStudy_211124/.git/ --work-tree=/home/airflow/AlgorithmStudy_211124/.git/ commit -m "Auto-update for rank"']
[2021-12-28 05:23:44,190] {subprocess.py:75} INFO - Output:
[2021-12-28 05:23:44,196] {subprocess.py:79} INFO - [main 73e3ba2] Auto-update for rank
[2021-12-28 05:23:44,196] {subprocess.py:79} INFO -  1 file changed, 44 insertions(+)
[2021-12-28 05:23:44,196] {subprocess.py:83} INFO - Command exited with return code 0
[2021-12-28 05:23:44,208] {taskinstance.py:1184} INFO - Marking task as SUCCESS. dag_id=rank_update, task_id=git_commit, execution_date=20211228T052334, start_date=20211228T052344, end_date=20211228T052344
[2021-12-28 05:23:44,225] {taskinstance.py:1245} INFO - 1 downstream tasks scheduled from follow-on schedule check
[2021-12-28 05:23:44,244] {local_task_job.py:151} INFO - Task exited with return code 0
