[2021-12-20 05:47:44,392] {taskinstance.py:876} INFO - Dependencies all met for <TaskInstance: user_processing.storing_user 2021-12-18T00:00:00+00:00 [queued]>
[2021-12-20 05:47:44,396] {taskinstance.py:876} INFO - Dependencies all met for <TaskInstance: user_processing.storing_user 2021-12-18T00:00:00+00:00 [queued]>
[2021-12-20 05:47:44,396] {taskinstance.py:1067} INFO - 
--------------------------------------------------------------------------------
[2021-12-20 05:47:44,396] {taskinstance.py:1068} INFO - Starting attempt 1 of 1
[2021-12-20 05:47:44,397] {taskinstance.py:1069} INFO - 
--------------------------------------------------------------------------------
[2021-12-20 05:47:44,404] {taskinstance.py:1087} INFO - Executing <Task(BashOperator): storing_user> on 2021-12-18T00:00:00+00:00
[2021-12-20 05:47:44,406] {standard_task_runner.py:52} INFO - Started process 1482 to run task
[2021-12-20 05:47:44,411] {standard_task_runner.py:76} INFO - Running: ['airflow', 'tasks', 'run', 'user_processing', 'storing_user', '2021-12-18T00:00:00+00:00', '--job-id', '245', '--pool', 'default_pool', '--raw', '--subdir', 'DAGS_FOLDER/user_processing.py', '--cfg-path', '/tmp/tmp3v6ymocs', '--error-file', '/tmp/tmp1_w652sd']
[2021-12-20 05:47:44,411] {standard_task_runner.py:77} INFO - Job 245: Subtask storing_user
[2021-12-20 05:47:44,447] {logging_mixin.py:104} INFO - Running <TaskInstance: user_processing.storing_user 2021-12-18T00:00:00+00:00 [running]> on host airflowvm
[2021-12-20 05:47:44,491] {taskinstance.py:1280} INFO - Exporting the following env vars:
AIRFLOW_CTX_DAG_OWNER=airflow
AIRFLOW_CTX_DAG_ID=user_processing
AIRFLOW_CTX_TASK_ID=storing_user
AIRFLOW_CTX_EXECUTION_DATE=2021-12-18T00:00:00+00:00
AIRFLOW_CTX_DAG_RUN_ID=scheduled__2021-12-18T00:00:00+00:00
[2021-12-20 05:47:44,492] {subprocess.py:52} INFO - Tmp dir root location: 
 /tmp
[2021-12-20 05:47:44,492] {subprocess.py:63} INFO - Running command: ['bash', '-c', 'echo -e ".separator ","\n.import /tmp/processed_user.csv users" | sqlite3 /home/airflow/airflow/airflow.db']
[2021-12-20 05:47:44,498] {subprocess.py:75} INFO - Output:
[2021-12-20 05:47:44,510] {subprocess.py:83} INFO - Command exited with return code 0
[2021-12-20 05:47:44,523] {taskinstance.py:1184} INFO - Marking task as SUCCESS. dag_id=user_processing, task_id=storing_user, execution_date=20211218T000000, start_date=20211220T054744, end_date=20211220T054744
[2021-12-20 05:47:44,534] {taskinstance.py:1245} INFO - 0 downstream tasks scheduled from follow-on schedule check
[2021-12-20 05:47:44,541] {local_task_job.py:151} INFO - Task exited with return code 0
