[2021-12-21 13:40:02,734] {taskinstance.py:876} INFO - Dependencies all met for <TaskInstance: rank_update.pull_from_git 2021-12-21T13:30:00+00:00 [queued]>
[2021-12-21 13:40:02,740] {taskinstance.py:876} INFO - Dependencies all met for <TaskInstance: rank_update.pull_from_git 2021-12-21T13:30:00+00:00 [queued]>
[2021-12-21 13:40:02,741] {taskinstance.py:1067} INFO - 
--------------------------------------------------------------------------------
[2021-12-21 13:40:02,741] {taskinstance.py:1068} INFO - Starting attempt 1 of 1
[2021-12-21 13:40:02,741] {taskinstance.py:1069} INFO - 
--------------------------------------------------------------------------------
[2021-12-21 13:40:02,747] {taskinstance.py:1087} INFO - Executing <Task(BashOperator): pull_from_git> on 2021-12-21T13:30:00+00:00
[2021-12-21 13:40:02,748] {standard_task_runner.py:52} INFO - Started process 131924 to run task
[2021-12-21 13:40:02,753] {standard_task_runner.py:76} INFO - Running: ['airflow', 'tasks', 'run', 'rank_update', 'pull_from_git', '2021-12-21T13:30:00+00:00', '--job-id', '1238', '--pool', 'default_pool', '--raw', '--subdir', 'DAGS_FOLDER/rank_update.py', '--cfg-path', '/tmp/tmp5x0sdnf4', '--error-file', '/tmp/tmpfewzp75a']
[2021-12-21 13:40:02,753] {standard_task_runner.py:77} INFO - Job 1238: Subtask pull_from_git
[2021-12-21 13:40:02,789] {logging_mixin.py:104} INFO - Running <TaskInstance: rank_update.pull_from_git 2021-12-21T13:30:00+00:00 [running]> on host airflowvm
[2021-12-21 13:40:02,866] {taskinstance.py:1280} INFO - Exporting the following env vars:
AIRFLOW_CTX_DAG_OWNER=airflow
AIRFLOW_CTX_DAG_ID=rank_update
AIRFLOW_CTX_TASK_ID=pull_from_git
AIRFLOW_CTX_EXECUTION_DATE=2021-12-21T13:30:00+00:00
AIRFLOW_CTX_DAG_RUN_ID=scheduled__2021-12-21T13:30:00+00:00
[2021-12-21 13:40:02,867] {subprocess.py:52} INFO - Tmp dir root location: 
 /tmp
[2021-12-21 13:40:02,867] {subprocess.py:63} INFO - Running command: ['bash', '-c', 'git -C /home/airflow/AlgorithmStudy_211124 pull']
[2021-12-21 13:40:02,870] {subprocess.py:75} INFO - Output:
[2021-12-21 13:40:03,799] {subprocess.py:79} INFO - From https://github.com/nicework-jin/AlgorithmStudy_211124
[2021-12-21 13:40:03,801] {subprocess.py:79} INFO -    76ecc0c..0dd142b  main       -> origin/main
[2021-12-21 13:40:03,818] {subprocess.py:79} INFO - Updating 76ecc0c..0dd142b
[2021-12-21 13:40:03,818] {subprocess.py:79} INFO - Fast-forward
[2021-12-21 13:40:03,821] {subprocess.py:79} INFO -  ...36\204_\354\235\264\354\204\261\354\247\204.py" | 83 ++++++++++++++++++++++
[2021-12-21 13:40:03,821] {subprocess.py:79} INFO -  1 file changed, 83 insertions(+)
[2021-12-21 13:40:03,821] {subprocess.py:79} INFO -  create mode 100644 "211228/n\354\247\204\354\210\230 \352\262\214\354\236\204_\354\235\264\354\204\261\354\247\204.py"
[2021-12-21 13:40:03,821] {subprocess.py:83} INFO - Command exited with return code 0
[2021-12-21 13:40:03,841] {taskinstance.py:1184} INFO - Marking task as SUCCESS. dag_id=rank_update, task_id=pull_from_git, execution_date=20211221T133000, start_date=20211221T134002, end_date=20211221T134003
[2021-12-21 13:40:03,859] {taskinstance.py:1245} INFO - 1 downstream tasks scheduled from follow-on schedule check
[2021-12-21 13:40:03,895] {local_task_job.py:151} INFO - Task exited with return code 0
