[2021-12-20 05:47:46,625] {taskinstance.py:876} INFO - Dependencies all met for <TaskInstance: user_processing.storing_user 2021-12-19T00:00:00+00:00 [queued]>
[2021-12-20 05:47:46,630] {taskinstance.py:876} INFO - Dependencies all met for <TaskInstance: user_processing.storing_user 2021-12-19T00:00:00+00:00 [queued]>
[2021-12-20 05:47:46,630] {taskinstance.py:1067} INFO - 
--------------------------------------------------------------------------------
[2021-12-20 05:47:46,630] {taskinstance.py:1068} INFO - Starting attempt 1 of 1
[2021-12-20 05:47:46,630] {taskinstance.py:1069} INFO - 
--------------------------------------------------------------------------------
[2021-12-20 05:47:46,638] {taskinstance.py:1087} INFO - Executing <Task(BashOperator): storing_user> on 2021-12-19T00:00:00+00:00
[2021-12-20 05:47:46,639] {standard_task_runner.py:52} INFO - Started process 1491 to run task
[2021-12-20 05:47:46,644] {standard_task_runner.py:76} INFO - Running: ['airflow', 'tasks', 'run', 'user_processing', 'storing_user', '2021-12-19T00:00:00+00:00', '--job-id', '246', '--pool', 'default_pool', '--raw', '--subdir', 'DAGS_FOLDER/user_processing.py', '--cfg-path', '/tmp/tmpn14pxa_9', '--error-file', '/tmp/tmpcu4u0bh3']
[2021-12-20 05:47:46,645] {standard_task_runner.py:77} INFO - Job 246: Subtask storing_user
[2021-12-20 05:47:46,696] {logging_mixin.py:104} INFO - Running <TaskInstance: user_processing.storing_user 2021-12-19T00:00:00+00:00 [running]> on host airflowvm
[2021-12-20 05:47:46,738] {taskinstance.py:1280} INFO - Exporting the following env vars:
AIRFLOW_CTX_DAG_OWNER=airflow
AIRFLOW_CTX_DAG_ID=user_processing
AIRFLOW_CTX_TASK_ID=storing_user
AIRFLOW_CTX_EXECUTION_DATE=2021-12-19T00:00:00+00:00
AIRFLOW_CTX_DAG_RUN_ID=scheduled__2021-12-19T00:00:00+00:00
[2021-12-20 05:47:46,739] {subprocess.py:52} INFO - Tmp dir root location: 
 /tmp
[2021-12-20 05:47:46,739] {subprocess.py:63} INFO - Running command: ['bash', '-c', 'echo -e ".separator ","\n.import /tmp/processed_user.csv users" | sqlite3 /home/airflow/airflow/airflow.db']
[2021-12-20 05:47:46,745] {subprocess.py:75} INFO - Output:
[2021-12-20 05:47:46,748] {subprocess.py:79} INFO - /tmp/processed_user.csv:1: INSERT failed: UNIQUE constraint failed: users.email
[2021-12-20 05:47:46,748] {subprocess.py:83} INFO - Command exited with return code 1
[2021-12-20 05:47:46,753] {taskinstance.py:1481} ERROR - Task failed with exception
Traceback (most recent call last):
  File "/home/airflow/sandbox/lib/python3.8/site-packages/airflow/models/taskinstance.py", line 1137, in _run_raw_task
    self._prepare_and_execute_task_with_callbacks(context, task)
  File "/home/airflow/sandbox/lib/python3.8/site-packages/airflow/models/taskinstance.py", line 1311, in _prepare_and_execute_task_with_callbacks
    result = self._execute_task(context, task_copy)
  File "/home/airflow/sandbox/lib/python3.8/site-packages/airflow/models/taskinstance.py", line 1341, in _execute_task
    result = task_copy.execute(context=context)
  File "/home/airflow/sandbox/lib/python3.8/site-packages/airflow/operators/bash.py", line 180, in execute
    raise AirflowException('Bash command failed. The command returned a non-zero exit code.')
airflow.exceptions.AirflowException: Bash command failed. The command returned a non-zero exit code.
[2021-12-20 05:47:46,756] {taskinstance.py:1524} INFO - Marking task as FAILED. dag_id=user_processing, task_id=storing_user, execution_date=20211219T000000, start_date=20211220T054746, end_date=20211220T054746
[2021-12-20 05:47:46,786] {local_task_job.py:151} INFO - Task exited with return code 1
