[2021-12-18 16:08:28,513] {taskinstance.py:876} INFO - Dependencies all met for <TaskInstance: rank_update.make_indicator 2021-12-18T16:08:25.173093+00:00 [queued]>
[2021-12-18 16:08:28,525] {taskinstance.py:876} INFO - Dependencies all met for <TaskInstance: rank_update.make_indicator 2021-12-18T16:08:25.173093+00:00 [queued]>
[2021-12-18 16:08:28,526] {taskinstance.py:1067} INFO - 
--------------------------------------------------------------------------------
[2021-12-18 16:08:28,527] {taskinstance.py:1068} INFO - Starting attempt 1 of 1
[2021-12-18 16:08:28,527] {taskinstance.py:1069} INFO - 
--------------------------------------------------------------------------------
[2021-12-18 16:08:28,543] {taskinstance.py:1087} INFO - Executing <Task(BashOperator): make_indicator> on 2021-12-18T16:08:25.173093+00:00
[2021-12-18 16:08:28,544] {standard_task_runner.py:52} INFO - Started process 3244 to run task
[2021-12-18 16:08:28,556] {standard_task_runner.py:76} INFO - Running: ['airflow', 'tasks', 'run', 'rank_update', 'make_indicator', '2021-12-18T16:08:25.173093+00:00', '--job-id', '130', '--pool', 'default_pool', '--raw', '--subdir', 'DAGS_FOLDER/rank_update.py', '--cfg-path', '/tmp/tmpt7qw0o_z', '--error-file', '/tmp/tmp_bun1waw']
[2021-12-18 16:08:28,557] {standard_task_runner.py:77} INFO - Job 130: Subtask make_indicator
[2021-12-18 16:08:28,617] {logging_mixin.py:104} INFO - Running <TaskInstance: rank_update.make_indicator 2021-12-18T16:08:25.173093+00:00 [running]> on host airflowvm
[2021-12-18 16:08:28,709] {taskinstance.py:1280} INFO - Exporting the following env vars:
AIRFLOW_CTX_DAG_OWNER=airflow
AIRFLOW_CTX_DAG_ID=rank_update
AIRFLOW_CTX_TASK_ID=make_indicator
AIRFLOW_CTX_EXECUTION_DATE=2021-12-18T16:08:25.173093+00:00
AIRFLOW_CTX_DAG_RUN_ID=manual__2021-12-18T16:08:25.173093+00:00
[2021-12-18 16:08:28,709] {subprocess.py:52} INFO - Tmp dir root location: 
 /tmp
[2021-12-18 16:08:28,710] {subprocess.py:63} INFO - Running command: ['bash', '-c', 'python3 /home/airflow/parser4Study/multiple_parser.py /home/airflow/AlgorithmStudy_211124/211221/']
[2021-12-18 16:08:28,718] {subprocess.py:75} INFO - Output:
[2021-12-18 16:08:29,146] {subprocess.py:79} INFO - Launched /tmp/airflowtmpdozucr5u
[2021-12-18 16:08:29,185] {subprocess.py:83} INFO - Command exited with return code 0
[2021-12-18 16:08:29,211] {taskinstance.py:1184} INFO - Marking task as SUCCESS. dag_id=rank_update, task_id=make_indicator, execution_date=20211218T160825, start_date=20211218T160828, end_date=20211218T160829
[2021-12-18 16:08:29,228] {taskinstance.py:1245} INFO - 0 downstream tasks scheduled from follow-on schedule check
[2021-12-18 16:08:29,249] {local_task_job.py:151} INFO - Task exited with return code 0
