[2021-12-20 17:30:07,163] {taskinstance.py:876} INFO - Dependencies all met for <TaskInstance: rank_update.mv_indicator_to_repo 2021-12-20T17:20:00+00:00 [queued]>
[2021-12-20 17:30:07,169] {taskinstance.py:876} INFO - Dependencies all met for <TaskInstance: rank_update.mv_indicator_to_repo 2021-12-20T17:20:00+00:00 [queued]>
[2021-12-20 17:30:07,169] {taskinstance.py:1067} INFO - 
--------------------------------------------------------------------------------
[2021-12-20 17:30:07,169] {taskinstance.py:1068} INFO - Starting attempt 1 of 1
[2021-12-20 17:30:07,169] {taskinstance.py:1069} INFO - 
--------------------------------------------------------------------------------
[2021-12-20 17:30:07,175] {taskinstance.py:1087} INFO - Executing <Task(BashOperator): mv_indicator_to_repo> on 2021-12-20T17:20:00+00:00
[2021-12-20 17:30:07,176] {standard_task_runner.py:52} INFO - Started process 56248 to run task
[2021-12-20 17:30:07,181] {standard_task_runner.py:76} INFO - Running: ['airflow', 'tasks', 'run', 'rank_update', 'mv_indicator_to_repo', '2021-12-20T17:20:00+00:00', '--job-id', '629', '--pool', 'default_pool', '--raw', '--subdir', 'DAGS_FOLDER/rank_update.py', '--cfg-path', '/tmp/tmpua4_sute', '--error-file', '/tmp/tmprw35vn8f']
[2021-12-20 17:30:07,181] {standard_task_runner.py:77} INFO - Job 629: Subtask mv_indicator_to_repo
[2021-12-20 17:30:07,219] {logging_mixin.py:104} INFO - Running <TaskInstance: rank_update.mv_indicator_to_repo 2021-12-20T17:20:00+00:00 [running]> on host airflowvm
[2021-12-20 17:30:07,310] {taskinstance.py:1280} INFO - Exporting the following env vars:
AIRFLOW_CTX_DAG_OWNER=airflow
AIRFLOW_CTX_DAG_ID=rank_update
AIRFLOW_CTX_TASK_ID=mv_indicator_to_repo
AIRFLOW_CTX_EXECUTION_DATE=2021-12-20T17:20:00+00:00
AIRFLOW_CTX_DAG_RUN_ID=scheduled__2021-12-20T17:20:00+00:00
[2021-12-20 17:30:07,310] {subprocess.py:52} INFO - Tmp dir root location: 
 /tmp
[2021-12-20 17:30:07,311] {subprocess.py:63} INFO - Running command: ['bash', '-c', 'mv /tmp/result/html/rank.html /home/airflow/AlgorithmStudy_211124/211221/rank.md']
[2021-12-20 17:30:07,313] {subprocess.py:75} INFO - Output:
[2021-12-20 17:30:07,315] {subprocess.py:83} INFO - Command exited with return code 0
[2021-12-20 17:30:07,327] {taskinstance.py:1184} INFO - Marking task as SUCCESS. dag_id=rank_update, task_id=mv_indicator_to_repo, execution_date=20211220T172000, start_date=20211220T173007, end_date=20211220T173007
[2021-12-20 17:30:07,343] {taskinstance.py:1245} INFO - 1 downstream tasks scheduled from follow-on schedule check
[2021-12-20 17:30:07,352] {local_task_job.py:151} INFO - Task exited with return code 0
