[2021-12-18 09:17:36,375] {taskinstance.py:876} INFO - Dependencies all met for <TaskInstance: rank_update.make_indicator 2021-12-18T09:17:23.738106+00:00 [queued]>
[2021-12-18 09:17:36,395] {taskinstance.py:876} INFO - Dependencies all met for <TaskInstance: rank_update.make_indicator 2021-12-18T09:17:23.738106+00:00 [queued]>
[2021-12-18 09:17:36,396] {taskinstance.py:1067} INFO - 
--------------------------------------------------------------------------------
[2021-12-18 09:17:36,399] {taskinstance.py:1068} INFO - Starting attempt 1 of 1
[2021-12-18 09:17:36,400] {taskinstance.py:1069} INFO - 
--------------------------------------------------------------------------------
[2021-12-18 09:17:36,426] {taskinstance.py:1087} INFO - Executing <Task(BashOperator): make_indicator> on 2021-12-18T09:17:23.738106+00:00
[2021-12-18 09:17:36,431] {standard_task_runner.py:52} INFO - Started process 87002 to run task
[2021-12-18 09:17:36,453] {standard_task_runner.py:76} INFO - Running: ['airflow', 'tasks', 'run', 'rank_update', 'make_indicator', '2021-12-18T09:17:23.738106+00:00', '--job-id', '67', '--pool', 'default_pool', '--raw', '--subdir', 'DAGS_FOLDER/rank_update.py', '--cfg-path', '/tmp/tmpp3pzh0o9', '--error-file', '/tmp/tmpjz7fn4p2']
[2021-12-18 09:17:36,460] {standard_task_runner.py:77} INFO - Job 67: Subtask make_indicator
[2021-12-18 09:17:36,548] {logging_mixin.py:104} INFO - Running <TaskInstance: rank_update.make_indicator 2021-12-18T09:17:23.738106+00:00 [running]> on host airflowvm
[2021-12-18 09:17:36,763] {taskinstance.py:1280} INFO - Exporting the following env vars:
AIRFLOW_CTX_DAG_OWNER=airflow
AIRFLOW_CTX_DAG_ID=rank_update
AIRFLOW_CTX_TASK_ID=make_indicator
AIRFLOW_CTX_EXECUTION_DATE=2021-12-18T09:17:23.738106+00:00
AIRFLOW_CTX_DAG_RUN_ID=manual__2021-12-18T09:17:23.738106+00:00
[2021-12-18 09:17:36,768] {subprocess.py:52} INFO - Tmp dir root location: 
 /tmp
[2021-12-18 09:17:36,769] {subprocess.py:63} INFO - Running command: ['bash', '-c', 'python3 /home/airflow/python_test/test.py']
[2021-12-18 09:17:36,781] {subprocess.py:75} INFO - Output:
[2021-12-18 09:17:36,824] {subprocess.py:79} INFO - HI
[2021-12-18 09:17:36,831] {subprocess.py:83} INFO - Command exited with return code 0
[2021-12-18 09:17:36,856] {taskinstance.py:1184} INFO - Marking task as SUCCESS. dag_id=rank_update, task_id=make_indicator, execution_date=20211218T091723, start_date=20211218T091736, end_date=20211218T091736
[2021-12-18 09:17:36,906] {taskinstance.py:1245} INFO - 1 downstream tasks scheduled from follow-on schedule check
[2021-12-18 09:17:36,950] {local_task_job.py:151} INFO - Task exited with return code 0
