[2021-12-18 08:46:45,105] {taskinstance.py:876} INFO - Dependencies all met for <TaskInstance: user_processing.is_api_available 2021-12-17T00:00:00+00:00 [queued]>
[2021-12-18 08:46:45,117] {taskinstance.py:876} INFO - Dependencies all met for <TaskInstance: user_processing.is_api_available 2021-12-17T00:00:00+00:00 [queued]>
[2021-12-18 08:46:45,119] {taskinstance.py:1067} INFO - 
--------------------------------------------------------------------------------
[2021-12-18 08:46:45,119] {taskinstance.py:1068} INFO - Starting attempt 1 of 1
[2021-12-18 08:46:45,120] {taskinstance.py:1069} INFO - 
--------------------------------------------------------------------------------
[2021-12-18 08:46:45,140] {taskinstance.py:1087} INFO - Executing <Task(HttpSensor): is_api_available> on 2021-12-17T00:00:00+00:00
[2021-12-18 08:46:45,141] {standard_task_runner.py:52} INFO - Started process 79574 to run task
[2021-12-18 08:46:45,153] {standard_task_runner.py:76} INFO - Running: ['airflow', 'tasks', 'run', 'user_processing', 'is_api_available', '2021-12-17T00:00:00+00:00', '--job-id', '29', '--pool', 'default_pool', '--raw', '--subdir', 'DAGS_FOLDER/user_processing.py', '--cfg-path', '/tmp/tmpgonu48um', '--error-file', '/tmp/tmpaaq1g8s7']
[2021-12-18 08:46:45,156] {standard_task_runner.py:77} INFO - Job 29: Subtask is_api_available
[2021-12-18 08:46:45,237] {logging_mixin.py:104} INFO - Running <TaskInstance: user_processing.is_api_available 2021-12-17T00:00:00+00:00 [running]> on host airflowvm
[2021-12-18 08:46:45,322] {taskinstance.py:1280} INFO - Exporting the following env vars:
AIRFLOW_CTX_DAG_OWNER=airflow
AIRFLOW_CTX_DAG_ID=user_processing
AIRFLOW_CTX_TASK_ID=is_api_available
AIRFLOW_CTX_EXECUTION_DATE=2021-12-17T00:00:00+00:00
AIRFLOW_CTX_DAG_RUN_ID=scheduled__2021-12-17T00:00:00+00:00
[2021-12-18 08:46:45,324] {http.py:101} INFO - Poking: api/
[2021-12-18 08:46:45,338] {base.py:69} INFO - Using connection to: id: user_api. Host: https://randomuser.me, Port: None, Schema: , Login: , Password: ***, extra: {}
[2021-12-18 08:46:45,342] {http.py:140} INFO - Sending 'GET' to url: https://randomuser.me/api/
[2021-12-18 08:46:45,677] {base.py:243} INFO - Success criteria met. Exiting.
[2021-12-18 08:46:45,682] {taskinstance.py:1184} INFO - Marking task as SUCCESS. dag_id=user_processing, task_id=is_api_available, execution_date=20211217T000000, start_date=20211218T084645, end_date=20211218T084645
[2021-12-18 08:46:45,744] {taskinstance.py:1245} INFO - 1 downstream tasks scheduled from follow-on schedule check
[2021-12-18 08:46:45,771] {local_task_job.py:151} INFO - Task exited with return code 0
