[2021-12-18 17:30:22,731] {taskinstance.py:876} INFO - Dependencies all met for <TaskInstance: rank_update.git_commit 2021-12-18T17:20:00+00:00 [queued]>
[2021-12-18 17:30:22,743] {taskinstance.py:876} INFO - Dependencies all met for <TaskInstance: rank_update.git_commit 2021-12-18T17:20:00+00:00 [queued]>
[2021-12-18 17:30:22,746] {taskinstance.py:1067} INFO - 
--------------------------------------------------------------------------------
[2021-12-18 17:30:22,747] {taskinstance.py:1068} INFO - Starting attempt 1 of 1
[2021-12-18 17:30:22,747] {taskinstance.py:1069} INFO - 
--------------------------------------------------------------------------------
[2021-12-18 17:30:22,771] {taskinstance.py:1087} INFO - Executing <Task(BashOperator): git_commit> on 2021-12-18T17:20:00+00:00
[2021-12-18 17:30:22,773] {standard_task_runner.py:52} INFO - Started process 18654 to run task
[2021-12-18 17:30:22,785] {standard_task_runner.py:76} INFO - Running: ['airflow', 'tasks', 'run', 'rank_update', 'git_commit', '2021-12-18T17:20:00+00:00', '--job-id', '210', '--pool', 'default_pool', '--raw', '--subdir', 'DAGS_FOLDER/rank_update.py', '--cfg-path', '/tmp/tmpimdxs3gi', '--error-file', '/tmp/tmppuy1fku6']
[2021-12-18 17:30:22,786] {standard_task_runner.py:77} INFO - Job 210: Subtask git_commit
[2021-12-18 17:30:22,855] {logging_mixin.py:104} INFO - Running <TaskInstance: rank_update.git_commit 2021-12-18T17:20:00+00:00 [running]> on host airflowvm
[2021-12-18 17:30:22,960] {taskinstance.py:1280} INFO - Exporting the following env vars:
AIRFLOW_CTX_DAG_OWNER=airflow
AIRFLOW_CTX_DAG_ID=rank_update
AIRFLOW_CTX_TASK_ID=git_commit
AIRFLOW_CTX_EXECUTION_DATE=2021-12-18T17:20:00+00:00
AIRFLOW_CTX_DAG_RUN_ID=scheduled__2021-12-18T17:20:00+00:00
[2021-12-18 17:30:22,962] {subprocess.py:52} INFO - Tmp dir root location: 
 /tmp
[2021-12-18 17:30:22,963] {subprocess.py:63} INFO - Running command: ['bash', '-c', 'git --git-dir=/home/airflow/AlgorithmStudy_211124/.git/ --work-tree=/home/airflow/AlgorithmStudy_211124/.git/ commit -m "Auto-update for rank"']
[2021-12-18 17:30:22,967] {subprocess.py:75} INFO - Output:
[2021-12-18 17:30:22,973] {subprocess.py:79} INFO - [main 330793a] Auto-update for rank
[2021-12-18 17:30:22,973] {subprocess.py:79} INFO -  1 file changed, 110 insertions(+), 4 deletions(-)
[2021-12-18 17:30:22,974] {subprocess.py:83} INFO - Command exited with return code 0
[2021-12-18 17:30:22,997] {taskinstance.py:1184} INFO - Marking task as SUCCESS. dag_id=rank_update, task_id=git_commit, execution_date=20211218T172000, start_date=20211218T173022, end_date=20211218T173022
[2021-12-18 17:30:23,038] {taskinstance.py:1245} INFO - 1 downstream tasks scheduled from follow-on schedule check
[2021-12-18 17:30:23,076] {local_task_job.py:151} INFO - Task exited with return code 0
