[2021-12-20 05:41:42,775] {taskinstance.py:876} INFO - Dependencies all met for <TaskInstance: user_processing.extracting_user 2021-12-18T00:00:00+00:00 [queued]>
[2021-12-20 05:41:42,782] {taskinstance.py:876} INFO - Dependencies all met for <TaskInstance: user_processing.extracting_user 2021-12-18T00:00:00+00:00 [queued]>
[2021-12-20 05:41:42,783] {taskinstance.py:1067} INFO - 
--------------------------------------------------------------------------------
[2021-12-20 05:41:42,783] {taskinstance.py:1068} INFO - Starting attempt 1 of 1
[2021-12-20 05:41:42,784] {taskinstance.py:1069} INFO - 
--------------------------------------------------------------------------------
[2021-12-20 05:41:42,816] {taskinstance.py:1087} INFO - Executing <Task(SimpleHttpOperator): extracting_user> on 2021-12-18T00:00:00+00:00
[2021-12-20 05:41:42,818] {standard_task_runner.py:52} INFO - Started process 35838 to run task
[2021-12-20 05:41:42,824] {standard_task_runner.py:76} INFO - Running: ['airflow', 'tasks', 'run', 'user_processing', 'extracting_user', '2021-12-18T00:00:00+00:00', '--job-id', '237', '--pool', 'default_pool', '--raw', '--subdir', 'DAGS_FOLDER/user_processing.py', '--cfg-path', '/tmp/tmpi_faygc_', '--error-file', '/tmp/tmpztux1_9_']
[2021-12-20 05:41:42,825] {standard_task_runner.py:77} INFO - Job 237: Subtask extracting_user
[2021-12-20 05:41:42,891] {logging_mixin.py:104} INFO - Running <TaskInstance: user_processing.extracting_user 2021-12-18T00:00:00+00:00 [running]> on host airflowvm
[2021-12-20 05:41:42,964] {taskinstance.py:1280} INFO - Exporting the following env vars:
AIRFLOW_CTX_DAG_OWNER=airflow
AIRFLOW_CTX_DAG_ID=user_processing
AIRFLOW_CTX_TASK_ID=extracting_user
AIRFLOW_CTX_EXECUTION_DATE=2021-12-18T00:00:00+00:00
AIRFLOW_CTX_DAG_RUN_ID=scheduled__2021-12-18T00:00:00+00:00
[2021-12-20 05:41:42,965] {http.py:111} INFO - Calling HTTP method
[2021-12-20 05:41:42,975] {base.py:69} INFO - Using connection to: id: user_api. Host: https://randomuser.me, Port: None, Schema: , Login: , Password: ***, extra: {}
[2021-12-20 05:41:42,976] {http.py:140} INFO - Sending 'GET' to url: https://randomuser.me/api/
[2021-12-20 05:41:43,303] {http.py:115} INFO - {"results":[{"gender":"male","name":{"title":"Mr","first":"Seth","last":"Bell"},"location":{"street":{"number":6587,"name":"W Dallas St"},"city":"Concord","state":"Minnesota","country":"United States","postcode":27746,"coordinates":{"latitude":"81.0312","longitude":"-53.2350"},"timezone":{"offset":"-5:00","description":"Eastern Time (US & Canada), Bogota, Lima"}},"email":"seth.bell@example.com","login":{"uuid":"e03ae373-2683-475c-ac81-f5547645da2f","username":"orangebutterfly992","password":"rush2112","salt":"iAIoDwVP","md5":"584dfa490de9d9e1896eea81bbd61013","sha1":"27e4a0aec421aa5747089df13a5ed59564a17768","sha256":"102853d70de3aa87c108d41c86d4549f60dc08088c60e94f56da3455b4d25cdc"},"dob":{"date":"1964-03-05T11:07:42.727Z","age":57},"registered":{"date":"2008-01-27T15:12:48.210Z","age":13},"phone":"(433)-386-1925","cell":"(188)-259-9767","id":{"name":"SSN","value":"254-53-1224"},"picture":{"large":"https://randomuser.me/api/portraits/men/28.jpg","medium":"https://randomuser.me/api/portraits/med/men/28.jpg","thumbnail":"https://randomuser.me/api/portraits/thumb/men/28.jpg"},"nat":"US"}],"info":{"seed":"e0e10b293fd5d2f7","results":1,"page":1,"version":"1.3"}}
[2021-12-20 05:41:43,335] {taskinstance.py:1184} INFO - Marking task as SUCCESS. dag_id=user_processing, task_id=extracting_user, execution_date=20211218T000000, start_date=20211220T054142, end_date=20211220T054143
[2021-12-20 05:41:43,387] {taskinstance.py:1245} INFO - 1 downstream tasks scheduled from follow-on schedule check
[2021-12-20 05:41:43,396] {local_task_job.py:151} INFO - Task exited with return code 0
