[2021-12-21 16:20:05,167] {taskinstance.py:876} INFO - Dependencies all met for <TaskInstance: rank_update.make_indicator 2021-12-21T16:10:00+00:00 [queued]>
[2021-12-21 16:20:05,172] {taskinstance.py:876} INFO - Dependencies all met for <TaskInstance: rank_update.make_indicator 2021-12-21T16:10:00+00:00 [queued]>
[2021-12-21 16:20:05,173] {taskinstance.py:1067} INFO - 
--------------------------------------------------------------------------------
[2021-12-21 16:20:05,173] {taskinstance.py:1068} INFO - Starting attempt 1 of 1
[2021-12-21 16:20:05,173] {taskinstance.py:1069} INFO - 
--------------------------------------------------------------------------------
[2021-12-21 16:20:05,179] {taskinstance.py:1087} INFO - Executing <Task(BashOperator): make_indicator> on 2021-12-21T16:10:00+00:00
[2021-12-21 16:20:05,180] {standard_task_runner.py:52} INFO - Started process 141733 to run task
[2021-12-21 16:20:05,185] {standard_task_runner.py:76} INFO - Running: ['airflow', 'tasks', 'run', 'rank_update', 'make_indicator', '2021-12-21T16:10:00+00:00', '--job-id', '1319', '--pool', 'default_pool', '--raw', '--subdir', 'DAGS_FOLDER/rank_update.py', '--cfg-path', '/tmp/tmpkl21b_j6', '--error-file', '/tmp/tmp15ekbs_d']
[2021-12-21 16:20:05,185] {standard_task_runner.py:77} INFO - Job 1319: Subtask make_indicator
[2021-12-21 16:20:05,222] {logging_mixin.py:104} INFO - Running <TaskInstance: rank_update.make_indicator 2021-12-21T16:10:00+00:00 [running]> on host airflowvm
[2021-12-21 16:20:05,299] {taskinstance.py:1280} INFO - Exporting the following env vars:
AIRFLOW_CTX_DAG_OWNER=airflow
AIRFLOW_CTX_DAG_ID=rank_update
AIRFLOW_CTX_TASK_ID=make_indicator
AIRFLOW_CTX_EXECUTION_DATE=2021-12-21T16:10:00+00:00
AIRFLOW_CTX_DAG_RUN_ID=scheduled__2021-12-21T16:10:00+00:00
[2021-12-21 16:20:05,299] {subprocess.py:52} INFO - Tmp dir root location: 
 /tmp
[2021-12-21 16:20:05,300] {subprocess.py:63} INFO - Running command: ['bash', '-c', 'python3 /home/airflow/parser4Study/multiple_parser.py /home/airflow/AlgorithmStudy_211124/211221/']
[2021-12-21 16:20:05,303] {subprocess.py:75} INFO - Output:
[2021-12-21 16:20:05,784] {subprocess.py:83} INFO - Command exited with return code 0
[2021-12-21 16:20:05,800] {taskinstance.py:1184} INFO - Marking task as SUCCESS. dag_id=rank_update, task_id=make_indicator, execution_date=20211221T161000, start_date=20211221T162005, end_date=20211221T162005
[2021-12-21 16:20:05,815] {taskinstance.py:1245} INFO - 1 downstream tasks scheduled from follow-on schedule check
[2021-12-21 16:20:05,837] {local_task_job.py:151} INFO - Task exited with return code 0
