[2021-12-13 07:35:33,883] {scheduler_job.py:182} INFO - Started process (PID=35783) to work on /home/airflow/.local/lib/python3.8/site-packages/airflow/example_dags/example_complex.py
[2021-12-13 07:35:33,887] {scheduler_job.py:633} INFO - Processing file /home/airflow/.local/lib/python3.8/site-packages/airflow/example_dags/example_complex.py for tasks to queue
[2021-12-13 07:35:33,889] {logging_mixin.py:104} INFO - [2021-12-13 07:35:33,889] {dagbag.py:487} INFO - Filling up the DagBag from /home/airflow/.local/lib/python3.8/site-packages/airflow/example_dags/example_complex.py
[2021-12-13 07:35:33,912] {scheduler_job.py:643} INFO - DAG(s) dict_keys(['example_complex']) retrieved from /home/airflow/.local/lib/python3.8/site-packages/airflow/example_dags/example_complex.py
[2021-12-13 07:35:34,208] {logging_mixin.py:104} INFO - [2021-12-13 07:35:34,208] {dag.py:1832} INFO - Sync 1 DAGs
[2021-12-13 07:35:34,225] {logging_mixin.py:104} INFO - [2021-12-13 07:35:34,225] {dag.py:2305} INFO - Setting next_dagrun for example_complex to None
[2021-12-13 07:35:34,261] {scheduler_job.py:190} INFO - Processing /home/airflow/.local/lib/python3.8/site-packages/airflow/example_dags/example_complex.py took 0.380 seconds
[2021-12-13 07:36:13,338] {scheduler_job.py:182} INFO - Started process (PID=35964) to work on /home/airflow/.local/lib/python3.8/site-packages/airflow/example_dags/example_complex.py
[2021-12-13 07:36:13,341] {scheduler_job.py:633} INFO - Processing file /home/airflow/.local/lib/python3.8/site-packages/airflow/example_dags/example_complex.py for tasks to queue
[2021-12-13 07:36:13,344] {logging_mixin.py:104} INFO - [2021-12-13 07:36:13,344] {dagbag.py:487} INFO - Filling up the DagBag from /home/airflow/.local/lib/python3.8/site-packages/airflow/example_dags/example_complex.py
[2021-12-13 07:36:13,367] {scheduler_job.py:643} INFO - DAG(s) dict_keys(['example_complex']) retrieved from /home/airflow/.local/lib/python3.8/site-packages/airflow/example_dags/example_complex.py
[2021-12-13 07:36:13,392] {logging_mixin.py:104} INFO - [2021-12-13 07:36:13,392] {dag.py:1832} INFO - Sync 1 DAGs
[2021-12-13 07:36:13,406] {logging_mixin.py:104} INFO - [2021-12-13 07:36:13,406] {dag.py:2305} INFO - Setting next_dagrun for example_complex to None
[2021-12-13 07:36:13,443] {scheduler_job.py:190} INFO - Processing /home/airflow/.local/lib/python3.8/site-packages/airflow/example_dags/example_complex.py took 0.108 seconds
[2021-12-13 07:36:46,694] {scheduler_job.py:182} INFO - Started process (PID=36107) to work on /home/airflow/.local/lib/python3.8/site-packages/airflow/example_dags/example_complex.py
[2021-12-13 07:36:46,697] {scheduler_job.py:633} INFO - Processing file /home/airflow/.local/lib/python3.8/site-packages/airflow/example_dags/example_complex.py for tasks to queue
[2021-12-13 07:36:46,701] {logging_mixin.py:104} INFO - [2021-12-13 07:36:46,701] {dagbag.py:487} INFO - Filling up the DagBag from /home/airflow/.local/lib/python3.8/site-packages/airflow/example_dags/example_complex.py
[2021-12-13 07:36:46,724] {scheduler_job.py:643} INFO - DAG(s) dict_keys(['example_complex']) retrieved from /home/airflow/.local/lib/python3.8/site-packages/airflow/example_dags/example_complex.py
[2021-12-13 07:36:46,751] {logging_mixin.py:104} INFO - [2021-12-13 07:36:46,751] {dag.py:1832} INFO - Sync 1 DAGs
[2021-12-13 07:36:46,764] {logging_mixin.py:104} INFO - [2021-12-13 07:36:46,764] {dag.py:2305} INFO - Setting next_dagrun for example_complex to None
[2021-12-13 07:36:46,795] {scheduler_job.py:190} INFO - Processing /home/airflow/.local/lib/python3.8/site-packages/airflow/example_dags/example_complex.py took 0.103 seconds
[2021-12-13 07:37:20,433] {scheduler_job.py:182} INFO - Started process (PID=36265) to work on /home/airflow/.local/lib/python3.8/site-packages/airflow/example_dags/example_complex.py
[2021-12-13 07:37:20,437] {scheduler_job.py:633} INFO - Processing file /home/airflow/.local/lib/python3.8/site-packages/airflow/example_dags/example_complex.py for tasks to queue
[2021-12-13 07:37:20,441] {logging_mixin.py:104} INFO - [2021-12-13 07:37:20,437] {dagbag.py:487} INFO - Filling up the DagBag from /home/airflow/.local/lib/python3.8/site-packages/airflow/example_dags/example_complex.py
[2021-12-13 07:37:20,462] {scheduler_job.py:643} INFO - DAG(s) dict_keys(['example_complex']) retrieved from /home/airflow/.local/lib/python3.8/site-packages/airflow/example_dags/example_complex.py
[2021-12-13 07:37:20,488] {logging_mixin.py:104} INFO - [2021-12-13 07:37:20,488] {dag.py:1832} INFO - Sync 1 DAGs
[2021-12-13 07:37:20,501] {logging_mixin.py:104} INFO - [2021-12-13 07:37:20,501] {dag.py:2305} INFO - Setting next_dagrun for example_complex to None
[2021-12-13 07:37:20,532] {scheduler_job.py:190} INFO - Processing /home/airflow/.local/lib/python3.8/site-packages/airflow/example_dags/example_complex.py took 0.102 seconds
[2021-12-13 07:37:57,281] {scheduler_job.py:182} INFO - Started process (PID=36401) to work on /home/airflow/.local/lib/python3.8/site-packages/airflow/example_dags/example_complex.py
[2021-12-13 07:37:57,288] {scheduler_job.py:633} INFO - Processing file /home/airflow/.local/lib/python3.8/site-packages/airflow/example_dags/example_complex.py for tasks to queue
[2021-12-13 07:37:57,288] {logging_mixin.py:104} INFO - [2021-12-13 07:37:57,288] {dagbag.py:487} INFO - Filling up the DagBag from /home/airflow/.local/lib/python3.8/site-packages/airflow/example_dags/example_complex.py
[2021-12-13 07:37:57,312] {scheduler_job.py:643} INFO - DAG(s) dict_keys(['example_complex']) retrieved from /home/airflow/.local/lib/python3.8/site-packages/airflow/example_dags/example_complex.py
[2021-12-13 07:37:57,339] {logging_mixin.py:104} INFO - [2021-12-13 07:37:57,339] {dag.py:1832} INFO - Sync 1 DAGs
[2021-12-13 07:37:57,360] {logging_mixin.py:104} INFO - [2021-12-13 07:37:57,360] {dag.py:2305} INFO - Setting next_dagrun for example_complex to None
[2021-12-13 07:37:57,389] {scheduler_job.py:190} INFO - Processing /home/airflow/.local/lib/python3.8/site-packages/airflow/example_dags/example_complex.py took 0.112 seconds
[2021-12-13 07:38:33,229] {scheduler_job.py:182} INFO - Started process (PID=36607) to work on /home/airflow/.local/lib/python3.8/site-packages/airflow/example_dags/example_complex.py
[2021-12-13 07:38:33,237] {scheduler_job.py:633} INFO - Processing file /home/airflow/.local/lib/python3.8/site-packages/airflow/example_dags/example_complex.py for tasks to queue
[2021-12-13 07:38:33,248] {logging_mixin.py:104} INFO - [2021-12-13 07:38:33,248] {dagbag.py:487} INFO - Filling up the DagBag from /home/airflow/.local/lib/python3.8/site-packages/airflow/example_dags/example_complex.py
[2021-12-13 07:38:33,275] {scheduler_job.py:643} INFO - DAG(s) dict_keys(['example_complex']) retrieved from /home/airflow/.local/lib/python3.8/site-packages/airflow/example_dags/example_complex.py
[2021-12-13 07:38:33,300] {logging_mixin.py:104} INFO - [2021-12-13 07:38:33,300] {dag.py:1832} INFO - Sync 1 DAGs
[2021-12-13 07:38:33,315] {logging_mixin.py:104} INFO - [2021-12-13 07:38:33,315] {dag.py:2305} INFO - Setting next_dagrun for example_complex to None
[2021-12-13 07:38:33,350] {scheduler_job.py:190} INFO - Processing /home/airflow/.local/lib/python3.8/site-packages/airflow/example_dags/example_complex.py took 0.131 seconds
[2021-12-13 07:39:09,656] {scheduler_job.py:182} INFO - Started process (PID=36823) to work on /home/airflow/.local/lib/python3.8/site-packages/airflow/example_dags/example_complex.py
[2021-12-13 07:39:09,660] {scheduler_job.py:633} INFO - Processing file /home/airflow/.local/lib/python3.8/site-packages/airflow/example_dags/example_complex.py for tasks to queue
[2021-12-13 07:39:09,663] {logging_mixin.py:104} INFO - [2021-12-13 07:39:09,663] {dagbag.py:487} INFO - Filling up the DagBag from /home/airflow/.local/lib/python3.8/site-packages/airflow/example_dags/example_complex.py
[2021-12-13 07:39:09,680] {scheduler_job.py:643} INFO - DAG(s) dict_keys(['example_complex']) retrieved from /home/airflow/.local/lib/python3.8/site-packages/airflow/example_dags/example_complex.py
[2021-12-13 07:39:09,700] {logging_mixin.py:104} INFO - [2021-12-13 07:39:09,700] {dag.py:1832} INFO - Sync 1 DAGs
[2021-12-13 07:39:09,710] {logging_mixin.py:104} INFO - [2021-12-13 07:39:09,710] {dag.py:2305} INFO - Setting next_dagrun for example_complex to None
[2021-12-13 07:39:09,736] {scheduler_job.py:190} INFO - Processing /home/airflow/.local/lib/python3.8/site-packages/airflow/example_dags/example_complex.py took 0.082 seconds
[2021-12-13 07:39:45,870] {scheduler_job.py:182} INFO - Started process (PID=37066) to work on /home/airflow/.local/lib/python3.8/site-packages/airflow/example_dags/example_complex.py
[2021-12-13 07:39:45,874] {scheduler_job.py:633} INFO - Processing file /home/airflow/.local/lib/python3.8/site-packages/airflow/example_dags/example_complex.py for tasks to queue
[2021-12-13 07:39:45,877] {logging_mixin.py:104} INFO - [2021-12-13 07:39:45,877] {dagbag.py:487} INFO - Filling up the DagBag from /home/airflow/.local/lib/python3.8/site-packages/airflow/example_dags/example_complex.py
[2021-12-13 07:39:45,901] {scheduler_job.py:643} INFO - DAG(s) dict_keys(['example_complex']) retrieved from /home/airflow/.local/lib/python3.8/site-packages/airflow/example_dags/example_complex.py
[2021-12-13 07:39:45,919] {logging_mixin.py:104} INFO - [2021-12-13 07:39:45,919] {dag.py:1832} INFO - Sync 1 DAGs
[2021-12-13 07:39:45,930] {logging_mixin.py:104} INFO - [2021-12-13 07:39:45,930] {dag.py:2305} INFO - Setting next_dagrun for example_complex to None
[2021-12-13 07:39:45,955] {scheduler_job.py:190} INFO - Processing /home/airflow/.local/lib/python3.8/site-packages/airflow/example_dags/example_complex.py took 0.087 seconds
[2021-12-13 07:40:35,280] {scheduler_job.py:182} INFO - Started process (PID=37328) to work on /home/airflow/.local/lib/python3.8/site-packages/airflow/example_dags/example_complex.py
[2021-12-13 07:40:35,291] {scheduler_job.py:633} INFO - Processing file /home/airflow/.local/lib/python3.8/site-packages/airflow/example_dags/example_complex.py for tasks to queue
[2021-12-13 07:40:35,294] {logging_mixin.py:104} INFO - [2021-12-13 07:40:35,294] {dagbag.py:487} INFO - Filling up the DagBag from /home/airflow/.local/lib/python3.8/site-packages/airflow/example_dags/example_complex.py
[2021-12-13 07:40:35,352] {scheduler_job.py:643} INFO - DAG(s) dict_keys(['example_complex']) retrieved from /home/airflow/.local/lib/python3.8/site-packages/airflow/example_dags/example_complex.py
[2021-12-13 07:40:35,416] {logging_mixin.py:104} INFO - [2021-12-13 07:40:35,415] {dag.py:1832} INFO - Sync 1 DAGs
[2021-12-13 07:40:35,455] {logging_mixin.py:104} INFO - [2021-12-13 07:40:35,455] {dag.py:2305} INFO - Setting next_dagrun for example_complex to None
[2021-12-13 07:40:35,498] {scheduler_job.py:190} INFO - Processing /home/airflow/.local/lib/python3.8/site-packages/airflow/example_dags/example_complex.py took 0.217 seconds
[2021-12-13 07:41:28,838] {scheduler_job.py:182} INFO - Started process (PID=37516) to work on /home/airflow/.local/lib/python3.8/site-packages/airflow/example_dags/example_complex.py
[2021-12-13 07:41:28,843] {scheduler_job.py:633} INFO - Processing file /home/airflow/.local/lib/python3.8/site-packages/airflow/example_dags/example_complex.py for tasks to queue
[2021-12-13 07:41:28,847] {logging_mixin.py:104} INFO - [2021-12-13 07:41:28,847] {dagbag.py:487} INFO - Filling up the DagBag from /home/airflow/.local/lib/python3.8/site-packages/airflow/example_dags/example_complex.py
[2021-12-13 07:41:28,936] {scheduler_job.py:643} INFO - DAG(s) dict_keys(['example_complex']) retrieved from /home/airflow/.local/lib/python3.8/site-packages/airflow/example_dags/example_complex.py
[2021-12-13 07:41:29,019] {logging_mixin.py:104} INFO - [2021-12-13 07:41:29,019] {dag.py:1832} INFO - Sync 1 DAGs
[2021-12-13 07:41:29,076] {logging_mixin.py:104} INFO - [2021-12-13 07:41:29,076] {dag.py:2305} INFO - Setting next_dagrun for example_complex to None
[2021-12-13 07:41:29,123] {scheduler_job.py:190} INFO - Processing /home/airflow/.local/lib/python3.8/site-packages/airflow/example_dags/example_complex.py took 0.298 seconds
[2021-12-13 07:42:16,315] {scheduler_job.py:182} INFO - Started process (PID=37681) to work on /home/airflow/.local/lib/python3.8/site-packages/airflow/example_dags/example_complex.py
[2021-12-13 07:42:16,318] {scheduler_job.py:633} INFO - Processing file /home/airflow/.local/lib/python3.8/site-packages/airflow/example_dags/example_complex.py for tasks to queue
[2021-12-13 07:42:16,322] {logging_mixin.py:104} INFO - [2021-12-13 07:42:16,322] {dagbag.py:487} INFO - Filling up the DagBag from /home/airflow/.local/lib/python3.8/site-packages/airflow/example_dags/example_complex.py
[2021-12-13 07:42:16,383] {scheduler_job.py:643} INFO - DAG(s) dict_keys(['example_complex']) retrieved from /home/airflow/.local/lib/python3.8/site-packages/airflow/example_dags/example_complex.py
[2021-12-13 07:42:16,434] {logging_mixin.py:104} INFO - [2021-12-13 07:42:16,434] {dag.py:1832} INFO - Sync 1 DAGs
[2021-12-13 07:42:16,466] {logging_mixin.py:104} INFO - [2021-12-13 07:42:16,466] {dag.py:2305} INFO - Setting next_dagrun for example_complex to None
[2021-12-13 07:42:16,496] {scheduler_job.py:190} INFO - Processing /home/airflow/.local/lib/python3.8/site-packages/airflow/example_dags/example_complex.py took 0.193 seconds
[2021-12-13 07:42:55,388] {scheduler_job.py:182} INFO - Started process (PID=37809) to work on /home/airflow/.local/lib/python3.8/site-packages/airflow/example_dags/example_complex.py
[2021-12-13 07:42:55,402] {scheduler_job.py:633} INFO - Processing file /home/airflow/.local/lib/python3.8/site-packages/airflow/example_dags/example_complex.py for tasks to queue
[2021-12-13 07:42:55,405] {logging_mixin.py:104} INFO - [2021-12-13 07:42:55,405] {dagbag.py:487} INFO - Filling up the DagBag from /home/airflow/.local/lib/python3.8/site-packages/airflow/example_dags/example_complex.py
[2021-12-13 07:42:55,479] {scheduler_job.py:643} INFO - DAG(s) dict_keys(['example_complex']) retrieved from /home/airflow/.local/lib/python3.8/site-packages/airflow/example_dags/example_complex.py
[2021-12-13 07:42:55,604] {logging_mixin.py:104} INFO - [2021-12-13 07:42:55,604] {dag.py:1832} INFO - Sync 1 DAGs
[2021-12-13 07:42:55,665] {logging_mixin.py:104} INFO - [2021-12-13 07:42:55,665] {dag.py:2305} INFO - Setting next_dagrun for example_complex to None
[2021-12-13 07:42:55,711] {scheduler_job.py:190} INFO - Processing /home/airflow/.local/lib/python3.8/site-packages/airflow/example_dags/example_complex.py took 0.330 seconds
[2021-12-13 07:43:41,569] {scheduler_job.py:182} INFO - Started process (PID=37959) to work on /home/airflow/.local/lib/python3.8/site-packages/airflow/example_dags/example_complex.py
[2021-12-13 07:43:41,576] {scheduler_job.py:633} INFO - Processing file /home/airflow/.local/lib/python3.8/site-packages/airflow/example_dags/example_complex.py for tasks to queue
[2021-12-13 07:43:41,581] {logging_mixin.py:104} INFO - [2021-12-13 07:43:41,581] {dagbag.py:487} INFO - Filling up the DagBag from /home/airflow/.local/lib/python3.8/site-packages/airflow/example_dags/example_complex.py
[2021-12-13 07:43:41,638] {scheduler_job.py:643} INFO - DAG(s) dict_keys(['example_complex']) retrieved from /home/airflow/.local/lib/python3.8/site-packages/airflow/example_dags/example_complex.py
[2021-12-13 07:43:41,701] {logging_mixin.py:104} INFO - [2021-12-13 07:43:41,701] {dag.py:1832} INFO - Sync 1 DAGs
[2021-12-13 07:43:41,740] {logging_mixin.py:104} INFO - [2021-12-13 07:43:41,740] {dag.py:2305} INFO - Setting next_dagrun for example_complex to None
[2021-12-13 07:43:41,777] {scheduler_job.py:190} INFO - Processing /home/airflow/.local/lib/python3.8/site-packages/airflow/example_dags/example_complex.py took 0.210 seconds
[2021-12-13 07:44:20,441] {scheduler_job.py:182} INFO - Started process (PID=38087) to work on /home/airflow/.local/lib/python3.8/site-packages/airflow/example_dags/example_complex.py
[2021-12-13 07:44:20,449] {scheduler_job.py:633} INFO - Processing file /home/airflow/.local/lib/python3.8/site-packages/airflow/example_dags/example_complex.py for tasks to queue
[2021-12-13 07:44:20,456] {logging_mixin.py:104} INFO - [2021-12-13 07:44:20,456] {dagbag.py:487} INFO - Filling up the DagBag from /home/airflow/.local/lib/python3.8/site-packages/airflow/example_dags/example_complex.py
[2021-12-13 07:44:20,495] {scheduler_job.py:643} INFO - DAG(s) dict_keys(['example_complex']) retrieved from /home/airflow/.local/lib/python3.8/site-packages/airflow/example_dags/example_complex.py
[2021-12-13 07:44:20,515] {logging_mixin.py:104} INFO - [2021-12-13 07:44:20,515] {dag.py:1832} INFO - Sync 1 DAGs
[2021-12-13 07:44:20,525] {logging_mixin.py:104} INFO - [2021-12-13 07:44:20,525] {dag.py:2305} INFO - Setting next_dagrun for example_complex to None
[2021-12-13 07:44:20,544] {scheduler_job.py:190} INFO - Processing /home/airflow/.local/lib/python3.8/site-packages/airflow/example_dags/example_complex.py took 0.106 seconds
[2021-12-13 07:44:58,232] {scheduler_job.py:182} INFO - Started process (PID=38243) to work on /home/airflow/.local/lib/python3.8/site-packages/airflow/example_dags/example_complex.py
[2021-12-13 07:44:58,249] {scheduler_job.py:633} INFO - Processing file /home/airflow/.local/lib/python3.8/site-packages/airflow/example_dags/example_complex.py for tasks to queue
[2021-12-13 07:44:58,255] {logging_mixin.py:104} INFO - [2021-12-13 07:44:58,255] {dagbag.py:487} INFO - Filling up the DagBag from /home/airflow/.local/lib/python3.8/site-packages/airflow/example_dags/example_complex.py
[2021-12-13 07:44:58,315] {scheduler_job.py:643} INFO - DAG(s) dict_keys(['example_complex']) retrieved from /home/airflow/.local/lib/python3.8/site-packages/airflow/example_dags/example_complex.py
[2021-12-13 07:44:58,374] {logging_mixin.py:104} INFO - [2021-12-13 07:44:58,366] {dag.py:1832} INFO - Sync 1 DAGs
[2021-12-13 07:44:58,420] {logging_mixin.py:104} INFO - [2021-12-13 07:44:58,419] {dag.py:2305} INFO - Setting next_dagrun for example_complex to None
[2021-12-13 07:44:58,452] {scheduler_job.py:190} INFO - Processing /home/airflow/.local/lib/python3.8/site-packages/airflow/example_dags/example_complex.py took 0.232 seconds
[2021-12-13 07:45:32,187] {scheduler_job.py:182} INFO - Started process (PID=38413) to work on /home/airflow/.local/lib/python3.8/site-packages/airflow/example_dags/example_complex.py
[2021-12-13 07:45:32,190] {scheduler_job.py:633} INFO - Processing file /home/airflow/.local/lib/python3.8/site-packages/airflow/example_dags/example_complex.py for tasks to queue
[2021-12-13 07:45:32,192] {logging_mixin.py:104} INFO - [2021-12-13 07:45:32,192] {dagbag.py:487} INFO - Filling up the DagBag from /home/airflow/.local/lib/python3.8/site-packages/airflow/example_dags/example_complex.py
[2021-12-13 07:45:32,210] {scheduler_job.py:643} INFO - DAG(s) dict_keys(['example_complex']) retrieved from /home/airflow/.local/lib/python3.8/site-packages/airflow/example_dags/example_complex.py
[2021-12-13 07:45:32,229] {logging_mixin.py:104} INFO - [2021-12-13 07:45:32,229] {dag.py:1832} INFO - Sync 1 DAGs
[2021-12-13 07:45:32,240] {logging_mixin.py:104} INFO - [2021-12-13 07:45:32,240] {dag.py:2305} INFO - Setting next_dagrun for example_complex to None
[2021-12-13 07:45:32,267] {scheduler_job.py:190} INFO - Processing /home/airflow/.local/lib/python3.8/site-packages/airflow/example_dags/example_complex.py took 0.082 seconds
[2021-12-13 07:46:14,291] {scheduler_job.py:182} INFO - Started process (PID=38550) to work on /home/airflow/.local/lib/python3.8/site-packages/airflow/example_dags/example_complex.py
[2021-12-13 07:46:14,296] {scheduler_job.py:633} INFO - Processing file /home/airflow/.local/lib/python3.8/site-packages/airflow/example_dags/example_complex.py for tasks to queue
[2021-12-13 07:46:14,297] {logging_mixin.py:104} INFO - [2021-12-13 07:46:14,297] {dagbag.py:487} INFO - Filling up the DagBag from /home/airflow/.local/lib/python3.8/site-packages/airflow/example_dags/example_complex.py
[2021-12-13 07:46:14,323] {scheduler_job.py:643} INFO - DAG(s) dict_keys(['example_complex']) retrieved from /home/airflow/.local/lib/python3.8/site-packages/airflow/example_dags/example_complex.py
[2021-12-13 07:46:14,347] {logging_mixin.py:104} INFO - [2021-12-13 07:46:14,347] {dag.py:1832} INFO - Sync 1 DAGs
[2021-12-13 07:46:14,358] {logging_mixin.py:104} INFO - [2021-12-13 07:46:14,358] {dag.py:2305} INFO - Setting next_dagrun for example_complex to None
[2021-12-13 07:46:14,386] {scheduler_job.py:190} INFO - Processing /home/airflow/.local/lib/python3.8/site-packages/airflow/example_dags/example_complex.py took 0.098 seconds
[2021-12-13 07:46:51,701] {scheduler_job.py:182} INFO - Started process (PID=38672) to work on /home/airflow/.local/lib/python3.8/site-packages/airflow/example_dags/example_complex.py
[2021-12-13 07:46:51,707] {scheduler_job.py:633} INFO - Processing file /home/airflow/.local/lib/python3.8/site-packages/airflow/example_dags/example_complex.py for tasks to queue
[2021-12-13 07:46:51,707] {logging_mixin.py:104} INFO - [2021-12-13 07:46:51,707] {dagbag.py:487} INFO - Filling up the DagBag from /home/airflow/.local/lib/python3.8/site-packages/airflow/example_dags/example_complex.py
[2021-12-13 07:46:51,733] {scheduler_job.py:643} INFO - DAG(s) dict_keys(['example_complex']) retrieved from /home/airflow/.local/lib/python3.8/site-packages/airflow/example_dags/example_complex.py
[2021-12-13 07:46:51,757] {logging_mixin.py:104} INFO - [2021-12-13 07:46:51,756] {dag.py:1832} INFO - Sync 1 DAGs
[2021-12-13 07:46:51,770] {logging_mixin.py:104} INFO - [2021-12-13 07:46:51,770] {dag.py:2305} INFO - Setting next_dagrun for example_complex to None
[2021-12-13 07:46:51,797] {scheduler_job.py:190} INFO - Processing /home/airflow/.local/lib/python3.8/site-packages/airflow/example_dags/example_complex.py took 0.107 seconds
[2021-12-13 07:47:30,942] {scheduler_job.py:182} INFO - Started process (PID=38804) to work on /home/airflow/.local/lib/python3.8/site-packages/airflow/example_dags/example_complex.py
[2021-12-13 07:47:30,946] {scheduler_job.py:633} INFO - Processing file /home/airflow/.local/lib/python3.8/site-packages/airflow/example_dags/example_complex.py for tasks to queue
[2021-12-13 07:47:30,950] {logging_mixin.py:104} INFO - [2021-12-13 07:47:30,949] {dagbag.py:487} INFO - Filling up the DagBag from /home/airflow/.local/lib/python3.8/site-packages/airflow/example_dags/example_complex.py
[2021-12-13 07:47:30,968] {scheduler_job.py:643} INFO - DAG(s) dict_keys(['example_complex']) retrieved from /home/airflow/.local/lib/python3.8/site-packages/airflow/example_dags/example_complex.py
[2021-12-13 07:47:30,987] {logging_mixin.py:104} INFO - [2021-12-13 07:47:30,986] {dag.py:1832} INFO - Sync 1 DAGs
[2021-12-13 07:47:30,996] {logging_mixin.py:104} INFO - [2021-12-13 07:47:30,996] {dag.py:2305} INFO - Setting next_dagrun for example_complex to None
[2021-12-13 07:47:31,022] {scheduler_job.py:190} INFO - Processing /home/airflow/.local/lib/python3.8/site-packages/airflow/example_dags/example_complex.py took 0.082 seconds
[2021-12-13 07:48:10,454] {scheduler_job.py:182} INFO - Started process (PID=38941) to work on /home/airflow/.local/lib/python3.8/site-packages/airflow/example_dags/example_complex.py
[2021-12-13 07:48:10,457] {scheduler_job.py:633} INFO - Processing file /home/airflow/.local/lib/python3.8/site-packages/airflow/example_dags/example_complex.py for tasks to queue
[2021-12-13 07:48:10,459] {logging_mixin.py:104} INFO - [2021-12-13 07:48:10,459] {dagbag.py:487} INFO - Filling up the DagBag from /home/airflow/.local/lib/python3.8/site-packages/airflow/example_dags/example_complex.py
[2021-12-13 07:48:10,478] {scheduler_job.py:643} INFO - DAG(s) dict_keys(['example_complex']) retrieved from /home/airflow/.local/lib/python3.8/site-packages/airflow/example_dags/example_complex.py
[2021-12-13 07:48:10,497] {logging_mixin.py:104} INFO - [2021-12-13 07:48:10,497] {dag.py:1832} INFO - Sync 1 DAGs
[2021-12-13 07:48:10,509] {logging_mixin.py:104} INFO - [2021-12-13 07:48:10,509] {dag.py:2305} INFO - Setting next_dagrun for example_complex to None
[2021-12-13 07:48:10,536] {scheduler_job.py:190} INFO - Processing /home/airflow/.local/lib/python3.8/site-packages/airflow/example_dags/example_complex.py took 0.085 seconds
[2021-12-13 07:48:57,136] {scheduler_job.py:182} INFO - Started process (PID=39106) to work on /home/airflow/.local/lib/python3.8/site-packages/airflow/example_dags/example_complex.py
[2021-12-13 07:48:57,140] {scheduler_job.py:633} INFO - Processing file /home/airflow/.local/lib/python3.8/site-packages/airflow/example_dags/example_complex.py for tasks to queue
[2021-12-13 07:48:57,141] {logging_mixin.py:104} INFO - [2021-12-13 07:48:57,141] {dagbag.py:487} INFO - Filling up the DagBag from /home/airflow/.local/lib/python3.8/site-packages/airflow/example_dags/example_complex.py
[2021-12-13 07:48:57,169] {scheduler_job.py:643} INFO - DAG(s) dict_keys(['example_complex']) retrieved from /home/airflow/.local/lib/python3.8/site-packages/airflow/example_dags/example_complex.py
[2021-12-13 07:48:57,191] {logging_mixin.py:104} INFO - [2021-12-13 07:48:57,191] {dag.py:1832} INFO - Sync 1 DAGs
[2021-12-13 07:48:57,202] {logging_mixin.py:104} INFO - [2021-12-13 07:48:57,202] {dag.py:2305} INFO - Setting next_dagrun for example_complex to None
[2021-12-13 07:48:57,227] {scheduler_job.py:190} INFO - Processing /home/airflow/.local/lib/python3.8/site-packages/airflow/example_dags/example_complex.py took 0.093 seconds
[2021-12-13 07:49:37,176] {scheduler_job.py:182} INFO - Started process (PID=39295) to work on /home/airflow/.local/lib/python3.8/site-packages/airflow/example_dags/example_complex.py
[2021-12-13 07:49:37,180] {scheduler_job.py:633} INFO - Processing file /home/airflow/.local/lib/python3.8/site-packages/airflow/example_dags/example_complex.py for tasks to queue
[2021-12-13 07:49:37,181] {logging_mixin.py:104} INFO - [2021-12-13 07:49:37,180] {dagbag.py:487} INFO - Filling up the DagBag from /home/airflow/.local/lib/python3.8/site-packages/airflow/example_dags/example_complex.py
[2021-12-13 07:49:37,207] {scheduler_job.py:643} INFO - DAG(s) dict_keys(['example_complex']) retrieved from /home/airflow/.local/lib/python3.8/site-packages/airflow/example_dags/example_complex.py
[2021-12-13 07:49:37,225] {logging_mixin.py:104} INFO - [2021-12-13 07:49:37,225] {dag.py:1832} INFO - Sync 1 DAGs
[2021-12-13 07:49:37,236] {logging_mixin.py:104} INFO - [2021-12-13 07:49:37,236] {dag.py:2305} INFO - Setting next_dagrun for example_complex to None
[2021-12-13 07:49:37,260] {scheduler_job.py:190} INFO - Processing /home/airflow/.local/lib/python3.8/site-packages/airflow/example_dags/example_complex.py took 0.086 seconds
