[2021-12-13 07:35:10,754] {scheduler_job.py:182} INFO - Started process (PID=35700) to work on /home/airflow/.local/lib/python3.8/site-packages/airflow/example_dags/example_latest_only.py
[2021-12-13 07:35:10,763] {scheduler_job.py:633} INFO - Processing file /home/airflow/.local/lib/python3.8/site-packages/airflow/example_dags/example_latest_only.py for tasks to queue
[2021-12-13 07:35:10,765] {logging_mixin.py:104} INFO - [2021-12-13 07:35:10,765] {dagbag.py:487} INFO - Filling up the DagBag from /home/airflow/.local/lib/python3.8/site-packages/airflow/example_dags/example_latest_only.py
[2021-12-13 07:35:10,778] {scheduler_job.py:643} INFO - DAG(s) dict_keys(['latest_only']) retrieved from /home/airflow/.local/lib/python3.8/site-packages/airflow/example_dags/example_latest_only.py
[2021-12-13 07:35:11,081] {logging_mixin.py:104} INFO - [2021-12-13 07:35:11,081] {dag.py:1832} INFO - Sync 1 DAGs
[2021-12-13 07:35:11,089] {logging_mixin.py:104} INFO - [2021-12-13 07:35:11,089] {dag.py:2305} INFO - Setting next_dagrun for latest_only to 2021-12-11 00:00:00+00:00
[2021-12-13 07:35:11,119] {scheduler_job.py:190} INFO - Processing /home/airflow/.local/lib/python3.8/site-packages/airflow/example_dags/example_latest_only.py took 0.368 seconds
[2021-12-13 07:35:52,438] {scheduler_job.py:182} INFO - Started process (PID=35852) to work on /home/airflow/.local/lib/python3.8/site-packages/airflow/example_dags/example_latest_only.py
[2021-12-13 07:35:52,442] {scheduler_job.py:633} INFO - Processing file /home/airflow/.local/lib/python3.8/site-packages/airflow/example_dags/example_latest_only.py for tasks to queue
[2021-12-13 07:35:52,445] {logging_mixin.py:104} INFO - [2021-12-13 07:35:52,444] {dagbag.py:487} INFO - Filling up the DagBag from /home/airflow/.local/lib/python3.8/site-packages/airflow/example_dags/example_latest_only.py
[2021-12-13 07:35:52,468] {scheduler_job.py:643} INFO - DAG(s) dict_keys(['latest_only']) retrieved from /home/airflow/.local/lib/python3.8/site-packages/airflow/example_dags/example_latest_only.py
[2021-12-13 07:35:52,484] {logging_mixin.py:104} INFO - [2021-12-13 07:35:52,484] {dag.py:1832} INFO - Sync 1 DAGs
[2021-12-13 07:35:52,499] {logging_mixin.py:104} INFO - [2021-12-13 07:35:52,499] {dag.py:2305} INFO - Setting next_dagrun for latest_only to 2021-12-11 00:00:00+00:00
[2021-12-13 07:35:52,529] {scheduler_job.py:190} INFO - Processing /home/airflow/.local/lib/python3.8/site-packages/airflow/example_dags/example_latest_only.py took 0.094 seconds
[2021-12-13 07:36:29,711] {scheduler_job.py:182} INFO - Started process (PID=36020) to work on /home/airflow/.local/lib/python3.8/site-packages/airflow/example_dags/example_latest_only.py
[2021-12-13 07:36:29,715] {scheduler_job.py:633} INFO - Processing file /home/airflow/.local/lib/python3.8/site-packages/airflow/example_dags/example_latest_only.py for tasks to queue
[2021-12-13 07:36:29,715] {logging_mixin.py:104} INFO - [2021-12-13 07:36:29,715] {dagbag.py:487} INFO - Filling up the DagBag from /home/airflow/.local/lib/python3.8/site-packages/airflow/example_dags/example_latest_only.py
[2021-12-13 07:36:29,727] {scheduler_job.py:643} INFO - DAG(s) dict_keys(['latest_only']) retrieved from /home/airflow/.local/lib/python3.8/site-packages/airflow/example_dags/example_latest_only.py
[2021-12-13 07:36:29,741] {logging_mixin.py:104} INFO - [2021-12-13 07:36:29,740] {dag.py:1832} INFO - Sync 1 DAGs
[2021-12-13 07:36:29,754] {logging_mixin.py:104} INFO - [2021-12-13 07:36:29,754] {dag.py:2305} INFO - Setting next_dagrun for latest_only to 2021-12-11 00:00:00+00:00
[2021-12-13 07:36:29,784] {scheduler_job.py:190} INFO - Processing /home/airflow/.local/lib/python3.8/site-packages/airflow/example_dags/example_latest_only.py took 0.076 seconds
[2021-12-13 07:37:01,954] {scheduler_job.py:182} INFO - Started process (PID=36175) to work on /home/airflow/.local/lib/python3.8/site-packages/airflow/example_dags/example_latest_only.py
[2021-12-13 07:37:01,958] {scheduler_job.py:633} INFO - Processing file /home/airflow/.local/lib/python3.8/site-packages/airflow/example_dags/example_latest_only.py for tasks to queue
[2021-12-13 07:37:01,962] {logging_mixin.py:104} INFO - [2021-12-13 07:37:01,962] {dagbag.py:487} INFO - Filling up the DagBag from /home/airflow/.local/lib/python3.8/site-packages/airflow/example_dags/example_latest_only.py
[2021-12-13 07:37:01,973] {scheduler_job.py:643} INFO - DAG(s) dict_keys(['latest_only']) retrieved from /home/airflow/.local/lib/python3.8/site-packages/airflow/example_dags/example_latest_only.py
[2021-12-13 07:37:01,991] {logging_mixin.py:104} INFO - [2021-12-13 07:37:01,991] {dag.py:1832} INFO - Sync 1 DAGs
[2021-12-13 07:37:02,007] {logging_mixin.py:104} INFO - [2021-12-13 07:37:02,006] {dag.py:2305} INFO - Setting next_dagrun for latest_only to 2021-12-11 00:00:00+00:00
[2021-12-13 07:37:02,035] {scheduler_job.py:190} INFO - Processing /home/airflow/.local/lib/python3.8/site-packages/airflow/example_dags/example_latest_only.py took 0.084 seconds
[2021-12-13 07:37:36,282] {scheduler_job.py:182} INFO - Started process (PID=36321) to work on /home/airflow/.local/lib/python3.8/site-packages/airflow/example_dags/example_latest_only.py
[2021-12-13 07:37:36,287] {scheduler_job.py:633} INFO - Processing file /home/airflow/.local/lib/python3.8/site-packages/airflow/example_dags/example_latest_only.py for tasks to queue
[2021-12-13 07:37:36,288] {logging_mixin.py:104} INFO - [2021-12-13 07:37:36,288] {dagbag.py:487} INFO - Filling up the DagBag from /home/airflow/.local/lib/python3.8/site-packages/airflow/example_dags/example_latest_only.py
[2021-12-13 07:37:36,304] {scheduler_job.py:643} INFO - DAG(s) dict_keys(['latest_only']) retrieved from /home/airflow/.local/lib/python3.8/site-packages/airflow/example_dags/example_latest_only.py
[2021-12-13 07:37:36,320] {logging_mixin.py:104} INFO - [2021-12-13 07:37:36,320] {dag.py:1832} INFO - Sync 1 DAGs
[2021-12-13 07:37:36,334] {logging_mixin.py:104} INFO - [2021-12-13 07:37:36,334] {dag.py:2305} INFO - Setting next_dagrun for latest_only to 2021-12-11 00:00:00+00:00
[2021-12-13 07:37:36,363] {scheduler_job.py:190} INFO - Processing /home/airflow/.local/lib/python3.8/site-packages/airflow/example_dags/example_latest_only.py took 0.085 seconds
[2021-12-13 07:38:10,263] {scheduler_job.py:182} INFO - Started process (PID=36454) to work on /home/airflow/.local/lib/python3.8/site-packages/airflow/example_dags/example_latest_only.py
[2021-12-13 07:38:10,267] {scheduler_job.py:633} INFO - Processing file /home/airflow/.local/lib/python3.8/site-packages/airflow/example_dags/example_latest_only.py for tasks to queue
[2021-12-13 07:38:10,274] {logging_mixin.py:104} INFO - [2021-12-13 07:38:10,274] {dagbag.py:487} INFO - Filling up the DagBag from /home/airflow/.local/lib/python3.8/site-packages/airflow/example_dags/example_latest_only.py
[2021-12-13 07:38:10,287] {scheduler_job.py:643} INFO - DAG(s) dict_keys(['latest_only']) retrieved from /home/airflow/.local/lib/python3.8/site-packages/airflow/example_dags/example_latest_only.py
[2021-12-13 07:38:10,301] {logging_mixin.py:104} INFO - [2021-12-13 07:38:10,301] {dag.py:1832} INFO - Sync 1 DAGs
[2021-12-13 07:38:10,314] {logging_mixin.py:104} INFO - [2021-12-13 07:38:10,314] {dag.py:2305} INFO - Setting next_dagrun for latest_only to 2021-12-11 00:00:00+00:00
[2021-12-13 07:38:10,343] {scheduler_job.py:190} INFO - Processing /home/airflow/.local/lib/python3.8/site-packages/airflow/example_dags/example_latest_only.py took 0.083 seconds
[2021-12-13 07:38:45,204] {scheduler_job.py:182} INFO - Started process (PID=36681) to work on /home/airflow/.local/lib/python3.8/site-packages/airflow/example_dags/example_latest_only.py
[2021-12-13 07:38:45,208] {scheduler_job.py:633} INFO - Processing file /home/airflow/.local/lib/python3.8/site-packages/airflow/example_dags/example_latest_only.py for tasks to queue
[2021-12-13 07:38:45,208] {logging_mixin.py:104} INFO - [2021-12-13 07:38:45,208] {dagbag.py:487} INFO - Filling up the DagBag from /home/airflow/.local/lib/python3.8/site-packages/airflow/example_dags/example_latest_only.py
[2021-12-13 07:38:45,221] {scheduler_job.py:643} INFO - DAG(s) dict_keys(['latest_only']) retrieved from /home/airflow/.local/lib/python3.8/site-packages/airflow/example_dags/example_latest_only.py
[2021-12-13 07:38:45,235] {logging_mixin.py:104} INFO - [2021-12-13 07:38:45,235] {dag.py:1832} INFO - Sync 1 DAGs
[2021-12-13 07:38:45,245] {logging_mixin.py:104} INFO - [2021-12-13 07:38:45,245] {dag.py:2305} INFO - Setting next_dagrun for latest_only to 2021-12-11 00:00:00+00:00
[2021-12-13 07:38:45,266] {scheduler_job.py:190} INFO - Processing /home/airflow/.local/lib/python3.8/site-packages/airflow/example_dags/example_latest_only.py took 0.065 seconds
[2021-12-13 07:39:17,698] {scheduler_job.py:182} INFO - Started process (PID=36866) to work on /home/airflow/.local/lib/python3.8/site-packages/airflow/example_dags/example_latest_only.py
[2021-12-13 07:39:17,705] {scheduler_job.py:633} INFO - Processing file /home/airflow/.local/lib/python3.8/site-packages/airflow/example_dags/example_latest_only.py for tasks to queue
[2021-12-13 07:39:17,710] {logging_mixin.py:104} INFO - [2021-12-13 07:39:17,710] {dagbag.py:487} INFO - Filling up the DagBag from /home/airflow/.local/lib/python3.8/site-packages/airflow/example_dags/example_latest_only.py
[2021-12-13 07:39:17,727] {scheduler_job.py:643} INFO - DAG(s) dict_keys(['latest_only']) retrieved from /home/airflow/.local/lib/python3.8/site-packages/airflow/example_dags/example_latest_only.py
[2021-12-13 07:39:17,743] {logging_mixin.py:104} INFO - [2021-12-13 07:39:17,743] {dag.py:1832} INFO - Sync 1 DAGs
[2021-12-13 07:39:17,759] {logging_mixin.py:104} INFO - [2021-12-13 07:39:17,759] {dag.py:2305} INFO - Setting next_dagrun for latest_only to 2021-12-11 00:00:00+00:00
[2021-12-13 07:39:17,787] {scheduler_job.py:190} INFO - Processing /home/airflow/.local/lib/python3.8/site-packages/airflow/example_dags/example_latest_only.py took 0.096 seconds
[2021-12-13 07:39:51,553] {scheduler_job.py:182} INFO - Started process (PID=37094) to work on /home/airflow/.local/lib/python3.8/site-packages/airflow/example_dags/example_latest_only.py
[2021-12-13 07:39:51,557] {scheduler_job.py:633} INFO - Processing file /home/airflow/.local/lib/python3.8/site-packages/airflow/example_dags/example_latest_only.py for tasks to queue
[2021-12-13 07:39:51,557] {logging_mixin.py:104} INFO - [2021-12-13 07:39:51,557] {dagbag.py:487} INFO - Filling up the DagBag from /home/airflow/.local/lib/python3.8/site-packages/airflow/example_dags/example_latest_only.py
[2021-12-13 07:39:51,573] {scheduler_job.py:643} INFO - DAG(s) dict_keys(['latest_only']) retrieved from /home/airflow/.local/lib/python3.8/site-packages/airflow/example_dags/example_latest_only.py
[2021-12-13 07:39:51,589] {logging_mixin.py:104} INFO - [2021-12-13 07:39:51,588] {dag.py:1832} INFO - Sync 1 DAGs
[2021-12-13 07:39:51,603] {logging_mixin.py:104} INFO - [2021-12-13 07:39:51,603] {dag.py:2305} INFO - Setting next_dagrun for latest_only to 2021-12-11 00:00:00+00:00
[2021-12-13 07:39:51,637] {scheduler_job.py:190} INFO - Processing /home/airflow/.local/lib/python3.8/site-packages/airflow/example_dags/example_latest_only.py took 0.087 seconds
[2021-12-13 07:40:30,168] {scheduler_job.py:182} INFO - Started process (PID=37309) to work on /home/airflow/.local/lib/python3.8/site-packages/airflow/example_dags/example_latest_only.py
[2021-12-13 07:40:30,183] {scheduler_job.py:633} INFO - Processing file /home/airflow/.local/lib/python3.8/site-packages/airflow/example_dags/example_latest_only.py for tasks to queue
[2021-12-13 07:40:30,190] {logging_mixin.py:104} INFO - [2021-12-13 07:40:30,190] {dagbag.py:487} INFO - Filling up the DagBag from /home/airflow/.local/lib/python3.8/site-packages/airflow/example_dags/example_latest_only.py
[2021-12-13 07:40:30,216] {scheduler_job.py:643} INFO - DAG(s) dict_keys(['latest_only']) retrieved from /home/airflow/.local/lib/python3.8/site-packages/airflow/example_dags/example_latest_only.py
[2021-12-13 07:40:30,255] {logging_mixin.py:104} INFO - [2021-12-13 07:40:30,255] {dag.py:1832} INFO - Sync 1 DAGs
[2021-12-13 07:40:30,309] {logging_mixin.py:104} INFO - [2021-12-13 07:40:30,309] {dag.py:2305} INFO - Setting next_dagrun for latest_only to 2021-12-11 00:00:00+00:00
[2021-12-13 07:40:30,344] {scheduler_job.py:190} INFO - Processing /home/airflow/.local/lib/python3.8/site-packages/airflow/example_dags/example_latest_only.py took 0.178 seconds
[2021-12-13 07:41:10,582] {scheduler_job.py:182} INFO - Started process (PID=37452) to work on /home/airflow/.local/lib/python3.8/site-packages/airflow/example_dags/example_latest_only.py
[2021-12-13 07:41:10,585] {scheduler_job.py:633} INFO - Processing file /home/airflow/.local/lib/python3.8/site-packages/airflow/example_dags/example_latest_only.py for tasks to queue
[2021-12-13 07:41:10,589] {logging_mixin.py:104} INFO - [2021-12-13 07:41:10,589] {dagbag.py:487} INFO - Filling up the DagBag from /home/airflow/.local/lib/python3.8/site-packages/airflow/example_dags/example_latest_only.py
[2021-12-13 07:41:10,627] {scheduler_job.py:643} INFO - DAG(s) dict_keys(['latest_only']) retrieved from /home/airflow/.local/lib/python3.8/site-packages/airflow/example_dags/example_latest_only.py
[2021-12-13 07:41:10,690] {logging_mixin.py:104} INFO - [2021-12-13 07:41:10,690] {dag.py:1832} INFO - Sync 1 DAGs
[2021-12-13 07:41:10,717] {logging_mixin.py:104} INFO - [2021-12-13 07:41:10,717] {dag.py:2305} INFO - Setting next_dagrun for latest_only to 2021-12-11 00:00:00+00:00
[2021-12-13 07:41:10,759] {scheduler_job.py:190} INFO - Processing /home/airflow/.local/lib/python3.8/site-packages/airflow/example_dags/example_latest_only.py took 0.182 seconds
[2021-12-13 07:41:49,343] {scheduler_job.py:182} INFO - Started process (PID=37587) to work on /home/airflow/.local/lib/python3.8/site-packages/airflow/example_dags/example_latest_only.py
[2021-12-13 07:41:49,347] {scheduler_job.py:633} INFO - Processing file /home/airflow/.local/lib/python3.8/site-packages/airflow/example_dags/example_latest_only.py for tasks to queue
[2021-12-13 07:41:49,348] {logging_mixin.py:104} INFO - [2021-12-13 07:41:49,348] {dagbag.py:487} INFO - Filling up the DagBag from /home/airflow/.local/lib/python3.8/site-packages/airflow/example_dags/example_latest_only.py
[2021-12-13 07:41:49,375] {scheduler_job.py:643} INFO - DAG(s) dict_keys(['latest_only']) retrieved from /home/airflow/.local/lib/python3.8/site-packages/airflow/example_dags/example_latest_only.py
[2021-12-13 07:41:49,407] {logging_mixin.py:104} INFO - [2021-12-13 07:41:49,407] {dag.py:1832} INFO - Sync 1 DAGs
[2021-12-13 07:41:49,427] {logging_mixin.py:104} INFO - [2021-12-13 07:41:49,427] {dag.py:2305} INFO - Setting next_dagrun for latest_only to 2021-12-11 00:00:00+00:00
[2021-12-13 07:41:49,472] {scheduler_job.py:190} INFO - Processing /home/airflow/.local/lib/python3.8/site-packages/airflow/example_dags/example_latest_only.py took 0.136 seconds
[2021-12-13 07:42:24,188] {scheduler_job.py:182} INFO - Started process (PID=37706) to work on /home/airflow/.local/lib/python3.8/site-packages/airflow/example_dags/example_latest_only.py
[2021-12-13 07:42:24,193] {scheduler_job.py:633} INFO - Processing file /home/airflow/.local/lib/python3.8/site-packages/airflow/example_dags/example_latest_only.py for tasks to queue
[2021-12-13 07:42:24,193] {logging_mixin.py:104} INFO - [2021-12-13 07:42:24,193] {dagbag.py:487} INFO - Filling up the DagBag from /home/airflow/.local/lib/python3.8/site-packages/airflow/example_dags/example_latest_only.py
[2021-12-13 07:42:24,209] {scheduler_job.py:643} INFO - DAG(s) dict_keys(['latest_only']) retrieved from /home/airflow/.local/lib/python3.8/site-packages/airflow/example_dags/example_latest_only.py
[2021-12-13 07:42:24,225] {logging_mixin.py:104} INFO - [2021-12-13 07:42:24,224] {dag.py:1832} INFO - Sync 1 DAGs
[2021-12-13 07:42:24,237] {logging_mixin.py:104} INFO - [2021-12-13 07:42:24,236] {dag.py:2305} INFO - Setting next_dagrun for latest_only to 2021-12-11 00:00:00+00:00
[2021-12-13 07:42:24,254] {scheduler_job.py:190} INFO - Processing /home/airflow/.local/lib/python3.8/site-packages/airflow/example_dags/example_latest_only.py took 0.069 seconds
[2021-12-13 07:43:02,141] {scheduler_job.py:182} INFO - Started process (PID=37832) to work on /home/airflow/.local/lib/python3.8/site-packages/airflow/example_dags/example_latest_only.py
[2021-12-13 07:43:02,151] {scheduler_job.py:633} INFO - Processing file /home/airflow/.local/lib/python3.8/site-packages/airflow/example_dags/example_latest_only.py for tasks to queue
[2021-12-13 07:43:02,154] {logging_mixin.py:104} INFO - [2021-12-13 07:43:02,154] {dagbag.py:487} INFO - Filling up the DagBag from /home/airflow/.local/lib/python3.8/site-packages/airflow/example_dags/example_latest_only.py
[2021-12-13 07:43:02,177] {scheduler_job.py:643} INFO - DAG(s) dict_keys(['latest_only']) retrieved from /home/airflow/.local/lib/python3.8/site-packages/airflow/example_dags/example_latest_only.py
[2021-12-13 07:43:02,229] {logging_mixin.py:104} INFO - [2021-12-13 07:43:02,229] {dag.py:1832} INFO - Sync 1 DAGs
[2021-12-13 07:43:02,311] {logging_mixin.py:104} INFO - [2021-12-13 07:43:02,311] {dag.py:2305} INFO - Setting next_dagrun for latest_only to 2021-12-11 00:00:00+00:00
[2021-12-13 07:43:02,384] {scheduler_job.py:190} INFO - Processing /home/airflow/.local/lib/python3.8/site-packages/airflow/example_dags/example_latest_only.py took 0.245 seconds
[2021-12-13 07:43:46,428] {scheduler_job.py:182} INFO - Started process (PID=37975) to work on /home/airflow/.local/lib/python3.8/site-packages/airflow/example_dags/example_latest_only.py
[2021-12-13 07:43:46,432] {scheduler_job.py:633} INFO - Processing file /home/airflow/.local/lib/python3.8/site-packages/airflow/example_dags/example_latest_only.py for tasks to queue
[2021-12-13 07:43:46,433] {logging_mixin.py:104} INFO - [2021-12-13 07:43:46,433] {dagbag.py:487} INFO - Filling up the DagBag from /home/airflow/.local/lib/python3.8/site-packages/airflow/example_dags/example_latest_only.py
[2021-12-13 07:43:46,450] {scheduler_job.py:643} INFO - DAG(s) dict_keys(['latest_only']) retrieved from /home/airflow/.local/lib/python3.8/site-packages/airflow/example_dags/example_latest_only.py
[2021-12-13 07:43:46,467] {logging_mixin.py:104} INFO - [2021-12-13 07:43:46,467] {dag.py:1832} INFO - Sync 1 DAGs
[2021-12-13 07:43:46,477] {logging_mixin.py:104} INFO - [2021-12-13 07:43:46,477] {dag.py:2305} INFO - Setting next_dagrun for latest_only to 2021-12-11 00:00:00+00:00
[2021-12-13 07:43:46,502] {scheduler_job.py:190} INFO - Processing /home/airflow/.local/lib/python3.8/site-packages/airflow/example_dags/example_latest_only.py took 0.076 seconds
[2021-12-13 07:44:25,052] {scheduler_job.py:182} INFO - Started process (PID=38103) to work on /home/airflow/.local/lib/python3.8/site-packages/airflow/example_dags/example_latest_only.py
[2021-12-13 07:44:25,056] {scheduler_job.py:633} INFO - Processing file /home/airflow/.local/lib/python3.8/site-packages/airflow/example_dags/example_latest_only.py for tasks to queue
[2021-12-13 07:44:25,064] {logging_mixin.py:104} INFO - [2021-12-13 07:44:25,064] {dagbag.py:487} INFO - Filling up the DagBag from /home/airflow/.local/lib/python3.8/site-packages/airflow/example_dags/example_latest_only.py
[2021-12-13 07:44:25,095] {scheduler_job.py:643} INFO - DAG(s) dict_keys(['latest_only']) retrieved from /home/airflow/.local/lib/python3.8/site-packages/airflow/example_dags/example_latest_only.py
[2021-12-13 07:44:25,122] {logging_mixin.py:104} INFO - [2021-12-13 07:44:25,122] {dag.py:1832} INFO - Sync 1 DAGs
[2021-12-13 07:44:25,134] {logging_mixin.py:104} INFO - [2021-12-13 07:44:25,134] {dag.py:2305} INFO - Setting next_dagrun for latest_only to 2021-12-11 00:00:00+00:00
[2021-12-13 07:44:25,149] {scheduler_job.py:190} INFO - Processing /home/airflow/.local/lib/python3.8/site-packages/airflow/example_dags/example_latest_only.py took 0.105 seconds
[2021-12-13 07:45:13,184] {scheduler_job.py:182} INFO - Started process (PID=38348) to work on /home/airflow/.local/lib/python3.8/site-packages/airflow/example_dags/example_latest_only.py
[2021-12-13 07:45:13,188] {scheduler_job.py:633} INFO - Processing file /home/airflow/.local/lib/python3.8/site-packages/airflow/example_dags/example_latest_only.py for tasks to queue
[2021-12-13 07:45:13,188] {logging_mixin.py:104} INFO - [2021-12-13 07:45:13,188] {dagbag.py:487} INFO - Filling up the DagBag from /home/airflow/.local/lib/python3.8/site-packages/airflow/example_dags/example_latest_only.py
[2021-12-13 07:45:13,206] {scheduler_job.py:643} INFO - DAG(s) dict_keys(['latest_only']) retrieved from /home/airflow/.local/lib/python3.8/site-packages/airflow/example_dags/example_latest_only.py
[2021-12-13 07:45:13,223] {logging_mixin.py:104} INFO - [2021-12-13 07:45:13,223] {dag.py:1832} INFO - Sync 1 DAGs
[2021-12-13 07:45:13,237] {logging_mixin.py:104} INFO - [2021-12-13 07:45:13,237] {dag.py:2305} INFO - Setting next_dagrun for latest_only to 2021-12-11 00:00:00+00:00
[2021-12-13 07:45:13,265] {scheduler_job.py:190} INFO - Processing /home/airflow/.local/lib/python3.8/site-packages/airflow/example_dags/example_latest_only.py took 0.084 seconds
[2021-12-13 07:45:51,406] {scheduler_job.py:182} INFO - Started process (PID=38473) to work on /home/airflow/.local/lib/python3.8/site-packages/airflow/example_dags/example_latest_only.py
[2021-12-13 07:45:51,410] {scheduler_job.py:633} INFO - Processing file /home/airflow/.local/lib/python3.8/site-packages/airflow/example_dags/example_latest_only.py for tasks to queue
[2021-12-13 07:45:51,414] {logging_mixin.py:104} INFO - [2021-12-13 07:45:51,414] {dagbag.py:487} INFO - Filling up the DagBag from /home/airflow/.local/lib/python3.8/site-packages/airflow/example_dags/example_latest_only.py
[2021-12-13 07:45:51,436] {scheduler_job.py:643} INFO - DAG(s) dict_keys(['latest_only']) retrieved from /home/airflow/.local/lib/python3.8/site-packages/airflow/example_dags/example_latest_only.py
[2021-12-13 07:45:51,468] {logging_mixin.py:104} INFO - [2021-12-13 07:45:51,468] {dag.py:1832} INFO - Sync 1 DAGs
[2021-12-13 07:45:51,496] {logging_mixin.py:104} INFO - [2021-12-13 07:45:51,496] {dag.py:2305} INFO - Setting next_dagrun for latest_only to 2021-12-11 00:00:00+00:00
[2021-12-13 07:45:51,533] {scheduler_job.py:190} INFO - Processing /home/airflow/.local/lib/python3.8/site-packages/airflow/example_dags/example_latest_only.py took 0.138 seconds
[2021-12-13 07:46:30,273] {scheduler_job.py:182} INFO - Started process (PID=38598) to work on /home/airflow/.local/lib/python3.8/site-packages/airflow/example_dags/example_latest_only.py
[2021-12-13 07:46:30,278] {scheduler_job.py:633} INFO - Processing file /home/airflow/.local/lib/python3.8/site-packages/airflow/example_dags/example_latest_only.py for tasks to queue
[2021-12-13 07:46:30,282] {logging_mixin.py:104} INFO - [2021-12-13 07:46:30,282] {dagbag.py:487} INFO - Filling up the DagBag from /home/airflow/.local/lib/python3.8/site-packages/airflow/example_dags/example_latest_only.py
[2021-12-13 07:46:30,295] {scheduler_job.py:643} INFO - DAG(s) dict_keys(['latest_only']) retrieved from /home/airflow/.local/lib/python3.8/site-packages/airflow/example_dags/example_latest_only.py
[2021-12-13 07:46:30,317] {logging_mixin.py:104} INFO - [2021-12-13 07:46:30,316] {dag.py:1832} INFO - Sync 1 DAGs
[2021-12-13 07:46:30,353] {logging_mixin.py:104} INFO - [2021-12-13 07:46:30,353] {dag.py:2305} INFO - Setting next_dagrun for latest_only to 2021-12-11 00:00:00+00:00
[2021-12-13 07:46:30,395] {scheduler_job.py:190} INFO - Processing /home/airflow/.local/lib/python3.8/site-packages/airflow/example_dags/example_latest_only.py took 0.124 seconds
[2021-12-13 07:47:05,383] {scheduler_job.py:182} INFO - Started process (PID=38720) to work on /home/airflow/.local/lib/python3.8/site-packages/airflow/example_dags/example_latest_only.py
[2021-12-13 07:47:05,387] {scheduler_job.py:633} INFO - Processing file /home/airflow/.local/lib/python3.8/site-packages/airflow/example_dags/example_latest_only.py for tasks to queue
[2021-12-13 07:47:05,387] {logging_mixin.py:104} INFO - [2021-12-13 07:47:05,387] {dagbag.py:487} INFO - Filling up the DagBag from /home/airflow/.local/lib/python3.8/site-packages/airflow/example_dags/example_latest_only.py
[2021-12-13 07:47:05,401] {scheduler_job.py:643} INFO - DAG(s) dict_keys(['latest_only']) retrieved from /home/airflow/.local/lib/python3.8/site-packages/airflow/example_dags/example_latest_only.py
[2021-12-13 07:47:05,413] {logging_mixin.py:104} INFO - [2021-12-13 07:47:05,413] {dag.py:1832} INFO - Sync 1 DAGs
[2021-12-13 07:47:05,424] {logging_mixin.py:104} INFO - [2021-12-13 07:47:05,424] {dag.py:2305} INFO - Setting next_dagrun for latest_only to 2021-12-11 00:00:00+00:00
[2021-12-13 07:47:05,444] {scheduler_job.py:190} INFO - Processing /home/airflow/.local/lib/python3.8/site-packages/airflow/example_dags/example_latest_only.py took 0.064 seconds
[2021-12-13 07:47:41,458] {scheduler_job.py:182} INFO - Started process (PID=38837) to work on /home/airflow/.local/lib/python3.8/site-packages/airflow/example_dags/example_latest_only.py
[2021-12-13 07:47:41,465] {scheduler_job.py:633} INFO - Processing file /home/airflow/.local/lib/python3.8/site-packages/airflow/example_dags/example_latest_only.py for tasks to queue
[2021-12-13 07:47:41,470] {logging_mixin.py:104} INFO - [2021-12-13 07:47:41,470] {dagbag.py:487} INFO - Filling up the DagBag from /home/airflow/.local/lib/python3.8/site-packages/airflow/example_dags/example_latest_only.py
[2021-12-13 07:47:41,502] {scheduler_job.py:643} INFO - DAG(s) dict_keys(['latest_only']) retrieved from /home/airflow/.local/lib/python3.8/site-packages/airflow/example_dags/example_latest_only.py
[2021-12-13 07:47:41,541] {logging_mixin.py:104} INFO - [2021-12-13 07:47:41,540] {dag.py:1832} INFO - Sync 1 DAGs
[2021-12-13 07:47:41,581] {logging_mixin.py:104} INFO - [2021-12-13 07:47:41,581] {dag.py:2305} INFO - Setting next_dagrun for latest_only to 2021-12-11 00:00:00+00:00
[2021-12-13 07:47:41,629] {scheduler_job.py:190} INFO - Processing /home/airflow/.local/lib/python3.8/site-packages/airflow/example_dags/example_latest_only.py took 0.174 seconds
[2021-12-13 07:48:17,550] {scheduler_job.py:182} INFO - Started process (PID=38965) to work on /home/airflow/.local/lib/python3.8/site-packages/airflow/example_dags/example_latest_only.py
[2021-12-13 07:48:17,563] {scheduler_job.py:633} INFO - Processing file /home/airflow/.local/lib/python3.8/site-packages/airflow/example_dags/example_latest_only.py for tasks to queue
[2021-12-13 07:48:17,569] {logging_mixin.py:104} INFO - [2021-12-13 07:48:17,564] {dagbag.py:487} INFO - Filling up the DagBag from /home/airflow/.local/lib/python3.8/site-packages/airflow/example_dags/example_latest_only.py
[2021-12-13 07:48:17,585] {scheduler_job.py:643} INFO - DAG(s) dict_keys(['latest_only']) retrieved from /home/airflow/.local/lib/python3.8/site-packages/airflow/example_dags/example_latest_only.py
[2021-12-13 07:48:17,606] {logging_mixin.py:104} INFO - [2021-12-13 07:48:17,606] {dag.py:1832} INFO - Sync 1 DAGs
[2021-12-13 07:48:17,619] {logging_mixin.py:104} INFO - [2021-12-13 07:48:17,619] {dag.py:2305} INFO - Setting next_dagrun for latest_only to 2021-12-11 00:00:00+00:00
[2021-12-13 07:48:17,640] {scheduler_job.py:190} INFO - Processing /home/airflow/.local/lib/python3.8/site-packages/airflow/example_dags/example_latest_only.py took 0.098 seconds
[2021-12-13 07:48:54,674] {scheduler_job.py:182} INFO - Started process (PID=39086) to work on /home/airflow/.local/lib/python3.8/site-packages/airflow/example_dags/example_latest_only.py
[2021-12-13 07:48:54,679] {scheduler_job.py:633} INFO - Processing file /home/airflow/.local/lib/python3.8/site-packages/airflow/example_dags/example_latest_only.py for tasks to queue
[2021-12-13 07:48:54,681] {logging_mixin.py:104} INFO - [2021-12-13 07:48:54,681] {dagbag.py:487} INFO - Filling up the DagBag from /home/airflow/.local/lib/python3.8/site-packages/airflow/example_dags/example_latest_only.py
[2021-12-13 07:48:54,694] {scheduler_job.py:643} INFO - DAG(s) dict_keys(['latest_only']) retrieved from /home/airflow/.local/lib/python3.8/site-packages/airflow/example_dags/example_latest_only.py
[2021-12-13 07:48:54,713] {logging_mixin.py:104} INFO - [2021-12-13 07:48:54,713] {dag.py:1832} INFO - Sync 1 DAGs
[2021-12-13 07:48:54,728] {logging_mixin.py:104} INFO - [2021-12-13 07:48:54,728] {dag.py:2305} INFO - Setting next_dagrun for latest_only to 2021-12-11 00:00:00+00:00
[2021-12-13 07:48:54,759] {scheduler_job.py:190} INFO - Processing /home/airflow/.local/lib/python3.8/site-packages/airflow/example_dags/example_latest_only.py took 0.093 seconds
[2021-12-13 07:49:33,575] {scheduler_job.py:182} INFO - Started process (PID=39286) to work on /home/airflow/.local/lib/python3.8/site-packages/airflow/example_dags/example_latest_only.py
[2021-12-13 07:49:33,582] {scheduler_job.py:633} INFO - Processing file /home/airflow/.local/lib/python3.8/site-packages/airflow/example_dags/example_latest_only.py for tasks to queue
[2021-12-13 07:49:33,586] {logging_mixin.py:104} INFO - [2021-12-13 07:49:33,585] {dagbag.py:487} INFO - Filling up the DagBag from /home/airflow/.local/lib/python3.8/site-packages/airflow/example_dags/example_latest_only.py
[2021-12-13 07:49:33,609] {scheduler_job.py:643} INFO - DAG(s) dict_keys(['latest_only']) retrieved from /home/airflow/.local/lib/python3.8/site-packages/airflow/example_dags/example_latest_only.py
[2021-12-13 07:49:33,663] {logging_mixin.py:104} INFO - [2021-12-13 07:49:33,663] {dag.py:1832} INFO - Sync 1 DAGs
[2021-12-13 07:49:33,695] {logging_mixin.py:104} INFO - [2021-12-13 07:49:33,695] {dag.py:2305} INFO - Setting next_dagrun for latest_only to 2021-12-11 00:00:00+00:00
[2021-12-13 07:49:33,731] {scheduler_job.py:190} INFO - Processing /home/airflow/.local/lib/python3.8/site-packages/airflow/example_dags/example_latest_only.py took 0.163 seconds
