[2021-12-13 07:35:13,748] {scheduler_job.py:182} INFO - Started process (PID=35708) to work on /home/airflow/.local/lib/python3.8/site-packages/airflow/example_dags/example_kubernetes_executor.py
[2021-12-13 07:35:13,750] {scheduler_job.py:633} INFO - Processing file /home/airflow/.local/lib/python3.8/site-packages/airflow/example_dags/example_kubernetes_executor.py for tasks to queue
[2021-12-13 07:35:13,752] {logging_mixin.py:104} INFO - [2021-12-13 07:35:13,751] {dagbag.py:487} INFO - Filling up the DagBag from /home/airflow/.local/lib/python3.8/site-packages/airflow/example_dags/example_kubernetes_executor.py
[2021-12-13 07:35:13,765] {scheduler_job.py:643} INFO - DAG(s) dict_keys(['example_kubernetes_executor']) retrieved from /home/airflow/.local/lib/python3.8/site-packages/airflow/example_dags/example_kubernetes_executor.py
[2021-12-13 07:35:14,091] {logging_mixin.py:104} INFO - [2021-12-13 07:35:14,091] {dag.py:1832} INFO - Sync 1 DAGs
[2021-12-13 07:35:14,101] {logging_mixin.py:104} INFO - [2021-12-13 07:35:14,101] {dag.py:2305} INFO - Setting next_dagrun for example_kubernetes_executor to None
[2021-12-13 07:35:14,138] {scheduler_job.py:190} INFO - Processing /home/airflow/.local/lib/python3.8/site-packages/airflow/example_dags/example_kubernetes_executor.py took 0.393 seconds
[2021-12-13 07:35:53,761] {scheduler_job.py:182} INFO - Started process (PID=35854) to work on /home/airflow/.local/lib/python3.8/site-packages/airflow/example_dags/example_kubernetes_executor.py
[2021-12-13 07:35:53,772] {scheduler_job.py:633} INFO - Processing file /home/airflow/.local/lib/python3.8/site-packages/airflow/example_dags/example_kubernetes_executor.py for tasks to queue
[2021-12-13 07:35:53,772] {logging_mixin.py:104} INFO - [2021-12-13 07:35:53,772] {dagbag.py:487} INFO - Filling up the DagBag from /home/airflow/.local/lib/python3.8/site-packages/airflow/example_dags/example_kubernetes_executor.py
[2021-12-13 07:35:53,794] {scheduler_job.py:643} INFO - DAG(s) dict_keys(['example_kubernetes_executor']) retrieved from /home/airflow/.local/lib/python3.8/site-packages/airflow/example_dags/example_kubernetes_executor.py
[2021-12-13 07:35:53,815] {logging_mixin.py:104} INFO - [2021-12-13 07:35:53,815] {dag.py:1832} INFO - Sync 1 DAGs
[2021-12-13 07:35:53,832] {logging_mixin.py:104} INFO - [2021-12-13 07:35:53,832] {dag.py:2305} INFO - Setting next_dagrun for example_kubernetes_executor to None
[2021-12-13 07:35:53,851] {scheduler_job.py:190} INFO - Processing /home/airflow/.local/lib/python3.8/site-packages/airflow/example_dags/example_kubernetes_executor.py took 0.093 seconds
[2021-12-13 07:36:31,118] {scheduler_job.py:182} INFO - Started process (PID=36028) to work on /home/airflow/.local/lib/python3.8/site-packages/airflow/example_dags/example_kubernetes_executor.py
[2021-12-13 07:36:31,122] {scheduler_job.py:633} INFO - Processing file /home/airflow/.local/lib/python3.8/site-packages/airflow/example_dags/example_kubernetes_executor.py for tasks to queue
[2021-12-13 07:36:31,125] {logging_mixin.py:104} INFO - [2021-12-13 07:36:31,125] {dagbag.py:487} INFO - Filling up the DagBag from /home/airflow/.local/lib/python3.8/site-packages/airflow/example_dags/example_kubernetes_executor.py
[2021-12-13 07:36:31,140] {scheduler_job.py:643} INFO - DAG(s) dict_keys(['example_kubernetes_executor']) retrieved from /home/airflow/.local/lib/python3.8/site-packages/airflow/example_dags/example_kubernetes_executor.py
[2021-12-13 07:36:31,157] {logging_mixin.py:104} INFO - [2021-12-13 07:36:31,157] {dag.py:1832} INFO - Sync 1 DAGs
[2021-12-13 07:36:31,172] {logging_mixin.py:104} INFO - [2021-12-13 07:36:31,172] {dag.py:2305} INFO - Setting next_dagrun for example_kubernetes_executor to None
[2021-12-13 07:36:31,203] {scheduler_job.py:190} INFO - Processing /home/airflow/.local/lib/python3.8/site-packages/airflow/example_dags/example_kubernetes_executor.py took 0.088 seconds
[2021-12-13 07:37:03,800] {scheduler_job.py:182} INFO - Started process (PID=36183) to work on /home/airflow/.local/lib/python3.8/site-packages/airflow/example_dags/example_kubernetes_executor.py
[2021-12-13 07:37:03,804] {scheduler_job.py:633} INFO - Processing file /home/airflow/.local/lib/python3.8/site-packages/airflow/example_dags/example_kubernetes_executor.py for tasks to queue
[2021-12-13 07:37:03,805] {logging_mixin.py:104} INFO - [2021-12-13 07:37:03,804] {dagbag.py:487} INFO - Filling up the DagBag from /home/airflow/.local/lib/python3.8/site-packages/airflow/example_dags/example_kubernetes_executor.py
[2021-12-13 07:37:03,823] {scheduler_job.py:643} INFO - DAG(s) dict_keys(['example_kubernetes_executor']) retrieved from /home/airflow/.local/lib/python3.8/site-packages/airflow/example_dags/example_kubernetes_executor.py
[2021-12-13 07:37:03,840] {logging_mixin.py:104} INFO - [2021-12-13 07:37:03,839] {dag.py:1832} INFO - Sync 1 DAGs
[2021-12-13 07:37:03,855] {logging_mixin.py:104} INFO - [2021-12-13 07:37:03,855] {dag.py:2305} INFO - Setting next_dagrun for example_kubernetes_executor to None
[2021-12-13 07:37:03,885] {scheduler_job.py:190} INFO - Processing /home/airflow/.local/lib/python3.8/site-packages/airflow/example_dags/example_kubernetes_executor.py took 0.086 seconds
[2021-12-13 07:37:39,146] {scheduler_job.py:182} INFO - Started process (PID=36336) to work on /home/airflow/.local/lib/python3.8/site-packages/airflow/example_dags/example_kubernetes_executor.py
[2021-12-13 07:37:39,150] {scheduler_job.py:633} INFO - Processing file /home/airflow/.local/lib/python3.8/site-packages/airflow/example_dags/example_kubernetes_executor.py for tasks to queue
[2021-12-13 07:37:39,154] {logging_mixin.py:104} INFO - [2021-12-13 07:37:39,154] {dagbag.py:487} INFO - Filling up the DagBag from /home/airflow/.local/lib/python3.8/site-packages/airflow/example_dags/example_kubernetes_executor.py
[2021-12-13 07:37:39,169] {scheduler_job.py:643} INFO - DAG(s) dict_keys(['example_kubernetes_executor']) retrieved from /home/airflow/.local/lib/python3.8/site-packages/airflow/example_dags/example_kubernetes_executor.py
[2021-12-13 07:37:39,186] {logging_mixin.py:104} INFO - [2021-12-13 07:37:39,186] {dag.py:1832} INFO - Sync 1 DAGs
[2021-12-13 07:37:39,201] {logging_mixin.py:104} INFO - [2021-12-13 07:37:39,201] {dag.py:2305} INFO - Setting next_dagrun for example_kubernetes_executor to None
[2021-12-13 07:37:39,232] {scheduler_job.py:190} INFO - Processing /home/airflow/.local/lib/python3.8/site-packages/airflow/example_dags/example_kubernetes_executor.py took 0.088 seconds
[2021-12-13 07:38:13,819] {scheduler_job.py:182} INFO - Started process (PID=36476) to work on /home/airflow/.local/lib/python3.8/site-packages/airflow/example_dags/example_kubernetes_executor.py
[2021-12-13 07:38:13,825] {scheduler_job.py:633} INFO - Processing file /home/airflow/.local/lib/python3.8/site-packages/airflow/example_dags/example_kubernetes_executor.py for tasks to queue
[2021-12-13 07:38:13,828] {logging_mixin.py:104} INFO - [2021-12-13 07:38:13,827] {dagbag.py:487} INFO - Filling up the DagBag from /home/airflow/.local/lib/python3.8/site-packages/airflow/example_dags/example_kubernetes_executor.py
[2021-12-13 07:38:13,852] {scheduler_job.py:643} INFO - DAG(s) dict_keys(['example_kubernetes_executor']) retrieved from /home/airflow/.local/lib/python3.8/site-packages/airflow/example_dags/example_kubernetes_executor.py
[2021-12-13 07:38:13,869] {logging_mixin.py:104} INFO - [2021-12-13 07:38:13,869] {dag.py:1832} INFO - Sync 1 DAGs
[2021-12-13 07:38:13,883] {logging_mixin.py:104} INFO - [2021-12-13 07:38:13,883] {dag.py:2305} INFO - Setting next_dagrun for example_kubernetes_executor to None
[2021-12-13 07:38:13,911] {scheduler_job.py:190} INFO - Processing /home/airflow/.local/lib/python3.8/site-packages/airflow/example_dags/example_kubernetes_executor.py took 0.097 seconds
[2021-12-13 07:38:46,531] {scheduler_job.py:182} INFO - Started process (PID=36692) to work on /home/airflow/.local/lib/python3.8/site-packages/airflow/example_dags/example_kubernetes_executor.py
[2021-12-13 07:38:46,534] {scheduler_job.py:633} INFO - Processing file /home/airflow/.local/lib/python3.8/site-packages/airflow/example_dags/example_kubernetes_executor.py for tasks to queue
[2021-12-13 07:38:46,537] {logging_mixin.py:104} INFO - [2021-12-13 07:38:46,537] {dagbag.py:487} INFO - Filling up the DagBag from /home/airflow/.local/lib/python3.8/site-packages/airflow/example_dags/example_kubernetes_executor.py
[2021-12-13 07:38:46,549] {scheduler_job.py:643} INFO - DAG(s) dict_keys(['example_kubernetes_executor']) retrieved from /home/airflow/.local/lib/python3.8/site-packages/airflow/example_dags/example_kubernetes_executor.py
[2021-12-13 07:38:46,561] {logging_mixin.py:104} INFO - [2021-12-13 07:38:46,561] {dag.py:1832} INFO - Sync 1 DAGs
[2021-12-13 07:38:46,577] {logging_mixin.py:104} INFO - [2021-12-13 07:38:46,577] {dag.py:2305} INFO - Setting next_dagrun for example_kubernetes_executor to None
[2021-12-13 07:38:46,599] {scheduler_job.py:190} INFO - Processing /home/airflow/.local/lib/python3.8/site-packages/airflow/example_dags/example_kubernetes_executor.py took 0.070 seconds
[2021-12-13 07:39:19,854] {scheduler_job.py:182} INFO - Started process (PID=36889) to work on /home/airflow/.local/lib/python3.8/site-packages/airflow/example_dags/example_kubernetes_executor.py
[2021-12-13 07:39:19,857] {scheduler_job.py:633} INFO - Processing file /home/airflow/.local/lib/python3.8/site-packages/airflow/example_dags/example_kubernetes_executor.py for tasks to queue
[2021-12-13 07:39:19,860] {logging_mixin.py:104} INFO - [2021-12-13 07:39:19,860] {dagbag.py:487} INFO - Filling up the DagBag from /home/airflow/.local/lib/python3.8/site-packages/airflow/example_dags/example_kubernetes_executor.py
[2021-12-13 07:39:19,871] {scheduler_job.py:643} INFO - DAG(s) dict_keys(['example_kubernetes_executor']) retrieved from /home/airflow/.local/lib/python3.8/site-packages/airflow/example_dags/example_kubernetes_executor.py
[2021-12-13 07:39:19,885] {logging_mixin.py:104} INFO - [2021-12-13 07:39:19,885] {dag.py:1832} INFO - Sync 1 DAGs
[2021-12-13 07:39:19,897] {logging_mixin.py:104} INFO - [2021-12-13 07:39:19,897] {dag.py:2305} INFO - Setting next_dagrun for example_kubernetes_executor to None
[2021-12-13 07:39:19,924] {scheduler_job.py:190} INFO - Processing /home/airflow/.local/lib/python3.8/site-packages/airflow/example_dags/example_kubernetes_executor.py took 0.072 seconds
[2021-12-13 07:39:54,402] {scheduler_job.py:182} INFO - Started process (PID=37118) to work on /home/airflow/.local/lib/python3.8/site-packages/airflow/example_dags/example_kubernetes_executor.py
[2021-12-13 07:39:54,408] {scheduler_job.py:633} INFO - Processing file /home/airflow/.local/lib/python3.8/site-packages/airflow/example_dags/example_kubernetes_executor.py for tasks to queue
[2021-12-13 07:39:54,408] {logging_mixin.py:104} INFO - [2021-12-13 07:39:54,408] {dagbag.py:487} INFO - Filling up the DagBag from /home/airflow/.local/lib/python3.8/site-packages/airflow/example_dags/example_kubernetes_executor.py
[2021-12-13 07:39:54,426] {scheduler_job.py:643} INFO - DAG(s) dict_keys(['example_kubernetes_executor']) retrieved from /home/airflow/.local/lib/python3.8/site-packages/airflow/example_dags/example_kubernetes_executor.py
[2021-12-13 07:39:54,441] {logging_mixin.py:104} INFO - [2021-12-13 07:39:54,441] {dag.py:1832} INFO - Sync 1 DAGs
[2021-12-13 07:39:54,456] {logging_mixin.py:104} INFO - [2021-12-13 07:39:54,456] {dag.py:2305} INFO - Setting next_dagrun for example_kubernetes_executor to None
[2021-12-13 07:39:54,483] {scheduler_job.py:190} INFO - Processing /home/airflow/.local/lib/python3.8/site-packages/airflow/example_dags/example_kubernetes_executor.py took 0.084 seconds
[2021-12-13 07:40:32,732] {scheduler_job.py:182} INFO - Started process (PID=37317) to work on /home/airflow/.local/lib/python3.8/site-packages/airflow/example_dags/example_kubernetes_executor.py
[2021-12-13 07:40:32,743] {scheduler_job.py:633} INFO - Processing file /home/airflow/.local/lib/python3.8/site-packages/airflow/example_dags/example_kubernetes_executor.py for tasks to queue
[2021-12-13 07:40:32,748] {logging_mixin.py:104} INFO - [2021-12-13 07:40:32,748] {dagbag.py:487} INFO - Filling up the DagBag from /home/airflow/.local/lib/python3.8/site-packages/airflow/example_dags/example_kubernetes_executor.py
[2021-12-13 07:40:32,790] {scheduler_job.py:643} INFO - DAG(s) dict_keys(['example_kubernetes_executor']) retrieved from /home/airflow/.local/lib/python3.8/site-packages/airflow/example_dags/example_kubernetes_executor.py
[2021-12-13 07:40:32,829] {logging_mixin.py:104} INFO - [2021-12-13 07:40:32,828] {dag.py:1832} INFO - Sync 1 DAGs
[2021-12-13 07:40:32,900] {logging_mixin.py:104} INFO - [2021-12-13 07:40:32,900] {dag.py:2305} INFO - Setting next_dagrun for example_kubernetes_executor to None
[2021-12-13 07:40:32,959] {scheduler_job.py:190} INFO - Processing /home/airflow/.local/lib/python3.8/site-packages/airflow/example_dags/example_kubernetes_executor.py took 0.247 seconds
[2021-12-13 07:41:13,091] {scheduler_job.py:182} INFO - Started process (PID=37460) to work on /home/airflow/.local/lib/python3.8/site-packages/airflow/example_dags/example_kubernetes_executor.py
[2021-12-13 07:41:13,101] {scheduler_job.py:633} INFO - Processing file /home/airflow/.local/lib/python3.8/site-packages/airflow/example_dags/example_kubernetes_executor.py for tasks to queue
[2021-12-13 07:41:13,112] {logging_mixin.py:104} INFO - [2021-12-13 07:41:13,112] {dagbag.py:487} INFO - Filling up the DagBag from /home/airflow/.local/lib/python3.8/site-packages/airflow/example_dags/example_kubernetes_executor.py
[2021-12-13 07:41:13,154] {scheduler_job.py:643} INFO - DAG(s) dict_keys(['example_kubernetes_executor']) retrieved from /home/airflow/.local/lib/python3.8/site-packages/airflow/example_dags/example_kubernetes_executor.py
[2021-12-13 07:41:13,232] {logging_mixin.py:104} INFO - [2021-12-13 07:41:13,232] {dag.py:1832} INFO - Sync 1 DAGs
[2021-12-13 07:41:13,267] {logging_mixin.py:104} INFO - [2021-12-13 07:41:13,267] {dag.py:2305} INFO - Setting next_dagrun for example_kubernetes_executor to None
[2021-12-13 07:41:13,317] {scheduler_job.py:190} INFO - Processing /home/airflow/.local/lib/python3.8/site-packages/airflow/example_dags/example_kubernetes_executor.py took 0.236 seconds
[2021-12-13 07:41:51,833] {scheduler_job.py:182} INFO - Started process (PID=37595) to work on /home/airflow/.local/lib/python3.8/site-packages/airflow/example_dags/example_kubernetes_executor.py
[2021-12-13 07:41:51,841] {scheduler_job.py:633} INFO - Processing file /home/airflow/.local/lib/python3.8/site-packages/airflow/example_dags/example_kubernetes_executor.py for tasks to queue
[2021-12-13 07:41:51,845] {logging_mixin.py:104} INFO - [2021-12-13 07:41:51,845] {dagbag.py:487} INFO - Filling up the DagBag from /home/airflow/.local/lib/python3.8/site-packages/airflow/example_dags/example_kubernetes_executor.py
[2021-12-13 07:41:51,881] {scheduler_job.py:643} INFO - DAG(s) dict_keys(['example_kubernetes_executor']) retrieved from /home/airflow/.local/lib/python3.8/site-packages/airflow/example_dags/example_kubernetes_executor.py
[2021-12-13 07:41:51,920] {logging_mixin.py:104} INFO - [2021-12-13 07:41:51,920] {dag.py:1832} INFO - Sync 1 DAGs
[2021-12-13 07:41:51,947] {logging_mixin.py:104} INFO - [2021-12-13 07:41:51,947] {dag.py:2305} INFO - Setting next_dagrun for example_kubernetes_executor to None
[2021-12-13 07:41:51,973] {scheduler_job.py:190} INFO - Processing /home/airflow/.local/lib/python3.8/site-packages/airflow/example_dags/example_kubernetes_executor.py took 0.142 seconds
[2021-12-13 07:42:34,536] {scheduler_job.py:182} INFO - Started process (PID=37745) to work on /home/airflow/.local/lib/python3.8/site-packages/airflow/example_dags/example_kubernetes_executor.py
[2021-12-13 07:42:34,539] {scheduler_job.py:633} INFO - Processing file /home/airflow/.local/lib/python3.8/site-packages/airflow/example_dags/example_kubernetes_executor.py for tasks to queue
[2021-12-13 07:42:34,545] {logging_mixin.py:104} INFO - [2021-12-13 07:42:34,545] {dagbag.py:487} INFO - Filling up the DagBag from /home/airflow/.local/lib/python3.8/site-packages/airflow/example_dags/example_kubernetes_executor.py
[2021-12-13 07:42:34,557] {scheduler_job.py:643} INFO - DAG(s) dict_keys(['example_kubernetes_executor']) retrieved from /home/airflow/.local/lib/python3.8/site-packages/airflow/example_dags/example_kubernetes_executor.py
[2021-12-13 07:42:34,572] {logging_mixin.py:104} INFO - [2021-12-13 07:42:34,572] {dag.py:1832} INFO - Sync 1 DAGs
[2021-12-13 07:42:34,591] {logging_mixin.py:104} INFO - [2021-12-13 07:42:34,591] {dag.py:2305} INFO - Setting next_dagrun for example_kubernetes_executor to None
[2021-12-13 07:42:34,620] {scheduler_job.py:190} INFO - Processing /home/airflow/.local/lib/python3.8/site-packages/airflow/example_dags/example_kubernetes_executor.py took 0.098 seconds
[2021-12-13 07:43:13,624] {scheduler_job.py:182} INFO - Started process (PID=37871) to work on /home/airflow/.local/lib/python3.8/site-packages/airflow/example_dags/example_kubernetes_executor.py
[2021-12-13 07:43:13,634] {scheduler_job.py:633} INFO - Processing file /home/airflow/.local/lib/python3.8/site-packages/airflow/example_dags/example_kubernetes_executor.py for tasks to queue
[2021-12-13 07:43:13,637] {logging_mixin.py:104} INFO - [2021-12-13 07:43:13,637] {dagbag.py:487} INFO - Filling up the DagBag from /home/airflow/.local/lib/python3.8/site-packages/airflow/example_dags/example_kubernetes_executor.py
[2021-12-13 07:43:13,672] {scheduler_job.py:643} INFO - DAG(s) dict_keys(['example_kubernetes_executor']) retrieved from /home/airflow/.local/lib/python3.8/site-packages/airflow/example_dags/example_kubernetes_executor.py
[2021-12-13 07:43:13,734] {logging_mixin.py:104} INFO - [2021-12-13 07:43:13,725] {dag.py:1832} INFO - Sync 1 DAGs
[2021-12-13 07:43:13,765] {logging_mixin.py:104} INFO - [2021-12-13 07:43:13,765] {dag.py:2305} INFO - Setting next_dagrun for example_kubernetes_executor to None
[2021-12-13 07:43:13,808] {scheduler_job.py:190} INFO - Processing /home/airflow/.local/lib/python3.8/site-packages/airflow/example_dags/example_kubernetes_executor.py took 0.186 seconds
[2021-12-13 07:43:56,051] {scheduler_job.py:182} INFO - Started process (PID=38007) to work on /home/airflow/.local/lib/python3.8/site-packages/airflow/example_dags/example_kubernetes_executor.py
[2021-12-13 07:43:56,056] {scheduler_job.py:633} INFO - Processing file /home/airflow/.local/lib/python3.8/site-packages/airflow/example_dags/example_kubernetes_executor.py for tasks to queue
[2021-12-13 07:43:56,059] {logging_mixin.py:104} INFO - [2021-12-13 07:43:56,059] {dagbag.py:487} INFO - Filling up the DagBag from /home/airflow/.local/lib/python3.8/site-packages/airflow/example_dags/example_kubernetes_executor.py
[2021-12-13 07:43:56,098] {scheduler_job.py:643} INFO - DAG(s) dict_keys(['example_kubernetes_executor']) retrieved from /home/airflow/.local/lib/python3.8/site-packages/airflow/example_dags/example_kubernetes_executor.py
[2021-12-13 07:43:56,128] {logging_mixin.py:104} INFO - [2021-12-13 07:43:56,128] {dag.py:1832} INFO - Sync 1 DAGs
[2021-12-13 07:43:56,155] {logging_mixin.py:104} INFO - [2021-12-13 07:43:56,155] {dag.py:2305} INFO - Setting next_dagrun for example_kubernetes_executor to None
[2021-12-13 07:43:56,197] {scheduler_job.py:190} INFO - Processing /home/airflow/.local/lib/python3.8/site-packages/airflow/example_dags/example_kubernetes_executor.py took 0.156 seconds
[2021-12-13 07:44:31,000] {scheduler_job.py:182} INFO - Started process (PID=38121) to work on /home/airflow/.local/lib/python3.8/site-packages/airflow/example_dags/example_kubernetes_executor.py
[2021-12-13 07:44:31,005] {scheduler_job.py:633} INFO - Processing file /home/airflow/.local/lib/python3.8/site-packages/airflow/example_dags/example_kubernetes_executor.py for tasks to queue
[2021-12-13 07:44:31,007] {logging_mixin.py:104} INFO - [2021-12-13 07:44:31,007] {dagbag.py:487} INFO - Filling up the DagBag from /home/airflow/.local/lib/python3.8/site-packages/airflow/example_dags/example_kubernetes_executor.py
[2021-12-13 07:44:31,026] {scheduler_job.py:643} INFO - DAG(s) dict_keys(['example_kubernetes_executor']) retrieved from /home/airflow/.local/lib/python3.8/site-packages/airflow/example_dags/example_kubernetes_executor.py
[2021-12-13 07:44:31,042] {logging_mixin.py:104} INFO - [2021-12-13 07:44:31,042] {dag.py:1832} INFO - Sync 1 DAGs
[2021-12-13 07:44:31,055] {logging_mixin.py:104} INFO - [2021-12-13 07:44:31,055] {dag.py:2305} INFO - Setting next_dagrun for example_kubernetes_executor to None
[2021-12-13 07:44:31,076] {scheduler_job.py:190} INFO - Processing /home/airflow/.local/lib/python3.8/site-packages/airflow/example_dags/example_kubernetes_executor.py took 0.087 seconds
[2021-12-13 07:45:14,874] {scheduler_job.py:182} INFO - Started process (PID=38356) to work on /home/airflow/.local/lib/python3.8/site-packages/airflow/example_dags/example_kubernetes_executor.py
[2021-12-13 07:45:14,887] {scheduler_job.py:633} INFO - Processing file /home/airflow/.local/lib/python3.8/site-packages/airflow/example_dags/example_kubernetes_executor.py for tasks to queue
[2021-12-13 07:45:14,889] {logging_mixin.py:104} INFO - [2021-12-13 07:45:14,889] {dagbag.py:487} INFO - Filling up the DagBag from /home/airflow/.local/lib/python3.8/site-packages/airflow/example_dags/example_kubernetes_executor.py
[2021-12-13 07:45:14,917] {scheduler_job.py:643} INFO - DAG(s) dict_keys(['example_kubernetes_executor']) retrieved from /home/airflow/.local/lib/python3.8/site-packages/airflow/example_dags/example_kubernetes_executor.py
[2021-12-13 07:45:14,975] {logging_mixin.py:104} INFO - [2021-12-13 07:45:14,975] {dag.py:1832} INFO - Sync 1 DAGs
[2021-12-13 07:45:15,004] {logging_mixin.py:104} INFO - [2021-12-13 07:45:15,004] {dag.py:2305} INFO - Setting next_dagrun for example_kubernetes_executor to None
[2021-12-13 07:45:15,043] {scheduler_job.py:190} INFO - Processing /home/airflow/.local/lib/python3.8/site-packages/airflow/example_dags/example_kubernetes_executor.py took 0.172 seconds
[2021-12-13 07:45:53,807] {scheduler_job.py:182} INFO - Started process (PID=38478) to work on /home/airflow/.local/lib/python3.8/site-packages/airflow/example_dags/example_kubernetes_executor.py
[2021-12-13 07:45:53,814] {scheduler_job.py:633} INFO - Processing file /home/airflow/.local/lib/python3.8/site-packages/airflow/example_dags/example_kubernetes_executor.py for tasks to queue
[2021-12-13 07:45:53,817] {logging_mixin.py:104} INFO - [2021-12-13 07:45:53,817] {dagbag.py:487} INFO - Filling up the DagBag from /home/airflow/.local/lib/python3.8/site-packages/airflow/example_dags/example_kubernetes_executor.py
[2021-12-13 07:45:53,847] {scheduler_job.py:643} INFO - DAG(s) dict_keys(['example_kubernetes_executor']) retrieved from /home/airflow/.local/lib/python3.8/site-packages/airflow/example_dags/example_kubernetes_executor.py
[2021-12-13 07:45:53,886] {logging_mixin.py:104} INFO - [2021-12-13 07:45:53,886] {dag.py:1832} INFO - Sync 1 DAGs
[2021-12-13 07:45:53,913] {logging_mixin.py:104} INFO - [2021-12-13 07:45:53,913] {dag.py:2305} INFO - Setting next_dagrun for example_kubernetes_executor to None
[2021-12-13 07:45:53,941] {scheduler_job.py:190} INFO - Processing /home/airflow/.local/lib/python3.8/site-packages/airflow/example_dags/example_kubernetes_executor.py took 0.137 seconds
[2021-12-13 07:46:31,934] {scheduler_job.py:182} INFO - Started process (PID=38606) to work on /home/airflow/.local/lib/python3.8/site-packages/airflow/example_dags/example_kubernetes_executor.py
[2021-12-13 07:46:31,941] {scheduler_job.py:633} INFO - Processing file /home/airflow/.local/lib/python3.8/site-packages/airflow/example_dags/example_kubernetes_executor.py for tasks to queue
[2021-12-13 07:46:31,943] {logging_mixin.py:104} INFO - [2021-12-13 07:46:31,943] {dagbag.py:487} INFO - Filling up the DagBag from /home/airflow/.local/lib/python3.8/site-packages/airflow/example_dags/example_kubernetes_executor.py
[2021-12-13 07:46:31,963] {scheduler_job.py:643} INFO - DAG(s) dict_keys(['example_kubernetes_executor']) retrieved from /home/airflow/.local/lib/python3.8/site-packages/airflow/example_dags/example_kubernetes_executor.py
[2021-12-13 07:46:32,000] {logging_mixin.py:104} INFO - [2021-12-13 07:46:32,000] {dag.py:1832} INFO - Sync 1 DAGs
[2021-12-13 07:46:32,032] {logging_mixin.py:104} INFO - [2021-12-13 07:46:32,032] {dag.py:2305} INFO - Setting next_dagrun for example_kubernetes_executor to None
[2021-12-13 07:46:32,072] {scheduler_job.py:190} INFO - Processing /home/airflow/.local/lib/python3.8/site-packages/airflow/example_dags/example_kubernetes_executor.py took 0.142 seconds
[2021-12-13 07:47:07,705] {scheduler_job.py:182} INFO - Started process (PID=38728) to work on /home/airflow/.local/lib/python3.8/site-packages/airflow/example_dags/example_kubernetes_executor.py
[2021-12-13 07:47:07,710] {scheduler_job.py:633} INFO - Processing file /home/airflow/.local/lib/python3.8/site-packages/airflow/example_dags/example_kubernetes_executor.py for tasks to queue
[2021-12-13 07:47:07,711] {logging_mixin.py:104} INFO - [2021-12-13 07:47:07,711] {dagbag.py:487} INFO - Filling up the DagBag from /home/airflow/.local/lib/python3.8/site-packages/airflow/example_dags/example_kubernetes_executor.py
[2021-12-13 07:47:07,764] {scheduler_job.py:643} INFO - DAG(s) dict_keys(['example_kubernetes_executor']) retrieved from /home/airflow/.local/lib/python3.8/site-packages/airflow/example_dags/example_kubernetes_executor.py
[2021-12-13 07:47:07,802] {logging_mixin.py:104} INFO - [2021-12-13 07:47:07,802] {dag.py:1832} INFO - Sync 1 DAGs
[2021-12-13 07:47:07,825] {logging_mixin.py:104} INFO - [2021-12-13 07:47:07,825] {dag.py:2305} INFO - Setting next_dagrun for example_kubernetes_executor to None
[2021-12-13 07:47:07,857] {scheduler_job.py:190} INFO - Processing /home/airflow/.local/lib/python3.8/site-packages/airflow/example_dags/example_kubernetes_executor.py took 0.155 seconds
[2021-12-13 07:47:43,879] {scheduler_job.py:182} INFO - Started process (PID=38845) to work on /home/airflow/.local/lib/python3.8/site-packages/airflow/example_dags/example_kubernetes_executor.py
[2021-12-13 07:47:43,882] {scheduler_job.py:633} INFO - Processing file /home/airflow/.local/lib/python3.8/site-packages/airflow/example_dags/example_kubernetes_executor.py for tasks to queue
[2021-12-13 07:47:43,886] {logging_mixin.py:104} INFO - [2021-12-13 07:47:43,886] {dagbag.py:487} INFO - Filling up the DagBag from /home/airflow/.local/lib/python3.8/site-packages/airflow/example_dags/example_kubernetes_executor.py
[2021-12-13 07:47:43,901] {scheduler_job.py:643} INFO - DAG(s) dict_keys(['example_kubernetes_executor']) retrieved from /home/airflow/.local/lib/python3.8/site-packages/airflow/example_dags/example_kubernetes_executor.py
[2021-12-13 07:47:43,919] {logging_mixin.py:104} INFO - [2021-12-13 07:47:43,919] {dag.py:1832} INFO - Sync 1 DAGs
[2021-12-13 07:47:43,933] {logging_mixin.py:104} INFO - [2021-12-13 07:47:43,933] {dag.py:2305} INFO - Setting next_dagrun for example_kubernetes_executor to None
[2021-12-13 07:47:43,957] {scheduler_job.py:190} INFO - Processing /home/airflow/.local/lib/python3.8/site-packages/airflow/example_dags/example_kubernetes_executor.py took 0.081 seconds
[2021-12-13 07:48:24,557] {scheduler_job.py:182} INFO - Started process (PID=38988) to work on /home/airflow/.local/lib/python3.8/site-packages/airflow/example_dags/example_kubernetes_executor.py
[2021-12-13 07:48:24,565] {scheduler_job.py:633} INFO - Processing file /home/airflow/.local/lib/python3.8/site-packages/airflow/example_dags/example_kubernetes_executor.py for tasks to queue
[2021-12-13 07:48:24,570] {logging_mixin.py:104} INFO - [2021-12-13 07:48:24,570] {dagbag.py:487} INFO - Filling up the DagBag from /home/airflow/.local/lib/python3.8/site-packages/airflow/example_dags/example_kubernetes_executor.py
[2021-12-13 07:48:24,605] {scheduler_job.py:643} INFO - DAG(s) dict_keys(['example_kubernetes_executor']) retrieved from /home/airflow/.local/lib/python3.8/site-packages/airflow/example_dags/example_kubernetes_executor.py
[2021-12-13 07:48:24,639] {logging_mixin.py:104} INFO - [2021-12-13 07:48:24,639] {dag.py:1832} INFO - Sync 1 DAGs
[2021-12-13 07:48:24,670] {logging_mixin.py:104} INFO - [2021-12-13 07:48:24,670] {dag.py:2305} INFO - Setting next_dagrun for example_kubernetes_executor to None
[2021-12-13 07:48:24,701] {scheduler_job.py:190} INFO - Processing /home/airflow/.local/lib/python3.8/site-packages/airflow/example_dags/example_kubernetes_executor.py took 0.161 seconds
[2021-12-13 07:49:03,260] {scheduler_job.py:182} INFO - Started process (PID=39137) to work on /home/airflow/.local/lib/python3.8/site-packages/airflow/example_dags/example_kubernetes_executor.py
[2021-12-13 07:49:03,279] {scheduler_job.py:633} INFO - Processing file /home/airflow/.local/lib/python3.8/site-packages/airflow/example_dags/example_kubernetes_executor.py for tasks to queue
[2021-12-13 07:49:03,282] {logging_mixin.py:104} INFO - [2021-12-13 07:49:03,282] {dagbag.py:487} INFO - Filling up the DagBag from /home/airflow/.local/lib/python3.8/site-packages/airflow/example_dags/example_kubernetes_executor.py
[2021-12-13 07:49:03,311] {scheduler_job.py:643} INFO - DAG(s) dict_keys(['example_kubernetes_executor']) retrieved from /home/airflow/.local/lib/python3.8/site-packages/airflow/example_dags/example_kubernetes_executor.py
[2021-12-13 07:49:03,348] {logging_mixin.py:104} INFO - [2021-12-13 07:49:03,348] {dag.py:1832} INFO - Sync 1 DAGs
[2021-12-13 07:49:03,383] {logging_mixin.py:104} INFO - [2021-12-13 07:49:03,383] {dag.py:2305} INFO - Setting next_dagrun for example_kubernetes_executor to None
[2021-12-13 07:49:03,425] {scheduler_job.py:190} INFO - Processing /home/airflow/.local/lib/python3.8/site-packages/airflow/example_dags/example_kubernetes_executor.py took 0.168 seconds
[2021-12-13 07:49:41,280] {scheduler_job.py:182} INFO - Started process (PID=39311) to work on /home/airflow/.local/lib/python3.8/site-packages/airflow/example_dags/example_kubernetes_executor.py
[2021-12-13 07:49:41,285] {scheduler_job.py:633} INFO - Processing file /home/airflow/.local/lib/python3.8/site-packages/airflow/example_dags/example_kubernetes_executor.py for tasks to queue
[2021-12-13 07:49:41,285] {logging_mixin.py:104} INFO - [2021-12-13 07:49:41,285] {dagbag.py:487} INFO - Filling up the DagBag from /home/airflow/.local/lib/python3.8/site-packages/airflow/example_dags/example_kubernetes_executor.py
[2021-12-13 07:49:41,304] {scheduler_job.py:643} INFO - DAG(s) dict_keys(['example_kubernetes_executor']) retrieved from /home/airflow/.local/lib/python3.8/site-packages/airflow/example_dags/example_kubernetes_executor.py
[2021-12-13 07:49:41,321] {logging_mixin.py:104} INFO - [2021-12-13 07:49:41,321] {dag.py:1832} INFO - Sync 1 DAGs
[2021-12-13 07:49:41,336] {logging_mixin.py:104} INFO - [2021-12-13 07:49:41,336] {dag.py:2305} INFO - Setting next_dagrun for example_kubernetes_executor to None
[2021-12-13 07:49:41,365] {scheduler_job.py:190} INFO - Processing /home/airflow/.local/lib/python3.8/site-packages/airflow/example_dags/example_kubernetes_executor.py took 0.087 seconds
