[2021-12-13 07:35:28,725] {scheduler_job.py:182} INFO - Started process (PID=35761) to work on /home/airflow/.local/lib/python3.8/site-packages/airflow/example_dags/example_dag_decorator.py
[2021-12-13 07:35:28,728] {scheduler_job.py:633} INFO - Processing file /home/airflow/.local/lib/python3.8/site-packages/airflow/example_dags/example_dag_decorator.py for tasks to queue
[2021-12-13 07:35:28,732] {logging_mixin.py:104} INFO - [2021-12-13 07:35:28,732] {dagbag.py:487} INFO - Filling up the DagBag from /home/airflow/.local/lib/python3.8/site-packages/airflow/example_dags/example_dag_decorator.py
[2021-12-13 07:35:28,754] {scheduler_job.py:643} INFO - DAG(s) dict_keys(['example_dag_decorator']) retrieved from /home/airflow/.local/lib/python3.8/site-packages/airflow/example_dags/example_dag_decorator.py
[2021-12-13 07:35:29,130] {logging_mixin.py:104} INFO - [2021-12-13 07:35:29,130] {dag.py:1832} INFO - Sync 1 DAGs
[2021-12-13 07:35:29,139] {logging_mixin.py:104} INFO - [2021-12-13 07:35:29,138] {dag.py:2305} INFO - Setting next_dagrun for example_dag_decorator to None
[2021-12-13 07:35:29,171] {scheduler_job.py:190} INFO - Processing /home/airflow/.local/lib/python3.8/site-packages/airflow/example_dags/example_dag_decorator.py took 0.449 seconds
[2021-12-13 07:36:07,200] {scheduler_job.py:182} INFO - Started process (PID=35938) to work on /home/airflow/.local/lib/python3.8/site-packages/airflow/example_dags/example_dag_decorator.py
[2021-12-13 07:36:07,223] {scheduler_job.py:633} INFO - Processing file /home/airflow/.local/lib/python3.8/site-packages/airflow/example_dags/example_dag_decorator.py for tasks to queue
[2021-12-13 07:36:07,226] {logging_mixin.py:104} INFO - [2021-12-13 07:36:07,226] {dagbag.py:487} INFO - Filling up the DagBag from /home/airflow/.local/lib/python3.8/site-packages/airflow/example_dags/example_dag_decorator.py
[2021-12-13 07:36:07,313] {scheduler_job.py:643} INFO - DAG(s) dict_keys(['example_dag_decorator']) retrieved from /home/airflow/.local/lib/python3.8/site-packages/airflow/example_dags/example_dag_decorator.py
[2021-12-13 07:36:08,924] {logging_mixin.py:104} INFO - [2021-12-13 07:36:08,924] {dag.py:1832} INFO - Sync 1 DAGs
[2021-12-13 07:36:08,971] {logging_mixin.py:104} INFO - [2021-12-13 07:36:08,971] {dag.py:2305} INFO - Setting next_dagrun for example_dag_decorator to None
[2021-12-13 07:36:09,033] {scheduler_job.py:190} INFO - Processing /home/airflow/.local/lib/python3.8/site-packages/airflow/example_dags/example_dag_decorator.py took 1.845 seconds
[2021-12-13 07:36:42,694] {scheduler_job.py:182} INFO - Started process (PID=36087) to work on /home/airflow/.local/lib/python3.8/site-packages/airflow/example_dags/example_dag_decorator.py
[2021-12-13 07:36:42,698] {scheduler_job.py:633} INFO - Processing file /home/airflow/.local/lib/python3.8/site-packages/airflow/example_dags/example_dag_decorator.py for tasks to queue
[2021-12-13 07:36:42,702] {logging_mixin.py:104} INFO - [2021-12-13 07:36:42,702] {dagbag.py:487} INFO - Filling up the DagBag from /home/airflow/.local/lib/python3.8/site-packages/airflow/example_dags/example_dag_decorator.py
[2021-12-13 07:36:42,721] {scheduler_job.py:643} INFO - DAG(s) dict_keys(['example_dag_decorator']) retrieved from /home/airflow/.local/lib/python3.8/site-packages/airflow/example_dags/example_dag_decorator.py
[2021-12-13 07:36:43,005] {logging_mixin.py:104} INFO - [2021-12-13 07:36:43,005] {dag.py:1832} INFO - Sync 1 DAGs
[2021-12-13 07:36:43,016] {logging_mixin.py:104} INFO - [2021-12-13 07:36:43,016] {dag.py:2305} INFO - Setting next_dagrun for example_dag_decorator to None
[2021-12-13 07:36:43,048] {scheduler_job.py:190} INFO - Processing /home/airflow/.local/lib/python3.8/site-packages/airflow/example_dags/example_dag_decorator.py took 0.357 seconds
[2021-12-13 07:37:15,367] {scheduler_job.py:182} INFO - Started process (PID=36243) to work on /home/airflow/.local/lib/python3.8/site-packages/airflow/example_dags/example_dag_decorator.py
[2021-12-13 07:37:15,371] {scheduler_job.py:633} INFO - Processing file /home/airflow/.local/lib/python3.8/site-packages/airflow/example_dags/example_dag_decorator.py for tasks to queue
[2021-12-13 07:37:15,374] {logging_mixin.py:104} INFO - [2021-12-13 07:37:15,374] {dagbag.py:487} INFO - Filling up the DagBag from /home/airflow/.local/lib/python3.8/site-packages/airflow/example_dags/example_dag_decorator.py
[2021-12-13 07:37:15,395] {scheduler_job.py:643} INFO - DAG(s) dict_keys(['example_dag_decorator']) retrieved from /home/airflow/.local/lib/python3.8/site-packages/airflow/example_dags/example_dag_decorator.py
[2021-12-13 07:37:15,850] {logging_mixin.py:104} INFO - [2021-12-13 07:37:15,849] {dag.py:1832} INFO - Sync 1 DAGs
[2021-12-13 07:37:15,858] {logging_mixin.py:104} INFO - [2021-12-13 07:37:15,858] {dag.py:2305} INFO - Setting next_dagrun for example_dag_decorator to None
[2021-12-13 07:37:15,889] {scheduler_job.py:190} INFO - Processing /home/airflow/.local/lib/python3.8/site-packages/airflow/example_dags/example_dag_decorator.py took 0.524 seconds
[2021-12-13 07:37:50,700] {scheduler_job.py:182} INFO - Started process (PID=36377) to work on /home/airflow/.local/lib/python3.8/site-packages/airflow/example_dags/example_dag_decorator.py
[2021-12-13 07:37:50,703] {scheduler_job.py:633} INFO - Processing file /home/airflow/.local/lib/python3.8/site-packages/airflow/example_dags/example_dag_decorator.py for tasks to queue
[2021-12-13 07:37:50,704] {logging_mixin.py:104} INFO - [2021-12-13 07:37:50,704] {dagbag.py:487} INFO - Filling up the DagBag from /home/airflow/.local/lib/python3.8/site-packages/airflow/example_dags/example_dag_decorator.py
[2021-12-13 07:37:50,728] {scheduler_job.py:643} INFO - DAG(s) dict_keys(['example_dag_decorator']) retrieved from /home/airflow/.local/lib/python3.8/site-packages/airflow/example_dags/example_dag_decorator.py
[2021-12-13 07:37:51,034] {logging_mixin.py:104} INFO - [2021-12-13 07:37:51,034] {dag.py:1832} INFO - Sync 1 DAGs
[2021-12-13 07:37:51,048] {logging_mixin.py:104} INFO - [2021-12-13 07:37:51,048] {dag.py:2305} INFO - Setting next_dagrun for example_dag_decorator to None
[2021-12-13 07:37:51,076] {scheduler_job.py:190} INFO - Processing /home/airflow/.local/lib/python3.8/site-packages/airflow/example_dags/example_dag_decorator.py took 0.379 seconds
[2021-12-13 07:38:25,632] {scheduler_job.py:182} INFO - Started process (PID=36540) to work on /home/airflow/.local/lib/python3.8/site-packages/airflow/example_dags/example_dag_decorator.py
[2021-12-13 07:38:25,636] {scheduler_job.py:633} INFO - Processing file /home/airflow/.local/lib/python3.8/site-packages/airflow/example_dags/example_dag_decorator.py for tasks to queue
[2021-12-13 07:38:25,639] {logging_mixin.py:104} INFO - [2021-12-13 07:38:25,639] {dagbag.py:487} INFO - Filling up the DagBag from /home/airflow/.local/lib/python3.8/site-packages/airflow/example_dags/example_dag_decorator.py
[2021-12-13 07:38:25,679] {scheduler_job.py:643} INFO - DAG(s) dict_keys(['example_dag_decorator']) retrieved from /home/airflow/.local/lib/python3.8/site-packages/airflow/example_dags/example_dag_decorator.py
[2021-12-13 07:38:26,034] {logging_mixin.py:104} INFO - [2021-12-13 07:38:26,034] {dag.py:1832} INFO - Sync 1 DAGs
[2021-12-13 07:38:26,044] {logging_mixin.py:104} INFO - [2021-12-13 07:38:26,044] {dag.py:2305} INFO - Setting next_dagrun for example_dag_decorator to None
[2021-12-13 07:38:26,072] {scheduler_job.py:190} INFO - Processing /home/airflow/.local/lib/python3.8/site-packages/airflow/example_dags/example_dag_decorator.py took 0.462 seconds
[2021-12-13 07:39:00,356] {scheduler_job.py:182} INFO - Started process (PID=36766) to work on /home/airflow/.local/lib/python3.8/site-packages/airflow/example_dags/example_dag_decorator.py
[2021-12-13 07:39:00,365] {scheduler_job.py:633} INFO - Processing file /home/airflow/.local/lib/python3.8/site-packages/airflow/example_dags/example_dag_decorator.py for tasks to queue
[2021-12-13 07:39:00,370] {logging_mixin.py:104} INFO - [2021-12-13 07:39:00,370] {dagbag.py:487} INFO - Filling up the DagBag from /home/airflow/.local/lib/python3.8/site-packages/airflow/example_dags/example_dag_decorator.py
[2021-12-13 07:39:00,393] {scheduler_job.py:643} INFO - DAG(s) dict_keys(['example_dag_decorator']) retrieved from /home/airflow/.local/lib/python3.8/site-packages/airflow/example_dags/example_dag_decorator.py
[2021-12-13 07:39:00,715] {logging_mixin.py:104} INFO - [2021-12-13 07:39:00,714] {dag.py:1832} INFO - Sync 1 DAGs
[2021-12-13 07:39:00,728] {logging_mixin.py:104} INFO - [2021-12-13 07:39:00,728] {dag.py:2305} INFO - Setting next_dagrun for example_dag_decorator to None
[2021-12-13 07:39:00,760] {scheduler_job.py:190} INFO - Processing /home/airflow/.local/lib/python3.8/site-packages/airflow/example_dags/example_dag_decorator.py took 0.411 seconds
[2021-12-13 07:39:35,100] {scheduler_job.py:182} INFO - Started process (PID=36986) to work on /home/airflow/.local/lib/python3.8/site-packages/airflow/example_dags/example_dag_decorator.py
[2021-12-13 07:39:35,104] {scheduler_job.py:633} INFO - Processing file /home/airflow/.local/lib/python3.8/site-packages/airflow/example_dags/example_dag_decorator.py for tasks to queue
[2021-12-13 07:39:35,104] {logging_mixin.py:104} INFO - [2021-12-13 07:39:35,104] {dagbag.py:487} INFO - Filling up the DagBag from /home/airflow/.local/lib/python3.8/site-packages/airflow/example_dags/example_dag_decorator.py
[2021-12-13 07:39:35,125] {scheduler_job.py:643} INFO - DAG(s) dict_keys(['example_dag_decorator']) retrieved from /home/airflow/.local/lib/python3.8/site-packages/airflow/example_dags/example_dag_decorator.py
[2021-12-13 07:39:35,407] {logging_mixin.py:104} INFO - [2021-12-13 07:39:35,407] {dag.py:1832} INFO - Sync 1 DAGs
[2021-12-13 07:39:35,420] {logging_mixin.py:104} INFO - [2021-12-13 07:39:35,420] {dag.py:2305} INFO - Setting next_dagrun for example_dag_decorator to None
[2021-12-13 07:39:35,450] {scheduler_job.py:190} INFO - Processing /home/airflow/.local/lib/python3.8/site-packages/airflow/example_dags/example_dag_decorator.py took 0.353 seconds
[2021-12-13 07:40:12,932] {scheduler_job.py:182} INFO - Started process (PID=37249) to work on /home/airflow/.local/lib/python3.8/site-packages/airflow/example_dags/example_dag_decorator.py
[2021-12-13 07:40:12,935] {scheduler_job.py:633} INFO - Processing file /home/airflow/.local/lib/python3.8/site-packages/airflow/example_dags/example_dag_decorator.py for tasks to queue
[2021-12-13 07:40:12,936] {logging_mixin.py:104} INFO - [2021-12-13 07:40:12,936] {dagbag.py:487} INFO - Filling up the DagBag from /home/airflow/.local/lib/python3.8/site-packages/airflow/example_dags/example_dag_decorator.py
[2021-12-13 07:40:13,018] {scheduler_job.py:643} INFO - DAG(s) dict_keys(['example_dag_decorator']) retrieved from /home/airflow/.local/lib/python3.8/site-packages/airflow/example_dags/example_dag_decorator.py
[2021-12-13 07:40:13,882] {logging_mixin.py:104} INFO - [2021-12-13 07:40:13,882] {dag.py:1832} INFO - Sync 1 DAGs
[2021-12-13 07:40:13,906] {logging_mixin.py:104} INFO - [2021-12-13 07:40:13,902] {dag.py:2305} INFO - Setting next_dagrun for example_dag_decorator to None
[2021-12-13 07:40:13,949] {scheduler_job.py:190} INFO - Processing /home/airflow/.local/lib/python3.8/site-packages/airflow/example_dags/example_dag_decorator.py took 1.032 seconds
[2021-12-13 07:41:03,051] {scheduler_job.py:182} INFO - Started process (PID=37424) to work on /home/airflow/.local/lib/python3.8/site-packages/airflow/example_dags/example_dag_decorator.py
[2021-12-13 07:41:03,054] {scheduler_job.py:633} INFO - Processing file /home/airflow/.local/lib/python3.8/site-packages/airflow/example_dags/example_dag_decorator.py for tasks to queue
[2021-12-13 07:41:03,067] {logging_mixin.py:104} INFO - [2021-12-13 07:41:03,067] {dagbag.py:487} INFO - Filling up the DagBag from /home/airflow/.local/lib/python3.8/site-packages/airflow/example_dags/example_dag_decorator.py
[2021-12-13 07:41:03,196] {scheduler_job.py:643} INFO - DAG(s) dict_keys(['example_dag_decorator']) retrieved from /home/airflow/.local/lib/python3.8/site-packages/airflow/example_dags/example_dag_decorator.py
[2021-12-13 07:41:04,107] {logging_mixin.py:104} INFO - [2021-12-13 07:41:04,106] {dag.py:1832} INFO - Sync 1 DAGs
[2021-12-13 07:41:04,128] {logging_mixin.py:104} INFO - [2021-12-13 07:41:04,128] {dag.py:2305} INFO - Setting next_dagrun for example_dag_decorator to None
[2021-12-13 07:41:04,183] {scheduler_job.py:190} INFO - Processing /home/airflow/.local/lib/python3.8/site-packages/airflow/example_dags/example_dag_decorator.py took 1.158 seconds
[2021-12-13 07:41:53,135] {scheduler_job.py:182} INFO - Started process (PID=37602) to work on /home/airflow/.local/lib/python3.8/site-packages/airflow/example_dags/example_dag_decorator.py
[2021-12-13 07:41:53,141] {scheduler_job.py:633} INFO - Processing file /home/airflow/.local/lib/python3.8/site-packages/airflow/example_dags/example_dag_decorator.py for tasks to queue
[2021-12-13 07:41:53,144] {logging_mixin.py:104} INFO - [2021-12-13 07:41:53,144] {dagbag.py:487} INFO - Filling up the DagBag from /home/airflow/.local/lib/python3.8/site-packages/airflow/example_dags/example_dag_decorator.py
[2021-12-13 07:41:53,177] {scheduler_job.py:643} INFO - DAG(s) dict_keys(['example_dag_decorator']) retrieved from /home/airflow/.local/lib/python3.8/site-packages/airflow/example_dags/example_dag_decorator.py
[2021-12-13 07:41:53,945] {logging_mixin.py:104} INFO - [2021-12-13 07:41:53,945] {dag.py:1832} INFO - Sync 1 DAGs
[2021-12-13 07:41:53,969] {logging_mixin.py:104} INFO - [2021-12-13 07:41:53,969] {dag.py:2305} INFO - Setting next_dagrun for example_dag_decorator to None
[2021-12-13 07:41:54,037] {scheduler_job.py:190} INFO - Processing /home/airflow/.local/lib/python3.8/site-packages/airflow/example_dags/example_dag_decorator.py took 0.908 seconds
[2021-12-13 07:42:35,692] {scheduler_job.py:182} INFO - Started process (PID=37746) to work on /home/airflow/.local/lib/python3.8/site-packages/airflow/example_dags/example_dag_decorator.py
[2021-12-13 07:42:35,696] {scheduler_job.py:633} INFO - Processing file /home/airflow/.local/lib/python3.8/site-packages/airflow/example_dags/example_dag_decorator.py for tasks to queue
[2021-12-13 07:42:35,696] {logging_mixin.py:104} INFO - [2021-12-13 07:42:35,696] {dagbag.py:487} INFO - Filling up the DagBag from /home/airflow/.local/lib/python3.8/site-packages/airflow/example_dags/example_dag_decorator.py
[2021-12-13 07:42:35,737] {scheduler_job.py:643} INFO - DAG(s) dict_keys(['example_dag_decorator']) retrieved from /home/airflow/.local/lib/python3.8/site-packages/airflow/example_dags/example_dag_decorator.py
[2021-12-13 07:42:36,291] {logging_mixin.py:104} INFO - [2021-12-13 07:42:36,291] {dag.py:1832} INFO - Sync 1 DAGs
[2021-12-13 07:42:36,355] {logging_mixin.py:104} INFO - [2021-12-13 07:42:36,355] {dag.py:2305} INFO - Setting next_dagrun for example_dag_decorator to None
[2021-12-13 07:42:36,409] {scheduler_job.py:190} INFO - Processing /home/airflow/.local/lib/python3.8/site-packages/airflow/example_dags/example_dag_decorator.py took 0.724 seconds
[2021-12-13 07:43:17,828] {scheduler_job.py:182} INFO - Started process (PID=37883) to work on /home/airflow/.local/lib/python3.8/site-packages/airflow/example_dags/example_dag_decorator.py
[2021-12-13 07:43:17,837] {scheduler_job.py:633} INFO - Processing file /home/airflow/.local/lib/python3.8/site-packages/airflow/example_dags/example_dag_decorator.py for tasks to queue
[2021-12-13 07:43:17,842] {logging_mixin.py:104} INFO - [2021-12-13 07:43:17,842] {dagbag.py:487} INFO - Filling up the DagBag from /home/airflow/.local/lib/python3.8/site-packages/airflow/example_dags/example_dag_decorator.py
[2021-12-13 07:43:17,904] {scheduler_job.py:643} INFO - DAG(s) dict_keys(['example_dag_decorator']) retrieved from /home/airflow/.local/lib/python3.8/site-packages/airflow/example_dags/example_dag_decorator.py
[2021-12-13 07:43:18,824] {logging_mixin.py:104} INFO - [2021-12-13 07:43:18,824] {dag.py:1832} INFO - Sync 1 DAGs
[2021-12-13 07:43:18,834] {logging_mixin.py:104} INFO - [2021-12-13 07:43:18,833] {dag.py:2305} INFO - Setting next_dagrun for example_dag_decorator to None
[2021-12-13 07:43:18,858] {scheduler_job.py:190} INFO - Processing /home/airflow/.local/lib/python3.8/site-packages/airflow/example_dags/example_dag_decorator.py took 1.045 seconds
[2021-12-13 07:43:58,934] {scheduler_job.py:182} INFO - Started process (PID=38016) to work on /home/airflow/.local/lib/python3.8/site-packages/airflow/example_dags/example_dag_decorator.py
[2021-12-13 07:43:58,939] {scheduler_job.py:633} INFO - Processing file /home/airflow/.local/lib/python3.8/site-packages/airflow/example_dags/example_dag_decorator.py for tasks to queue
[2021-12-13 07:43:58,946] {logging_mixin.py:104} INFO - [2021-12-13 07:43:58,946] {dagbag.py:487} INFO - Filling up the DagBag from /home/airflow/.local/lib/python3.8/site-packages/airflow/example_dags/example_dag_decorator.py
[2021-12-13 07:43:58,987] {scheduler_job.py:643} INFO - DAG(s) dict_keys(['example_dag_decorator']) retrieved from /home/airflow/.local/lib/python3.8/site-packages/airflow/example_dags/example_dag_decorator.py
[2021-12-13 07:43:59,765] {logging_mixin.py:104} INFO - [2021-12-13 07:43:59,765] {dag.py:1832} INFO - Sync 1 DAGs
[2021-12-13 07:43:59,786] {logging_mixin.py:104} INFO - [2021-12-13 07:43:59,786] {dag.py:2305} INFO - Setting next_dagrun for example_dag_decorator to None
[2021-12-13 07:43:59,827] {scheduler_job.py:190} INFO - Processing /home/airflow/.local/lib/python3.8/site-packages/airflow/example_dags/example_dag_decorator.py took 0.893 seconds
[2021-12-13 07:44:39,746] {scheduler_job.py:182} INFO - Started process (PID=38153) to work on /home/airflow/.local/lib/python3.8/site-packages/airflow/example_dags/example_dag_decorator.py
[2021-12-13 07:44:39,750] {scheduler_job.py:633} INFO - Processing file /home/airflow/.local/lib/python3.8/site-packages/airflow/example_dags/example_dag_decorator.py for tasks to queue
[2021-12-13 07:44:39,754] {logging_mixin.py:104} INFO - [2021-12-13 07:44:39,754] {dagbag.py:487} INFO - Filling up the DagBag from /home/airflow/.local/lib/python3.8/site-packages/airflow/example_dags/example_dag_decorator.py
[2021-12-13 07:44:39,775] {scheduler_job.py:643} INFO - DAG(s) dict_keys(['example_dag_decorator']) retrieved from /home/airflow/.local/lib/python3.8/site-packages/airflow/example_dags/example_dag_decorator.py
[2021-12-13 07:44:40,072] {logging_mixin.py:104} INFO - [2021-12-13 07:44:40,072] {dag.py:1832} INFO - Sync 1 DAGs
[2021-12-13 07:44:40,084] {logging_mixin.py:104} INFO - [2021-12-13 07:44:40,084] {dag.py:2305} INFO - Setting next_dagrun for example_dag_decorator to None
[2021-12-13 07:44:40,108] {scheduler_job.py:190} INFO - Processing /home/airflow/.local/lib/python3.8/site-packages/airflow/example_dags/example_dag_decorator.py took 0.364 seconds
[2021-12-13 07:45:27,323] {scheduler_job.py:182} INFO - Started process (PID=38397) to work on /home/airflow/.local/lib/python3.8/site-packages/airflow/example_dags/example_dag_decorator.py
[2021-12-13 07:45:27,333] {scheduler_job.py:633} INFO - Processing file /home/airflow/.local/lib/python3.8/site-packages/airflow/example_dags/example_dag_decorator.py for tasks to queue
[2021-12-13 07:45:27,338] {logging_mixin.py:104} INFO - [2021-12-13 07:45:27,338] {dagbag.py:487} INFO - Filling up the DagBag from /home/airflow/.local/lib/python3.8/site-packages/airflow/example_dags/example_dag_decorator.py
[2021-12-13 07:45:27,366] {scheduler_job.py:643} INFO - DAG(s) dict_keys(['example_dag_decorator']) retrieved from /home/airflow/.local/lib/python3.8/site-packages/airflow/example_dags/example_dag_decorator.py
[2021-12-13 07:45:27,667] {logging_mixin.py:104} INFO - [2021-12-13 07:45:27,667] {dag.py:1832} INFO - Sync 1 DAGs
[2021-12-13 07:45:27,675] {logging_mixin.py:104} INFO - [2021-12-13 07:45:27,675] {dag.py:2305} INFO - Setting next_dagrun for example_dag_decorator to None
[2021-12-13 07:45:27,700] {scheduler_job.py:190} INFO - Processing /home/airflow/.local/lib/python3.8/site-packages/airflow/example_dags/example_dag_decorator.py took 0.386 seconds
[2021-12-13 07:46:05,554] {scheduler_job.py:182} INFO - Started process (PID=38519) to work on /home/airflow/.local/lib/python3.8/site-packages/airflow/example_dags/example_dag_decorator.py
[2021-12-13 07:46:05,561] {scheduler_job.py:633} INFO - Processing file /home/airflow/.local/lib/python3.8/site-packages/airflow/example_dags/example_dag_decorator.py for tasks to queue
[2021-12-13 07:46:05,565] {logging_mixin.py:104} INFO - [2021-12-13 07:46:05,565] {dagbag.py:487} INFO - Filling up the DagBag from /home/airflow/.local/lib/python3.8/site-packages/airflow/example_dags/example_dag_decorator.py
[2021-12-13 07:46:05,609] {scheduler_job.py:643} INFO - DAG(s) dict_keys(['example_dag_decorator']) retrieved from /home/airflow/.local/lib/python3.8/site-packages/airflow/example_dags/example_dag_decorator.py
[2021-12-13 07:46:06,003] {logging_mixin.py:104} INFO - [2021-12-13 07:46:06,003] {dag.py:1832} INFO - Sync 1 DAGs
[2021-12-13 07:46:06,022] {logging_mixin.py:104} INFO - [2021-12-13 07:46:06,022] {dag.py:2305} INFO - Setting next_dagrun for example_dag_decorator to None
[2021-12-13 07:46:06,057] {scheduler_job.py:190} INFO - Processing /home/airflow/.local/lib/python3.8/site-packages/airflow/example_dags/example_dag_decorator.py took 0.509 seconds
[2021-12-13 07:46:43,402] {scheduler_job.py:182} INFO - Started process (PID=38647) to work on /home/airflow/.local/lib/python3.8/site-packages/airflow/example_dags/example_dag_decorator.py
[2021-12-13 07:46:43,406] {scheduler_job.py:633} INFO - Processing file /home/airflow/.local/lib/python3.8/site-packages/airflow/example_dags/example_dag_decorator.py for tasks to queue
[2021-12-13 07:46:43,410] {logging_mixin.py:104} INFO - [2021-12-13 07:46:43,410] {dagbag.py:487} INFO - Filling up the DagBag from /home/airflow/.local/lib/python3.8/site-packages/airflow/example_dags/example_dag_decorator.py
[2021-12-13 07:46:43,468] {scheduler_job.py:643} INFO - DAG(s) dict_keys(['example_dag_decorator']) retrieved from /home/airflow/.local/lib/python3.8/site-packages/airflow/example_dags/example_dag_decorator.py
[2021-12-13 07:46:44,207] {logging_mixin.py:104} INFO - [2021-12-13 07:46:44,207] {dag.py:1832} INFO - Sync 1 DAGs
[2021-12-13 07:46:44,232] {logging_mixin.py:104} INFO - [2021-12-13 07:46:44,232] {dag.py:2305} INFO - Setting next_dagrun for example_dag_decorator to None
[2021-12-13 07:46:44,280] {scheduler_job.py:190} INFO - Processing /home/airflow/.local/lib/python3.8/site-packages/airflow/example_dags/example_dag_decorator.py took 0.884 seconds
[2021-12-13 07:47:19,949] {scheduler_job.py:182} INFO - Started process (PID=38771) to work on /home/airflow/.local/lib/python3.8/site-packages/airflow/example_dags/example_dag_decorator.py
[2021-12-13 07:47:19,954] {scheduler_job.py:633} INFO - Processing file /home/airflow/.local/lib/python3.8/site-packages/airflow/example_dags/example_dag_decorator.py for tasks to queue
[2021-12-13 07:47:19,959] {logging_mixin.py:104} INFO - [2021-12-13 07:47:19,959] {dagbag.py:487} INFO - Filling up the DagBag from /home/airflow/.local/lib/python3.8/site-packages/airflow/example_dags/example_dag_decorator.py
[2021-12-13 07:47:19,978] {scheduler_job.py:643} INFO - DAG(s) dict_keys(['example_dag_decorator']) retrieved from /home/airflow/.local/lib/python3.8/site-packages/airflow/example_dags/example_dag_decorator.py
[2021-12-13 07:47:20,284] {logging_mixin.py:104} INFO - [2021-12-13 07:47:20,284] {dag.py:1832} INFO - Sync 1 DAGs
[2021-12-13 07:47:20,295] {logging_mixin.py:104} INFO - [2021-12-13 07:47:20,295] {dag.py:2305} INFO - Setting next_dagrun for example_dag_decorator to None
[2021-12-13 07:47:20,317] {scheduler_job.py:190} INFO - Processing /home/airflow/.local/lib/python3.8/site-packages/airflow/example_dags/example_dag_decorator.py took 0.370 seconds
[2021-12-13 07:48:01,790] {scheduler_job.py:182} INFO - Started process (PID=38907) to work on /home/airflow/.local/lib/python3.8/site-packages/airflow/example_dags/example_dag_decorator.py
[2021-12-13 07:48:01,793] {scheduler_job.py:633} INFO - Processing file /home/airflow/.local/lib/python3.8/site-packages/airflow/example_dags/example_dag_decorator.py for tasks to queue
[2021-12-13 07:48:01,796] {logging_mixin.py:104} INFO - [2021-12-13 07:48:01,796] {dagbag.py:487} INFO - Filling up the DagBag from /home/airflow/.local/lib/python3.8/site-packages/airflow/example_dags/example_dag_decorator.py
[2021-12-13 07:48:01,812] {scheduler_job.py:643} INFO - DAG(s) dict_keys(['example_dag_decorator']) retrieved from /home/airflow/.local/lib/python3.8/site-packages/airflow/example_dags/example_dag_decorator.py
[2021-12-13 07:48:02,174] {logging_mixin.py:104} INFO - [2021-12-13 07:48:02,174] {dag.py:1832} INFO - Sync 1 DAGs
[2021-12-13 07:48:02,185] {logging_mixin.py:104} INFO - [2021-12-13 07:48:02,185] {dag.py:2305} INFO - Setting next_dagrun for example_dag_decorator to None
[2021-12-13 07:48:02,214] {scheduler_job.py:190} INFO - Processing /home/airflow/.local/lib/python3.8/site-packages/airflow/example_dags/example_dag_decorator.py took 0.426 seconds
[2021-12-13 07:48:45,649] {scheduler_job.py:182} INFO - Started process (PID=39054) to work on /home/airflow/.local/lib/python3.8/site-packages/airflow/example_dags/example_dag_decorator.py
[2021-12-13 07:48:45,653] {scheduler_job.py:633} INFO - Processing file /home/airflow/.local/lib/python3.8/site-packages/airflow/example_dags/example_dag_decorator.py for tasks to queue
[2021-12-13 07:48:45,653] {logging_mixin.py:104} INFO - [2021-12-13 07:48:45,653] {dagbag.py:487} INFO - Filling up the DagBag from /home/airflow/.local/lib/python3.8/site-packages/airflow/example_dags/example_dag_decorator.py
[2021-12-13 07:48:45,676] {scheduler_job.py:643} INFO - DAG(s) dict_keys(['example_dag_decorator']) retrieved from /home/airflow/.local/lib/python3.8/site-packages/airflow/example_dags/example_dag_decorator.py
[2021-12-13 07:48:45,976] {logging_mixin.py:104} INFO - [2021-12-13 07:48:45,976] {dag.py:1832} INFO - Sync 1 DAGs
[2021-12-13 07:48:45,985] {logging_mixin.py:104} INFO - [2021-12-13 07:48:45,985] {dag.py:2305} INFO - Setting next_dagrun for example_dag_decorator to None
[2021-12-13 07:48:46,009] {scheduler_job.py:190} INFO - Processing /home/airflow/.local/lib/python3.8/site-packages/airflow/example_dags/example_dag_decorator.py took 0.363 seconds
[2021-12-13 07:49:25,351] {scheduler_job.py:182} INFO - Started process (PID=39256) to work on /home/airflow/.local/lib/python3.8/site-packages/airflow/example_dags/example_dag_decorator.py
[2021-12-13 07:49:25,354] {scheduler_job.py:633} INFO - Processing file /home/airflow/.local/lib/python3.8/site-packages/airflow/example_dags/example_dag_decorator.py for tasks to queue
[2021-12-13 07:49:25,357] {logging_mixin.py:104} INFO - [2021-12-13 07:49:25,357] {dagbag.py:487} INFO - Filling up the DagBag from /home/airflow/.local/lib/python3.8/site-packages/airflow/example_dags/example_dag_decorator.py
[2021-12-13 07:49:25,373] {scheduler_job.py:643} INFO - DAG(s) dict_keys(['example_dag_decorator']) retrieved from /home/airflow/.local/lib/python3.8/site-packages/airflow/example_dags/example_dag_decorator.py
[2021-12-13 07:49:25,730] {logging_mixin.py:104} INFO - [2021-12-13 07:49:25,730] {dag.py:1832} INFO - Sync 1 DAGs
[2021-12-13 07:49:25,741] {logging_mixin.py:104} INFO - [2021-12-13 07:49:25,740] {dag.py:2305} INFO - Setting next_dagrun for example_dag_decorator to None
[2021-12-13 07:49:25,762] {scheduler_job.py:190} INFO - Processing /home/airflow/.local/lib/python3.8/site-packages/airflow/example_dags/example_dag_decorator.py took 0.413 seconds
[2021-12-13 07:50:03,996] {scheduler_job.py:182} INFO - Started process (PID=39407) to work on /home/airflow/.local/lib/python3.8/site-packages/airflow/example_dags/example_dag_decorator.py
[2021-12-13 07:50:04,011] {scheduler_job.py:633} INFO - Processing file /home/airflow/.local/lib/python3.8/site-packages/airflow/example_dags/example_dag_decorator.py for tasks to queue
[2021-12-13 07:50:04,015] {logging_mixin.py:104} INFO - [2021-12-13 07:50:04,015] {dagbag.py:487} INFO - Filling up the DagBag from /home/airflow/.local/lib/python3.8/site-packages/airflow/example_dags/example_dag_decorator.py
[2021-12-13 07:50:04,068] {scheduler_job.py:643} INFO - DAG(s) dict_keys(['example_dag_decorator']) retrieved from /home/airflow/.local/lib/python3.8/site-packages/airflow/example_dags/example_dag_decorator.py
[2021-12-13 07:50:04,774] {logging_mixin.py:104} INFO - [2021-12-13 07:50:04,774] {dag.py:1832} INFO - Sync 1 DAGs
[2021-12-13 07:50:04,808] {logging_mixin.py:104} INFO - [2021-12-13 07:50:04,808] {dag.py:2305} INFO - Setting next_dagrun for example_dag_decorator to None
[2021-12-13 07:50:04,844] {scheduler_job.py:190} INFO - Processing /home/airflow/.local/lib/python3.8/site-packages/airflow/example_dags/example_dag_decorator.py took 0.850 seconds
