[2021-12-13 07:35:15,197] {scheduler_job.py:182} INFO - Started process (PID=35715) to work on /home/airflow/.local/lib/python3.8/site-packages/airflow/example_dags/example_branch_day_of_week_operator.py
[2021-12-13 07:35:15,201] {scheduler_job.py:633} INFO - Processing file /home/airflow/.local/lib/python3.8/site-packages/airflow/example_dags/example_branch_day_of_week_operator.py for tasks to queue
[2021-12-13 07:35:15,204] {logging_mixin.py:104} INFO - [2021-12-13 07:35:15,204] {dagbag.py:487} INFO - Filling up the DagBag from /home/airflow/.local/lib/python3.8/site-packages/airflow/example_dags/example_branch_day_of_week_operator.py
[2021-12-13 07:35:15,220] {scheduler_job.py:643} INFO - DAG(s) dict_keys(['example_weekday_branch_operator']) retrieved from /home/airflow/.local/lib/python3.8/site-packages/airflow/example_dags/example_branch_day_of_week_operator.py
[2021-12-13 07:35:15,533] {logging_mixin.py:104} INFO - [2021-12-13 07:35:15,532] {dag.py:1832} INFO - Sync 1 DAGs
[2021-12-13 07:35:15,547] {logging_mixin.py:104} INFO - [2021-12-13 07:35:15,547] {dag.py:2305} INFO - Setting next_dagrun for example_weekday_branch_operator to 2021-12-11 00:00:00+00:00
[2021-12-13 07:35:15,576] {scheduler_job.py:190} INFO - Processing /home/airflow/.local/lib/python3.8/site-packages/airflow/example_dags/example_branch_day_of_week_operator.py took 0.384 seconds
[2021-12-13 07:35:54,950] {scheduler_job.py:182} INFO - Started process (PID=35861) to work on /home/airflow/.local/lib/python3.8/site-packages/airflow/example_dags/example_branch_day_of_week_operator.py
[2021-12-13 07:35:54,954] {scheduler_job.py:633} INFO - Processing file /home/airflow/.local/lib/python3.8/site-packages/airflow/example_dags/example_branch_day_of_week_operator.py for tasks to queue
[2021-12-13 07:35:54,958] {logging_mixin.py:104} INFO - [2021-12-13 07:35:54,958] {dagbag.py:487} INFO - Filling up the DagBag from /home/airflow/.local/lib/python3.8/site-packages/airflow/example_dags/example_branch_day_of_week_operator.py
[2021-12-13 07:35:54,975] {scheduler_job.py:643} INFO - DAG(s) dict_keys(['example_weekday_branch_operator']) retrieved from /home/airflow/.local/lib/python3.8/site-packages/airflow/example_dags/example_branch_day_of_week_operator.py
[2021-12-13 07:35:54,991] {logging_mixin.py:104} INFO - [2021-12-13 07:35:54,991] {dag.py:1832} INFO - Sync 1 DAGs
[2021-12-13 07:35:55,009] {logging_mixin.py:104} INFO - [2021-12-13 07:35:55,009] {dag.py:2305} INFO - Setting next_dagrun for example_weekday_branch_operator to 2021-12-11 00:00:00+00:00
[2021-12-13 07:35:55,030] {scheduler_job.py:190} INFO - Processing /home/airflow/.local/lib/python3.8/site-packages/airflow/example_dags/example_branch_day_of_week_operator.py took 0.083 seconds
[2021-12-13 07:36:31,556] {scheduler_job.py:182} INFO - Started process (PID=36029) to work on /home/airflow/.local/lib/python3.8/site-packages/airflow/example_dags/example_branch_day_of_week_operator.py
[2021-12-13 07:36:31,575] {scheduler_job.py:633} INFO - Processing file /home/airflow/.local/lib/python3.8/site-packages/airflow/example_dags/example_branch_day_of_week_operator.py for tasks to queue
[2021-12-13 07:36:31,577] {logging_mixin.py:104} INFO - [2021-12-13 07:36:31,576] {dagbag.py:487} INFO - Filling up the DagBag from /home/airflow/.local/lib/python3.8/site-packages/airflow/example_dags/example_branch_day_of_week_operator.py
[2021-12-13 07:36:31,624] {scheduler_job.py:643} INFO - DAG(s) dict_keys(['example_weekday_branch_operator']) retrieved from /home/airflow/.local/lib/python3.8/site-packages/airflow/example_dags/example_branch_day_of_week_operator.py
[2021-12-13 07:36:31,648] {logging_mixin.py:104} INFO - [2021-12-13 07:36:31,648] {dag.py:1832} INFO - Sync 1 DAGs
[2021-12-13 07:36:31,666] {logging_mixin.py:104} INFO - [2021-12-13 07:36:31,666] {dag.py:2305} INFO - Setting next_dagrun for example_weekday_branch_operator to 2021-12-11 00:00:00+00:00
[2021-12-13 07:36:31,692] {scheduler_job.py:190} INFO - Processing /home/airflow/.local/lib/python3.8/site-packages/airflow/example_dags/example_branch_day_of_week_operator.py took 0.138 seconds
[2021-12-13 07:37:04,934] {scheduler_job.py:182} INFO - Started process (PID=36184) to work on /home/airflow/.local/lib/python3.8/site-packages/airflow/example_dags/example_branch_day_of_week_operator.py
[2021-12-13 07:37:04,937] {scheduler_job.py:633} INFO - Processing file /home/airflow/.local/lib/python3.8/site-packages/airflow/example_dags/example_branch_day_of_week_operator.py for tasks to queue
[2021-12-13 07:37:04,940] {logging_mixin.py:104} INFO - [2021-12-13 07:37:04,940] {dagbag.py:487} INFO - Filling up the DagBag from /home/airflow/.local/lib/python3.8/site-packages/airflow/example_dags/example_branch_day_of_week_operator.py
[2021-12-13 07:37:04,955] {scheduler_job.py:643} INFO - DAG(s) dict_keys(['example_weekday_branch_operator']) retrieved from /home/airflow/.local/lib/python3.8/site-packages/airflow/example_dags/example_branch_day_of_week_operator.py
[2021-12-13 07:37:04,968] {logging_mixin.py:104} INFO - [2021-12-13 07:37:04,968] {dag.py:1832} INFO - Sync 1 DAGs
[2021-12-13 07:37:04,982] {logging_mixin.py:104} INFO - [2021-12-13 07:37:04,981] {dag.py:2305} INFO - Setting next_dagrun for example_weekday_branch_operator to 2021-12-11 00:00:00+00:00
[2021-12-13 07:37:04,998] {scheduler_job.py:190} INFO - Processing /home/airflow/.local/lib/python3.8/site-packages/airflow/example_dags/example_branch_day_of_week_operator.py took 0.066 seconds
[2021-12-13 07:37:40,290] {scheduler_job.py:182} INFO - Started process (PID=36337) to work on /home/airflow/.local/lib/python3.8/site-packages/airflow/example_dags/example_branch_day_of_week_operator.py
[2021-12-13 07:37:40,294] {scheduler_job.py:633} INFO - Processing file /home/airflow/.local/lib/python3.8/site-packages/airflow/example_dags/example_branch_day_of_week_operator.py for tasks to queue
[2021-12-13 07:37:40,298] {logging_mixin.py:104} INFO - [2021-12-13 07:37:40,298] {dagbag.py:487} INFO - Filling up the DagBag from /home/airflow/.local/lib/python3.8/site-packages/airflow/example_dags/example_branch_day_of_week_operator.py
[2021-12-13 07:37:40,310] {scheduler_job.py:643} INFO - DAG(s) dict_keys(['example_weekday_branch_operator']) retrieved from /home/airflow/.local/lib/python3.8/site-packages/airflow/example_dags/example_branch_day_of_week_operator.py
[2021-12-13 07:37:40,323] {logging_mixin.py:104} INFO - [2021-12-13 07:37:40,323] {dag.py:1832} INFO - Sync 1 DAGs
[2021-12-13 07:37:40,339] {logging_mixin.py:104} INFO - [2021-12-13 07:37:40,339] {dag.py:2305} INFO - Setting next_dagrun for example_weekday_branch_operator to 2021-12-11 00:00:00+00:00
[2021-12-13 07:37:40,369] {scheduler_job.py:190} INFO - Processing /home/airflow/.local/lib/python3.8/site-packages/airflow/example_dags/example_branch_day_of_week_operator.py took 0.082 seconds
[2021-12-13 07:38:15,054] {scheduler_job.py:182} INFO - Started process (PID=36483) to work on /home/airflow/.local/lib/python3.8/site-packages/airflow/example_dags/example_branch_day_of_week_operator.py
[2021-12-13 07:38:15,057] {scheduler_job.py:633} INFO - Processing file /home/airflow/.local/lib/python3.8/site-packages/airflow/example_dags/example_branch_day_of_week_operator.py for tasks to queue
[2021-12-13 07:38:15,060] {logging_mixin.py:104} INFO - [2021-12-13 07:38:15,059] {dagbag.py:487} INFO - Filling up the DagBag from /home/airflow/.local/lib/python3.8/site-packages/airflow/example_dags/example_branch_day_of_week_operator.py
[2021-12-13 07:38:15,072] {scheduler_job.py:643} INFO - DAG(s) dict_keys(['example_weekday_branch_operator']) retrieved from /home/airflow/.local/lib/python3.8/site-packages/airflow/example_dags/example_branch_day_of_week_operator.py
[2021-12-13 07:38:15,085] {logging_mixin.py:104} INFO - [2021-12-13 07:38:15,085] {dag.py:1832} INFO - Sync 1 DAGs
[2021-12-13 07:38:15,098] {logging_mixin.py:104} INFO - [2021-12-13 07:38:15,098] {dag.py:2305} INFO - Setting next_dagrun for example_weekday_branch_operator to 2021-12-11 00:00:00+00:00
[2021-12-13 07:38:15,116] {scheduler_job.py:190} INFO - Processing /home/airflow/.local/lib/python3.8/site-packages/airflow/example_dags/example_branch_day_of_week_operator.py took 0.064 seconds
[2021-12-13 07:38:47,684] {scheduler_job.py:182} INFO - Started process (PID=36702) to work on /home/airflow/.local/lib/python3.8/site-packages/airflow/example_dags/example_branch_day_of_week_operator.py
[2021-12-13 07:38:47,688] {scheduler_job.py:633} INFO - Processing file /home/airflow/.local/lib/python3.8/site-packages/airflow/example_dags/example_branch_day_of_week_operator.py for tasks to queue
[2021-12-13 07:38:47,689] {logging_mixin.py:104} INFO - [2021-12-13 07:38:47,689] {dagbag.py:487} INFO - Filling up the DagBag from /home/airflow/.local/lib/python3.8/site-packages/airflow/example_dags/example_branch_day_of_week_operator.py
[2021-12-13 07:38:47,707] {scheduler_job.py:643} INFO - DAG(s) dict_keys(['example_weekday_branch_operator']) retrieved from /home/airflow/.local/lib/python3.8/site-packages/airflow/example_dags/example_branch_day_of_week_operator.py
[2021-12-13 07:38:47,724] {logging_mixin.py:104} INFO - [2021-12-13 07:38:47,724] {dag.py:1832} INFO - Sync 1 DAGs
[2021-12-13 07:38:47,742] {logging_mixin.py:104} INFO - [2021-12-13 07:38:47,742] {dag.py:2305} INFO - Setting next_dagrun for example_weekday_branch_operator to 2021-12-11 00:00:00+00:00
[2021-12-13 07:38:47,769] {scheduler_job.py:190} INFO - Processing /home/airflow/.local/lib/python3.8/site-packages/airflow/example_dags/example_branch_day_of_week_operator.py took 0.088 seconds
[2021-12-13 07:39:20,988] {scheduler_job.py:182} INFO - Started process (PID=36901) to work on /home/airflow/.local/lib/python3.8/site-packages/airflow/example_dags/example_branch_day_of_week_operator.py
[2021-12-13 07:39:20,991] {scheduler_job.py:633} INFO - Processing file /home/airflow/.local/lib/python3.8/site-packages/airflow/example_dags/example_branch_day_of_week_operator.py for tasks to queue
[2021-12-13 07:39:20,992] {logging_mixin.py:104} INFO - [2021-12-13 07:39:20,992] {dagbag.py:487} INFO - Filling up the DagBag from /home/airflow/.local/lib/python3.8/site-packages/airflow/example_dags/example_branch_day_of_week_operator.py
[2021-12-13 07:39:21,010] {scheduler_job.py:643} INFO - DAG(s) dict_keys(['example_weekday_branch_operator']) retrieved from /home/airflow/.local/lib/python3.8/site-packages/airflow/example_dags/example_branch_day_of_week_operator.py
[2021-12-13 07:39:21,024] {logging_mixin.py:104} INFO - [2021-12-13 07:39:21,024] {dag.py:1832} INFO - Sync 1 DAGs
[2021-12-13 07:39:21,045] {logging_mixin.py:104} INFO - [2021-12-13 07:39:21,045] {dag.py:2305} INFO - Setting next_dagrun for example_weekday_branch_operator to 2021-12-11 00:00:00+00:00
[2021-12-13 07:39:21,074] {scheduler_job.py:190} INFO - Processing /home/airflow/.local/lib/python3.8/site-packages/airflow/example_dags/example_branch_day_of_week_operator.py took 0.089 seconds
[2021-12-13 07:39:55,571] {scheduler_job.py:182} INFO - Started process (PID=37129) to work on /home/airflow/.local/lib/python3.8/site-packages/airflow/example_dags/example_branch_day_of_week_operator.py
[2021-12-13 07:39:55,576] {scheduler_job.py:633} INFO - Processing file /home/airflow/.local/lib/python3.8/site-packages/airflow/example_dags/example_branch_day_of_week_operator.py for tasks to queue
[2021-12-13 07:39:55,586] {logging_mixin.py:104} INFO - [2021-12-13 07:39:55,586] {dagbag.py:487} INFO - Filling up the DagBag from /home/airflow/.local/lib/python3.8/site-packages/airflow/example_dags/example_branch_day_of_week_operator.py
[2021-12-13 07:39:55,615] {scheduler_job.py:643} INFO - DAG(s) dict_keys(['example_weekday_branch_operator']) retrieved from /home/airflow/.local/lib/python3.8/site-packages/airflow/example_dags/example_branch_day_of_week_operator.py
[2021-12-13 07:39:55,643] {logging_mixin.py:104} INFO - [2021-12-13 07:39:55,643] {dag.py:1832} INFO - Sync 1 DAGs
[2021-12-13 07:39:55,688] {logging_mixin.py:104} INFO - [2021-12-13 07:39:55,688] {dag.py:2305} INFO - Setting next_dagrun for example_weekday_branch_operator to 2021-12-11 00:00:00+00:00
[2021-12-13 07:39:55,725] {scheduler_job.py:190} INFO - Processing /home/airflow/.local/lib/python3.8/site-packages/airflow/example_dags/example_branch_day_of_week_operator.py took 0.163 seconds
[2021-12-13 07:40:34,137] {scheduler_job.py:182} INFO - Started process (PID=37324) to work on /home/airflow/.local/lib/python3.8/site-packages/airflow/example_dags/example_branch_day_of_week_operator.py
[2021-12-13 07:40:34,140] {scheduler_job.py:633} INFO - Processing file /home/airflow/.local/lib/python3.8/site-packages/airflow/example_dags/example_branch_day_of_week_operator.py for tasks to queue
[2021-12-13 07:40:34,143] {logging_mixin.py:104} INFO - [2021-12-13 07:40:34,143] {dagbag.py:487} INFO - Filling up the DagBag from /home/airflow/.local/lib/python3.8/site-packages/airflow/example_dags/example_branch_day_of_week_operator.py
[2021-12-13 07:40:34,156] {scheduler_job.py:643} INFO - DAG(s) dict_keys(['example_weekday_branch_operator']) retrieved from /home/airflow/.local/lib/python3.8/site-packages/airflow/example_dags/example_branch_day_of_week_operator.py
[2021-12-13 07:40:34,171] {logging_mixin.py:104} INFO - [2021-12-13 07:40:34,171] {dag.py:1832} INFO - Sync 1 DAGs
[2021-12-13 07:40:34,191] {logging_mixin.py:104} INFO - [2021-12-13 07:40:34,191] {dag.py:2305} INFO - Setting next_dagrun for example_weekday_branch_operator to 2021-12-11 00:00:00+00:00
[2021-12-13 07:40:34,221] {scheduler_job.py:190} INFO - Processing /home/airflow/.local/lib/python3.8/site-packages/airflow/example_dags/example_branch_day_of_week_operator.py took 0.086 seconds
[2021-12-13 07:41:14,448] {scheduler_job.py:182} INFO - Started process (PID=37461) to work on /home/airflow/.local/lib/python3.8/site-packages/airflow/example_dags/example_branch_day_of_week_operator.py
[2021-12-13 07:41:14,455] {scheduler_job.py:633} INFO - Processing file /home/airflow/.local/lib/python3.8/site-packages/airflow/example_dags/example_branch_day_of_week_operator.py for tasks to queue
[2021-12-13 07:41:14,459] {logging_mixin.py:104} INFO - [2021-12-13 07:41:14,459] {dagbag.py:487} INFO - Filling up the DagBag from /home/airflow/.local/lib/python3.8/site-packages/airflow/example_dags/example_branch_day_of_week_operator.py
[2021-12-13 07:41:14,486] {scheduler_job.py:643} INFO - DAG(s) dict_keys(['example_weekday_branch_operator']) retrieved from /home/airflow/.local/lib/python3.8/site-packages/airflow/example_dags/example_branch_day_of_week_operator.py
[2021-12-13 07:41:14,519] {logging_mixin.py:104} INFO - [2021-12-13 07:41:14,519] {dag.py:1832} INFO - Sync 1 DAGs
[2021-12-13 07:41:14,578] {logging_mixin.py:104} INFO - [2021-12-13 07:41:14,578] {dag.py:2305} INFO - Setting next_dagrun for example_weekday_branch_operator to 2021-12-11 00:00:00+00:00
[2021-12-13 07:41:14,620] {scheduler_job.py:190} INFO - Processing /home/airflow/.local/lib/python3.8/site-packages/airflow/example_dags/example_branch_day_of_week_operator.py took 0.179 seconds
[2021-12-13 07:41:59,140] {scheduler_job.py:182} INFO - Started process (PID=37622) to work on /home/airflow/.local/lib/python3.8/site-packages/airflow/example_dags/example_branch_day_of_week_operator.py
[2021-12-13 07:41:59,151] {scheduler_job.py:633} INFO - Processing file /home/airflow/.local/lib/python3.8/site-packages/airflow/example_dags/example_branch_day_of_week_operator.py for tasks to queue
[2021-12-13 07:41:59,156] {logging_mixin.py:104} INFO - [2021-12-13 07:41:59,156] {dagbag.py:487} INFO - Filling up the DagBag from /home/airflow/.local/lib/python3.8/site-packages/airflow/example_dags/example_branch_day_of_week_operator.py
[2021-12-13 07:41:59,199] {scheduler_job.py:643} INFO - DAG(s) dict_keys(['example_weekday_branch_operator']) retrieved from /home/airflow/.local/lib/python3.8/site-packages/airflow/example_dags/example_branch_day_of_week_operator.py
[2021-12-13 07:41:59,258] {logging_mixin.py:104} INFO - [2021-12-13 07:41:59,258] {dag.py:1832} INFO - Sync 1 DAGs
[2021-12-13 07:41:59,308] {logging_mixin.py:104} INFO - [2021-12-13 07:41:59,308] {dag.py:2305} INFO - Setting next_dagrun for example_weekday_branch_operator to 2021-12-11 00:00:00+00:00
[2021-12-13 07:41:59,365] {scheduler_job.py:190} INFO - Processing /home/airflow/.local/lib/python3.8/site-packages/airflow/example_dags/example_branch_day_of_week_operator.py took 0.240 seconds
[2021-12-13 07:42:37,569] {scheduler_job.py:182} INFO - Started process (PID=37753) to work on /home/airflow/.local/lib/python3.8/site-packages/airflow/example_dags/example_branch_day_of_week_operator.py
[2021-12-13 07:42:37,579] {scheduler_job.py:633} INFO - Processing file /home/airflow/.local/lib/python3.8/site-packages/airflow/example_dags/example_branch_day_of_week_operator.py for tasks to queue
[2021-12-13 07:42:37,591] {logging_mixin.py:104} INFO - [2021-12-13 07:42:37,591] {dagbag.py:487} INFO - Filling up the DagBag from /home/airflow/.local/lib/python3.8/site-packages/airflow/example_dags/example_branch_day_of_week_operator.py
[2021-12-13 07:42:37,644] {scheduler_job.py:643} INFO - DAG(s) dict_keys(['example_weekday_branch_operator']) retrieved from /home/airflow/.local/lib/python3.8/site-packages/airflow/example_dags/example_branch_day_of_week_operator.py
[2021-12-13 07:42:37,738] {logging_mixin.py:104} INFO - [2021-12-13 07:42:37,738] {dag.py:1832} INFO - Sync 1 DAGs
[2021-12-13 07:42:37,770] {logging_mixin.py:104} INFO - [2021-12-13 07:42:37,770] {dag.py:2305} INFO - Setting next_dagrun for example_weekday_branch_operator to 2021-12-11 00:00:00+00:00
[2021-12-13 07:42:37,808] {scheduler_job.py:190} INFO - Processing /home/airflow/.local/lib/python3.8/site-packages/airflow/example_dags/example_branch_day_of_week_operator.py took 0.264 seconds
[2021-12-13 07:43:15,028] {scheduler_job.py:182} INFO - Started process (PID=37872) to work on /home/airflow/.local/lib/python3.8/site-packages/airflow/example_dags/example_branch_day_of_week_operator.py
[2021-12-13 07:43:15,039] {scheduler_job.py:633} INFO - Processing file /home/airflow/.local/lib/python3.8/site-packages/airflow/example_dags/example_branch_day_of_week_operator.py for tasks to queue
[2021-12-13 07:43:15,042] {logging_mixin.py:104} INFO - [2021-12-13 07:43:15,042] {dagbag.py:487} INFO - Filling up the DagBag from /home/airflow/.local/lib/python3.8/site-packages/airflow/example_dags/example_branch_day_of_week_operator.py
[2021-12-13 07:43:15,083] {scheduler_job.py:643} INFO - DAG(s) dict_keys(['example_weekday_branch_operator']) retrieved from /home/airflow/.local/lib/python3.8/site-packages/airflow/example_dags/example_branch_day_of_week_operator.py
[2021-12-13 07:43:15,127] {logging_mixin.py:104} INFO - [2021-12-13 07:43:15,127] {dag.py:1832} INFO - Sync 1 DAGs
[2021-12-13 07:43:15,213] {logging_mixin.py:104} INFO - [2021-12-13 07:43:15,213] {dag.py:2305} INFO - Setting next_dagrun for example_weekday_branch_operator to 2021-12-11 00:00:00+00:00
[2021-12-13 07:43:15,304] {scheduler_job.py:190} INFO - Processing /home/airflow/.local/lib/python3.8/site-packages/airflow/example_dags/example_branch_day_of_week_operator.py took 0.279 seconds
[2021-12-13 07:43:56,935] {scheduler_job.py:182} INFO - Started process (PID=38008) to work on /home/airflow/.local/lib/python3.8/site-packages/airflow/example_dags/example_branch_day_of_week_operator.py
[2021-12-13 07:43:56,938] {scheduler_job.py:633} INFO - Processing file /home/airflow/.local/lib/python3.8/site-packages/airflow/example_dags/example_branch_day_of_week_operator.py for tasks to queue
[2021-12-13 07:43:56,941] {logging_mixin.py:104} INFO - [2021-12-13 07:43:56,941] {dagbag.py:487} INFO - Filling up the DagBag from /home/airflow/.local/lib/python3.8/site-packages/airflow/example_dags/example_branch_day_of_week_operator.py
[2021-12-13 07:43:56,961] {scheduler_job.py:643} INFO - DAG(s) dict_keys(['example_weekday_branch_operator']) retrieved from /home/airflow/.local/lib/python3.8/site-packages/airflow/example_dags/example_branch_day_of_week_operator.py
[2021-12-13 07:43:57,002] {logging_mixin.py:104} INFO - [2021-12-13 07:43:56,997] {dag.py:1832} INFO - Sync 1 DAGs
[2021-12-13 07:43:57,040] {logging_mixin.py:104} INFO - [2021-12-13 07:43:57,040] {dag.py:2305} INFO - Setting next_dagrun for example_weekday_branch_operator to 2021-12-11 00:00:00+00:00
[2021-12-13 07:43:57,084] {scheduler_job.py:190} INFO - Processing /home/airflow/.local/lib/python3.8/site-packages/airflow/example_dags/example_branch_day_of_week_operator.py took 0.163 seconds
[2021-12-13 07:44:32,235] {scheduler_job.py:182} INFO - Started process (PID=38128) to work on /home/airflow/.local/lib/python3.8/site-packages/airflow/example_dags/example_branch_day_of_week_operator.py
[2021-12-13 07:44:32,238] {scheduler_job.py:633} INFO - Processing file /home/airflow/.local/lib/python3.8/site-packages/airflow/example_dags/example_branch_day_of_week_operator.py for tasks to queue
[2021-12-13 07:44:32,242] {logging_mixin.py:104} INFO - [2021-12-13 07:44:32,242] {dagbag.py:487} INFO - Filling up the DagBag from /home/airflow/.local/lib/python3.8/site-packages/airflow/example_dags/example_branch_day_of_week_operator.py
[2021-12-13 07:44:32,271] {scheduler_job.py:643} INFO - DAG(s) dict_keys(['example_weekday_branch_operator']) retrieved from /home/airflow/.local/lib/python3.8/site-packages/airflow/example_dags/example_branch_day_of_week_operator.py
[2021-12-13 07:44:32,300] {logging_mixin.py:104} INFO - [2021-12-13 07:44:32,300] {dag.py:1832} INFO - Sync 1 DAGs
[2021-12-13 07:44:32,354] {logging_mixin.py:104} INFO - [2021-12-13 07:44:32,354] {dag.py:2305} INFO - Setting next_dagrun for example_weekday_branch_operator to 2021-12-11 00:00:00+00:00
[2021-12-13 07:44:32,392] {scheduler_job.py:190} INFO - Processing /home/airflow/.local/lib/python3.8/site-packages/airflow/example_dags/example_branch_day_of_week_operator.py took 0.168 seconds
[2021-12-13 07:45:16,125] {scheduler_job.py:182} INFO - Started process (PID=38357) to work on /home/airflow/.local/lib/python3.8/site-packages/airflow/example_dags/example_branch_day_of_week_operator.py
[2021-12-13 07:45:16,128] {scheduler_job.py:633} INFO - Processing file /home/airflow/.local/lib/python3.8/site-packages/airflow/example_dags/example_branch_day_of_week_operator.py for tasks to queue
[2021-12-13 07:45:16,131] {logging_mixin.py:104} INFO - [2021-12-13 07:45:16,131] {dagbag.py:487} INFO - Filling up the DagBag from /home/airflow/.local/lib/python3.8/site-packages/airflow/example_dags/example_branch_day_of_week_operator.py
[2021-12-13 07:45:16,146] {scheduler_job.py:643} INFO - DAG(s) dict_keys(['example_weekday_branch_operator']) retrieved from /home/airflow/.local/lib/python3.8/site-packages/airflow/example_dags/example_branch_day_of_week_operator.py
[2021-12-13 07:45:16,167] {logging_mixin.py:104} INFO - [2021-12-13 07:45:16,167] {dag.py:1832} INFO - Sync 1 DAGs
[2021-12-13 07:45:16,186] {logging_mixin.py:104} INFO - [2021-12-13 07:45:16,186] {dag.py:2305} INFO - Setting next_dagrun for example_weekday_branch_operator to 2021-12-11 00:00:00+00:00
[2021-12-13 07:45:16,208] {scheduler_job.py:190} INFO - Processing /home/airflow/.local/lib/python3.8/site-packages/airflow/example_dags/example_branch_day_of_week_operator.py took 0.085 seconds
[2021-12-13 07:45:55,049] {scheduler_job.py:182} INFO - Started process (PID=38485) to work on /home/airflow/.local/lib/python3.8/site-packages/airflow/example_dags/example_branch_day_of_week_operator.py
[2021-12-13 07:45:55,059] {scheduler_job.py:633} INFO - Processing file /home/airflow/.local/lib/python3.8/site-packages/airflow/example_dags/example_branch_day_of_week_operator.py for tasks to queue
[2021-12-13 07:45:55,060] {logging_mixin.py:104} INFO - [2021-12-13 07:45:55,060] {dagbag.py:487} INFO - Filling up the DagBag from /home/airflow/.local/lib/python3.8/site-packages/airflow/example_dags/example_branch_day_of_week_operator.py
[2021-12-13 07:45:55,109] {scheduler_job.py:643} INFO - DAG(s) dict_keys(['example_weekday_branch_operator']) retrieved from /home/airflow/.local/lib/python3.8/site-packages/airflow/example_dags/example_branch_day_of_week_operator.py
[2021-12-13 07:45:55,144] {logging_mixin.py:104} INFO - [2021-12-13 07:45:55,144] {dag.py:1832} INFO - Sync 1 DAGs
[2021-12-13 07:45:55,189] {logging_mixin.py:104} INFO - [2021-12-13 07:45:55,189] {dag.py:2305} INFO - Setting next_dagrun for example_weekday_branch_operator to 2021-12-11 00:00:00+00:00
[2021-12-13 07:45:55,235] {scheduler_job.py:190} INFO - Processing /home/airflow/.local/lib/python3.8/site-packages/airflow/example_dags/example_branch_day_of_week_operator.py took 0.203 seconds
[2021-12-13 07:46:33,002] {scheduler_job.py:182} INFO - Started process (PID=38613) to work on /home/airflow/.local/lib/python3.8/site-packages/airflow/example_dags/example_branch_day_of_week_operator.py
[2021-12-13 07:46:33,006] {scheduler_job.py:633} INFO - Processing file /home/airflow/.local/lib/python3.8/site-packages/airflow/example_dags/example_branch_day_of_week_operator.py for tasks to queue
[2021-12-13 07:46:33,008] {logging_mixin.py:104} INFO - [2021-12-13 07:46:33,008] {dagbag.py:487} INFO - Filling up the DagBag from /home/airflow/.local/lib/python3.8/site-packages/airflow/example_dags/example_branch_day_of_week_operator.py
[2021-12-13 07:46:33,044] {scheduler_job.py:643} INFO - DAG(s) dict_keys(['example_weekday_branch_operator']) retrieved from /home/airflow/.local/lib/python3.8/site-packages/airflow/example_dags/example_branch_day_of_week_operator.py
[2021-12-13 07:46:33,062] {logging_mixin.py:104} INFO - [2021-12-13 07:46:33,062] {dag.py:1832} INFO - Sync 1 DAGs
[2021-12-13 07:46:33,080] {logging_mixin.py:104} INFO - [2021-12-13 07:46:33,080] {dag.py:2305} INFO - Setting next_dagrun for example_weekday_branch_operator to 2021-12-11 00:00:00+00:00
[2021-12-13 07:46:33,108] {scheduler_job.py:190} INFO - Processing /home/airflow/.local/lib/python3.8/site-packages/airflow/example_dags/example_branch_day_of_week_operator.py took 0.108 seconds
[2021-12-13 07:47:08,957] {scheduler_job.py:182} INFO - Started process (PID=38729) to work on /home/airflow/.local/lib/python3.8/site-packages/airflow/example_dags/example_branch_day_of_week_operator.py
[2021-12-13 07:47:08,960] {scheduler_job.py:633} INFO - Processing file /home/airflow/.local/lib/python3.8/site-packages/airflow/example_dags/example_branch_day_of_week_operator.py for tasks to queue
[2021-12-13 07:47:08,963] {logging_mixin.py:104} INFO - [2021-12-13 07:47:08,963] {dagbag.py:487} INFO - Filling up the DagBag from /home/airflow/.local/lib/python3.8/site-packages/airflow/example_dags/example_branch_day_of_week_operator.py
[2021-12-13 07:47:08,977] {scheduler_job.py:643} INFO - DAG(s) dict_keys(['example_weekday_branch_operator']) retrieved from /home/airflow/.local/lib/python3.8/site-packages/airflow/example_dags/example_branch_day_of_week_operator.py
[2021-12-13 07:47:08,991] {logging_mixin.py:104} INFO - [2021-12-13 07:47:08,991] {dag.py:1832} INFO - Sync 1 DAGs
[2021-12-13 07:47:09,005] {logging_mixin.py:104} INFO - [2021-12-13 07:47:09,005] {dag.py:2305} INFO - Setting next_dagrun for example_weekday_branch_operator to 2021-12-11 00:00:00+00:00
[2021-12-13 07:47:09,033] {scheduler_job.py:190} INFO - Processing /home/airflow/.local/lib/python3.8/site-packages/airflow/example_dags/example_branch_day_of_week_operator.py took 0.079 seconds
[2021-12-13 07:47:45,006] {scheduler_job.py:182} INFO - Started process (PID=38852) to work on /home/airflow/.local/lib/python3.8/site-packages/airflow/example_dags/example_branch_day_of_week_operator.py
[2021-12-13 07:47:45,009] {scheduler_job.py:633} INFO - Processing file /home/airflow/.local/lib/python3.8/site-packages/airflow/example_dags/example_branch_day_of_week_operator.py for tasks to queue
[2021-12-13 07:47:45,011] {logging_mixin.py:104} INFO - [2021-12-13 07:47:45,011] {dagbag.py:487} INFO - Filling up the DagBag from /home/airflow/.local/lib/python3.8/site-packages/airflow/example_dags/example_branch_day_of_week_operator.py
[2021-12-13 07:47:45,024] {scheduler_job.py:643} INFO - DAG(s) dict_keys(['example_weekday_branch_operator']) retrieved from /home/airflow/.local/lib/python3.8/site-packages/airflow/example_dags/example_branch_day_of_week_operator.py
[2021-12-13 07:47:45,038] {logging_mixin.py:104} INFO - [2021-12-13 07:47:45,038] {dag.py:1832} INFO - Sync 1 DAGs
[2021-12-13 07:47:45,050] {logging_mixin.py:104} INFO - [2021-12-13 07:47:45,050] {dag.py:2305} INFO - Setting next_dagrun for example_weekday_branch_operator to 2021-12-11 00:00:00+00:00
[2021-12-13 07:47:45,074] {scheduler_job.py:190} INFO - Processing /home/airflow/.local/lib/python3.8/site-packages/airflow/example_dags/example_branch_day_of_week_operator.py took 0.070 seconds
[2021-12-13 07:48:24,982] {scheduler_job.py:182} INFO - Started process (PID=38989) to work on /home/airflow/.local/lib/python3.8/site-packages/airflow/example_dags/example_branch_day_of_week_operator.py
[2021-12-13 07:48:24,986] {scheduler_job.py:633} INFO - Processing file /home/airflow/.local/lib/python3.8/site-packages/airflow/example_dags/example_branch_day_of_week_operator.py for tasks to queue
[2021-12-13 07:48:24,990] {logging_mixin.py:104} INFO - [2021-12-13 07:48:24,990] {dagbag.py:487} INFO - Filling up the DagBag from /home/airflow/.local/lib/python3.8/site-packages/airflow/example_dags/example_branch_day_of_week_operator.py
[2021-12-13 07:48:25,005] {scheduler_job.py:643} INFO - DAG(s) dict_keys(['example_weekday_branch_operator']) retrieved from /home/airflow/.local/lib/python3.8/site-packages/airflow/example_dags/example_branch_day_of_week_operator.py
[2021-12-13 07:48:25,022] {logging_mixin.py:104} INFO - [2021-12-13 07:48:25,021] {dag.py:1832} INFO - Sync 1 DAGs
[2021-12-13 07:48:25,039] {logging_mixin.py:104} INFO - [2021-12-13 07:48:25,039] {dag.py:2305} INFO - Setting next_dagrun for example_weekday_branch_operator to 2021-12-11 00:00:00+00:00
[2021-12-13 07:48:25,067] {scheduler_job.py:190} INFO - Processing /home/airflow/.local/lib/python3.8/site-packages/airflow/example_dags/example_branch_day_of_week_operator.py took 0.088 seconds
[2021-12-13 07:49:04,524] {scheduler_job.py:182} INFO - Started process (PID=39144) to work on /home/airflow/.local/lib/python3.8/site-packages/airflow/example_dags/example_branch_day_of_week_operator.py
[2021-12-13 07:49:04,528] {scheduler_job.py:633} INFO - Processing file /home/airflow/.local/lib/python3.8/site-packages/airflow/example_dags/example_branch_day_of_week_operator.py for tasks to queue
[2021-12-13 07:49:04,533] {logging_mixin.py:104} INFO - [2021-12-13 07:49:04,533] {dagbag.py:487} INFO - Filling up the DagBag from /home/airflow/.local/lib/python3.8/site-packages/airflow/example_dags/example_branch_day_of_week_operator.py
[2021-12-13 07:49:04,569] {scheduler_job.py:643} INFO - DAG(s) dict_keys(['example_weekday_branch_operator']) retrieved from /home/airflow/.local/lib/python3.8/site-packages/airflow/example_dags/example_branch_day_of_week_operator.py
[2021-12-13 07:49:04,631] {logging_mixin.py:104} INFO - [2021-12-13 07:49:04,631] {dag.py:1832} INFO - Sync 1 DAGs
[2021-12-13 07:49:04,682] {logging_mixin.py:104} INFO - [2021-12-13 07:49:04,674] {dag.py:2305} INFO - Setting next_dagrun for example_weekday_branch_operator to 2021-12-11 00:00:00+00:00
[2021-12-13 07:49:04,724] {scheduler_job.py:190} INFO - Processing /home/airflow/.local/lib/python3.8/site-packages/airflow/example_dags/example_branch_day_of_week_operator.py took 0.215 seconds
[2021-12-13 07:49:42,414] {scheduler_job.py:182} INFO - Started process (PID=39312) to work on /home/airflow/.local/lib/python3.8/site-packages/airflow/example_dags/example_branch_day_of_week_operator.py
[2021-12-13 07:49:42,419] {scheduler_job.py:633} INFO - Processing file /home/airflow/.local/lib/python3.8/site-packages/airflow/example_dags/example_branch_day_of_week_operator.py for tasks to queue
[2021-12-13 07:49:42,423] {logging_mixin.py:104} INFO - [2021-12-13 07:49:42,423] {dagbag.py:487} INFO - Filling up the DagBag from /home/airflow/.local/lib/python3.8/site-packages/airflow/example_dags/example_branch_day_of_week_operator.py
[2021-12-13 07:49:42,437] {scheduler_job.py:643} INFO - DAG(s) dict_keys(['example_weekday_branch_operator']) retrieved from /home/airflow/.local/lib/python3.8/site-packages/airflow/example_dags/example_branch_day_of_week_operator.py
[2021-12-13 07:49:42,451] {logging_mixin.py:104} INFO - [2021-12-13 07:49:42,451] {dag.py:1832} INFO - Sync 1 DAGs
[2021-12-13 07:49:42,463] {logging_mixin.py:104} INFO - [2021-12-13 07:49:42,463] {dag.py:2305} INFO - Setting next_dagrun for example_weekday_branch_operator to 2021-12-11 00:00:00+00:00
[2021-12-13 07:49:42,489] {scheduler_job.py:190} INFO - Processing /home/airflow/.local/lib/python3.8/site-packages/airflow/example_dags/example_branch_day_of_week_operator.py took 0.077 seconds
