[2021-12-13 07:35:17,788] {scheduler_job.py:182} INFO - Started process (PID=35723) to work on /home/airflow/.local/lib/python3.8/site-packages/airflow/example_dags/example_task_group.py
[2021-12-13 07:35:17,796] {scheduler_job.py:633} INFO - Processing file /home/airflow/.local/lib/python3.8/site-packages/airflow/example_dags/example_task_group.py for tasks to queue
[2021-12-13 07:35:17,797] {logging_mixin.py:104} INFO - [2021-12-13 07:35:17,796] {dagbag.py:487} INFO - Filling up the DagBag from /home/airflow/.local/lib/python3.8/site-packages/airflow/example_dags/example_task_group.py
[2021-12-13 07:35:17,814] {scheduler_job.py:643} INFO - DAG(s) dict_keys(['example_task_group']) retrieved from /home/airflow/.local/lib/python3.8/site-packages/airflow/example_dags/example_task_group.py
[2021-12-13 07:35:18,129] {logging_mixin.py:104} INFO - [2021-12-13 07:35:18,129] {dag.py:1832} INFO - Sync 1 DAGs
[2021-12-13 07:35:18,140] {logging_mixin.py:104} INFO - [2021-12-13 07:35:18,140] {dag.py:2305} INFO - Setting next_dagrun for example_task_group to 2021-12-11 00:00:00+00:00
[2021-12-13 07:35:18,172] {scheduler_job.py:190} INFO - Processing /home/airflow/.local/lib/python3.8/site-packages/airflow/example_dags/example_task_group.py took 0.394 seconds
[2021-12-13 07:35:57,222] {scheduler_job.py:182} INFO - Started process (PID=35869) to work on /home/airflow/.local/lib/python3.8/site-packages/airflow/example_dags/example_task_group.py
[2021-12-13 07:35:57,226] {scheduler_job.py:633} INFO - Processing file /home/airflow/.local/lib/python3.8/site-packages/airflow/example_dags/example_task_group.py for tasks to queue
[2021-12-13 07:35:57,228] {logging_mixin.py:104} INFO - [2021-12-13 07:35:57,228] {dagbag.py:487} INFO - Filling up the DagBag from /home/airflow/.local/lib/python3.8/site-packages/airflow/example_dags/example_task_group.py
[2021-12-13 07:35:57,246] {scheduler_job.py:643} INFO - DAG(s) dict_keys(['example_task_group']) retrieved from /home/airflow/.local/lib/python3.8/site-packages/airflow/example_dags/example_task_group.py
[2021-12-13 07:35:57,262] {logging_mixin.py:104} INFO - [2021-12-13 07:35:57,262] {dag.py:1832} INFO - Sync 1 DAGs
[2021-12-13 07:35:57,280] {logging_mixin.py:104} INFO - [2021-12-13 07:35:57,280] {dag.py:2305} INFO - Setting next_dagrun for example_task_group to 2021-12-11 00:00:00+00:00
[2021-12-13 07:35:57,309] {scheduler_job.py:190} INFO - Processing /home/airflow/.local/lib/python3.8/site-packages/airflow/example_dags/example_task_group.py took 0.090 seconds
[2021-12-13 07:36:34,074] {scheduler_job.py:182} INFO - Started process (PID=36043) to work on /home/airflow/.local/lib/python3.8/site-packages/airflow/example_dags/example_task_group.py
[2021-12-13 07:36:34,079] {scheduler_job.py:633} INFO - Processing file /home/airflow/.local/lib/python3.8/site-packages/airflow/example_dags/example_task_group.py for tasks to queue
[2021-12-13 07:36:34,082] {logging_mixin.py:104} INFO - [2021-12-13 07:36:34,082] {dagbag.py:487} INFO - Filling up the DagBag from /home/airflow/.local/lib/python3.8/site-packages/airflow/example_dags/example_task_group.py
[2021-12-13 07:36:34,095] {scheduler_job.py:643} INFO - DAG(s) dict_keys(['example_task_group']) retrieved from /home/airflow/.local/lib/python3.8/site-packages/airflow/example_dags/example_task_group.py
[2021-12-13 07:36:34,113] {logging_mixin.py:104} INFO - [2021-12-13 07:36:34,113] {dag.py:1832} INFO - Sync 1 DAGs
[2021-12-13 07:36:34,123] {logging_mixin.py:104} INFO - [2021-12-13 07:36:34,123] {dag.py:2305} INFO - Setting next_dagrun for example_task_group to 2021-12-11 00:00:00+00:00
[2021-12-13 07:36:34,154] {scheduler_job.py:190} INFO - Processing /home/airflow/.local/lib/python3.8/site-packages/airflow/example_dags/example_task_group.py took 0.083 seconds
[2021-12-13 07:37:07,204] {scheduler_job.py:182} INFO - Started process (PID=36202) to work on /home/airflow/.local/lib/python3.8/site-packages/airflow/example_dags/example_task_group.py
[2021-12-13 07:37:07,210] {scheduler_job.py:633} INFO - Processing file /home/airflow/.local/lib/python3.8/site-packages/airflow/example_dags/example_task_group.py for tasks to queue
[2021-12-13 07:37:07,214] {logging_mixin.py:104} INFO - [2021-12-13 07:37:07,214] {dagbag.py:487} INFO - Filling up the DagBag from /home/airflow/.local/lib/python3.8/site-packages/airflow/example_dags/example_task_group.py
[2021-12-13 07:37:07,235] {scheduler_job.py:643} INFO - DAG(s) dict_keys(['example_task_group']) retrieved from /home/airflow/.local/lib/python3.8/site-packages/airflow/example_dags/example_task_group.py
[2021-12-13 07:37:07,250] {logging_mixin.py:104} INFO - [2021-12-13 07:37:07,249] {dag.py:1832} INFO - Sync 1 DAGs
[2021-12-13 07:37:07,264] {logging_mixin.py:104} INFO - [2021-12-13 07:37:07,264] {dag.py:2305} INFO - Setting next_dagrun for example_task_group to 2021-12-11 00:00:00+00:00
[2021-12-13 07:37:07,297] {scheduler_job.py:190} INFO - Processing /home/airflow/.local/lib/python3.8/site-packages/airflow/example_dags/example_task_group.py took 0.095 seconds
[2021-12-13 07:37:42,553] {scheduler_job.py:182} INFO - Started process (PID=36345) to work on /home/airflow/.local/lib/python3.8/site-packages/airflow/example_dags/example_task_group.py
[2021-12-13 07:37:42,556] {scheduler_job.py:633} INFO - Processing file /home/airflow/.local/lib/python3.8/site-packages/airflow/example_dags/example_task_group.py for tasks to queue
[2021-12-13 07:37:42,557] {logging_mixin.py:104} INFO - [2021-12-13 07:37:42,557] {dagbag.py:487} INFO - Filling up the DagBag from /home/airflow/.local/lib/python3.8/site-packages/airflow/example_dags/example_task_group.py
[2021-12-13 07:37:42,571] {scheduler_job.py:643} INFO - DAG(s) dict_keys(['example_task_group']) retrieved from /home/airflow/.local/lib/python3.8/site-packages/airflow/example_dags/example_task_group.py
[2021-12-13 07:37:42,586] {logging_mixin.py:104} INFO - [2021-12-13 07:37:42,585] {dag.py:1832} INFO - Sync 1 DAGs
[2021-12-13 07:37:42,600] {logging_mixin.py:104} INFO - [2021-12-13 07:37:42,600] {dag.py:2305} INFO - Setting next_dagrun for example_task_group to 2021-12-11 00:00:00+00:00
[2021-12-13 07:37:42,644] {scheduler_job.py:190} INFO - Processing /home/airflow/.local/lib/python3.8/site-packages/airflow/example_dags/example_task_group.py took 0.093 seconds
[2021-12-13 07:38:16,564] {scheduler_job.py:182} INFO - Started process (PID=36491) to work on /home/airflow/.local/lib/python3.8/site-packages/airflow/example_dags/example_task_group.py
[2021-12-13 07:38:16,568] {scheduler_job.py:633} INFO - Processing file /home/airflow/.local/lib/python3.8/site-packages/airflow/example_dags/example_task_group.py for tasks to queue
[2021-12-13 07:38:16,569] {logging_mixin.py:104} INFO - [2021-12-13 07:38:16,569] {dagbag.py:487} INFO - Filling up the DagBag from /home/airflow/.local/lib/python3.8/site-packages/airflow/example_dags/example_task_group.py
[2021-12-13 07:38:16,588] {scheduler_job.py:643} INFO - DAG(s) dict_keys(['example_task_group']) retrieved from /home/airflow/.local/lib/python3.8/site-packages/airflow/example_dags/example_task_group.py
[2021-12-13 07:38:16,605] {logging_mixin.py:104} INFO - [2021-12-13 07:38:16,605] {dag.py:1832} INFO - Sync 1 DAGs
[2021-12-13 07:38:16,616] {logging_mixin.py:104} INFO - [2021-12-13 07:38:16,616] {dag.py:2305} INFO - Setting next_dagrun for example_task_group to 2021-12-11 00:00:00+00:00
[2021-12-13 07:38:16,642] {scheduler_job.py:190} INFO - Processing /home/airflow/.local/lib/python3.8/site-packages/airflow/example_dags/example_task_group.py took 0.080 seconds
[2021-12-13 07:38:50,821] {scheduler_job.py:182} INFO - Started process (PID=36714) to work on /home/airflow/.local/lib/python3.8/site-packages/airflow/example_dags/example_task_group.py
[2021-12-13 07:38:50,825] {scheduler_job.py:633} INFO - Processing file /home/airflow/.local/lib/python3.8/site-packages/airflow/example_dags/example_task_group.py for tasks to queue
[2021-12-13 07:38:50,826] {logging_mixin.py:104} INFO - [2021-12-13 07:38:50,825] {dagbag.py:487} INFO - Filling up the DagBag from /home/airflow/.local/lib/python3.8/site-packages/airflow/example_dags/example_task_group.py
[2021-12-13 07:38:50,843] {scheduler_job.py:643} INFO - DAG(s) dict_keys(['example_task_group']) retrieved from /home/airflow/.local/lib/python3.8/site-packages/airflow/example_dags/example_task_group.py
[2021-12-13 07:38:50,857] {logging_mixin.py:104} INFO - [2021-12-13 07:38:50,857] {dag.py:1832} INFO - Sync 1 DAGs
[2021-12-13 07:38:50,869] {logging_mixin.py:104} INFO - [2021-12-13 07:38:50,869] {dag.py:2305} INFO - Setting next_dagrun for example_task_group to 2021-12-11 00:00:00+00:00
[2021-12-13 07:38:50,886] {scheduler_job.py:190} INFO - Processing /home/airflow/.local/lib/python3.8/site-packages/airflow/example_dags/example_task_group.py took 0.068 seconds
[2021-12-13 07:39:22,931] {scheduler_job.py:182} INFO - Started process (PID=36909) to work on /home/airflow/.local/lib/python3.8/site-packages/airflow/example_dags/example_task_group.py
[2021-12-13 07:39:22,934] {scheduler_job.py:633} INFO - Processing file /home/airflow/.local/lib/python3.8/site-packages/airflow/example_dags/example_task_group.py for tasks to queue
[2021-12-13 07:39:22,937] {logging_mixin.py:104} INFO - [2021-12-13 07:39:22,937] {dagbag.py:487} INFO - Filling up the DagBag from /home/airflow/.local/lib/python3.8/site-packages/airflow/example_dags/example_task_group.py
[2021-12-13 07:39:22,949] {scheduler_job.py:643} INFO - DAG(s) dict_keys(['example_task_group']) retrieved from /home/airflow/.local/lib/python3.8/site-packages/airflow/example_dags/example_task_group.py
[2021-12-13 07:39:22,963] {logging_mixin.py:104} INFO - [2021-12-13 07:39:22,963] {dag.py:1832} INFO - Sync 1 DAGs
[2021-12-13 07:39:22,975] {logging_mixin.py:104} INFO - [2021-12-13 07:39:22,974] {dag.py:2305} INFO - Setting next_dagrun for example_task_group to 2021-12-11 00:00:00+00:00
[2021-12-13 07:39:23,000] {scheduler_job.py:190} INFO - Processing /home/airflow/.local/lib/python3.8/site-packages/airflow/example_dags/example_task_group.py took 0.072 seconds
[2021-12-13 07:39:58,080] {scheduler_job.py:182} INFO - Started process (PID=37146) to work on /home/airflow/.local/lib/python3.8/site-packages/airflow/example_dags/example_task_group.py
[2021-12-13 07:39:58,103] {scheduler_job.py:633} INFO - Processing file /home/airflow/.local/lib/python3.8/site-packages/airflow/example_dags/example_task_group.py for tasks to queue
[2021-12-13 07:39:58,112] {logging_mixin.py:104} INFO - [2021-12-13 07:39:58,112] {dagbag.py:487} INFO - Filling up the DagBag from /home/airflow/.local/lib/python3.8/site-packages/airflow/example_dags/example_task_group.py
[2021-12-13 07:39:58,174] {scheduler_job.py:643} INFO - DAG(s) dict_keys(['example_task_group']) retrieved from /home/airflow/.local/lib/python3.8/site-packages/airflow/example_dags/example_task_group.py
[2021-12-13 07:39:58,217] {logging_mixin.py:104} INFO - [2021-12-13 07:39:58,217] {dag.py:1832} INFO - Sync 1 DAGs
[2021-12-13 07:39:58,276] {logging_mixin.py:104} INFO - [2021-12-13 07:39:58,276] {dag.py:2305} INFO - Setting next_dagrun for example_task_group to 2021-12-11 00:00:00+00:00
[2021-12-13 07:39:58,311] {scheduler_job.py:190} INFO - Processing /home/airflow/.local/lib/python3.8/site-packages/airflow/example_dags/example_task_group.py took 0.247 seconds
[2021-12-13 07:40:43,296] {scheduler_job.py:182} INFO - Started process (PID=37356) to work on /home/airflow/.local/lib/python3.8/site-packages/airflow/example_dags/example_task_group.py
[2021-12-13 07:40:43,305] {scheduler_job.py:633} INFO - Processing file /home/airflow/.local/lib/python3.8/site-packages/airflow/example_dags/example_task_group.py for tasks to queue
[2021-12-13 07:40:43,310] {logging_mixin.py:104} INFO - [2021-12-13 07:40:43,310] {dagbag.py:487} INFO - Filling up the DagBag from /home/airflow/.local/lib/python3.8/site-packages/airflow/example_dags/example_task_group.py
[2021-12-13 07:40:43,336] {scheduler_job.py:643} INFO - DAG(s) dict_keys(['example_task_group']) retrieved from /home/airflow/.local/lib/python3.8/site-packages/airflow/example_dags/example_task_group.py
[2021-12-13 07:40:43,374] {logging_mixin.py:104} INFO - [2021-12-13 07:40:43,374] {dag.py:1832} INFO - Sync 1 DAGs
[2021-12-13 07:40:43,408] {logging_mixin.py:104} INFO - [2021-12-13 07:40:43,408] {dag.py:2305} INFO - Setting next_dagrun for example_task_group to 2021-12-11 00:00:00+00:00
[2021-12-13 07:40:43,428] {scheduler_job.py:190} INFO - Processing /home/airflow/.local/lib/python3.8/site-packages/airflow/example_dags/example_task_group.py took 0.135 seconds
[2021-12-13 07:41:23,149] {scheduler_job.py:182} INFO - Started process (PID=37493) to work on /home/airflow/.local/lib/python3.8/site-packages/airflow/example_dags/example_task_group.py
[2021-12-13 07:41:23,152] {scheduler_job.py:633} INFO - Processing file /home/airflow/.local/lib/python3.8/site-packages/airflow/example_dags/example_task_group.py for tasks to queue
[2021-12-13 07:41:23,158] {logging_mixin.py:104} INFO - [2021-12-13 07:41:23,158] {dagbag.py:487} INFO - Filling up the DagBag from /home/airflow/.local/lib/python3.8/site-packages/airflow/example_dags/example_task_group.py
[2021-12-13 07:41:23,180] {scheduler_job.py:643} INFO - DAG(s) dict_keys(['example_task_group']) retrieved from /home/airflow/.local/lib/python3.8/site-packages/airflow/example_dags/example_task_group.py
[2021-12-13 07:41:23,208] {logging_mixin.py:104} INFO - [2021-12-13 07:41:23,208] {dag.py:1832} INFO - Sync 1 DAGs
[2021-12-13 07:41:23,227] {logging_mixin.py:104} INFO - [2021-12-13 07:41:23,227] {dag.py:2305} INFO - Setting next_dagrun for example_task_group to 2021-12-11 00:00:00+00:00
[2021-12-13 07:41:23,260] {scheduler_job.py:190} INFO - Processing /home/airflow/.local/lib/python3.8/site-packages/airflow/example_dags/example_task_group.py took 0.114 seconds
[2021-12-13 07:42:01,630] {scheduler_job.py:182} INFO - Started process (PID=37633) to work on /home/airflow/.local/lib/python3.8/site-packages/airflow/example_dags/example_task_group.py
[2021-12-13 07:42:01,636] {scheduler_job.py:633} INFO - Processing file /home/airflow/.local/lib/python3.8/site-packages/airflow/example_dags/example_task_group.py for tasks to queue
[2021-12-13 07:42:01,641] {logging_mixin.py:104} INFO - [2021-12-13 07:42:01,640] {dagbag.py:487} INFO - Filling up the DagBag from /home/airflow/.local/lib/python3.8/site-packages/airflow/example_dags/example_task_group.py
[2021-12-13 07:42:01,672] {scheduler_job.py:643} INFO - DAG(s) dict_keys(['example_task_group']) retrieved from /home/airflow/.local/lib/python3.8/site-packages/airflow/example_dags/example_task_group.py
[2021-12-13 07:42:01,708] {logging_mixin.py:104} INFO - [2021-12-13 07:42:01,708] {dag.py:1832} INFO - Sync 1 DAGs
[2021-12-13 07:42:01,726] {logging_mixin.py:104} INFO - [2021-12-13 07:42:01,725] {dag.py:2305} INFO - Setting next_dagrun for example_task_group to 2021-12-11 00:00:00+00:00
[2021-12-13 07:42:01,763] {scheduler_job.py:190} INFO - Processing /home/airflow/.local/lib/python3.8/site-packages/airflow/example_dags/example_task_group.py took 0.144 seconds
[2021-12-13 07:42:39,634] {scheduler_job.py:182} INFO - Started process (PID=37761) to work on /home/airflow/.local/lib/python3.8/site-packages/airflow/example_dags/example_task_group.py
[2021-12-13 07:42:39,638] {scheduler_job.py:633} INFO - Processing file /home/airflow/.local/lib/python3.8/site-packages/airflow/example_dags/example_task_group.py for tasks to queue
[2021-12-13 07:42:39,641] {logging_mixin.py:104} INFO - [2021-12-13 07:42:39,641] {dagbag.py:487} INFO - Filling up the DagBag from /home/airflow/.local/lib/python3.8/site-packages/airflow/example_dags/example_task_group.py
[2021-12-13 07:42:39,659] {scheduler_job.py:643} INFO - DAG(s) dict_keys(['example_task_group']) retrieved from /home/airflow/.local/lib/python3.8/site-packages/airflow/example_dags/example_task_group.py
[2021-12-13 07:42:39,677] {logging_mixin.py:104} INFO - [2021-12-13 07:42:39,677] {dag.py:1832} INFO - Sync 1 DAGs
[2021-12-13 07:42:39,695] {logging_mixin.py:104} INFO - [2021-12-13 07:42:39,695] {dag.py:2305} INFO - Setting next_dagrun for example_task_group to 2021-12-11 00:00:00+00:00
[2021-12-13 07:42:39,721] {scheduler_job.py:190} INFO - Processing /home/airflow/.local/lib/python3.8/site-packages/airflow/example_dags/example_task_group.py took 0.090 seconds
[2021-12-13 07:43:26,354] {scheduler_job.py:182} INFO - Started process (PID=37910) to work on /home/airflow/.local/lib/python3.8/site-packages/airflow/example_dags/example_task_group.py
[2021-12-13 07:43:26,358] {scheduler_job.py:633} INFO - Processing file /home/airflow/.local/lib/python3.8/site-packages/airflow/example_dags/example_task_group.py for tasks to queue
[2021-12-13 07:43:26,362] {logging_mixin.py:104} INFO - [2021-12-13 07:43:26,362] {dagbag.py:487} INFO - Filling up the DagBag from /home/airflow/.local/lib/python3.8/site-packages/airflow/example_dags/example_task_group.py
[2021-12-13 07:43:26,379] {scheduler_job.py:643} INFO - DAG(s) dict_keys(['example_task_group']) retrieved from /home/airflow/.local/lib/python3.8/site-packages/airflow/example_dags/example_task_group.py
[2021-12-13 07:43:26,396] {logging_mixin.py:104} INFO - [2021-12-13 07:43:26,396] {dag.py:1832} INFO - Sync 1 DAGs
[2021-12-13 07:43:26,411] {logging_mixin.py:104} INFO - [2021-12-13 07:43:26,411] {dag.py:2305} INFO - Setting next_dagrun for example_task_group to 2021-12-11 00:00:00+00:00
[2021-12-13 07:43:26,456] {scheduler_job.py:190} INFO - Processing /home/airflow/.local/lib/python3.8/site-packages/airflow/example_dags/example_task_group.py took 0.104 seconds
[2021-12-13 07:44:04,893] {scheduler_job.py:182} INFO - Started process (PID=38032) to work on /home/airflow/.local/lib/python3.8/site-packages/airflow/example_dags/example_task_group.py
[2021-12-13 07:44:04,897] {scheduler_job.py:633} INFO - Processing file /home/airflow/.local/lib/python3.8/site-packages/airflow/example_dags/example_task_group.py for tasks to queue
[2021-12-13 07:44:04,907] {logging_mixin.py:104} INFO - [2021-12-13 07:44:04,907] {dagbag.py:487} INFO - Filling up the DagBag from /home/airflow/.local/lib/python3.8/site-packages/airflow/example_dags/example_task_group.py
[2021-12-13 07:44:04,939] {scheduler_job.py:643} INFO - DAG(s) dict_keys(['example_task_group']) retrieved from /home/airflow/.local/lib/python3.8/site-packages/airflow/example_dags/example_task_group.py
[2021-12-13 07:44:04,972] {logging_mixin.py:104} INFO - [2021-12-13 07:44:04,972] {dag.py:1832} INFO - Sync 1 DAGs
[2021-12-13 07:44:05,005] {logging_mixin.py:104} INFO - [2021-12-13 07:44:05,005] {dag.py:2305} INFO - Setting next_dagrun for example_task_group to 2021-12-11 00:00:00+00:00
[2021-12-13 07:44:05,040] {scheduler_job.py:190} INFO - Processing /home/airflow/.local/lib/python3.8/site-packages/airflow/example_dags/example_task_group.py took 0.149 seconds
[2021-12-13 07:44:38,618] {scheduler_job.py:182} INFO - Started process (PID=38146) to work on /home/airflow/.local/lib/python3.8/site-packages/airflow/example_dags/example_task_group.py
[2021-12-13 07:44:38,623] {scheduler_job.py:633} INFO - Processing file /home/airflow/.local/lib/python3.8/site-packages/airflow/example_dags/example_task_group.py for tasks to queue
[2021-12-13 07:44:38,624] {logging_mixin.py:104} INFO - [2021-12-13 07:44:38,623] {dagbag.py:487} INFO - Filling up the DagBag from /home/airflow/.local/lib/python3.8/site-packages/airflow/example_dags/example_task_group.py
[2021-12-13 07:44:38,642] {scheduler_job.py:643} INFO - DAG(s) dict_keys(['example_task_group']) retrieved from /home/airflow/.local/lib/python3.8/site-packages/airflow/example_dags/example_task_group.py
[2021-12-13 07:44:38,659] {logging_mixin.py:104} INFO - [2021-12-13 07:44:38,659] {dag.py:1832} INFO - Sync 1 DAGs
[2021-12-13 07:44:38,675] {logging_mixin.py:104} INFO - [2021-12-13 07:44:38,675] {dag.py:2305} INFO - Setting next_dagrun for example_task_group to 2021-12-11 00:00:00+00:00
[2021-12-13 07:44:38,703] {scheduler_job.py:190} INFO - Processing /home/airflow/.local/lib/python3.8/site-packages/airflow/example_dags/example_task_group.py took 0.090 seconds
[2021-12-13 07:45:18,341] {scheduler_job.py:182} INFO - Started process (PID=38365) to work on /home/airflow/.local/lib/python3.8/site-packages/airflow/example_dags/example_task_group.py
[2021-12-13 07:45:18,348] {scheduler_job.py:633} INFO - Processing file /home/airflow/.local/lib/python3.8/site-packages/airflow/example_dags/example_task_group.py for tasks to queue
[2021-12-13 07:45:18,361] {logging_mixin.py:104} INFO - [2021-12-13 07:45:18,361] {dagbag.py:487} INFO - Filling up the DagBag from /home/airflow/.local/lib/python3.8/site-packages/airflow/example_dags/example_task_group.py
[2021-12-13 07:45:18,395] {scheduler_job.py:643} INFO - DAG(s) dict_keys(['example_task_group']) retrieved from /home/airflow/.local/lib/python3.8/site-packages/airflow/example_dags/example_task_group.py
[2021-12-13 07:45:18,416] {logging_mixin.py:104} INFO - [2021-12-13 07:45:18,416] {dag.py:1832} INFO - Sync 1 DAGs
[2021-12-13 07:45:18,426] {logging_mixin.py:104} INFO - [2021-12-13 07:45:18,426] {dag.py:2305} INFO - Setting next_dagrun for example_task_group to 2021-12-11 00:00:00+00:00
[2021-12-13 07:45:18,455] {scheduler_job.py:190} INFO - Processing /home/airflow/.local/lib/python3.8/site-packages/airflow/example_dags/example_task_group.py took 0.117 seconds
[2021-12-13 07:45:56,647] {scheduler_job.py:182} INFO - Started process (PID=38493) to work on /home/airflow/.local/lib/python3.8/site-packages/airflow/example_dags/example_task_group.py
[2021-12-13 07:45:56,654] {scheduler_job.py:633} INFO - Processing file /home/airflow/.local/lib/python3.8/site-packages/airflow/example_dags/example_task_group.py for tasks to queue
[2021-12-13 07:45:56,658] {logging_mixin.py:104} INFO - [2021-12-13 07:45:56,658] {dagbag.py:487} INFO - Filling up the DagBag from /home/airflow/.local/lib/python3.8/site-packages/airflow/example_dags/example_task_group.py
[2021-12-13 07:45:56,685] {scheduler_job.py:643} INFO - DAG(s) dict_keys(['example_task_group']) retrieved from /home/airflow/.local/lib/python3.8/site-packages/airflow/example_dags/example_task_group.py
[2021-12-13 07:45:56,721] {logging_mixin.py:104} INFO - [2021-12-13 07:45:56,721] {dag.py:1832} INFO - Sync 1 DAGs
[2021-12-13 07:45:56,762] {logging_mixin.py:104} INFO - [2021-12-13 07:45:56,762] {dag.py:2305} INFO - Setting next_dagrun for example_task_group to 2021-12-11 00:00:00+00:00
[2021-12-13 07:45:56,795] {scheduler_job.py:190} INFO - Processing /home/airflow/.local/lib/python3.8/site-packages/airflow/example_dags/example_task_group.py took 0.154 seconds
[2021-12-13 07:46:35,520] {scheduler_job.py:182} INFO - Started process (PID=38621) to work on /home/airflow/.local/lib/python3.8/site-packages/airflow/example_dags/example_task_group.py
[2021-12-13 07:46:35,534] {scheduler_job.py:633} INFO - Processing file /home/airflow/.local/lib/python3.8/site-packages/airflow/example_dags/example_task_group.py for tasks to queue
[2021-12-13 07:46:35,536] {logging_mixin.py:104} INFO - [2021-12-13 07:46:35,536] {dagbag.py:487} INFO - Filling up the DagBag from /home/airflow/.local/lib/python3.8/site-packages/airflow/example_dags/example_task_group.py
[2021-12-13 07:46:35,560] {scheduler_job.py:643} INFO - DAG(s) dict_keys(['example_task_group']) retrieved from /home/airflow/.local/lib/python3.8/site-packages/airflow/example_dags/example_task_group.py
[2021-12-13 07:46:35,601] {logging_mixin.py:104} INFO - [2021-12-13 07:46:35,601] {dag.py:1832} INFO - Sync 1 DAGs
[2021-12-13 07:46:35,636] {logging_mixin.py:104} INFO - [2021-12-13 07:46:35,636] {dag.py:2305} INFO - Setting next_dagrun for example_task_group to 2021-12-11 00:00:00+00:00
[2021-12-13 07:46:35,668] {scheduler_job.py:190} INFO - Processing /home/airflow/.local/lib/python3.8/site-packages/airflow/example_dags/example_task_group.py took 0.150 seconds
[2021-12-13 07:47:10,532] {scheduler_job.py:182} INFO - Started process (PID=38737) to work on /home/airflow/.local/lib/python3.8/site-packages/airflow/example_dags/example_task_group.py
[2021-12-13 07:47:10,537] {scheduler_job.py:633} INFO - Processing file /home/airflow/.local/lib/python3.8/site-packages/airflow/example_dags/example_task_group.py for tasks to queue
[2021-12-13 07:47:10,537] {logging_mixin.py:104} INFO - [2021-12-13 07:47:10,537] {dagbag.py:487} INFO - Filling up the DagBag from /home/airflow/.local/lib/python3.8/site-packages/airflow/example_dags/example_task_group.py
[2021-12-13 07:47:10,558] {scheduler_job.py:643} INFO - DAG(s) dict_keys(['example_task_group']) retrieved from /home/airflow/.local/lib/python3.8/site-packages/airflow/example_dags/example_task_group.py
[2021-12-13 07:47:10,576] {logging_mixin.py:104} INFO - [2021-12-13 07:47:10,576] {dag.py:1832} INFO - Sync 1 DAGs
[2021-12-13 07:47:10,589] {logging_mixin.py:104} INFO - [2021-12-13 07:47:10,589] {dag.py:2305} INFO - Setting next_dagrun for example_task_group to 2021-12-11 00:00:00+00:00
[2021-12-13 07:47:10,617] {scheduler_job.py:190} INFO - Processing /home/airflow/.local/lib/python3.8/site-packages/airflow/example_dags/example_task_group.py took 0.088 seconds
[2021-12-13 07:47:47,151] {scheduler_job.py:182} INFO - Started process (PID=38861) to work on /home/airflow/.local/lib/python3.8/site-packages/airflow/example_dags/example_task_group.py
[2021-12-13 07:47:47,155] {scheduler_job.py:633} INFO - Processing file /home/airflow/.local/lib/python3.8/site-packages/airflow/example_dags/example_task_group.py for tasks to queue
[2021-12-13 07:47:47,160] {logging_mixin.py:104} INFO - [2021-12-13 07:47:47,160] {dagbag.py:487} INFO - Filling up the DagBag from /home/airflow/.local/lib/python3.8/site-packages/airflow/example_dags/example_task_group.py
[2021-12-13 07:47:47,199] {scheduler_job.py:643} INFO - DAG(s) dict_keys(['example_task_group']) retrieved from /home/airflow/.local/lib/python3.8/site-packages/airflow/example_dags/example_task_group.py
[2021-12-13 07:47:47,239] {logging_mixin.py:104} INFO - [2021-12-13 07:47:47,239] {dag.py:1832} INFO - Sync 1 DAGs
[2021-12-13 07:47:47,267] {logging_mixin.py:104} INFO - [2021-12-13 07:47:47,267] {dag.py:2305} INFO - Setting next_dagrun for example_task_group to 2021-12-11 00:00:00+00:00
[2021-12-13 07:47:47,305] {scheduler_job.py:190} INFO - Processing /home/airflow/.local/lib/python3.8/site-packages/airflow/example_dags/example_task_group.py took 0.160 seconds
[2021-12-13 07:48:27,386] {scheduler_job.py:182} INFO - Started process (PID=38997) to work on /home/airflow/.local/lib/python3.8/site-packages/airflow/example_dags/example_task_group.py
[2021-12-13 07:48:27,390] {scheduler_job.py:633} INFO - Processing file /home/airflow/.local/lib/python3.8/site-packages/airflow/example_dags/example_task_group.py for tasks to queue
[2021-12-13 07:48:27,394] {logging_mixin.py:104} INFO - [2021-12-13 07:48:27,394] {dagbag.py:487} INFO - Filling up the DagBag from /home/airflow/.local/lib/python3.8/site-packages/airflow/example_dags/example_task_group.py
[2021-12-13 07:48:27,458] {scheduler_job.py:643} INFO - DAG(s) dict_keys(['example_task_group']) retrieved from /home/airflow/.local/lib/python3.8/site-packages/airflow/example_dags/example_task_group.py
[2021-12-13 07:48:27,484] {logging_mixin.py:104} INFO - [2021-12-13 07:48:27,484] {dag.py:1832} INFO - Sync 1 DAGs
[2021-12-13 07:48:27,494] {logging_mixin.py:104} INFO - [2021-12-13 07:48:27,494] {dag.py:2305} INFO - Setting next_dagrun for example_task_group to 2021-12-11 00:00:00+00:00
[2021-12-13 07:48:27,523] {scheduler_job.py:190} INFO - Processing /home/airflow/.local/lib/python3.8/site-packages/airflow/example_dags/example_task_group.py took 0.149 seconds
[2021-12-13 07:49:07,113] {scheduler_job.py:182} INFO - Started process (PID=39152) to work on /home/airflow/.local/lib/python3.8/site-packages/airflow/example_dags/example_task_group.py
[2021-12-13 07:49:07,117] {scheduler_job.py:633} INFO - Processing file /home/airflow/.local/lib/python3.8/site-packages/airflow/example_dags/example_task_group.py for tasks to queue
[2021-12-13 07:49:07,117] {logging_mixin.py:104} INFO - [2021-12-13 07:49:07,117] {dagbag.py:487} INFO - Filling up the DagBag from /home/airflow/.local/lib/python3.8/site-packages/airflow/example_dags/example_task_group.py
[2021-12-13 07:49:07,135] {scheduler_job.py:643} INFO - DAG(s) dict_keys(['example_task_group']) retrieved from /home/airflow/.local/lib/python3.8/site-packages/airflow/example_dags/example_task_group.py
[2021-12-13 07:49:07,152] {logging_mixin.py:104} INFO - [2021-12-13 07:49:07,152] {dag.py:1832} INFO - Sync 1 DAGs
[2021-12-13 07:49:07,167] {logging_mixin.py:104} INFO - [2021-12-13 07:49:07,167] {dag.py:2305} INFO - Setting next_dagrun for example_task_group to 2021-12-11 00:00:00+00:00
[2021-12-13 07:49:07,188] {scheduler_job.py:190} INFO - Processing /home/airflow/.local/lib/python3.8/site-packages/airflow/example_dags/example_task_group.py took 0.078 seconds
[2021-12-13 07:49:44,158] {scheduler_job.py:182} INFO - Started process (PID=39320) to work on /home/airflow/.local/lib/python3.8/site-packages/airflow/example_dags/example_task_group.py
[2021-12-13 07:49:44,174] {scheduler_job.py:633} INFO - Processing file /home/airflow/.local/lib/python3.8/site-packages/airflow/example_dags/example_task_group.py for tasks to queue
[2021-12-13 07:49:44,178] {logging_mixin.py:104} INFO - [2021-12-13 07:49:44,178] {dagbag.py:487} INFO - Filling up the DagBag from /home/airflow/.local/lib/python3.8/site-packages/airflow/example_dags/example_task_group.py
[2021-12-13 07:49:44,212] {scheduler_job.py:643} INFO - DAG(s) dict_keys(['example_task_group']) retrieved from /home/airflow/.local/lib/python3.8/site-packages/airflow/example_dags/example_task_group.py
[2021-12-13 07:49:44,247] {logging_mixin.py:104} INFO - [2021-12-13 07:49:44,247] {dag.py:1832} INFO - Sync 1 DAGs
[2021-12-13 07:49:44,267] {logging_mixin.py:104} INFO - [2021-12-13 07:49:44,267] {dag.py:2305} INFO - Setting next_dagrun for example_task_group to 2021-12-11 00:00:00+00:00
[2021-12-13 07:49:44,295] {scheduler_job.py:190} INFO - Processing /home/airflow/.local/lib/python3.8/site-packages/airflow/example_dags/example_task_group.py took 0.142 seconds
