[2021-12-13 07:35:27,223] {scheduler_job.py:182} INFO - Started process (PID=35760) to work on /home/airflow/.local/lib/python3.8/site-packages/airflow/example_dags/example_trigger_target_dag.py
[2021-12-13 07:35:27,227] {scheduler_job.py:633} INFO - Processing file /home/airflow/.local/lib/python3.8/site-packages/airflow/example_dags/example_trigger_target_dag.py for tasks to queue
[2021-12-13 07:35:27,230] {logging_mixin.py:104} INFO - [2021-12-13 07:35:27,230] {dagbag.py:487} INFO - Filling up the DagBag from /home/airflow/.local/lib/python3.8/site-packages/airflow/example_dags/example_trigger_target_dag.py
[2021-12-13 07:35:27,245] {scheduler_job.py:643} INFO - DAG(s) dict_keys(['example_trigger_target_dag']) retrieved from /home/airflow/.local/lib/python3.8/site-packages/airflow/example_dags/example_trigger_target_dag.py
[2021-12-13 07:35:27,550] {logging_mixin.py:104} INFO - [2021-12-13 07:35:27,549] {dag.py:1832} INFO - Sync 1 DAGs
[2021-12-13 07:35:27,558] {logging_mixin.py:104} INFO - [2021-12-13 07:35:27,558] {dag.py:2305} INFO - Setting next_dagrun for example_trigger_target_dag to None
[2021-12-13 07:35:27,588] {scheduler_job.py:190} INFO - Processing /home/airflow/.local/lib/python3.8/site-packages/airflow/example_dags/example_trigger_target_dag.py took 0.368 seconds
[2021-12-13 07:36:05,656] {scheduler_job.py:182} INFO - Started process (PID=35924) to work on /home/airflow/.local/lib/python3.8/site-packages/airflow/example_dags/example_trigger_target_dag.py
[2021-12-13 07:36:05,675] {scheduler_job.py:633} INFO - Processing file /home/airflow/.local/lib/python3.8/site-packages/airflow/example_dags/example_trigger_target_dag.py for tasks to queue
[2021-12-13 07:36:05,686] {logging_mixin.py:104} INFO - [2021-12-13 07:36:05,686] {dagbag.py:487} INFO - Filling up the DagBag from /home/airflow/.local/lib/python3.8/site-packages/airflow/example_dags/example_trigger_target_dag.py
[2021-12-13 07:36:05,743] {scheduler_job.py:643} INFO - DAG(s) dict_keys(['example_trigger_target_dag']) retrieved from /home/airflow/.local/lib/python3.8/site-packages/airflow/example_dags/example_trigger_target_dag.py
[2021-12-13 07:36:05,808] {logging_mixin.py:104} INFO - [2021-12-13 07:36:05,807] {dag.py:1832} INFO - Sync 1 DAGs
[2021-12-13 07:36:05,891] {logging_mixin.py:104} INFO - [2021-12-13 07:36:05,891] {dag.py:2305} INFO - Setting next_dagrun for example_trigger_target_dag to None
[2021-12-13 07:36:05,966] {scheduler_job.py:190} INFO - Processing /home/airflow/.local/lib/python3.8/site-packages/airflow/example_dags/example_trigger_target_dag.py took 0.326 seconds
[2021-12-13 07:36:41,417] {scheduler_job.py:182} INFO - Started process (PID=36071) to work on /home/airflow/.local/lib/python3.8/site-packages/airflow/example_dags/example_trigger_target_dag.py
[2021-12-13 07:36:41,421] {scheduler_job.py:633} INFO - Processing file /home/airflow/.local/lib/python3.8/site-packages/airflow/example_dags/example_trigger_target_dag.py for tasks to queue
[2021-12-13 07:36:41,425] {logging_mixin.py:104} INFO - [2021-12-13 07:36:41,422] {dagbag.py:487} INFO - Filling up the DagBag from /home/airflow/.local/lib/python3.8/site-packages/airflow/example_dags/example_trigger_target_dag.py
[2021-12-13 07:36:41,440] {scheduler_job.py:643} INFO - DAG(s) dict_keys(['example_trigger_target_dag']) retrieved from /home/airflow/.local/lib/python3.8/site-packages/airflow/example_dags/example_trigger_target_dag.py
[2021-12-13 07:36:41,454] {logging_mixin.py:104} INFO - [2021-12-13 07:36:41,454] {dag.py:1832} INFO - Sync 1 DAGs
[2021-12-13 07:36:41,534] {logging_mixin.py:104} INFO - [2021-12-13 07:36:41,534] {dag.py:2305} INFO - Setting next_dagrun for example_trigger_target_dag to None
[2021-12-13 07:36:41,572] {scheduler_job.py:190} INFO - Processing /home/airflow/.local/lib/python3.8/site-packages/airflow/example_dags/example_trigger_target_dag.py took 0.158 seconds
[2021-12-13 07:37:14,234] {scheduler_job.py:182} INFO - Started process (PID=36242) to work on /home/airflow/.local/lib/python3.8/site-packages/airflow/example_dags/example_trigger_target_dag.py
[2021-12-13 07:37:14,236] {scheduler_job.py:633} INFO - Processing file /home/airflow/.local/lib/python3.8/site-packages/airflow/example_dags/example_trigger_target_dag.py for tasks to queue
[2021-12-13 07:37:14,239] {logging_mixin.py:104} INFO - [2021-12-13 07:37:14,239] {dagbag.py:487} INFO - Filling up the DagBag from /home/airflow/.local/lib/python3.8/site-packages/airflow/example_dags/example_trigger_target_dag.py
[2021-12-13 07:37:14,251] {scheduler_job.py:643} INFO - DAG(s) dict_keys(['example_trigger_target_dag']) retrieved from /home/airflow/.local/lib/python3.8/site-packages/airflow/example_dags/example_trigger_target_dag.py
[2021-12-13 07:37:14,265] {logging_mixin.py:104} INFO - [2021-12-13 07:37:14,265] {dag.py:1832} INFO - Sync 1 DAGs
[2021-12-13 07:37:14,275] {logging_mixin.py:104} INFO - [2021-12-13 07:37:14,275] {dag.py:2305} INFO - Setting next_dagrun for example_trigger_target_dag to None
[2021-12-13 07:37:14,303] {scheduler_job.py:190} INFO - Processing /home/airflow/.local/lib/python3.8/site-packages/airflow/example_dags/example_trigger_target_dag.py took 0.071 seconds
[2021-12-13 07:37:49,461] {scheduler_job.py:182} INFO - Started process (PID=36376) to work on /home/airflow/.local/lib/python3.8/site-packages/airflow/example_dags/example_trigger_target_dag.py
[2021-12-13 07:37:49,475] {scheduler_job.py:633} INFO - Processing file /home/airflow/.local/lib/python3.8/site-packages/airflow/example_dags/example_trigger_target_dag.py for tasks to queue
[2021-12-13 07:37:49,476] {logging_mixin.py:104} INFO - [2021-12-13 07:37:49,476] {dagbag.py:487} INFO - Filling up the DagBag from /home/airflow/.local/lib/python3.8/site-packages/airflow/example_dags/example_trigger_target_dag.py
[2021-12-13 07:37:49,495] {scheduler_job.py:643} INFO - DAG(s) dict_keys(['example_trigger_target_dag']) retrieved from /home/airflow/.local/lib/python3.8/site-packages/airflow/example_dags/example_trigger_target_dag.py
[2021-12-13 07:37:49,510] {logging_mixin.py:104} INFO - [2021-12-13 07:37:49,510] {dag.py:1832} INFO - Sync 1 DAGs
[2021-12-13 07:37:49,524] {logging_mixin.py:104} INFO - [2021-12-13 07:37:49,524] {dag.py:2305} INFO - Setting next_dagrun for example_trigger_target_dag to None
[2021-12-13 07:37:49,553] {scheduler_job.py:190} INFO - Processing /home/airflow/.local/lib/python3.8/site-packages/airflow/example_dags/example_trigger_target_dag.py took 0.098 seconds
[2021-12-13 07:38:23,968] {scheduler_job.py:182} INFO - Started process (PID=36532) to work on /home/airflow/.local/lib/python3.8/site-packages/airflow/example_dags/example_trigger_target_dag.py
[2021-12-13 07:38:23,972] {scheduler_job.py:633} INFO - Processing file /home/airflow/.local/lib/python3.8/site-packages/airflow/example_dags/example_trigger_target_dag.py for tasks to queue
[2021-12-13 07:38:23,973] {logging_mixin.py:104} INFO - [2021-12-13 07:38:23,973] {dagbag.py:487} INFO - Filling up the DagBag from /home/airflow/.local/lib/python3.8/site-packages/airflow/example_dags/example_trigger_target_dag.py
[2021-12-13 07:38:23,989] {scheduler_job.py:643} INFO - DAG(s) dict_keys(['example_trigger_target_dag']) retrieved from /home/airflow/.local/lib/python3.8/site-packages/airflow/example_dags/example_trigger_target_dag.py
[2021-12-13 07:38:24,002] {logging_mixin.py:104} INFO - [2021-12-13 07:38:24,002] {dag.py:1832} INFO - Sync 1 DAGs
[2021-12-13 07:38:24,015] {logging_mixin.py:104} INFO - [2021-12-13 07:38:24,015] {dag.py:2305} INFO - Setting next_dagrun for example_trigger_target_dag to None
[2021-12-13 07:38:24,039] {scheduler_job.py:190} INFO - Processing /home/airflow/.local/lib/python3.8/site-packages/airflow/example_dags/example_trigger_target_dag.py took 0.074 seconds
[2021-12-13 07:38:59,209] {scheduler_job.py:182} INFO - Started process (PID=36759) to work on /home/airflow/.local/lib/python3.8/site-packages/airflow/example_dags/example_trigger_target_dag.py
[2021-12-13 07:38:59,213] {scheduler_job.py:633} INFO - Processing file /home/airflow/.local/lib/python3.8/site-packages/airflow/example_dags/example_trigger_target_dag.py for tasks to queue
[2021-12-13 07:38:59,216] {logging_mixin.py:104} INFO - [2021-12-13 07:38:59,216] {dagbag.py:487} INFO - Filling up the DagBag from /home/airflow/.local/lib/python3.8/site-packages/airflow/example_dags/example_trigger_target_dag.py
[2021-12-13 07:38:59,228] {scheduler_job.py:643} INFO - DAG(s) dict_keys(['example_trigger_target_dag']) retrieved from /home/airflow/.local/lib/python3.8/site-packages/airflow/example_dags/example_trigger_target_dag.py
[2021-12-13 07:38:59,241] {logging_mixin.py:104} INFO - [2021-12-13 07:38:59,240] {dag.py:1832} INFO - Sync 1 DAGs
[2021-12-13 07:38:59,253] {logging_mixin.py:104} INFO - [2021-12-13 07:38:59,253] {dag.py:2305} INFO - Setting next_dagrun for example_trigger_target_dag to None
[2021-12-13 07:38:59,276] {scheduler_job.py:190} INFO - Processing /home/airflow/.local/lib/python3.8/site-packages/airflow/example_dags/example_trigger_target_dag.py took 0.068 seconds
[2021-12-13 07:39:33,877] {scheduler_job.py:182} INFO - Started process (PID=36967) to work on /home/airflow/.local/lib/python3.8/site-packages/airflow/example_dags/example_trigger_target_dag.py
[2021-12-13 07:39:33,883] {scheduler_job.py:633} INFO - Processing file /home/airflow/.local/lib/python3.8/site-packages/airflow/example_dags/example_trigger_target_dag.py for tasks to queue
[2021-12-13 07:39:33,883] {logging_mixin.py:104} INFO - [2021-12-13 07:39:33,883] {dagbag.py:487} INFO - Filling up the DagBag from /home/airflow/.local/lib/python3.8/site-packages/airflow/example_dags/example_trigger_target_dag.py
[2021-12-13 07:39:33,902] {scheduler_job.py:643} INFO - DAG(s) dict_keys(['example_trigger_target_dag']) retrieved from /home/airflow/.local/lib/python3.8/site-packages/airflow/example_dags/example_trigger_target_dag.py
[2021-12-13 07:39:33,931] {logging_mixin.py:104} INFO - [2021-12-13 07:39:33,931] {dag.py:1832} INFO - Sync 1 DAGs
[2021-12-13 07:39:33,955] {logging_mixin.py:104} INFO - [2021-12-13 07:39:33,955] {dag.py:2305} INFO - Setting next_dagrun for example_trigger_target_dag to None
[2021-12-13 07:39:33,984] {scheduler_job.py:190} INFO - Processing /home/airflow/.local/lib/python3.8/site-packages/airflow/example_dags/example_trigger_target_dag.py took 0.119 seconds
[2021-12-13 07:40:11,680] {scheduler_job.py:182} INFO - Started process (PID=37248) to work on /home/airflow/.local/lib/python3.8/site-packages/airflow/example_dags/example_trigger_target_dag.py
[2021-12-13 07:40:11,693] {scheduler_job.py:633} INFO - Processing file /home/airflow/.local/lib/python3.8/site-packages/airflow/example_dags/example_trigger_target_dag.py for tasks to queue
[2021-12-13 07:40:11,697] {logging_mixin.py:104} INFO - [2021-12-13 07:40:11,696] {dagbag.py:487} INFO - Filling up the DagBag from /home/airflow/.local/lib/python3.8/site-packages/airflow/example_dags/example_trigger_target_dag.py
[2021-12-13 07:40:11,721] {scheduler_job.py:643} INFO - DAG(s) dict_keys(['example_trigger_target_dag']) retrieved from /home/airflow/.local/lib/python3.8/site-packages/airflow/example_dags/example_trigger_target_dag.py
[2021-12-13 07:40:11,756] {logging_mixin.py:104} INFO - [2021-12-13 07:40:11,756] {dag.py:1832} INFO - Sync 1 DAGs
[2021-12-13 07:40:11,808] {logging_mixin.py:104} INFO - [2021-12-13 07:40:11,808] {dag.py:2305} INFO - Setting next_dagrun for example_trigger_target_dag to None
[2021-12-13 07:40:11,839] {scheduler_job.py:190} INFO - Processing /home/airflow/.local/lib/python3.8/site-packages/airflow/example_dags/example_trigger_target_dag.py took 0.170 seconds
[2021-12-13 07:41:01,747] {scheduler_job.py:182} INFO - Started process (PID=37423) to work on /home/airflow/.local/lib/python3.8/site-packages/airflow/example_dags/example_trigger_target_dag.py
[2021-12-13 07:41:01,751] {scheduler_job.py:633} INFO - Processing file /home/airflow/.local/lib/python3.8/site-packages/airflow/example_dags/example_trigger_target_dag.py for tasks to queue
[2021-12-13 07:41:01,763] {logging_mixin.py:104} INFO - [2021-12-13 07:41:01,763] {dagbag.py:487} INFO - Filling up the DagBag from /home/airflow/.local/lib/python3.8/site-packages/airflow/example_dags/example_trigger_target_dag.py
[2021-12-13 07:41:01,795] {scheduler_job.py:643} INFO - DAG(s) dict_keys(['example_trigger_target_dag']) retrieved from /home/airflow/.local/lib/python3.8/site-packages/airflow/example_dags/example_trigger_target_dag.py
[2021-12-13 07:41:01,852] {logging_mixin.py:104} INFO - [2021-12-13 07:41:01,852] {dag.py:1832} INFO - Sync 1 DAGs
[2021-12-13 07:41:01,891] {logging_mixin.py:104} INFO - [2021-12-13 07:41:01,891] {dag.py:2305} INFO - Setting next_dagrun for example_trigger_target_dag to None
[2021-12-13 07:41:01,952] {scheduler_job.py:190} INFO - Processing /home/airflow/.local/lib/python3.8/site-packages/airflow/example_dags/example_trigger_target_dag.py took 0.224 seconds
[2021-12-13 07:41:42,014] {scheduler_job.py:182} INFO - Started process (PID=37563) to work on /home/airflow/.local/lib/python3.8/site-packages/airflow/example_dags/example_trigger_target_dag.py
[2021-12-13 07:41:42,018] {scheduler_job.py:633} INFO - Processing file /home/airflow/.local/lib/python3.8/site-packages/airflow/example_dags/example_trigger_target_dag.py for tasks to queue
[2021-12-13 07:41:42,032] {logging_mixin.py:104} INFO - [2021-12-13 07:41:42,031] {dagbag.py:487} INFO - Filling up the DagBag from /home/airflow/.local/lib/python3.8/site-packages/airflow/example_dags/example_trigger_target_dag.py
[2021-12-13 07:41:42,107] {scheduler_job.py:643} INFO - DAG(s) dict_keys(['example_trigger_target_dag']) retrieved from /home/airflow/.local/lib/python3.8/site-packages/airflow/example_dags/example_trigger_target_dag.py
[2021-12-13 07:41:42,132] {logging_mixin.py:104} INFO - [2021-12-13 07:41:42,132] {dag.py:1832} INFO - Sync 1 DAGs
[2021-12-13 07:41:42,153] {logging_mixin.py:104} INFO - [2021-12-13 07:41:42,153] {dag.py:2305} INFO - Setting next_dagrun for example_trigger_target_dag to None
[2021-12-13 07:41:42,192] {scheduler_job.py:190} INFO - Processing /home/airflow/.local/lib/python3.8/site-packages/airflow/example_dags/example_trigger_target_dag.py took 0.187 seconds
[2021-12-13 07:42:26,867] {scheduler_job.py:182} INFO - Started process (PID=37715) to work on /home/airflow/.local/lib/python3.8/site-packages/airflow/example_dags/example_trigger_target_dag.py
[2021-12-13 07:42:26,871] {scheduler_job.py:633} INFO - Processing file /home/airflow/.local/lib/python3.8/site-packages/airflow/example_dags/example_trigger_target_dag.py for tasks to queue
[2021-12-13 07:42:26,872] {logging_mixin.py:104} INFO - [2021-12-13 07:42:26,872] {dagbag.py:487} INFO - Filling up the DagBag from /home/airflow/.local/lib/python3.8/site-packages/airflow/example_dags/example_trigger_target_dag.py
[2021-12-13 07:42:26,899] {scheduler_job.py:643} INFO - DAG(s) dict_keys(['example_trigger_target_dag']) retrieved from /home/airflow/.local/lib/python3.8/site-packages/airflow/example_dags/example_trigger_target_dag.py
[2021-12-13 07:42:26,931] {logging_mixin.py:104} INFO - [2021-12-13 07:42:26,931] {dag.py:1832} INFO - Sync 1 DAGs
[2021-12-13 07:42:26,954] {logging_mixin.py:104} INFO - [2021-12-13 07:42:26,954] {dag.py:2305} INFO - Setting next_dagrun for example_trigger_target_dag to None
[2021-12-13 07:42:26,984] {scheduler_job.py:190} INFO - Processing /home/airflow/.local/lib/python3.8/site-packages/airflow/example_dags/example_trigger_target_dag.py took 0.119 seconds
[2021-12-13 07:43:16,396] {scheduler_job.py:182} INFO - Started process (PID=37879) to work on /home/airflow/.local/lib/python3.8/site-packages/airflow/example_dags/example_trigger_target_dag.py
[2021-12-13 07:43:16,399] {scheduler_job.py:633} INFO - Processing file /home/airflow/.local/lib/python3.8/site-packages/airflow/example_dags/example_trigger_target_dag.py for tasks to queue
[2021-12-13 07:43:16,400] {logging_mixin.py:104} INFO - [2021-12-13 07:43:16,400] {dagbag.py:487} INFO - Filling up the DagBag from /home/airflow/.local/lib/python3.8/site-packages/airflow/example_dags/example_trigger_target_dag.py
[2021-12-13 07:43:16,458] {scheduler_job.py:643} INFO - DAG(s) dict_keys(['example_trigger_target_dag']) retrieved from /home/airflow/.local/lib/python3.8/site-packages/airflow/example_dags/example_trigger_target_dag.py
[2021-12-13 07:43:16,505] {logging_mixin.py:104} INFO - [2021-12-13 07:43:16,505] {dag.py:1832} INFO - Sync 1 DAGs
[2021-12-13 07:43:16,555] {logging_mixin.py:104} INFO - [2021-12-13 07:43:16,555] {dag.py:2305} INFO - Setting next_dagrun for example_trigger_target_dag to None
[2021-12-13 07:43:16,595] {scheduler_job.py:190} INFO - Processing /home/airflow/.local/lib/python3.8/site-packages/airflow/example_dags/example_trigger_target_dag.py took 0.209 seconds
[2021-12-13 07:43:58,192] {scheduler_job.py:182} INFO - Started process (PID=38015) to work on /home/airflow/.local/lib/python3.8/site-packages/airflow/example_dags/example_trigger_target_dag.py
[2021-12-13 07:43:58,199] {scheduler_job.py:633} INFO - Processing file /home/airflow/.local/lib/python3.8/site-packages/airflow/example_dags/example_trigger_target_dag.py for tasks to queue
[2021-12-13 07:43:58,202] {logging_mixin.py:104} INFO - [2021-12-13 07:43:58,202] {dagbag.py:487} INFO - Filling up the DagBag from /home/airflow/.local/lib/python3.8/site-packages/airflow/example_dags/example_trigger_target_dag.py
[2021-12-13 07:43:58,227] {scheduler_job.py:643} INFO - DAG(s) dict_keys(['example_trigger_target_dag']) retrieved from /home/airflow/.local/lib/python3.8/site-packages/airflow/example_dags/example_trigger_target_dag.py
[2021-12-13 07:43:58,254] {logging_mixin.py:104} INFO - [2021-12-13 07:43:58,253] {dag.py:1832} INFO - Sync 1 DAGs
[2021-12-13 07:43:58,275] {logging_mixin.py:104} INFO - [2021-12-13 07:43:58,275] {dag.py:2305} INFO - Setting next_dagrun for example_trigger_target_dag to None
[2021-12-13 07:43:58,303] {scheduler_job.py:190} INFO - Processing /home/airflow/.local/lib/python3.8/site-packages/airflow/example_dags/example_trigger_target_dag.py took 0.118 seconds
[2021-12-13 07:44:33,478] {scheduler_job.py:182} INFO - Started process (PID=38129) to work on /home/airflow/.local/lib/python3.8/site-packages/airflow/example_dags/example_trigger_target_dag.py
[2021-12-13 07:44:33,483] {scheduler_job.py:633} INFO - Processing file /home/airflow/.local/lib/python3.8/site-packages/airflow/example_dags/example_trigger_target_dag.py for tasks to queue
[2021-12-13 07:44:33,484] {logging_mixin.py:104} INFO - [2021-12-13 07:44:33,484] {dagbag.py:487} INFO - Filling up the DagBag from /home/airflow/.local/lib/python3.8/site-packages/airflow/example_dags/example_trigger_target_dag.py
[2021-12-13 07:44:33,511] {scheduler_job.py:643} INFO - DAG(s) dict_keys(['example_trigger_target_dag']) retrieved from /home/airflow/.local/lib/python3.8/site-packages/airflow/example_dags/example_trigger_target_dag.py
[2021-12-13 07:44:33,537] {logging_mixin.py:104} INFO - [2021-12-13 07:44:33,537] {dag.py:1832} INFO - Sync 1 DAGs
[2021-12-13 07:44:33,565] {logging_mixin.py:104} INFO - [2021-12-13 07:44:33,565] {dag.py:2305} INFO - Setting next_dagrun for example_trigger_target_dag to None
[2021-12-13 07:44:33,599] {scheduler_job.py:190} INFO - Processing /home/airflow/.local/lib/python3.8/site-packages/airflow/example_dags/example_trigger_target_dag.py took 0.127 seconds
[2021-12-13 07:45:26,099] {scheduler_job.py:182} INFO - Started process (PID=38390) to work on /home/airflow/.local/lib/python3.8/site-packages/airflow/example_dags/example_trigger_target_dag.py
[2021-12-13 07:45:26,114] {scheduler_job.py:633} INFO - Processing file /home/airflow/.local/lib/python3.8/site-packages/airflow/example_dags/example_trigger_target_dag.py for tasks to queue
[2021-12-13 07:45:26,116] {logging_mixin.py:104} INFO - [2021-12-13 07:45:26,115] {dagbag.py:487} INFO - Filling up the DagBag from /home/airflow/.local/lib/python3.8/site-packages/airflow/example_dags/example_trigger_target_dag.py
[2021-12-13 07:45:26,150] {scheduler_job.py:643} INFO - DAG(s) dict_keys(['example_trigger_target_dag']) retrieved from /home/airflow/.local/lib/python3.8/site-packages/airflow/example_dags/example_trigger_target_dag.py
[2021-12-13 07:45:26,166] {logging_mixin.py:104} INFO - [2021-12-13 07:45:26,166] {dag.py:1832} INFO - Sync 1 DAGs
[2021-12-13 07:45:26,179] {logging_mixin.py:104} INFO - [2021-12-13 07:45:26,179] {dag.py:2305} INFO - Setting next_dagrun for example_trigger_target_dag to None
[2021-12-13 07:45:26,200] {scheduler_job.py:190} INFO - Processing /home/airflow/.local/lib/python3.8/site-packages/airflow/example_dags/example_trigger_target_dag.py took 0.112 seconds
[2021-12-13 07:46:04,298] {scheduler_job.py:182} INFO - Started process (PID=38518) to work on /home/airflow/.local/lib/python3.8/site-packages/airflow/example_dags/example_trigger_target_dag.py
[2021-12-13 07:46:04,304] {scheduler_job.py:633} INFO - Processing file /home/airflow/.local/lib/python3.8/site-packages/airflow/example_dags/example_trigger_target_dag.py for tasks to queue
[2021-12-13 07:46:04,310] {logging_mixin.py:104} INFO - [2021-12-13 07:46:04,310] {dagbag.py:487} INFO - Filling up the DagBag from /home/airflow/.local/lib/python3.8/site-packages/airflow/example_dags/example_trigger_target_dag.py
[2021-12-13 07:46:04,344] {scheduler_job.py:643} INFO - DAG(s) dict_keys(['example_trigger_target_dag']) retrieved from /home/airflow/.local/lib/python3.8/site-packages/airflow/example_dags/example_trigger_target_dag.py
[2021-12-13 07:46:04,381] {logging_mixin.py:104} INFO - [2021-12-13 07:46:04,381] {dag.py:1832} INFO - Sync 1 DAGs
[2021-12-13 07:46:04,401] {logging_mixin.py:104} INFO - [2021-12-13 07:46:04,401] {dag.py:2305} INFO - Setting next_dagrun for example_trigger_target_dag to None
[2021-12-13 07:46:04,436] {scheduler_job.py:190} INFO - Processing /home/airflow/.local/lib/python3.8/site-packages/airflow/example_dags/example_trigger_target_dag.py took 0.147 seconds
[2021-12-13 07:46:43,102] {scheduler_job.py:182} INFO - Started process (PID=38646) to work on /home/airflow/.local/lib/python3.8/site-packages/airflow/example_dags/example_trigger_target_dag.py
[2021-12-13 07:46:43,105] {scheduler_job.py:633} INFO - Processing file /home/airflow/.local/lib/python3.8/site-packages/airflow/example_dags/example_trigger_target_dag.py for tasks to queue
[2021-12-13 07:46:43,110] {logging_mixin.py:104} INFO - [2021-12-13 07:46:43,110] {dagbag.py:487} INFO - Filling up the DagBag from /home/airflow/.local/lib/python3.8/site-packages/airflow/example_dags/example_trigger_target_dag.py
[2021-12-13 07:46:43,132] {scheduler_job.py:643} INFO - DAG(s) dict_keys(['example_trigger_target_dag']) retrieved from /home/airflow/.local/lib/python3.8/site-packages/airflow/example_dags/example_trigger_target_dag.py
[2021-12-13 07:46:43,161] {logging_mixin.py:104} INFO - [2021-12-13 07:46:43,161] {dag.py:1832} INFO - Sync 1 DAGs
[2021-12-13 07:46:43,191] {logging_mixin.py:104} INFO - [2021-12-13 07:46:43,191] {dag.py:2305} INFO - Setting next_dagrun for example_trigger_target_dag to None
[2021-12-13 07:46:43,228] {scheduler_job.py:190} INFO - Processing /home/airflow/.local/lib/python3.8/site-packages/airflow/example_dags/example_trigger_target_dag.py took 0.133 seconds
[2021-12-13 07:47:18,807] {scheduler_job.py:182} INFO - Started process (PID=38764) to work on /home/airflow/.local/lib/python3.8/site-packages/airflow/example_dags/example_trigger_target_dag.py
[2021-12-13 07:47:18,810] {scheduler_job.py:633} INFO - Processing file /home/airflow/.local/lib/python3.8/site-packages/airflow/example_dags/example_trigger_target_dag.py for tasks to queue
[2021-12-13 07:47:18,813] {logging_mixin.py:104} INFO - [2021-12-13 07:47:18,813] {dagbag.py:487} INFO - Filling up the DagBag from /home/airflow/.local/lib/python3.8/site-packages/airflow/example_dags/example_trigger_target_dag.py
[2021-12-13 07:47:18,825] {scheduler_job.py:643} INFO - DAG(s) dict_keys(['example_trigger_target_dag']) retrieved from /home/airflow/.local/lib/python3.8/site-packages/airflow/example_dags/example_trigger_target_dag.py
[2021-12-13 07:47:18,838] {logging_mixin.py:104} INFO - [2021-12-13 07:47:18,838] {dag.py:1832} INFO - Sync 1 DAGs
[2021-12-13 07:47:18,847] {logging_mixin.py:104} INFO - [2021-12-13 07:47:18,846] {dag.py:2305} INFO - Setting next_dagrun for example_trigger_target_dag to None
[2021-12-13 07:47:18,873] {scheduler_job.py:190} INFO - Processing /home/airflow/.local/lib/python3.8/site-packages/airflow/example_dags/example_trigger_target_dag.py took 0.068 seconds
[2021-12-13 07:47:56,809] {scheduler_job.py:182} INFO - Started process (PID=38890) to work on /home/airflow/.local/lib/python3.8/site-packages/airflow/example_dags/example_trigger_target_dag.py
[2021-12-13 07:47:56,813] {scheduler_job.py:633} INFO - Processing file /home/airflow/.local/lib/python3.8/site-packages/airflow/example_dags/example_trigger_target_dag.py for tasks to queue
[2021-12-13 07:47:56,817] {logging_mixin.py:104} INFO - [2021-12-13 07:47:56,817] {dagbag.py:487} INFO - Filling up the DagBag from /home/airflow/.local/lib/python3.8/site-packages/airflow/example_dags/example_trigger_target_dag.py
[2021-12-13 07:47:56,833] {scheduler_job.py:643} INFO - DAG(s) dict_keys(['example_trigger_target_dag']) retrieved from /home/airflow/.local/lib/python3.8/site-packages/airflow/example_dags/example_trigger_target_dag.py
[2021-12-13 07:47:56,849] {logging_mixin.py:104} INFO - [2021-12-13 07:47:56,848] {dag.py:1832} INFO - Sync 1 DAGs
[2021-12-13 07:47:56,862] {logging_mixin.py:104} INFO - [2021-12-13 07:47:56,862] {dag.py:2305} INFO - Setting next_dagrun for example_trigger_target_dag to None
[2021-12-13 07:47:56,893] {scheduler_job.py:190} INFO - Processing /home/airflow/.local/lib/python3.8/site-packages/airflow/example_dags/example_trigger_target_dag.py took 0.086 seconds
[2021-12-13 07:48:40,091] {scheduler_job.py:182} INFO - Started process (PID=39037) to work on /home/airflow/.local/lib/python3.8/site-packages/airflow/example_dags/example_trigger_target_dag.py
[2021-12-13 07:48:40,093] {scheduler_job.py:633} INFO - Processing file /home/airflow/.local/lib/python3.8/site-packages/airflow/example_dags/example_trigger_target_dag.py for tasks to queue
[2021-12-13 07:48:40,096] {logging_mixin.py:104} INFO - [2021-12-13 07:48:40,096] {dagbag.py:487} INFO - Filling up the DagBag from /home/airflow/.local/lib/python3.8/site-packages/airflow/example_dags/example_trigger_target_dag.py
[2021-12-13 07:48:40,109] {scheduler_job.py:643} INFO - DAG(s) dict_keys(['example_trigger_target_dag']) retrieved from /home/airflow/.local/lib/python3.8/site-packages/airflow/example_dags/example_trigger_target_dag.py
[2021-12-13 07:48:40,122] {logging_mixin.py:104} INFO - [2021-12-13 07:48:40,122] {dag.py:1832} INFO - Sync 1 DAGs
[2021-12-13 07:48:40,133] {logging_mixin.py:104} INFO - [2021-12-13 07:48:40,133] {dag.py:2305} INFO - Setting next_dagrun for example_trigger_target_dag to None
[2021-12-13 07:48:40,162] {scheduler_job.py:190} INFO - Processing /home/airflow/.local/lib/python3.8/site-packages/airflow/example_dags/example_trigger_target_dag.py took 0.073 seconds
[2021-12-13 07:49:24,130] {scheduler_job.py:182} INFO - Started process (PID=39255) to work on /home/airflow/.local/lib/python3.8/site-packages/airflow/example_dags/example_trigger_target_dag.py
[2021-12-13 07:49:24,135] {scheduler_job.py:633} INFO - Processing file /home/airflow/.local/lib/python3.8/site-packages/airflow/example_dags/example_trigger_target_dag.py for tasks to queue
[2021-12-13 07:49:24,139] {logging_mixin.py:104} INFO - [2021-12-13 07:49:24,138] {dagbag.py:487} INFO - Filling up the DagBag from /home/airflow/.local/lib/python3.8/site-packages/airflow/example_dags/example_trigger_target_dag.py
[2021-12-13 07:49:24,170] {scheduler_job.py:643} INFO - DAG(s) dict_keys(['example_trigger_target_dag']) retrieved from /home/airflow/.local/lib/python3.8/site-packages/airflow/example_dags/example_trigger_target_dag.py
[2021-12-13 07:49:24,202] {logging_mixin.py:104} INFO - [2021-12-13 07:49:24,202] {dag.py:1832} INFO - Sync 1 DAGs
[2021-12-13 07:49:24,225] {logging_mixin.py:104} INFO - [2021-12-13 07:49:24,225] {dag.py:2305} INFO - Setting next_dagrun for example_trigger_target_dag to None
[2021-12-13 07:49:24,264] {scheduler_job.py:190} INFO - Processing /home/airflow/.local/lib/python3.8/site-packages/airflow/example_dags/example_trigger_target_dag.py took 0.140 seconds
[2021-12-13 07:50:03,445] {scheduler_job.py:182} INFO - Started process (PID=39406) to work on /home/airflow/.local/lib/python3.8/site-packages/airflow/example_dags/example_trigger_target_dag.py
[2021-12-13 07:50:03,448] {scheduler_job.py:633} INFO - Processing file /home/airflow/.local/lib/python3.8/site-packages/airflow/example_dags/example_trigger_target_dag.py for tasks to queue
[2021-12-13 07:50:03,449] {logging_mixin.py:104} INFO - [2021-12-13 07:50:03,449] {dagbag.py:487} INFO - Filling up the DagBag from /home/airflow/.local/lib/python3.8/site-packages/airflow/example_dags/example_trigger_target_dag.py
[2021-12-13 07:50:03,464] {scheduler_job.py:643} INFO - DAG(s) dict_keys(['example_trigger_target_dag']) retrieved from /home/airflow/.local/lib/python3.8/site-packages/airflow/example_dags/example_trigger_target_dag.py
[2021-12-13 07:50:03,478] {logging_mixin.py:104} INFO - [2021-12-13 07:50:03,478] {dag.py:1832} INFO - Sync 1 DAGs
[2021-12-13 07:50:03,492] {logging_mixin.py:104} INFO - [2021-12-13 07:50:03,492] {dag.py:2305} INFO - Setting next_dagrun for example_trigger_target_dag to None
[2021-12-13 07:50:03,517] {scheduler_job.py:190} INFO - Processing /home/airflow/.local/lib/python3.8/site-packages/airflow/example_dags/example_trigger_target_dag.py took 0.074 seconds
