[2021-12-13 07:34:49,379] {scheduler_job.py:182} INFO - Started process (PID=35528) to work on /home/airflow/.local/lib/python3.8/site-packages/airflow/example_dags/tutorial.py
[2021-12-13 07:34:49,381] {scheduler_job.py:633} INFO - Processing file /home/airflow/.local/lib/python3.8/site-packages/airflow/example_dags/tutorial.py for tasks to queue
[2021-12-13 07:34:49,382] {logging_mixin.py:104} INFO - [2021-12-13 07:34:49,382] {dagbag.py:487} INFO - Filling up the DagBag from /home/airflow/.local/lib/python3.8/site-packages/airflow/example_dags/tutorial.py
[2021-12-13 07:34:49,391] {scheduler_job.py:643} INFO - DAG(s) dict_keys(['tutorial']) retrieved from /home/airflow/.local/lib/python3.8/site-packages/airflow/example_dags/tutorial.py
[2021-12-13 07:34:49,751] {logging_mixin.py:104} INFO - [2021-12-13 07:34:49,751] {dag.py:1832} INFO - Sync 1 DAGs
[2021-12-13 07:34:49,764] {logging_mixin.py:104} INFO - [2021-12-13 07:34:49,764] {dag.py:2305} INFO - Setting next_dagrun for tutorial to 2021-12-11 00:00:00+00:00
[2021-12-13 07:34:49,799] {scheduler_job.py:190} INFO - Processing /home/airflow/.local/lib/python3.8/site-packages/airflow/example_dags/tutorial.py took 0.423 seconds
[2021-12-13 07:35:04,119] {scheduler_job.py:182} INFO - Started process (PID=35646) to work on /home/airflow/.local/lib/python3.8/site-packages/airflow/example_dags/tutorial.py
[2021-12-13 07:35:04,122] {scheduler_job.py:633} INFO - Processing file /home/airflow/.local/lib/python3.8/site-packages/airflow/example_dags/tutorial.py for tasks to queue
[2021-12-13 07:35:04,129] {logging_mixin.py:104} INFO - [2021-12-13 07:35:04,128] {dagbag.py:487} INFO - Filling up the DagBag from /home/airflow/.local/lib/python3.8/site-packages/airflow/example_dags/tutorial.py
[2021-12-13 07:35:04,141] {scheduler_job.py:643} INFO - DAG(s) dict_keys(['tutorial']) retrieved from /home/airflow/.local/lib/python3.8/site-packages/airflow/example_dags/tutorial.py
[2021-12-13 07:35:04,156] {logging_mixin.py:104} INFO - [2021-12-13 07:35:04,156] {dag.py:1832} INFO - Sync 1 DAGs
[2021-12-13 07:35:04,184] {logging_mixin.py:104} INFO - [2021-12-13 07:35:04,184] {dag.py:2305} INFO - Setting next_dagrun for tutorial to 2021-12-11 00:00:00+00:00
[2021-12-13 07:35:04,224] {scheduler_job.py:190} INFO - Processing /home/airflow/.local/lib/python3.8/site-packages/airflow/example_dags/tutorial.py took 0.108 seconds
[2021-12-13 07:35:43,333] {scheduler_job.py:182} INFO - Started process (PID=35814) to work on /home/airflow/.local/lib/python3.8/site-packages/airflow/example_dags/tutorial.py
[2021-12-13 07:35:43,337] {scheduler_job.py:633} INFO - Processing file /home/airflow/.local/lib/python3.8/site-packages/airflow/example_dags/tutorial.py for tasks to queue
[2021-12-13 07:35:43,337] {logging_mixin.py:104} INFO - [2021-12-13 07:35:43,337] {dagbag.py:487} INFO - Filling up the DagBag from /home/airflow/.local/lib/python3.8/site-packages/airflow/example_dags/tutorial.py
[2021-12-13 07:35:43,351] {scheduler_job.py:643} INFO - DAG(s) dict_keys(['tutorial']) retrieved from /home/airflow/.local/lib/python3.8/site-packages/airflow/example_dags/tutorial.py
[2021-12-13 07:35:43,368] {logging_mixin.py:104} INFO - [2021-12-13 07:35:43,368] {dag.py:1832} INFO - Sync 1 DAGs
[2021-12-13 07:35:43,389] {logging_mixin.py:104} INFO - [2021-12-13 07:35:43,389] {dag.py:2305} INFO - Setting next_dagrun for tutorial to 2021-12-11 00:00:00+00:00
[2021-12-13 07:35:43,416] {scheduler_job.py:190} INFO - Processing /home/airflow/.local/lib/python3.8/site-packages/airflow/example_dags/tutorial.py took 0.086 seconds
[2021-12-13 07:36:20,413] {scheduler_job.py:182} INFO - Started process (PID=35988) to work on /home/airflow/.local/lib/python3.8/site-packages/airflow/example_dags/tutorial.py
[2021-12-13 07:36:20,416] {scheduler_job.py:633} INFO - Processing file /home/airflow/.local/lib/python3.8/site-packages/airflow/example_dags/tutorial.py for tasks to queue
[2021-12-13 07:36:20,419] {logging_mixin.py:104} INFO - [2021-12-13 07:36:20,419] {dagbag.py:487} INFO - Filling up the DagBag from /home/airflow/.local/lib/python3.8/site-packages/airflow/example_dags/tutorial.py
[2021-12-13 07:36:20,431] {scheduler_job.py:643} INFO - DAG(s) dict_keys(['tutorial']) retrieved from /home/airflow/.local/lib/python3.8/site-packages/airflow/example_dags/tutorial.py
[2021-12-13 07:36:20,447] {logging_mixin.py:104} INFO - [2021-12-13 07:36:20,447] {dag.py:1832} INFO - Sync 1 DAGs
[2021-12-13 07:36:20,457] {logging_mixin.py:104} INFO - [2021-12-13 07:36:20,457] {dag.py:2305} INFO - Setting next_dagrun for tutorial to 2021-12-11 00:00:00+00:00
[2021-12-13 07:36:20,475] {scheduler_job.py:190} INFO - Processing /home/airflow/.local/lib/python3.8/site-packages/airflow/example_dags/tutorial.py took 0.066 seconds
[2021-12-13 07:36:53,393] {scheduler_job.py:182} INFO - Started process (PID=36143) to work on /home/airflow/.local/lib/python3.8/site-packages/airflow/example_dags/tutorial.py
[2021-12-13 07:36:53,397] {scheduler_job.py:633} INFO - Processing file /home/airflow/.local/lib/python3.8/site-packages/airflow/example_dags/tutorial.py for tasks to queue
[2021-12-13 07:36:53,400] {logging_mixin.py:104} INFO - [2021-12-13 07:36:53,400] {dagbag.py:487} INFO - Filling up the DagBag from /home/airflow/.local/lib/python3.8/site-packages/airflow/example_dags/tutorial.py
[2021-12-13 07:36:53,416] {scheduler_job.py:643} INFO - DAG(s) dict_keys(['tutorial']) retrieved from /home/airflow/.local/lib/python3.8/site-packages/airflow/example_dags/tutorial.py
[2021-12-13 07:36:53,433] {logging_mixin.py:104} INFO - [2021-12-13 07:36:53,433] {dag.py:1832} INFO - Sync 1 DAGs
[2021-12-13 07:36:53,447] {logging_mixin.py:104} INFO - [2021-12-13 07:36:53,447] {dag.py:2305} INFO - Setting next_dagrun for tutorial to 2021-12-11 00:00:00+00:00
[2021-12-13 07:36:53,475] {scheduler_job.py:190} INFO - Processing /home/airflow/.local/lib/python3.8/site-packages/airflow/example_dags/tutorial.py took 0.084 seconds
[2021-12-13 07:37:27,414] {scheduler_job.py:182} INFO - Started process (PID=36290) to work on /home/airflow/.local/lib/python3.8/site-packages/airflow/example_dags/tutorial.py
[2021-12-13 07:37:27,417] {scheduler_job.py:633} INFO - Processing file /home/airflow/.local/lib/python3.8/site-packages/airflow/example_dags/tutorial.py for tasks to queue
[2021-12-13 07:37:27,420] {logging_mixin.py:104} INFO - [2021-12-13 07:37:27,420] {dagbag.py:487} INFO - Filling up the DagBag from /home/airflow/.local/lib/python3.8/site-packages/airflow/example_dags/tutorial.py
[2021-12-13 07:37:27,431] {scheduler_job.py:643} INFO - DAG(s) dict_keys(['tutorial']) retrieved from /home/airflow/.local/lib/python3.8/site-packages/airflow/example_dags/tutorial.py
[2021-12-13 07:37:27,444] {logging_mixin.py:104} INFO - [2021-12-13 07:37:27,444] {dag.py:1832} INFO - Sync 1 DAGs
[2021-12-13 07:37:27,455] {logging_mixin.py:104} INFO - [2021-12-13 07:37:27,455] {dag.py:2305} INFO - Setting next_dagrun for tutorial to 2021-12-11 00:00:00+00:00
[2021-12-13 07:37:27,481] {scheduler_job.py:190} INFO - Processing /home/airflow/.local/lib/python3.8/site-packages/airflow/example_dags/tutorial.py took 0.069 seconds
[2021-12-13 07:38:01,119] {scheduler_job.py:182} INFO - Started process (PID=36416) to work on /home/airflow/.local/lib/python3.8/site-packages/airflow/example_dags/tutorial.py
[2021-12-13 07:38:01,125] {scheduler_job.py:633} INFO - Processing file /home/airflow/.local/lib/python3.8/site-packages/airflow/example_dags/tutorial.py for tasks to queue
[2021-12-13 07:38:01,128] {logging_mixin.py:104} INFO - [2021-12-13 07:38:01,128] {dagbag.py:487} INFO - Filling up the DagBag from /home/airflow/.local/lib/python3.8/site-packages/airflow/example_dags/tutorial.py
[2021-12-13 07:38:01,152] {scheduler_job.py:643} INFO - DAG(s) dict_keys(['tutorial']) retrieved from /home/airflow/.local/lib/python3.8/site-packages/airflow/example_dags/tutorial.py
[2021-12-13 07:38:01,173] {logging_mixin.py:104} INFO - [2021-12-13 07:38:01,172] {dag.py:1832} INFO - Sync 1 DAGs
[2021-12-13 07:38:01,188] {logging_mixin.py:104} INFO - [2021-12-13 07:38:01,188] {dag.py:2305} INFO - Setting next_dagrun for tutorial to 2021-12-11 00:00:00+00:00
[2021-12-13 07:38:01,219] {scheduler_job.py:190} INFO - Processing /home/airflow/.local/lib/python3.8/site-packages/airflow/example_dags/tutorial.py took 0.106 seconds
[2021-12-13 07:38:35,588] {scheduler_job.py:182} INFO - Started process (PID=36616) to work on /home/airflow/.local/lib/python3.8/site-packages/airflow/example_dags/tutorial.py
[2021-12-13 07:38:35,592] {scheduler_job.py:633} INFO - Processing file /home/airflow/.local/lib/python3.8/site-packages/airflow/example_dags/tutorial.py for tasks to queue
[2021-12-13 07:38:35,592] {logging_mixin.py:104} INFO - [2021-12-13 07:38:35,592] {dagbag.py:487} INFO - Filling up the DagBag from /home/airflow/.local/lib/python3.8/site-packages/airflow/example_dags/tutorial.py
[2021-12-13 07:38:35,609] {scheduler_job.py:643} INFO - DAG(s) dict_keys(['tutorial']) retrieved from /home/airflow/.local/lib/python3.8/site-packages/airflow/example_dags/tutorial.py
[2021-12-13 07:38:35,625] {logging_mixin.py:104} INFO - [2021-12-13 07:38:35,625] {dag.py:1832} INFO - Sync 1 DAGs
[2021-12-13 07:38:35,637] {logging_mixin.py:104} INFO - [2021-12-13 07:38:35,637] {dag.py:2305} INFO - Setting next_dagrun for tutorial to 2021-12-11 00:00:00+00:00
[2021-12-13 07:38:35,659] {scheduler_job.py:190} INFO - Processing /home/airflow/.local/lib/python3.8/site-packages/airflow/example_dags/tutorial.py took 0.074 seconds
[2021-12-13 07:39:07,376] {scheduler_job.py:182} INFO - Started process (PID=36815) to work on /home/airflow/.local/lib/python3.8/site-packages/airflow/example_dags/tutorial.py
[2021-12-13 07:39:07,381] {scheduler_job.py:633} INFO - Processing file /home/airflow/.local/lib/python3.8/site-packages/airflow/example_dags/tutorial.py for tasks to queue
[2021-12-13 07:39:07,384] {logging_mixin.py:104} INFO - [2021-12-13 07:39:07,384] {dagbag.py:487} INFO - Filling up the DagBag from /home/airflow/.local/lib/python3.8/site-packages/airflow/example_dags/tutorial.py
[2021-12-13 07:39:07,396] {scheduler_job.py:643} INFO - DAG(s) dict_keys(['tutorial']) retrieved from /home/airflow/.local/lib/python3.8/site-packages/airflow/example_dags/tutorial.py
[2021-12-13 07:39:07,408] {logging_mixin.py:104} INFO - [2021-12-13 07:39:07,408] {dag.py:1832} INFO - Sync 1 DAGs
[2021-12-13 07:39:07,420] {logging_mixin.py:104} INFO - [2021-12-13 07:39:07,420] {dag.py:2305} INFO - Setting next_dagrun for tutorial to 2021-12-11 00:00:00+00:00
[2021-12-13 07:39:07,447] {scheduler_job.py:190} INFO - Processing /home/airflow/.local/lib/python3.8/site-packages/airflow/example_dags/tutorial.py took 0.074 seconds
[2021-12-13 07:39:40,910] {scheduler_job.py:182} INFO - Started process (PID=37034) to work on /home/airflow/.local/lib/python3.8/site-packages/airflow/example_dags/tutorial.py
[2021-12-13 07:39:40,914] {scheduler_job.py:633} INFO - Processing file /home/airflow/.local/lib/python3.8/site-packages/airflow/example_dags/tutorial.py for tasks to queue
[2021-12-13 07:39:40,921] {logging_mixin.py:104} INFO - [2021-12-13 07:39:40,921] {dagbag.py:487} INFO - Filling up the DagBag from /home/airflow/.local/lib/python3.8/site-packages/airflow/example_dags/tutorial.py
[2021-12-13 07:39:40,946] {scheduler_job.py:643} INFO - DAG(s) dict_keys(['tutorial']) retrieved from /home/airflow/.local/lib/python3.8/site-packages/airflow/example_dags/tutorial.py
[2021-12-13 07:39:40,983] {logging_mixin.py:104} INFO - [2021-12-13 07:39:40,983] {dag.py:1832} INFO - Sync 1 DAGs
[2021-12-13 07:39:41,012] {logging_mixin.py:104} INFO - [2021-12-13 07:39:41,011] {dag.py:2305} INFO - Setting next_dagrun for tutorial to 2021-12-11 00:00:00+00:00
[2021-12-13 07:39:41,039] {scheduler_job.py:190} INFO - Processing /home/airflow/.local/lib/python3.8/site-packages/airflow/example_dags/tutorial.py took 0.136 seconds
[2021-12-13 07:40:17,121] {scheduler_job.py:182} INFO - Started process (PID=37263) to work on /home/airflow/.local/lib/python3.8/site-packages/airflow/example_dags/tutorial.py
[2021-12-13 07:40:17,144] {scheduler_job.py:633} INFO - Processing file /home/airflow/.local/lib/python3.8/site-packages/airflow/example_dags/tutorial.py for tasks to queue
[2021-12-13 07:40:17,150] {logging_mixin.py:104} INFO - [2021-12-13 07:40:17,150] {dagbag.py:487} INFO - Filling up the DagBag from /home/airflow/.local/lib/python3.8/site-packages/airflow/example_dags/tutorial.py
[2021-12-13 07:40:17,213] {scheduler_job.py:643} INFO - DAG(s) dict_keys(['tutorial']) retrieved from /home/airflow/.local/lib/python3.8/site-packages/airflow/example_dags/tutorial.py
[2021-12-13 07:40:17,287] {logging_mixin.py:104} INFO - [2021-12-13 07:40:17,287] {dag.py:1832} INFO - Sync 1 DAGs
[2021-12-13 07:40:17,336] {logging_mixin.py:104} INFO - [2021-12-13 07:40:17,336] {dag.py:2305} INFO - Setting next_dagrun for tutorial to 2021-12-11 00:00:00+00:00
[2021-12-13 07:40:17,394] {scheduler_job.py:190} INFO - Processing /home/airflow/.local/lib/python3.8/site-packages/airflow/example_dags/tutorial.py took 0.274 seconds
[2021-12-13 07:40:53,843] {scheduler_job.py:182} INFO - Started process (PID=37393) to work on /home/airflow/.local/lib/python3.8/site-packages/airflow/example_dags/tutorial.py
[2021-12-13 07:40:53,853] {scheduler_job.py:633} INFO - Processing file /home/airflow/.local/lib/python3.8/site-packages/airflow/example_dags/tutorial.py for tasks to queue
[2021-12-13 07:40:53,858] {logging_mixin.py:104} INFO - [2021-12-13 07:40:53,858] {dagbag.py:487} INFO - Filling up the DagBag from /home/airflow/.local/lib/python3.8/site-packages/airflow/example_dags/tutorial.py
[2021-12-13 07:40:53,893] {scheduler_job.py:643} INFO - DAG(s) dict_keys(['tutorial']) retrieved from /home/airflow/.local/lib/python3.8/site-packages/airflow/example_dags/tutorial.py
[2021-12-13 07:40:53,943] {logging_mixin.py:104} INFO - [2021-12-13 07:40:53,943] {dag.py:1832} INFO - Sync 1 DAGs
[2021-12-13 07:40:53,997] {logging_mixin.py:104} INFO - [2021-12-13 07:40:53,997] {dag.py:2305} INFO - Setting next_dagrun for tutorial to 2021-12-11 00:00:00+00:00
[2021-12-13 07:40:54,061] {scheduler_job.py:190} INFO - Processing /home/airflow/.local/lib/python3.8/site-packages/airflow/example_dags/tutorial.py took 0.224 seconds
[2021-12-13 07:41:34,591] {scheduler_job.py:182} INFO - Started process (PID=37538) to work on /home/airflow/.local/lib/python3.8/site-packages/airflow/example_dags/tutorial.py
[2021-12-13 07:41:34,595] {scheduler_job.py:633} INFO - Processing file /home/airflow/.local/lib/python3.8/site-packages/airflow/example_dags/tutorial.py for tasks to queue
[2021-12-13 07:41:34,600] {logging_mixin.py:104} INFO - [2021-12-13 07:41:34,600] {dagbag.py:487} INFO - Filling up the DagBag from /home/airflow/.local/lib/python3.8/site-packages/airflow/example_dags/tutorial.py
[2021-12-13 07:41:34,643] {scheduler_job.py:643} INFO - DAG(s) dict_keys(['tutorial']) retrieved from /home/airflow/.local/lib/python3.8/site-packages/airflow/example_dags/tutorial.py
[2021-12-13 07:41:34,679] {logging_mixin.py:104} INFO - [2021-12-13 07:41:34,678] {dag.py:1832} INFO - Sync 1 DAGs
[2021-12-13 07:41:34,709] {logging_mixin.py:104} INFO - [2021-12-13 07:41:34,709] {dag.py:2305} INFO - Setting next_dagrun for tutorial to 2021-12-11 00:00:00+00:00
[2021-12-13 07:41:34,746] {scheduler_job.py:190} INFO - Processing /home/airflow/.local/lib/python3.8/site-packages/airflow/example_dags/tutorial.py took 0.170 seconds
[2021-12-13 07:42:09,174] {scheduler_job.py:182} INFO - Started process (PID=37658) to work on /home/airflow/.local/lib/python3.8/site-packages/airflow/example_dags/tutorial.py
[2021-12-13 07:42:09,178] {scheduler_job.py:633} INFO - Processing file /home/airflow/.local/lib/python3.8/site-packages/airflow/example_dags/tutorial.py for tasks to queue
[2021-12-13 07:42:09,182] {logging_mixin.py:104} INFO - [2021-12-13 07:42:09,182] {dagbag.py:487} INFO - Filling up the DagBag from /home/airflow/.local/lib/python3.8/site-packages/airflow/example_dags/tutorial.py
[2021-12-13 07:42:09,209] {scheduler_job.py:643} INFO - DAG(s) dict_keys(['tutorial']) retrieved from /home/airflow/.local/lib/python3.8/site-packages/airflow/example_dags/tutorial.py
[2021-12-13 07:42:09,250] {logging_mixin.py:104} INFO - [2021-12-13 07:42:09,246] {dag.py:1832} INFO - Sync 1 DAGs
[2021-12-13 07:42:09,269] {logging_mixin.py:104} INFO - [2021-12-13 07:42:09,269] {dag.py:2305} INFO - Setting next_dagrun for tutorial to 2021-12-11 00:00:00+00:00
[2021-12-13 07:42:09,305] {scheduler_job.py:190} INFO - Processing /home/airflow/.local/lib/python3.8/site-packages/airflow/example_dags/tutorial.py took 0.141 seconds
[2021-12-13 07:42:49,005] {scheduler_job.py:182} INFO - Started process (PID=37792) to work on /home/airflow/.local/lib/python3.8/site-packages/airflow/example_dags/tutorial.py
[2021-12-13 07:42:49,011] {scheduler_job.py:633} INFO - Processing file /home/airflow/.local/lib/python3.8/site-packages/airflow/example_dags/tutorial.py for tasks to queue
[2021-12-13 07:42:49,015] {logging_mixin.py:104} INFO - [2021-12-13 07:42:49,015] {dagbag.py:487} INFO - Filling up the DagBag from /home/airflow/.local/lib/python3.8/site-packages/airflow/example_dags/tutorial.py
[2021-12-13 07:42:49,035] {scheduler_job.py:643} INFO - DAG(s) dict_keys(['tutorial']) retrieved from /home/airflow/.local/lib/python3.8/site-packages/airflow/example_dags/tutorial.py
[2021-12-13 07:42:49,081] {logging_mixin.py:104} INFO - [2021-12-13 07:42:49,081] {dag.py:1832} INFO - Sync 1 DAGs
[2021-12-13 07:42:49,117] {logging_mixin.py:104} INFO - [2021-12-13 07:42:49,117] {dag.py:2305} INFO - Setting next_dagrun for tutorial to 2021-12-11 00:00:00+00:00
[2021-12-13 07:42:49,160] {scheduler_job.py:190} INFO - Processing /home/airflow/.local/lib/python3.8/site-packages/airflow/example_dags/tutorial.py took 0.157 seconds
[2021-12-13 07:43:23,183] {scheduler_job.py:182} INFO - Started process (PID=37901) to work on /home/airflow/.local/lib/python3.8/site-packages/airflow/example_dags/tutorial.py
[2021-12-13 07:43:23,190] {scheduler_job.py:633} INFO - Processing file /home/airflow/.local/lib/python3.8/site-packages/airflow/example_dags/tutorial.py for tasks to queue
[2021-12-13 07:43:23,195] {logging_mixin.py:104} INFO - [2021-12-13 07:43:23,195] {dagbag.py:487} INFO - Filling up the DagBag from /home/airflow/.local/lib/python3.8/site-packages/airflow/example_dags/tutorial.py
[2021-12-13 07:43:23,270] {scheduler_job.py:643} INFO - DAG(s) dict_keys(['tutorial']) retrieved from /home/airflow/.local/lib/python3.8/site-packages/airflow/example_dags/tutorial.py
[2021-12-13 07:43:23,337] {logging_mixin.py:104} INFO - [2021-12-13 07:43:23,337] {dag.py:1832} INFO - Sync 1 DAGs
[2021-12-13 07:43:23,353] {logging_mixin.py:104} INFO - [2021-12-13 07:43:23,353] {dag.py:2305} INFO - Setting next_dagrun for tutorial to 2021-12-11 00:00:00+00:00
[2021-12-13 07:43:23,383] {scheduler_job.py:190} INFO - Processing /home/airflow/.local/lib/python3.8/site-packages/airflow/example_dags/tutorial.py took 0.222 seconds
[2021-12-13 07:43:54,906] {scheduler_job.py:182} INFO - Started process (PID=38000) to work on /home/airflow/.local/lib/python3.8/site-packages/airflow/example_dags/tutorial.py
[2021-12-13 07:43:54,910] {scheduler_job.py:633} INFO - Processing file /home/airflow/.local/lib/python3.8/site-packages/airflow/example_dags/tutorial.py for tasks to queue
[2021-12-13 07:43:54,913] {logging_mixin.py:104} INFO - [2021-12-13 07:43:54,913] {dagbag.py:487} INFO - Filling up the DagBag from /home/airflow/.local/lib/python3.8/site-packages/airflow/example_dags/tutorial.py
[2021-12-13 07:43:54,925] {scheduler_job.py:643} INFO - DAG(s) dict_keys(['tutorial']) retrieved from /home/airflow/.local/lib/python3.8/site-packages/airflow/example_dags/tutorial.py
[2021-12-13 07:43:54,943] {logging_mixin.py:104} INFO - [2021-12-13 07:43:54,943] {dag.py:1832} INFO - Sync 1 DAGs
[2021-12-13 07:43:54,959] {logging_mixin.py:104} INFO - [2021-12-13 07:43:54,958] {dag.py:2305} INFO - Setting next_dagrun for tutorial to 2021-12-11 00:00:00+00:00
[2021-12-13 07:43:54,979] {scheduler_job.py:190} INFO - Processing /home/airflow/.local/lib/python3.8/site-packages/airflow/example_dags/tutorial.py took 0.075 seconds
[2021-12-13 07:44:30,532] {scheduler_job.py:182} INFO - Started process (PID=38120) to work on /home/airflow/.local/lib/python3.8/site-packages/airflow/example_dags/tutorial.py
[2021-12-13 07:44:30,535] {scheduler_job.py:633} INFO - Processing file /home/airflow/.local/lib/python3.8/site-packages/airflow/example_dags/tutorial.py for tasks to queue
[2021-12-13 07:44:30,536] {logging_mixin.py:104} INFO - [2021-12-13 07:44:30,536] {dagbag.py:487} INFO - Filling up the DagBag from /home/airflow/.local/lib/python3.8/site-packages/airflow/example_dags/tutorial.py
[2021-12-13 07:44:30,556] {scheduler_job.py:643} INFO - DAG(s) dict_keys(['tutorial']) retrieved from /home/airflow/.local/lib/python3.8/site-packages/airflow/example_dags/tutorial.py
[2021-12-13 07:44:30,571] {logging_mixin.py:104} INFO - [2021-12-13 07:44:30,571] {dag.py:1832} INFO - Sync 1 DAGs
[2021-12-13 07:44:30,587] {logging_mixin.py:104} INFO - [2021-12-13 07:44:30,586] {dag.py:2305} INFO - Setting next_dagrun for tutorial to 2021-12-11 00:00:00+00:00
[2021-12-13 07:44:30,605] {scheduler_job.py:190} INFO - Processing /home/airflow/.local/lib/python3.8/site-packages/airflow/example_dags/tutorial.py took 0.076 seconds
[2021-12-13 07:45:05,457] {scheduler_job.py:182} INFO - Started process (PID=38300) to work on /home/airflow/.local/lib/python3.8/site-packages/airflow/example_dags/tutorial.py
[2021-12-13 07:45:05,483] {scheduler_job.py:633} INFO - Processing file /home/airflow/.local/lib/python3.8/site-packages/airflow/example_dags/tutorial.py for tasks to queue
[2021-12-13 07:45:05,485] {logging_mixin.py:104} INFO - [2021-12-13 07:45:05,485] {dagbag.py:487} INFO - Filling up the DagBag from /home/airflow/.local/lib/python3.8/site-packages/airflow/example_dags/tutorial.py
[2021-12-13 07:45:05,574] {scheduler_job.py:643} INFO - DAG(s) dict_keys(['tutorial']) retrieved from /home/airflow/.local/lib/python3.8/site-packages/airflow/example_dags/tutorial.py
[2021-12-13 07:45:05,663] {logging_mixin.py:104} INFO - [2021-12-13 07:45:05,663] {dag.py:1832} INFO - Sync 1 DAGs
[2021-12-13 07:45:05,747] {logging_mixin.py:104} INFO - [2021-12-13 07:45:05,747] {dag.py:2305} INFO - Setting next_dagrun for tutorial to 2021-12-11 00:00:00+00:00
[2021-12-13 07:45:05,796] {scheduler_job.py:190} INFO - Processing /home/airflow/.local/lib/python3.8/site-packages/airflow/example_dags/tutorial.py took 0.363 seconds
[2021-12-13 07:45:42,257] {scheduler_job.py:182} INFO - Started process (PID=38445) to work on /home/airflow/.local/lib/python3.8/site-packages/airflow/example_dags/tutorial.py
[2021-12-13 07:45:42,265] {scheduler_job.py:633} INFO - Processing file /home/airflow/.local/lib/python3.8/site-packages/airflow/example_dags/tutorial.py for tasks to queue
[2021-12-13 07:45:42,270] {logging_mixin.py:104} INFO - [2021-12-13 07:45:42,269] {dagbag.py:487} INFO - Filling up the DagBag from /home/airflow/.local/lib/python3.8/site-packages/airflow/example_dags/tutorial.py
[2021-12-13 07:45:42,299] {scheduler_job.py:643} INFO - DAG(s) dict_keys(['tutorial']) retrieved from /home/airflow/.local/lib/python3.8/site-packages/airflow/example_dags/tutorial.py
[2021-12-13 07:45:42,349] {logging_mixin.py:104} INFO - [2021-12-13 07:45:42,349] {dag.py:1832} INFO - Sync 1 DAGs
[2021-12-13 07:45:42,363] {logging_mixin.py:104} INFO - [2021-12-13 07:45:42,363] {dag.py:2305} INFO - Setting next_dagrun for tutorial to 2021-12-11 00:00:00+00:00
[2021-12-13 07:45:42,388] {scheduler_job.py:190} INFO - Processing /home/airflow/.local/lib/python3.8/site-packages/airflow/example_dags/tutorial.py took 0.134 seconds
[2021-12-13 07:46:20,130] {scheduler_job.py:182} INFO - Started process (PID=38567) to work on /home/airflow/.local/lib/python3.8/site-packages/airflow/example_dags/tutorial.py
[2021-12-13 07:46:20,143] {scheduler_job.py:633} INFO - Processing file /home/airflow/.local/lib/python3.8/site-packages/airflow/example_dags/tutorial.py for tasks to queue
[2021-12-13 07:46:20,148] {logging_mixin.py:104} INFO - [2021-12-13 07:46:20,148] {dagbag.py:487} INFO - Filling up the DagBag from /home/airflow/.local/lib/python3.8/site-packages/airflow/example_dags/tutorial.py
[2021-12-13 07:46:20,216] {scheduler_job.py:643} INFO - DAG(s) dict_keys(['tutorial']) retrieved from /home/airflow/.local/lib/python3.8/site-packages/airflow/example_dags/tutorial.py
[2021-12-13 07:46:20,279] {logging_mixin.py:104} INFO - [2021-12-13 07:46:20,279] {dag.py:1832} INFO - Sync 1 DAGs
[2021-12-13 07:46:20,306] {logging_mixin.py:104} INFO - [2021-12-13 07:46:20,306] {dag.py:2305} INFO - Setting next_dagrun for tutorial to 2021-12-11 00:00:00+00:00
[2021-12-13 07:46:20,375] {scheduler_job.py:190} INFO - Processing /home/airflow/.local/lib/python3.8/site-packages/airflow/example_dags/tutorial.py took 0.271 seconds
[2021-12-13 07:46:54,548] {scheduler_job.py:182} INFO - Started process (PID=38680) to work on /home/airflow/.local/lib/python3.8/site-packages/airflow/example_dags/tutorial.py
[2021-12-13 07:46:54,555] {scheduler_job.py:633} INFO - Processing file /home/airflow/.local/lib/python3.8/site-packages/airflow/example_dags/tutorial.py for tasks to queue
[2021-12-13 07:46:54,558] {logging_mixin.py:104} INFO - [2021-12-13 07:46:54,558] {dagbag.py:487} INFO - Filling up the DagBag from /home/airflow/.local/lib/python3.8/site-packages/airflow/example_dags/tutorial.py
[2021-12-13 07:46:54,583] {scheduler_job.py:643} INFO - DAG(s) dict_keys(['tutorial']) retrieved from /home/airflow/.local/lib/python3.8/site-packages/airflow/example_dags/tutorial.py
[2021-12-13 07:46:54,617] {logging_mixin.py:104} INFO - [2021-12-13 07:46:54,617] {dag.py:1832} INFO - Sync 1 DAGs
[2021-12-13 07:46:54,644] {logging_mixin.py:104} INFO - [2021-12-13 07:46:54,644] {dag.py:2305} INFO - Setting next_dagrun for tutorial to 2021-12-11 00:00:00+00:00
[2021-12-13 07:46:54,673] {scheduler_job.py:190} INFO - Processing /home/airflow/.local/lib/python3.8/site-packages/airflow/example_dags/tutorial.py took 0.132 seconds
[2021-12-13 07:47:28,672] {scheduler_job.py:182} INFO - Started process (PID=38796) to work on /home/airflow/.local/lib/python3.8/site-packages/airflow/example_dags/tutorial.py
[2021-12-13 07:47:28,676] {scheduler_job.py:633} INFO - Processing file /home/airflow/.local/lib/python3.8/site-packages/airflow/example_dags/tutorial.py for tasks to queue
[2021-12-13 07:47:28,676] {logging_mixin.py:104} INFO - [2021-12-13 07:47:28,676] {dagbag.py:487} INFO - Filling up the DagBag from /home/airflow/.local/lib/python3.8/site-packages/airflow/example_dags/tutorial.py
[2021-12-13 07:47:28,690] {scheduler_job.py:643} INFO - DAG(s) dict_keys(['tutorial']) retrieved from /home/airflow/.local/lib/python3.8/site-packages/airflow/example_dags/tutorial.py
[2021-12-13 07:47:28,704] {logging_mixin.py:104} INFO - [2021-12-13 07:47:28,704] {dag.py:1832} INFO - Sync 1 DAGs
[2021-12-13 07:47:28,715] {logging_mixin.py:104} INFO - [2021-12-13 07:47:28,715] {dag.py:2305} INFO - Setting next_dagrun for tutorial to 2021-12-11 00:00:00+00:00
[2021-12-13 07:47:28,740] {scheduler_job.py:190} INFO - Processing /home/airflow/.local/lib/python3.8/site-packages/airflow/example_dags/tutorial.py took 0.071 seconds
[2021-12-13 07:48:05,246] {scheduler_job.py:182} INFO - Started process (PID=38924) to work on /home/airflow/.local/lib/python3.8/site-packages/airflow/example_dags/tutorial.py
[2021-12-13 07:48:05,252] {scheduler_job.py:633} INFO - Processing file /home/airflow/.local/lib/python3.8/site-packages/airflow/example_dags/tutorial.py for tasks to queue
[2021-12-13 07:48:05,257] {logging_mixin.py:104} INFO - [2021-12-13 07:48:05,257] {dagbag.py:487} INFO - Filling up the DagBag from /home/airflow/.local/lib/python3.8/site-packages/airflow/example_dags/tutorial.py
[2021-12-13 07:48:05,284] {scheduler_job.py:643} INFO - DAG(s) dict_keys(['tutorial']) retrieved from /home/airflow/.local/lib/python3.8/site-packages/airflow/example_dags/tutorial.py
[2021-12-13 07:48:05,342] {logging_mixin.py:104} INFO - [2021-12-13 07:48:05,342] {dag.py:1832} INFO - Sync 1 DAGs
[2021-12-13 07:48:05,360] {logging_mixin.py:104} INFO - [2021-12-13 07:48:05,360] {dag.py:2305} INFO - Setting next_dagrun for tutorial to 2021-12-11 00:00:00+00:00
[2021-12-13 07:48:05,398] {scheduler_job.py:190} INFO - Processing /home/airflow/.local/lib/python3.8/site-packages/airflow/example_dags/tutorial.py took 0.155 seconds
[2021-12-13 07:48:40,499] {scheduler_job.py:182} INFO - Started process (PID=39038) to work on /home/airflow/.local/lib/python3.8/site-packages/airflow/example_dags/tutorial.py
[2021-12-13 07:48:40,503] {scheduler_job.py:633} INFO - Processing file /home/airflow/.local/lib/python3.8/site-packages/airflow/example_dags/tutorial.py for tasks to queue
[2021-12-13 07:48:40,503] {logging_mixin.py:104} INFO - [2021-12-13 07:48:40,503] {dagbag.py:487} INFO - Filling up the DagBag from /home/airflow/.local/lib/python3.8/site-packages/airflow/example_dags/tutorial.py
[2021-12-13 07:48:40,521] {scheduler_job.py:643} INFO - DAG(s) dict_keys(['tutorial']) retrieved from /home/airflow/.local/lib/python3.8/site-packages/airflow/example_dags/tutorial.py
[2021-12-13 07:48:40,537] {logging_mixin.py:104} INFO - [2021-12-13 07:48:40,537] {dag.py:1832} INFO - Sync 1 DAGs
[2021-12-13 07:48:40,552] {logging_mixin.py:104} INFO - [2021-12-13 07:48:40,552] {dag.py:2305} INFO - Setting next_dagrun for tutorial to 2021-12-11 00:00:00+00:00
[2021-12-13 07:48:40,581] {scheduler_job.py:190} INFO - Processing /home/airflow/.local/lib/python3.8/site-packages/airflow/example_dags/tutorial.py took 0.085 seconds
[2021-12-13 07:49:18,503] {scheduler_job.py:182} INFO - Started process (PID=39218) to work on /home/airflow/.local/lib/python3.8/site-packages/airflow/example_dags/tutorial.py
[2021-12-13 07:49:18,510] {scheduler_job.py:633} INFO - Processing file /home/airflow/.local/lib/python3.8/site-packages/airflow/example_dags/tutorial.py for tasks to queue
[2021-12-13 07:49:18,513] {logging_mixin.py:104} INFO - [2021-12-13 07:49:18,513] {dagbag.py:487} INFO - Filling up the DagBag from /home/airflow/.local/lib/python3.8/site-packages/airflow/example_dags/tutorial.py
[2021-12-13 07:49:18,537] {scheduler_job.py:643} INFO - DAG(s) dict_keys(['tutorial']) retrieved from /home/airflow/.local/lib/python3.8/site-packages/airflow/example_dags/tutorial.py
[2021-12-13 07:49:18,573] {logging_mixin.py:104} INFO - [2021-12-13 07:49:18,572] {dag.py:1832} INFO - Sync 1 DAGs
[2021-12-13 07:49:18,591] {logging_mixin.py:104} INFO - [2021-12-13 07:49:18,591] {dag.py:2305} INFO - Setting next_dagrun for tutorial to 2021-12-11 00:00:00+00:00
[2021-12-13 07:49:18,621] {scheduler_job.py:190} INFO - Processing /home/airflow/.local/lib/python3.8/site-packages/airflow/example_dags/tutorial.py took 0.125 seconds
[2021-12-13 07:49:53,772] {scheduler_job.py:182} INFO - Started process (PID=39351) to work on /home/airflow/.local/lib/python3.8/site-packages/airflow/example_dags/tutorial.py
[2021-12-13 07:49:53,776] {scheduler_job.py:633} INFO - Processing file /home/airflow/.local/lib/python3.8/site-packages/airflow/example_dags/tutorial.py for tasks to queue
[2021-12-13 07:49:53,777] {logging_mixin.py:104} INFO - [2021-12-13 07:49:53,776] {dagbag.py:487} INFO - Filling up the DagBag from /home/airflow/.local/lib/python3.8/site-packages/airflow/example_dags/tutorial.py
[2021-12-13 07:49:53,795] {scheduler_job.py:643} INFO - DAG(s) dict_keys(['tutorial']) retrieved from /home/airflow/.local/lib/python3.8/site-packages/airflow/example_dags/tutorial.py
[2021-12-13 07:49:53,809] {logging_mixin.py:104} INFO - [2021-12-13 07:49:53,809] {dag.py:1832} INFO - Sync 1 DAGs
[2021-12-13 07:49:53,820] {logging_mixin.py:104} INFO - [2021-12-13 07:49:53,819] {dag.py:2305} INFO - Setting next_dagrun for tutorial to 2021-12-11 00:00:00+00:00
[2021-12-13 07:49:53,843] {scheduler_job.py:190} INFO - Processing /home/airflow/.local/lib/python3.8/site-packages/airflow/example_dags/tutorial.py took 0.073 seconds
