[2021-12-13 07:34:47,947] {scheduler_job.py:182} INFO - Started process (PID=35507) to work on /home/airflow/.local/lib/python3.8/site-packages/airflow/example_dags/tutorial_taskflow_api_etl_virtualenv.py
[2021-12-13 07:34:47,950] {scheduler_job.py:633} INFO - Processing file /home/airflow/.local/lib/python3.8/site-packages/airflow/example_dags/tutorial_taskflow_api_etl_virtualenv.py for tasks to queue
[2021-12-13 07:34:47,952] {logging_mixin.py:104} INFO - [2021-12-13 07:34:47,952] {dagbag.py:487} INFO - Filling up the DagBag from /home/airflow/.local/lib/python3.8/site-packages/airflow/example_dags/tutorial_taskflow_api_etl_virtualenv.py
[2021-12-13 07:34:47,967] {scheduler_job.py:643} INFO - DAG(s) dict_keys(['tutorial_taskflow_api_etl_virtualenv']) retrieved from /home/airflow/.local/lib/python3.8/site-packages/airflow/example_dags/tutorial_taskflow_api_etl_virtualenv.py
[2021-12-13 07:34:48,282] {logging_mixin.py:104} INFO - [2021-12-13 07:34:48,282] {dag.py:1832} INFO - Sync 1 DAGs
[2021-12-13 07:34:48,293] {logging_mixin.py:104} INFO - [2021-12-13 07:34:48,293] {dag.py:2305} INFO - Setting next_dagrun for tutorial_taskflow_api_etl_virtualenv to None
[2021-12-13 07:34:48,332] {scheduler_job.py:190} INFO - Processing /home/airflow/.local/lib/python3.8/site-packages/airflow/example_dags/tutorial_taskflow_api_etl_virtualenv.py took 0.388 seconds
[2021-12-13 07:35:02,941] {scheduler_job.py:182} INFO - Started process (PID=35634) to work on /home/airflow/.local/lib/python3.8/site-packages/airflow/example_dags/tutorial_taskflow_api_etl_virtualenv.py
[2021-12-13 07:35:02,943] {scheduler_job.py:633} INFO - Processing file /home/airflow/.local/lib/python3.8/site-packages/airflow/example_dags/tutorial_taskflow_api_etl_virtualenv.py for tasks to queue
[2021-12-13 07:35:02,946] {logging_mixin.py:104} INFO - [2021-12-13 07:35:02,946] {dagbag.py:487} INFO - Filling up the DagBag from /home/airflow/.local/lib/python3.8/site-packages/airflow/example_dags/tutorial_taskflow_api_etl_virtualenv.py
[2021-12-13 07:35:02,959] {scheduler_job.py:643} INFO - DAG(s) dict_keys(['tutorial_taskflow_api_etl_virtualenv']) retrieved from /home/airflow/.local/lib/python3.8/site-packages/airflow/example_dags/tutorial_taskflow_api_etl_virtualenv.py
[2021-12-13 07:35:02,967] {logging_mixin.py:104} INFO - [2021-12-13 07:35:02,967] {dag.py:1832} INFO - Sync 1 DAGs
[2021-12-13 07:35:02,982] {logging_mixin.py:104} INFO - [2021-12-13 07:35:02,981] {dag.py:2305} INFO - Setting next_dagrun for tutorial_taskflow_api_etl_virtualenv to None
[2021-12-13 07:35:03,000] {scheduler_job.py:190} INFO - Processing /home/airflow/.local/lib/python3.8/site-packages/airflow/example_dags/tutorial_taskflow_api_etl_virtualenv.py took 0.061 seconds
[2021-12-13 07:35:42,017] {scheduler_job.py:182} INFO - Started process (PID=35813) to work on /home/airflow/.local/lib/python3.8/site-packages/airflow/example_dags/tutorial_taskflow_api_etl_virtualenv.py
[2021-12-13 07:35:42,020] {scheduler_job.py:633} INFO - Processing file /home/airflow/.local/lib/python3.8/site-packages/airflow/example_dags/tutorial_taskflow_api_etl_virtualenv.py for tasks to queue
[2021-12-13 07:35:42,023] {logging_mixin.py:104} INFO - [2021-12-13 07:35:42,023] {dagbag.py:487} INFO - Filling up the DagBag from /home/airflow/.local/lib/python3.8/site-packages/airflow/example_dags/tutorial_taskflow_api_etl_virtualenv.py
[2021-12-13 07:35:42,038] {scheduler_job.py:643} INFO - DAG(s) dict_keys(['tutorial_taskflow_api_etl_virtualenv']) retrieved from /home/airflow/.local/lib/python3.8/site-packages/airflow/example_dags/tutorial_taskflow_api_etl_virtualenv.py
[2021-12-13 07:35:42,326] {logging_mixin.py:104} INFO - [2021-12-13 07:35:42,326] {dag.py:1832} INFO - Sync 1 DAGs
[2021-12-13 07:35:42,339] {logging_mixin.py:104} INFO - [2021-12-13 07:35:42,339] {dag.py:2305} INFO - Setting next_dagrun for tutorial_taskflow_api_etl_virtualenv to None
[2021-12-13 07:35:42,368] {scheduler_job.py:190} INFO - Processing /home/airflow/.local/lib/python3.8/site-packages/airflow/example_dags/tutorial_taskflow_api_etl_virtualenv.py took 0.353 seconds
[2021-12-13 07:36:18,998] {scheduler_job.py:182} INFO - Started process (PID=35981) to work on /home/airflow/.local/lib/python3.8/site-packages/airflow/example_dags/tutorial_taskflow_api_etl_virtualenv.py
[2021-12-13 07:36:19,007] {scheduler_job.py:633} INFO - Processing file /home/airflow/.local/lib/python3.8/site-packages/airflow/example_dags/tutorial_taskflow_api_etl_virtualenv.py for tasks to queue
[2021-12-13 07:36:19,009] {logging_mixin.py:104} INFO - [2021-12-13 07:36:19,009] {dagbag.py:487} INFO - Filling up the DagBag from /home/airflow/.local/lib/python3.8/site-packages/airflow/example_dags/tutorial_taskflow_api_etl_virtualenv.py
[2021-12-13 07:36:19,042] {scheduler_job.py:643} INFO - DAG(s) dict_keys(['tutorial_taskflow_api_etl_virtualenv']) retrieved from /home/airflow/.local/lib/python3.8/site-packages/airflow/example_dags/tutorial_taskflow_api_etl_virtualenv.py
[2021-12-13 07:36:19,435] {logging_mixin.py:104} INFO - [2021-12-13 07:36:19,435] {dag.py:1832} INFO - Sync 1 DAGs
[2021-12-13 07:36:19,443] {logging_mixin.py:104} INFO - [2021-12-13 07:36:19,443] {dag.py:2305} INFO - Setting next_dagrun for tutorial_taskflow_api_etl_virtualenv to None
[2021-12-13 07:36:19,472] {scheduler_job.py:190} INFO - Processing /home/airflow/.local/lib/python3.8/site-packages/airflow/example_dags/tutorial_taskflow_api_etl_virtualenv.py took 0.480 seconds
[2021-12-13 07:36:51,946] {scheduler_job.py:182} INFO - Started process (PID=36136) to work on /home/airflow/.local/lib/python3.8/site-packages/airflow/example_dags/tutorial_taskflow_api_etl_virtualenv.py
[2021-12-13 07:36:51,950] {scheduler_job.py:633} INFO - Processing file /home/airflow/.local/lib/python3.8/site-packages/airflow/example_dags/tutorial_taskflow_api_etl_virtualenv.py for tasks to queue
[2021-12-13 07:36:51,953] {logging_mixin.py:104} INFO - [2021-12-13 07:36:51,953] {dagbag.py:487} INFO - Filling up the DagBag from /home/airflow/.local/lib/python3.8/site-packages/airflow/example_dags/tutorial_taskflow_api_etl_virtualenv.py
[2021-12-13 07:36:51,970] {scheduler_job.py:643} INFO - DAG(s) dict_keys(['tutorial_taskflow_api_etl_virtualenv']) retrieved from /home/airflow/.local/lib/python3.8/site-packages/airflow/example_dags/tutorial_taskflow_api_etl_virtualenv.py
[2021-12-13 07:36:52,266] {logging_mixin.py:104} INFO - [2021-12-13 07:36:52,266] {dag.py:1832} INFO - Sync 1 DAGs
[2021-12-13 07:36:52,283] {logging_mixin.py:104} INFO - [2021-12-13 07:36:52,283] {dag.py:2305} INFO - Setting next_dagrun for tutorial_taskflow_api_etl_virtualenv to None
[2021-12-13 07:36:52,333] {scheduler_job.py:190} INFO - Processing /home/airflow/.local/lib/python3.8/site-packages/airflow/example_dags/tutorial_taskflow_api_etl_virtualenv.py took 0.391 seconds
[2021-12-13 07:37:24,745] {scheduler_job.py:182} INFO - Started process (PID=36282) to work on /home/airflow/.local/lib/python3.8/site-packages/airflow/example_dags/tutorial_taskflow_api_etl_virtualenv.py
[2021-12-13 07:37:24,749] {scheduler_job.py:633} INFO - Processing file /home/airflow/.local/lib/python3.8/site-packages/airflow/example_dags/tutorial_taskflow_api_etl_virtualenv.py for tasks to queue
[2021-12-13 07:37:24,753] {logging_mixin.py:104} INFO - [2021-12-13 07:37:24,753] {dagbag.py:487} INFO - Filling up the DagBag from /home/airflow/.local/lib/python3.8/site-packages/airflow/example_dags/tutorial_taskflow_api_etl_virtualenv.py
[2021-12-13 07:37:24,772] {scheduler_job.py:643} INFO - DAG(s) dict_keys(['tutorial_taskflow_api_etl_virtualenv']) retrieved from /home/airflow/.local/lib/python3.8/site-packages/airflow/example_dags/tutorial_taskflow_api_etl_virtualenv.py
[2021-12-13 07:37:25,078] {logging_mixin.py:104} INFO - [2021-12-13 07:37:25,078] {dag.py:1832} INFO - Sync 1 DAGs
[2021-12-13 07:37:25,089] {logging_mixin.py:104} INFO - [2021-12-13 07:37:25,089] {dag.py:2305} INFO - Setting next_dagrun for tutorial_taskflow_api_etl_virtualenv to None
[2021-12-13 07:37:25,111] {scheduler_job.py:190} INFO - Processing /home/airflow/.local/lib/python3.8/site-packages/airflow/example_dags/tutorial_taskflow_api_etl_virtualenv.py took 0.368 seconds
[2021-12-13 07:37:59,659] {scheduler_job.py:182} INFO - Started process (PID=36415) to work on /home/airflow/.local/lib/python3.8/site-packages/airflow/example_dags/tutorial_taskflow_api_etl_virtualenv.py
[2021-12-13 07:37:59,663] {scheduler_job.py:633} INFO - Processing file /home/airflow/.local/lib/python3.8/site-packages/airflow/example_dags/tutorial_taskflow_api_etl_virtualenv.py for tasks to queue
[2021-12-13 07:37:59,666] {logging_mixin.py:104} INFO - [2021-12-13 07:37:59,666] {dagbag.py:487} INFO - Filling up the DagBag from /home/airflow/.local/lib/python3.8/site-packages/airflow/example_dags/tutorial_taskflow_api_etl_virtualenv.py
[2021-12-13 07:37:59,683] {scheduler_job.py:643} INFO - DAG(s) dict_keys(['tutorial_taskflow_api_etl_virtualenv']) retrieved from /home/airflow/.local/lib/python3.8/site-packages/airflow/example_dags/tutorial_taskflow_api_etl_virtualenv.py
[2021-12-13 07:37:59,982] {logging_mixin.py:104} INFO - [2021-12-13 07:37:59,982] {dag.py:1832} INFO - Sync 1 DAGs
[2021-12-13 07:37:59,994] {logging_mixin.py:104} INFO - [2021-12-13 07:37:59,994] {dag.py:2305} INFO - Setting next_dagrun for tutorial_taskflow_api_etl_virtualenv to None
[2021-12-13 07:38:00,025] {scheduler_job.py:190} INFO - Processing /home/airflow/.local/lib/python3.8/site-packages/airflow/example_dags/tutorial_taskflow_api_etl_virtualenv.py took 0.368 seconds
[2021-12-13 07:38:32,205] {scheduler_job.py:182} INFO - Started process (PID=36597) to work on /home/airflow/.local/lib/python3.8/site-packages/airflow/example_dags/tutorial_taskflow_api_etl_virtualenv.py
[2021-12-13 07:38:32,208] {scheduler_job.py:633} INFO - Processing file /home/airflow/.local/lib/python3.8/site-packages/airflow/example_dags/tutorial_taskflow_api_etl_virtualenv.py for tasks to queue
[2021-12-13 07:38:32,210] {logging_mixin.py:104} INFO - [2021-12-13 07:38:32,210] {dagbag.py:487} INFO - Filling up the DagBag from /home/airflow/.local/lib/python3.8/site-packages/airflow/example_dags/tutorial_taskflow_api_etl_virtualenv.py
[2021-12-13 07:38:32,225] {scheduler_job.py:643} INFO - DAG(s) dict_keys(['tutorial_taskflow_api_etl_virtualenv']) retrieved from /home/airflow/.local/lib/python3.8/site-packages/airflow/example_dags/tutorial_taskflow_api_etl_virtualenv.py
[2021-12-13 07:38:32,519] {logging_mixin.py:104} INFO - [2021-12-13 07:38:32,519] {dag.py:1832} INFO - Sync 1 DAGs
[2021-12-13 07:38:32,531] {logging_mixin.py:104} INFO - [2021-12-13 07:38:32,531] {dag.py:2305} INFO - Setting next_dagrun for tutorial_taskflow_api_etl_virtualenv to None
[2021-12-13 07:38:32,560] {scheduler_job.py:190} INFO - Processing /home/airflow/.local/lib/python3.8/site-packages/airflow/example_dags/tutorial_taskflow_api_etl_virtualenv.py took 0.357 seconds
[2021-12-13 07:39:06,874] {scheduler_job.py:182} INFO - Started process (PID=36814) to work on /home/airflow/.local/lib/python3.8/site-packages/airflow/example_dags/tutorial_taskflow_api_etl_virtualenv.py
[2021-12-13 07:39:06,877] {scheduler_job.py:633} INFO - Processing file /home/airflow/.local/lib/python3.8/site-packages/airflow/example_dags/tutorial_taskflow_api_etl_virtualenv.py for tasks to queue
[2021-12-13 07:39:06,880] {logging_mixin.py:104} INFO - [2021-12-13 07:39:06,880] {dagbag.py:487} INFO - Filling up the DagBag from /home/airflow/.local/lib/python3.8/site-packages/airflow/example_dags/tutorial_taskflow_api_etl_virtualenv.py
[2021-12-13 07:39:06,893] {scheduler_job.py:643} INFO - DAG(s) dict_keys(['tutorial_taskflow_api_etl_virtualenv']) retrieved from /home/airflow/.local/lib/python3.8/site-packages/airflow/example_dags/tutorial_taskflow_api_etl_virtualenv.py
[2021-12-13 07:39:07,174] {logging_mixin.py:104} INFO - [2021-12-13 07:39:07,174] {dag.py:1832} INFO - Sync 1 DAGs
[2021-12-13 07:39:07,184] {logging_mixin.py:104} INFO - [2021-12-13 07:39:07,184] {dag.py:2305} INFO - Setting next_dagrun for tutorial_taskflow_api_etl_virtualenv to None
[2021-12-13 07:39:07,214] {scheduler_job.py:190} INFO - Processing /home/airflow/.local/lib/python3.8/site-packages/airflow/example_dags/tutorial_taskflow_api_etl_virtualenv.py took 0.342 seconds
[2021-12-13 07:39:39,463] {scheduler_job.py:182} INFO - Started process (PID=37028) to work on /home/airflow/.local/lib/python3.8/site-packages/airflow/example_dags/tutorial_taskflow_api_etl_virtualenv.py
[2021-12-13 07:39:39,466] {scheduler_job.py:633} INFO - Processing file /home/airflow/.local/lib/python3.8/site-packages/airflow/example_dags/tutorial_taskflow_api_etl_virtualenv.py for tasks to queue
[2021-12-13 07:39:39,469] {logging_mixin.py:104} INFO - [2021-12-13 07:39:39,469] {dagbag.py:487} INFO - Filling up the DagBag from /home/airflow/.local/lib/python3.8/site-packages/airflow/example_dags/tutorial_taskflow_api_etl_virtualenv.py
[2021-12-13 07:39:39,483] {scheduler_job.py:643} INFO - DAG(s) dict_keys(['tutorial_taskflow_api_etl_virtualenv']) retrieved from /home/airflow/.local/lib/python3.8/site-packages/airflow/example_dags/tutorial_taskflow_api_etl_virtualenv.py
[2021-12-13 07:39:39,772] {logging_mixin.py:104} INFO - [2021-12-13 07:39:39,772] {dag.py:1832} INFO - Sync 1 DAGs
[2021-12-13 07:39:39,784] {logging_mixin.py:104} INFO - [2021-12-13 07:39:39,784] {dag.py:2305} INFO - Setting next_dagrun for tutorial_taskflow_api_etl_virtualenv to None
[2021-12-13 07:39:39,815] {scheduler_job.py:190} INFO - Processing /home/airflow/.local/lib/python3.8/site-packages/airflow/example_dags/tutorial_taskflow_api_etl_virtualenv.py took 0.355 seconds
[2021-12-13 07:40:15,072] {scheduler_job.py:182} INFO - Started process (PID=37256) to work on /home/airflow/.local/lib/python3.8/site-packages/airflow/example_dags/tutorial_taskflow_api_etl_virtualenv.py
[2021-12-13 07:40:15,078] {scheduler_job.py:633} INFO - Processing file /home/airflow/.local/lib/python3.8/site-packages/airflow/example_dags/tutorial_taskflow_api_etl_virtualenv.py for tasks to queue
[2021-12-13 07:40:15,082] {logging_mixin.py:104} INFO - [2021-12-13 07:40:15,082] {dagbag.py:487} INFO - Filling up the DagBag from /home/airflow/.local/lib/python3.8/site-packages/airflow/example_dags/tutorial_taskflow_api_etl_virtualenv.py
[2021-12-13 07:40:15,116] {scheduler_job.py:643} INFO - DAG(s) dict_keys(['tutorial_taskflow_api_etl_virtualenv']) retrieved from /home/airflow/.local/lib/python3.8/site-packages/airflow/example_dags/tutorial_taskflow_api_etl_virtualenv.py
[2021-12-13 07:40:15,957] {logging_mixin.py:104} INFO - [2021-12-13 07:40:15,957] {dag.py:1832} INFO - Sync 1 DAGs
[2021-12-13 07:40:15,970] {logging_mixin.py:104} INFO - [2021-12-13 07:40:15,970] {dag.py:2305} INFO - Setting next_dagrun for tutorial_taskflow_api_etl_virtualenv to None
[2021-12-13 07:40:15,998] {scheduler_job.py:190} INFO - Processing /home/airflow/.local/lib/python3.8/site-packages/airflow/example_dags/tutorial_taskflow_api_etl_virtualenv.py took 0.927 seconds
[2021-12-13 07:40:51,243] {scheduler_job.py:182} INFO - Started process (PID=37386) to work on /home/airflow/.local/lib/python3.8/site-packages/airflow/example_dags/tutorial_taskflow_api_etl_virtualenv.py
[2021-12-13 07:40:51,258] {scheduler_job.py:633} INFO - Processing file /home/airflow/.local/lib/python3.8/site-packages/airflow/example_dags/tutorial_taskflow_api_etl_virtualenv.py for tasks to queue
[2021-12-13 07:40:51,260] {logging_mixin.py:104} INFO - [2021-12-13 07:40:51,260] {dagbag.py:487} INFO - Filling up the DagBag from /home/airflow/.local/lib/python3.8/site-packages/airflow/example_dags/tutorial_taskflow_api_etl_virtualenv.py
[2021-12-13 07:40:51,315] {scheduler_job.py:643} INFO - DAG(s) dict_keys(['tutorial_taskflow_api_etl_virtualenv']) retrieved from /home/airflow/.local/lib/python3.8/site-packages/airflow/example_dags/tutorial_taskflow_api_etl_virtualenv.py
[2021-12-13 07:40:52,656] {logging_mixin.py:104} INFO - [2021-12-13 07:40:52,656] {dag.py:1832} INFO - Sync 1 DAGs
[2021-12-13 07:40:52,683] {logging_mixin.py:104} INFO - [2021-12-13 07:40:52,683] {dag.py:2305} INFO - Setting next_dagrun for tutorial_taskflow_api_etl_virtualenv to None
[2021-12-13 07:40:52,716] {scheduler_job.py:190} INFO - Processing /home/airflow/.local/lib/python3.8/site-packages/airflow/example_dags/tutorial_taskflow_api_etl_virtualenv.py took 1.487 seconds
[2021-12-13 07:41:32,749] {scheduler_job.py:182} INFO - Started process (PID=37531) to work on /home/airflow/.local/lib/python3.8/site-packages/airflow/example_dags/tutorial_taskflow_api_etl_virtualenv.py
[2021-12-13 07:41:32,755] {scheduler_job.py:633} INFO - Processing file /home/airflow/.local/lib/python3.8/site-packages/airflow/example_dags/tutorial_taskflow_api_etl_virtualenv.py for tasks to queue
[2021-12-13 07:41:32,760] {logging_mixin.py:104} INFO - [2021-12-13 07:41:32,760] {dagbag.py:487} INFO - Filling up the DagBag from /home/airflow/.local/lib/python3.8/site-packages/airflow/example_dags/tutorial_taskflow_api_etl_virtualenv.py
[2021-12-13 07:41:32,799] {scheduler_job.py:643} INFO - DAG(s) dict_keys(['tutorial_taskflow_api_etl_virtualenv']) retrieved from /home/airflow/.local/lib/python3.8/site-packages/airflow/example_dags/tutorial_taskflow_api_etl_virtualenv.py
[2021-12-13 07:41:33,449] {logging_mixin.py:104} INFO - [2021-12-13 07:41:33,449] {dag.py:1832} INFO - Sync 1 DAGs
[2021-12-13 07:41:33,482] {logging_mixin.py:104} INFO - [2021-12-13 07:41:33,482] {dag.py:2305} INFO - Setting next_dagrun for tutorial_taskflow_api_etl_virtualenv to None
[2021-12-13 07:41:33,512] {scheduler_job.py:190} INFO - Processing /home/airflow/.local/lib/python3.8/site-packages/airflow/example_dags/tutorial_taskflow_api_etl_virtualenv.py took 0.765 seconds
[2021-12-13 07:42:07,981] {scheduler_job.py:182} INFO - Started process (PID=37651) to work on /home/airflow/.local/lib/python3.8/site-packages/airflow/example_dags/tutorial_taskflow_api_etl_virtualenv.py
[2021-12-13 07:42:07,986] {scheduler_job.py:633} INFO - Processing file /home/airflow/.local/lib/python3.8/site-packages/airflow/example_dags/tutorial_taskflow_api_etl_virtualenv.py for tasks to queue
[2021-12-13 07:42:07,988] {logging_mixin.py:104} INFO - [2021-12-13 07:42:07,988] {dagbag.py:487} INFO - Filling up the DagBag from /home/airflow/.local/lib/python3.8/site-packages/airflow/example_dags/tutorial_taskflow_api_etl_virtualenv.py
[2021-12-13 07:42:08,009] {scheduler_job.py:643} INFO - DAG(s) dict_keys(['tutorial_taskflow_api_etl_virtualenv']) retrieved from /home/airflow/.local/lib/python3.8/site-packages/airflow/example_dags/tutorial_taskflow_api_etl_virtualenv.py
[2021-12-13 07:42:08,502] {logging_mixin.py:104} INFO - [2021-12-13 07:42:08,502] {dag.py:1832} INFO - Sync 1 DAGs
[2021-12-13 07:42:08,531] {logging_mixin.py:104} INFO - [2021-12-13 07:42:08,531] {dag.py:2305} INFO - Setting next_dagrun for tutorial_taskflow_api_etl_virtualenv to None
[2021-12-13 07:42:08,571] {scheduler_job.py:190} INFO - Processing /home/airflow/.local/lib/python3.8/site-packages/airflow/example_dags/tutorial_taskflow_api_etl_virtualenv.py took 0.593 seconds
[2021-12-13 07:42:47,267] {scheduler_job.py:182} INFO - Started process (PID=37785) to work on /home/airflow/.local/lib/python3.8/site-packages/airflow/example_dags/tutorial_taskflow_api_etl_virtualenv.py
[2021-12-13 07:42:47,269] {scheduler_job.py:633} INFO - Processing file /home/airflow/.local/lib/python3.8/site-packages/airflow/example_dags/tutorial_taskflow_api_etl_virtualenv.py for tasks to queue
[2021-12-13 07:42:47,272] {logging_mixin.py:104} INFO - [2021-12-13 07:42:47,272] {dagbag.py:487} INFO - Filling up the DagBag from /home/airflow/.local/lib/python3.8/site-packages/airflow/example_dags/tutorial_taskflow_api_etl_virtualenv.py
[2021-12-13 07:42:47,288] {scheduler_job.py:643} INFO - DAG(s) dict_keys(['tutorial_taskflow_api_etl_virtualenv']) retrieved from /home/airflow/.local/lib/python3.8/site-packages/airflow/example_dags/tutorial_taskflow_api_etl_virtualenv.py
[2021-12-13 07:42:47,877] {logging_mixin.py:104} INFO - [2021-12-13 07:42:47,877] {dag.py:1832} INFO - Sync 1 DAGs
[2021-12-13 07:42:47,889] {logging_mixin.py:104} INFO - [2021-12-13 07:42:47,889] {dag.py:2305} INFO - Setting next_dagrun for tutorial_taskflow_api_etl_virtualenv to None
[2021-12-13 07:42:47,917] {scheduler_job.py:190} INFO - Processing /home/airflow/.local/lib/python3.8/site-packages/airflow/example_dags/tutorial_taskflow_api_etl_virtualenv.py took 0.653 seconds
[2021-12-13 07:43:21,279] {scheduler_job.py:182} INFO - Started process (PID=37894) to work on /home/airflow/.local/lib/python3.8/site-packages/airflow/example_dags/tutorial_taskflow_api_etl_virtualenv.py
[2021-12-13 07:43:21,283] {scheduler_job.py:633} INFO - Processing file /home/airflow/.local/lib/python3.8/site-packages/airflow/example_dags/tutorial_taskflow_api_etl_virtualenv.py for tasks to queue
[2021-12-13 07:43:21,283] {logging_mixin.py:104} INFO - [2021-12-13 07:43:21,283] {dagbag.py:487} INFO - Filling up the DagBag from /home/airflow/.local/lib/python3.8/site-packages/airflow/example_dags/tutorial_taskflow_api_etl_virtualenv.py
[2021-12-13 07:43:21,343] {scheduler_job.py:643} INFO - DAG(s) dict_keys(['tutorial_taskflow_api_etl_virtualenv']) retrieved from /home/airflow/.local/lib/python3.8/site-packages/airflow/example_dags/tutorial_taskflow_api_etl_virtualenv.py
[2021-12-13 07:43:21,941] {logging_mixin.py:104} INFO - [2021-12-13 07:43:21,941] {dag.py:1832} INFO - Sync 1 DAGs
[2021-12-13 07:43:21,957] {logging_mixin.py:104} INFO - [2021-12-13 07:43:21,957] {dag.py:2305} INFO - Setting next_dagrun for tutorial_taskflow_api_etl_virtualenv to None
[2021-12-13 07:43:22,004] {scheduler_job.py:190} INFO - Processing /home/airflow/.local/lib/python3.8/site-packages/airflow/example_dags/tutorial_taskflow_api_etl_virtualenv.py took 0.735 seconds
[2021-12-13 07:43:53,459] {scheduler_job.py:182} INFO - Started process (PID=37999) to work on /home/airflow/.local/lib/python3.8/site-packages/airflow/example_dags/tutorial_taskflow_api_etl_virtualenv.py
[2021-12-13 07:43:53,463] {scheduler_job.py:633} INFO - Processing file /home/airflow/.local/lib/python3.8/site-packages/airflow/example_dags/tutorial_taskflow_api_etl_virtualenv.py for tasks to queue
[2021-12-13 07:43:53,464] {logging_mixin.py:104} INFO - [2021-12-13 07:43:53,464] {dagbag.py:487} INFO - Filling up the DagBag from /home/airflow/.local/lib/python3.8/site-packages/airflow/example_dags/tutorial_taskflow_api_etl_virtualenv.py
[2021-12-13 07:43:53,494] {scheduler_job.py:643} INFO - DAG(s) dict_keys(['tutorial_taskflow_api_etl_virtualenv']) retrieved from /home/airflow/.local/lib/python3.8/site-packages/airflow/example_dags/tutorial_taskflow_api_etl_virtualenv.py
[2021-12-13 07:43:53,803] {logging_mixin.py:104} INFO - [2021-12-13 07:43:53,803] {dag.py:1832} INFO - Sync 1 DAGs
[2021-12-13 07:43:53,815] {logging_mixin.py:104} INFO - [2021-12-13 07:43:53,815] {dag.py:2305} INFO - Setting next_dagrun for tutorial_taskflow_api_etl_virtualenv to None
[2021-12-13 07:43:53,836] {scheduler_job.py:190} INFO - Processing /home/airflow/.local/lib/python3.8/site-packages/airflow/example_dags/tutorial_taskflow_api_etl_virtualenv.py took 0.379 seconds
[2021-12-13 07:44:29,086] {scheduler_job.py:182} INFO - Started process (PID=38113) to work on /home/airflow/.local/lib/python3.8/site-packages/airflow/example_dags/tutorial_taskflow_api_etl_virtualenv.py
[2021-12-13 07:44:29,090] {scheduler_job.py:633} INFO - Processing file /home/airflow/.local/lib/python3.8/site-packages/airflow/example_dags/tutorial_taskflow_api_etl_virtualenv.py for tasks to queue
[2021-12-13 07:44:29,094] {logging_mixin.py:104} INFO - [2021-12-13 07:44:29,094] {dagbag.py:487} INFO - Filling up the DagBag from /home/airflow/.local/lib/python3.8/site-packages/airflow/example_dags/tutorial_taskflow_api_etl_virtualenv.py
[2021-12-13 07:44:29,114] {scheduler_job.py:643} INFO - DAG(s) dict_keys(['tutorial_taskflow_api_etl_virtualenv']) retrieved from /home/airflow/.local/lib/python3.8/site-packages/airflow/example_dags/tutorial_taskflow_api_etl_virtualenv.py
[2021-12-13 07:44:29,406] {logging_mixin.py:104} INFO - [2021-12-13 07:44:29,406] {dag.py:1832} INFO - Sync 1 DAGs
[2021-12-13 07:44:29,416] {logging_mixin.py:104} INFO - [2021-12-13 07:44:29,416] {dag.py:2305} INFO - Setting next_dagrun for tutorial_taskflow_api_etl_virtualenv to None
[2021-12-13 07:44:29,440] {scheduler_job.py:190} INFO - Processing /home/airflow/.local/lib/python3.8/site-packages/airflow/example_dags/tutorial_taskflow_api_etl_virtualenv.py took 0.356 seconds
[2021-12-13 07:45:03,908] {scheduler_job.py:182} INFO - Started process (PID=38293) to work on /home/airflow/.local/lib/python3.8/site-packages/airflow/example_dags/tutorial_taskflow_api_etl_virtualenv.py
[2021-12-13 07:45:03,919] {scheduler_job.py:633} INFO - Processing file /home/airflow/.local/lib/python3.8/site-packages/airflow/example_dags/tutorial_taskflow_api_etl_virtualenv.py for tasks to queue
[2021-12-13 07:45:03,920] {logging_mixin.py:104} INFO - [2021-12-13 07:45:03,920] {dagbag.py:487} INFO - Filling up the DagBag from /home/airflow/.local/lib/python3.8/site-packages/airflow/example_dags/tutorial_taskflow_api_etl_virtualenv.py
[2021-12-13 07:45:03,959] {scheduler_job.py:643} INFO - DAG(s) dict_keys(['tutorial_taskflow_api_etl_virtualenv']) retrieved from /home/airflow/.local/lib/python3.8/site-packages/airflow/example_dags/tutorial_taskflow_api_etl_virtualenv.py
[2021-12-13 07:45:04,319] {logging_mixin.py:104} INFO - [2021-12-13 07:45:04,319] {dag.py:1832} INFO - Sync 1 DAGs
[2021-12-13 07:45:04,334] {logging_mixin.py:104} INFO - [2021-12-13 07:45:04,334] {dag.py:2305} INFO - Setting next_dagrun for tutorial_taskflow_api_etl_virtualenv to None
[2021-12-13 07:45:04,357] {scheduler_job.py:190} INFO - Processing /home/airflow/.local/lib/python3.8/site-packages/airflow/example_dags/tutorial_taskflow_api_etl_virtualenv.py took 0.456 seconds
[2021-12-13 07:45:40,708] {scheduler_job.py:182} INFO - Started process (PID=38438) to work on /home/airflow/.local/lib/python3.8/site-packages/airflow/example_dags/tutorial_taskflow_api_etl_virtualenv.py
[2021-12-13 07:45:40,715] {scheduler_job.py:633} INFO - Processing file /home/airflow/.local/lib/python3.8/site-packages/airflow/example_dags/tutorial_taskflow_api_etl_virtualenv.py for tasks to queue
[2021-12-13 07:45:40,722] {logging_mixin.py:104} INFO - [2021-12-13 07:45:40,722] {dagbag.py:487} INFO - Filling up the DagBag from /home/airflow/.local/lib/python3.8/site-packages/airflow/example_dags/tutorial_taskflow_api_etl_virtualenv.py
[2021-12-13 07:45:40,753] {scheduler_job.py:643} INFO - DAG(s) dict_keys(['tutorial_taskflow_api_etl_virtualenv']) retrieved from /home/airflow/.local/lib/python3.8/site-packages/airflow/example_dags/tutorial_taskflow_api_etl_virtualenv.py
[2021-12-13 07:45:41,123] {logging_mixin.py:104} INFO - [2021-12-13 07:45:41,123] {dag.py:1832} INFO - Sync 1 DAGs
[2021-12-13 07:45:41,132] {logging_mixin.py:104} INFO - [2021-12-13 07:45:41,132] {dag.py:2305} INFO - Setting next_dagrun for tutorial_taskflow_api_etl_virtualenv to None
[2021-12-13 07:45:41,158] {scheduler_job.py:190} INFO - Processing /home/airflow/.local/lib/python3.8/site-packages/airflow/example_dags/tutorial_taskflow_api_etl_virtualenv.py took 0.452 seconds
[2021-12-13 07:46:18,675] {scheduler_job.py:182} INFO - Started process (PID=38566) to work on /home/airflow/.local/lib/python3.8/site-packages/airflow/example_dags/tutorial_taskflow_api_etl_virtualenv.py
[2021-12-13 07:46:18,695] {scheduler_job.py:633} INFO - Processing file /home/airflow/.local/lib/python3.8/site-packages/airflow/example_dags/tutorial_taskflow_api_etl_virtualenv.py for tasks to queue
[2021-12-13 07:46:18,703] {logging_mixin.py:104} INFO - [2021-12-13 07:46:18,703] {dagbag.py:487} INFO - Filling up the DagBag from /home/airflow/.local/lib/python3.8/site-packages/airflow/example_dags/tutorial_taskflow_api_etl_virtualenv.py
[2021-12-13 07:46:18,721] {scheduler_job.py:643} INFO - DAG(s) dict_keys(['tutorial_taskflow_api_etl_virtualenv']) retrieved from /home/airflow/.local/lib/python3.8/site-packages/airflow/example_dags/tutorial_taskflow_api_etl_virtualenv.py
[2021-12-13 07:46:19,021] {logging_mixin.py:104} INFO - [2021-12-13 07:46:19,021] {dag.py:1832} INFO - Sync 1 DAGs
[2021-12-13 07:46:19,034] {logging_mixin.py:104} INFO - [2021-12-13 07:46:19,034] {dag.py:2305} INFO - Setting next_dagrun for tutorial_taskflow_api_etl_virtualenv to None
[2021-12-13 07:46:19,052] {scheduler_job.py:190} INFO - Processing /home/airflow/.local/lib/python3.8/site-packages/airflow/example_dags/tutorial_taskflow_api_etl_virtualenv.py took 0.380 seconds
[2021-12-13 07:46:52,939] {scheduler_job.py:182} INFO - Started process (PID=38679) to work on /home/airflow/.local/lib/python3.8/site-packages/airflow/example_dags/tutorial_taskflow_api_etl_virtualenv.py
[2021-12-13 07:46:52,955] {scheduler_job.py:633} INFO - Processing file /home/airflow/.local/lib/python3.8/site-packages/airflow/example_dags/tutorial_taskflow_api_etl_virtualenv.py for tasks to queue
[2021-12-13 07:46:52,957] {logging_mixin.py:104} INFO - [2021-12-13 07:46:52,957] {dagbag.py:487} INFO - Filling up the DagBag from /home/airflow/.local/lib/python3.8/site-packages/airflow/example_dags/tutorial_taskflow_api_etl_virtualenv.py
[2021-12-13 07:46:53,049] {scheduler_job.py:643} INFO - DAG(s) dict_keys(['tutorial_taskflow_api_etl_virtualenv']) retrieved from /home/airflow/.local/lib/python3.8/site-packages/airflow/example_dags/tutorial_taskflow_api_etl_virtualenv.py
[2021-12-13 07:46:53,989] {logging_mixin.py:104} INFO - [2021-12-13 07:46:53,989] {dag.py:1832} INFO - Sync 1 DAGs
[2021-12-13 07:46:54,001] {logging_mixin.py:104} INFO - [2021-12-13 07:46:54,001] {dag.py:2305} INFO - Setting next_dagrun for tutorial_taskflow_api_etl_virtualenv to None
[2021-12-13 07:46:54,030] {scheduler_job.py:190} INFO - Processing /home/airflow/.local/lib/python3.8/site-packages/airflow/example_dags/tutorial_taskflow_api_etl_virtualenv.py took 1.113 seconds
[2021-12-13 07:47:27,242] {scheduler_job.py:182} INFO - Started process (PID=38795) to work on /home/airflow/.local/lib/python3.8/site-packages/airflow/example_dags/tutorial_taskflow_api_etl_virtualenv.py
[2021-12-13 07:47:27,246] {scheduler_job.py:633} INFO - Processing file /home/airflow/.local/lib/python3.8/site-packages/airflow/example_dags/tutorial_taskflow_api_etl_virtualenv.py for tasks to queue
[2021-12-13 07:47:27,250] {logging_mixin.py:104} INFO - [2021-12-13 07:47:27,250] {dagbag.py:487} INFO - Filling up the DagBag from /home/airflow/.local/lib/python3.8/site-packages/airflow/example_dags/tutorial_taskflow_api_etl_virtualenv.py
[2021-12-13 07:47:27,267] {scheduler_job.py:643} INFO - DAG(s) dict_keys(['tutorial_taskflow_api_etl_virtualenv']) retrieved from /home/airflow/.local/lib/python3.8/site-packages/airflow/example_dags/tutorial_taskflow_api_etl_virtualenv.py
[2021-12-13 07:47:27,572] {logging_mixin.py:104} INFO - [2021-12-13 07:47:27,572] {dag.py:1832} INFO - Sync 1 DAGs
[2021-12-13 07:47:27,584] {logging_mixin.py:104} INFO - [2021-12-13 07:47:27,584] {dag.py:2305} INFO - Setting next_dagrun for tutorial_taskflow_api_etl_virtualenv to None
[2021-12-13 07:47:27,605] {scheduler_job.py:190} INFO - Processing /home/airflow/.local/lib/python3.8/site-packages/airflow/example_dags/tutorial_taskflow_api_etl_virtualenv.py took 0.365 seconds
[2021-12-13 07:48:00,060] {scheduler_job.py:182} INFO - Started process (PID=38906) to work on /home/airflow/.local/lib/python3.8/site-packages/airflow/example_dags/tutorial_taskflow_api_etl_virtualenv.py
[2021-12-13 07:48:00,067] {scheduler_job.py:633} INFO - Processing file /home/airflow/.local/lib/python3.8/site-packages/airflow/example_dags/tutorial_taskflow_api_etl_virtualenv.py for tasks to queue
[2021-12-13 07:48:00,071] {logging_mixin.py:104} INFO - [2021-12-13 07:48:00,070] {dagbag.py:487} INFO - Filling up the DagBag from /home/airflow/.local/lib/python3.8/site-packages/airflow/example_dags/tutorial_taskflow_api_etl_virtualenv.py
[2021-12-13 07:48:00,119] {scheduler_job.py:643} INFO - DAG(s) dict_keys(['tutorial_taskflow_api_etl_virtualenv']) retrieved from /home/airflow/.local/lib/python3.8/site-packages/airflow/example_dags/tutorial_taskflow_api_etl_virtualenv.py
[2021-12-13 07:48:00,617] {logging_mixin.py:104} INFO - [2021-12-13 07:48:00,617] {dag.py:1832} INFO - Sync 1 DAGs
[2021-12-13 07:48:00,628] {logging_mixin.py:104} INFO - [2021-12-13 07:48:00,628] {dag.py:2305} INFO - Setting next_dagrun for tutorial_taskflow_api_etl_virtualenv to None
[2021-12-13 07:48:00,659] {scheduler_job.py:190} INFO - Processing /home/airflow/.local/lib/python3.8/site-packages/airflow/example_dags/tutorial_taskflow_api_etl_virtualenv.py took 0.600 seconds
[2021-12-13 07:48:34,005] {scheduler_job.py:182} INFO - Started process (PID=39017) to work on /home/airflow/.local/lib/python3.8/site-packages/airflow/example_dags/tutorial_taskflow_api_etl_virtualenv.py
[2021-12-13 07:48:34,016] {scheduler_job.py:633} INFO - Processing file /home/airflow/.local/lib/python3.8/site-packages/airflow/example_dags/tutorial_taskflow_api_etl_virtualenv.py for tasks to queue
[2021-12-13 07:48:34,021] {logging_mixin.py:104} INFO - [2021-12-13 07:48:34,020] {dagbag.py:487} INFO - Filling up the DagBag from /home/airflow/.local/lib/python3.8/site-packages/airflow/example_dags/tutorial_taskflow_api_etl_virtualenv.py
[2021-12-13 07:48:34,075] {scheduler_job.py:643} INFO - DAG(s) dict_keys(['tutorial_taskflow_api_etl_virtualenv']) retrieved from /home/airflow/.local/lib/python3.8/site-packages/airflow/example_dags/tutorial_taskflow_api_etl_virtualenv.py
[2021-12-13 07:48:34,570] {logging_mixin.py:104} INFO - [2021-12-13 07:48:34,570] {dag.py:1832} INFO - Sync 1 DAGs
[2021-12-13 07:48:34,578] {logging_mixin.py:104} INFO - [2021-12-13 07:48:34,578] {dag.py:2305} INFO - Setting next_dagrun for tutorial_taskflow_api_etl_virtualenv to None
[2021-12-13 07:48:34,601] {scheduler_job.py:190} INFO - Processing /home/airflow/.local/lib/python3.8/site-packages/airflow/example_dags/tutorial_taskflow_api_etl_virtualenv.py took 0.608 seconds
[2021-12-13 07:49:10,965] {scheduler_job.py:182} INFO - Started process (PID=39168) to work on /home/airflow/.local/lib/python3.8/site-packages/airflow/example_dags/tutorial_taskflow_api_etl_virtualenv.py
[2021-12-13 07:49:10,969] {scheduler_job.py:633} INFO - Processing file /home/airflow/.local/lib/python3.8/site-packages/airflow/example_dags/tutorial_taskflow_api_etl_virtualenv.py for tasks to queue
[2021-12-13 07:49:10,969] {logging_mixin.py:104} INFO - [2021-12-13 07:49:10,969] {dagbag.py:487} INFO - Filling up the DagBag from /home/airflow/.local/lib/python3.8/site-packages/airflow/example_dags/tutorial_taskflow_api_etl_virtualenv.py
[2021-12-13 07:49:10,992] {scheduler_job.py:643} INFO - DAG(s) dict_keys(['tutorial_taskflow_api_etl_virtualenv']) retrieved from /home/airflow/.local/lib/python3.8/site-packages/airflow/example_dags/tutorial_taskflow_api_etl_virtualenv.py
[2021-12-13 07:49:11,294] {logging_mixin.py:104} INFO - [2021-12-13 07:49:11,294] {dag.py:1832} INFO - Sync 1 DAGs
[2021-12-13 07:49:11,303] {logging_mixin.py:104} INFO - [2021-12-13 07:49:11,303] {dag.py:2305} INFO - Setting next_dagrun for tutorial_taskflow_api_etl_virtualenv to None
[2021-12-13 07:49:11,322] {scheduler_job.py:190} INFO - Processing /home/airflow/.local/lib/python3.8/site-packages/airflow/example_dags/tutorial_taskflow_api_etl_virtualenv.py took 0.360 seconds
[2021-12-13 07:49:51,655] {scheduler_job.py:182} INFO - Started process (PID=39344) to work on /home/airflow/.local/lib/python3.8/site-packages/airflow/example_dags/tutorial_taskflow_api_etl_virtualenv.py
[2021-12-13 07:49:51,663] {scheduler_job.py:633} INFO - Processing file /home/airflow/.local/lib/python3.8/site-packages/airflow/example_dags/tutorial_taskflow_api_etl_virtualenv.py for tasks to queue
[2021-12-13 07:49:51,682] {logging_mixin.py:104} INFO - [2021-12-13 07:49:51,682] {dagbag.py:487} INFO - Filling up the DagBag from /home/airflow/.local/lib/python3.8/site-packages/airflow/example_dags/tutorial_taskflow_api_etl_virtualenv.py
[2021-12-13 07:49:51,752] {scheduler_job.py:643} INFO - DAG(s) dict_keys(['tutorial_taskflow_api_etl_virtualenv']) retrieved from /home/airflow/.local/lib/python3.8/site-packages/airflow/example_dags/tutorial_taskflow_api_etl_virtualenv.py
[2021-12-13 07:49:52,598] {logging_mixin.py:104} INFO - [2021-12-13 07:49:52,597] {dag.py:1832} INFO - Sync 1 DAGs
[2021-12-13 07:49:52,607] {logging_mixin.py:104} INFO - [2021-12-13 07:49:52,607] {dag.py:2305} INFO - Setting next_dagrun for tutorial_taskflow_api_etl_virtualenv to None
[2021-12-13 07:49:52,635] {scheduler_job.py:190} INFO - Processing /home/airflow/.local/lib/python3.8/site-packages/airflow/example_dags/tutorial_taskflow_api_etl_virtualenv.py took 0.998 seconds
