[2021-12-21 20:30:08,174] {taskinstance.py:876} INFO - Dependencies all met for <TaskInstance: rank_update.git_add 2021-12-21T20:20:00+00:00 [queued]>
[2021-12-21 20:30:08,179] {taskinstance.py:876} INFO - Dependencies all met for <TaskInstance: rank_update.git_add 2021-12-21T20:20:00+00:00 [queued]>
[2021-12-21 20:30:08,179] {taskinstance.py:1067} INFO - 
--------------------------------------------------------------------------------
[2021-12-21 20:30:08,179] {taskinstance.py:1068} INFO - Starting attempt 1 of 1
[2021-12-21 20:30:08,179] {taskinstance.py:1069} INFO - 
--------------------------------------------------------------------------------
[2021-12-21 20:30:08,187] {taskinstance.py:1087} INFO - Executing <Task(BashOperator): git_add> on 2021-12-21T20:20:00+00:00
[2021-12-21 20:30:08,188] {standard_task_runner.py:52} INFO - Started process 156796 to run task
[2021-12-21 20:30:08,192] {standard_task_runner.py:76} INFO - Running: ['airflow', 'tasks', 'run', 'rank_update', 'git_add', '2021-12-21T20:20:00+00:00', '--job-id', '1446', '--pool', 'default_pool', '--raw', '--subdir', 'DAGS_FOLDER/rank_update.py', '--cfg-path', '/tmp/tmpk4gt_r29', '--error-file', '/tmp/tmpic2ah_jw']
[2021-12-21 20:30:08,193] {standard_task_runner.py:77} INFO - Job 1446: Subtask git_add
[2021-12-21 20:30:08,230] {logging_mixin.py:104} INFO - Running <TaskInstance: rank_update.git_add 2021-12-21T20:20:00+00:00 [running]> on host airflowvm
[2021-12-21 20:30:08,305] {taskinstance.py:1280} INFO - Exporting the following env vars:
AIRFLOW_CTX_DAG_OWNER=airflow
AIRFLOW_CTX_DAG_ID=rank_update
AIRFLOW_CTX_TASK_ID=git_add
AIRFLOW_CTX_EXECUTION_DATE=2021-12-21T20:20:00+00:00
AIRFLOW_CTX_DAG_RUN_ID=scheduled__2021-12-21T20:20:00+00:00
[2021-12-21 20:30:08,305] {subprocess.py:52} INFO - Tmp dir root location: 
 /tmp
[2021-12-21 20:30:08,305] {subprocess.py:63} INFO - Running command: ['bash', '-c', 'git -C /home/airflow/AlgorithmStudy_211124/211221/ add rank.md']
[2021-12-21 20:30:08,308] {subprocess.py:75} INFO - Output:
[2021-12-21 20:30:08,311] {subprocess.py:83} INFO - Command exited with return code 0
[2021-12-21 20:30:08,323] {taskinstance.py:1184} INFO - Marking task as SUCCESS. dag_id=rank_update, task_id=git_add, execution_date=20211221T202000, start_date=20211221T203008, end_date=20211221T203008
[2021-12-21 20:30:08,339] {taskinstance.py:1245} INFO - 1 downstream tasks scheduled from follow-on schedule check
[2021-12-21 20:30:08,362] {local_task_job.py:151} INFO - Task exited with return code 0
