[2021-12-23 17:32:35,914] {taskinstance.py:876} INFO - Dependencies all met for <TaskInstance: rank_update.git_add 2021-12-22T05:40:00+00:00 [queued]>
[2021-12-23 17:32:35,924] {taskinstance.py:876} INFO - Dependencies all met for <TaskInstance: rank_update.git_add 2021-12-22T05:40:00+00:00 [queued]>
[2021-12-23 17:32:35,924] {taskinstance.py:1067} INFO - 
--------------------------------------------------------------------------------
[2021-12-23 17:32:35,924] {taskinstance.py:1068} INFO - Starting attempt 2 of 2
[2021-12-23 17:32:35,925] {taskinstance.py:1069} INFO - 
--------------------------------------------------------------------------------
[2021-12-23 17:32:35,939] {taskinstance.py:1087} INFO - Executing <Task(BashOperator): git_add> on 2021-12-22T05:40:00+00:00
[2021-12-23 17:32:35,940] {standard_task_runner.py:52} INFO - Started process 364379 to run task
[2021-12-23 17:32:35,945] {standard_task_runner.py:76} INFO - Running: ['airflow', 'tasks', 'run', 'rank_update', 'git_add', '2021-12-22T05:40:00+00:00', '--job-id', '1812', '--pool', 'default_pool', '--raw', '--subdir', 'DAGS_FOLDER/rank_update.py', '--cfg-path', '/tmp/tmprcl70adq', '--error-file', '/tmp/tmpcisxkb46']
[2021-12-23 17:32:35,946] {standard_task_runner.py:77} INFO - Job 1812: Subtask git_add
[2021-12-23 17:32:35,989] {logging_mixin.py:104} INFO - Running <TaskInstance: rank_update.git_add 2021-12-22T05:40:00+00:00 [running]> on host airflowvm
[2021-12-23 17:32:36,113] {taskinstance.py:1280} INFO - Exporting the following env vars:
AIRFLOW_CTX_DAG_OWNER=airflow
AIRFLOW_CTX_DAG_ID=rank_update
AIRFLOW_CTX_TASK_ID=git_add
AIRFLOW_CTX_EXECUTION_DATE=2021-12-22T05:40:00+00:00
AIRFLOW_CTX_DAG_RUN_ID=scheduled__2021-12-22T05:40:00+00:00
[2021-12-23 17:32:36,114] {subprocess.py:52} INFO - Tmp dir root location: 
 /tmp
[2021-12-23 17:32:36,114] {subprocess.py:63} INFO - Running command: ['bash', '-c', 'git -C /home/airflow/AlgorithmStudy_211124/211228/ add rank.md']
[2021-12-23 17:32:36,119] {subprocess.py:75} INFO - Output:
[2021-12-23 17:32:36,122] {subprocess.py:83} INFO - Command exited with return code 0
[2021-12-23 17:32:36,141] {taskinstance.py:1184} INFO - Marking task as SUCCESS. dag_id=rank_update, task_id=git_add, execution_date=20211222T054000, start_date=20211223T173235, end_date=20211223T173236
[2021-12-23 17:32:36,169] {taskinstance.py:1245} INFO - 1 downstream tasks scheduled from follow-on schedule check
[2021-12-23 17:32:36,201] {local_task_job.py:151} INFO - Task exited with return code 0
